[ 2014-02-18T00:00:43+08:00 ] ERR: (ThinkException) 非法操作:undefined
[ 2014-02-18T00:00:46+08:00 ] ERR: (ThinkException) 非法操作:undefined
[ 2014-02-18T00:00:55+08:00 ] ERR: (ThinkException) 非法操作:undefined
[ 2014-02-18T00:01:31+08:00 ] ERR: (ThinkException) 非法操作:undefined
[ 2014-02-18T00:02:57+08:00 ] ERR: (ThinkException) 非法操作:undefined
[ 2014-02-18T00:03:43+08:00 ] ERR: (ThinkException) 非法操作:undefined
[ 2014-02-18T00:03:59+08:00 ] ERR: (ThinkException) 非法操作:undefined
[ 2014-02-18T00:04:00+08:00 ] ERR: (ThinkException) 非法操作:undefined
[ 2014-02-18T00:04:01+08:00 ] ERR: (ThinkException) 非法操作:undefined
[ 2014-02-18T00:04:02+08:00 ] 0.0.0.0 /shenjiutuan/index.php/Ball/applycheck?id=17
INFO: [ app_begin ] --START--
INFO: Run ReadHtmlCache Behavior [ RunTime:-0.000619s ]
INFO: [ app_begin ] --END-- [ RunTime:0.000976s ]
NOTIC: [8] A session had already been started - ignoring session_start() D:\develop_tools\xampp\htdocs\shenjiutuan\server\.Lib\Action\BaseAction.class.php 第 5 行.
NOTIC: [8192] mysql_connect(): The mysql extension is deprecated and will be removed in the future: use mysqli or PDO instead D:\develop_tools\xampp\htdocs\shenjiutuan\server\ThinkPHP\Lib\Driver\Db\DbMysql.class.php 第 55 行.
SQL: SHOW COLUMNS FROM `booktickets` [ RunTime:0.003299s ]
NOTIC: [8192] preg_replace(): The /e modifier is deprecated, use preg_replace_callback instead D:\develop_tools\xampp\htdocs\shenjiutuan\server\ThinkPHP\Lib\Core\Db.class.php 第 571 行.
SQL: SELECT `id`,`title`,`remark`,`maxnums`,`status`,`date`,`match_time`,`match_address`,`ticket_cost`,`car_cost`,`match_op` FROM `booktickets` WHERE id='17'  LIMIT 0,1   [ RunTime:0.000289s ]
SQL: SHOW COLUMNS FROM `ticket_logs` [ RunTime:0.002417s ]
NOTIC: [8192] preg_replace(): The /e modifier is deprecated, use preg_replace_callback instead D:\develop_tools\xampp\htdocs\shenjiutuan\server\ThinkPHP\Lib\Core\Db.class.php 第 571 行.
SQL: SELECT `id`,`tid`,`uid`,`nickname`,`ticket_nums`,`car_nums`,`watch_nums`,`style`,`goadd`,`isPay`,`status`,`remark`,`date`,`title` FROM `ticket_logs` WHERE tid='17' and uid='1'  LIMIT 0,1   [ RunTime:0.000262s ]

[ 2014-02-18T00:04:05+08:00 ] ERR: (ThinkException) 非法操作:undefined
[ 2014-02-18T00:04:46+08:00 ] ERR: (ThinkException) 非法操作:undefined
[ 2014-02-18T00:04:48+08:00 ] ERR: (ThinkException) 非法操作:undefined
[ 2014-02-18T00:04:49+08:00 ] ERR: (ThinkException) 非法操作:undefined
[ 2014-02-18T00:04:56+08:00 ] ERR: (ThinkException) 非法操作:undefined
[ 2014-02-18T00:05:09+08:00 ] ERR: (ThinkException) 非法操作:undefined
[ 2014-02-18T00:05:37+08:00 ] ERR: (ThinkException) 非法操作:undefined
[ 2014-02-18T00:05:38+08:00 ] ERR: (ThinkException) 非法操作:undefined
[ 2014-02-18T00:06:12+08:00 ] ERR: (ThinkException) 非法操作:undefined
[ 2014-02-18T00:06:30+08:00 ] ERR: (ThinkException) 非法操作:undefined
[ 2014-02-18T00:06:37+08:00 ] ERR: (ThinkException) 非法操作:undefined
[ 2014-02-18T00:06:47+08:00 ] ERR: (ThinkException) 非法操作:undefined
[ 2014-02-18T00:07:41+08:00 ] ERR: (ThinkException) 非法操作:undefined
[ 2014-02-18T00:08:12+08:00 ] ERR: (ThinkException) 非法操作:undefined
[ 2014-02-18T00:08:15+08:00 ] ERR: (ThinkException) 非法操作:undefined
[ 2014-02-18T00:08:16+08:00 ] ERR: (ThinkException) 非法操作:undefined
[ 2014-02-18T00:08:17+08:00 ] 0.0.0.0 /shenjiutuan/index.php/Ball/applycheck?id=13
INFO: [ app_begin ] --START--
INFO: Run ReadHtmlCache Behavior [ RunTime:-0.000524s ]
INFO: [ app_begin ] --END-- [ RunTime:0.000978s ]
NOTIC: [8] A session had already been started - ignoring session_start() D:\develop_tools\xampp\htdocs\shenjiutuan\server\.Lib\Action\BaseAction.class.php 第 5 行.
NOTIC: [8192] mysql_connect(): The mysql extension is deprecated and will be removed in the future: use mysqli or PDO instead D:\develop_tools\xampp\htdocs\shenjiutuan\server\ThinkPHP\Lib\Driver\Db\DbMysql.class.php 第 55 行.
SQL: SHOW COLUMNS FROM `booktickets` [ RunTime:0.002944s ]
NOTIC: [8192] preg_replace(): The /e modifier is deprecated, use preg_replace_callback instead D:\develop_tools\xampp\htdocs\shenjiutuan\server\ThinkPHP\Lib\Core\Db.class.php 第 571 行.
SQL: SELECT `id`,`title`,`remark`,`maxnums`,`status`,`date`,`match_time`,`match_address`,`ticket_cost`,`car_cost`,`match_op` FROM `booktickets` WHERE id='13'  LIMIT 0,1   [ RunTime:0.000286s ]
SQL: SHOW COLUMNS FROM `ticket_logs` [ RunTime:0.002373s ]
NOTIC: [8192] preg_replace(): The /e modifier is deprecated, use preg_replace_callback instead D:\develop_tools\xampp\htdocs\shenjiutuan\server\ThinkPHP\Lib\Core\Db.class.php 第 571 行.
SQL: SELECT `id`,`tid`,`uid`,`nickname`,`ticket_nums`,`car_nums`,`watch_nums`,`style`,`goadd`,`isPay`,`status`,`remark`,`date`,`title` FROM `ticket_logs` WHERE tid='13' and uid='1'  LIMIT 0,1   [ RunTime:0.000239s ]

[ 2014-02-18T00:08:19+08:00 ] ERR: (ThinkException) 非法操作:undefined
[ 2014-02-18T00:08:45+08:00 ] ERR: (ThinkException) 非法操作:undefined
[ 2014-02-18T00:08:57+08:00 ] ERR: (ThinkException) 非法操作:undefined
[ 2014-02-18T00:09:16+08:00 ] ERR: (ThinkException) 非法操作:undefined
[ 2014-02-18T00:09:41+08:00 ] ERR: (ThinkException) 非法操作:undefined
[ 2014-02-18T00:09:47+08:00 ] ERR: (ThinkException) 非法操作:undefined
[ 2014-02-18T00:09:51+08:00 ] ERR: (ThinkException) 非法操作:undefined
[ 2014-02-18T00:09:52+08:00 ] ERR: (ThinkException) 非法操作:undefined
[ 2014-02-18T00:09:52+08:00 ] ERR: (ThinkException) 非法操作:undefined
[ 2014-02-18T00:09:53+08:00 ] ERR: (ThinkException) 非法操作:undefined
[ 2014-02-18T00:10:03+08:00 ] ERR: (ThinkException) 非法操作:undefined
[ 2014-02-18T00:10:06+08:00 ] ERR: (ThinkException) 非法操作:undefined
[ 2014-02-18T00:10:09+08:00 ] ERR: (ThinkException) 非法操作:undefined
[ 2014-02-18T00:10:11+08:00 ] ERR: (ThinkException) 非法操作:undefined
[ 2014-02-18T00:10:52+08:00 ] ERR: (ThinkException) 非法操作:undefined
[ 2014-02-18T00:10:53+08:00 ] ERR: (ThinkException) 非法操作:undefined
[ 2014-02-18T00:10:55+08:00 ] ERR: (ThinkException) 非法操作:undefined
[ 2014-02-18T00:10:56+08:00 ] ERR: (ThinkException) 非法操作:undefined
[ 2014-02-18T00:10:58+08:00 ] ERR: (ThinkException) 非法操作:undefined
[ 2014-02-18T00:11:12+08:00 ] ERR: (ThinkException) 非法操作:undefined
[ 2014-02-18T00:11:13+08:00 ] ERR: (ThinkException) 非法操作:undefined
[ 2014-02-18T00:11:14+08:00 ] ERR: (ThinkException) 非法操作:undefined
[ 2014-02-18T00:11:35+08:00 ] ERR: (ThinkException) 非法操作:undefined
[ 2014-02-18T00:11:58+08:00 ] ERR: (ThinkException) 非法操作:undefined
[ 2014-02-18T00:11:59+08:00 ] ERR: (ThinkException) 非法操作:undefined
[ 2014-02-18T00:12:22+08:00 ] ERR: (ThinkException) 非法操作:undefined
[ 2014-02-18T00:12:24+08:00 ] ERR: (ThinkException) 非法操作:changepwd
[ 2014-02-18T00:12:25+08:00 ] ERR: (ThinkException) 非法操作:undefined
[ 2014-02-18T00:12:26+08:00 ] ERR: (ThinkException) 非法操作:partydeatils
[ 2014-02-18T00:12:28+08:00 ] ERR: (ThinkException) 非法操作:undefined
[ 2014-02-18T00:12:29+08:00 ] ERR: (ThinkException) 非法操作:undefined
[ 2014-02-18T00:12:30+08:00 ] ERR: (ThinkException) 非法操作:undefined
[ 2014-02-18T00:12:31+08:00 ] ERR: (ThinkException) 非法操作:undefined
[ 2014-02-18T00:12:34+08:00 ] ERR: (ThinkException) 非法操作:undefined
[ 2014-02-18T00:12:35+08:00 ] ERR: (ThinkException) 非法操作:undefined
[ 2014-02-18T00:12:37+08:00 ] ERR: (ThinkException) 非法操作:undefined
[ 2014-02-18T00:12:38+08:00 ] ERR: (ThinkException) 非法操作:undefined
[ 2014-02-18T00:12:39+08:00 ] ERR: (ThinkException) 非法操作:undefined
[ 2014-02-18T00:29:10+08:00 ] ERR: (ThinkException) 非法操作:undefined
[ 2014-02-18T00:29:13+08:00 ] ERR: (ThinkException) 非法操作:undefined
[ 2014-02-18T00:29:14+08:00 ] ERR: (ThinkException) 非法操作:undefined
[ 2014-02-18T00:29:15+08:00 ] 0.0.0.0 /shenjiutuan/index.php/Ball/applycheck?id=14
INFO: [ app_begin ] --START--
INFO: Run ReadHtmlCache Behavior [ RunTime:-0.000580s ]
INFO: [ app_begin ] --END-- [ RunTime:0.001424s ]
NOTIC: [8] A session had already been started - ignoring session_start() D:\develop_tools\xampp\htdocs\shenjiutuan\server\.Lib\Action\BaseAction.class.php 第 5 行.
NOTIC: [8192] mysql_connect(): The mysql extension is deprecated and will be removed in the future: use mysqli or PDO instead D:\develop_tools\xampp\htdocs\shenjiutuan\server\ThinkPHP\Lib\Driver\Db\DbMysql.class.php 第 55 行.
SQL: SHOW COLUMNS FROM `booktickets` [ RunTime:0.002824s ]
NOTIC: [8192] preg_replace(): The /e modifier is deprecated, use preg_replace_callback instead D:\develop_tools\xampp\htdocs\shenjiutuan\server\ThinkPHP\Lib\Core\Db.class.php 第 571 行.
SQL: SELECT `id`,`title`,`remark`,`maxnums`,`status`,`date`,`match_time`,`match_address`,`ticket_cost`,`car_cost`,`match_op` FROM `booktickets` WHERE id='14'  LIMIT 0,1   [ RunTime:0.000276s ]
SQL: SHOW COLUMNS FROM `ticket_logs` [ RunTime:0.003249s ]
NOTIC: [8192] preg_replace(): The /e modifier is deprecated, use preg_replace_callback instead D:\develop_tools\xampp\htdocs\shenjiutuan\server\ThinkPHP\Lib\Core\Db.class.php 第 571 行.
SQL: SELECT `id`,`tid`,`uid`,`nickname`,`ticket_nums`,`car_nums`,`watch_nums`,`style`,`goadd`,`isPay`,`status`,`remark`,`date`,`title` FROM `ticket_logs` WHERE tid='14' and uid='1'  LIMIT 0,1   [ RunTime:0.000299s ]

