[ 2014-02-14T00:00:00+08:00 ] ERR: (ThinkException) 非法操作:undefined
[ 2014-02-14T00:00:00+08:00 ] ERR: (ThinkException) 非法操作:favicon
[ 2014-02-14T00:00:03+08:00 ] ERR: (ThinkException) 非法操作:undefined
[ 2014-02-14T00:00:03+08:00 ] ERR: (ThinkException) 非法操作:favicon
[ 2014-02-14T00:00:05+08:00 ] ERR: (ThinkException) 非法操作:undefined
[ 2014-02-14T00:00:05+08:00 ] ERR: (ThinkException) 非法操作:favicon
[ 2014-02-14T00:00:05+08:00 ] ERR: (ThinkException) 非法操作:undefined
[ 2014-02-14T00:00:06+08:00 ] ERR: (ThinkException) 非法操作:favicon
[ 2014-02-14T00:00:27+08:00 ] ERR: (ThinkException) 非法操作:undefined
[ 2014-02-14T00:00:27+08:00 ] ERR: (ThinkException) 非法操作:favicon
[ 2014-02-14T00:00:54+08:00 ] ERR: (ThinkException) 非法操作:undefined
[ 2014-02-14T00:00:54+08:00 ] ERR: (ThinkException) 非法操作:favicon
[ 2014-02-14T00:00:55+08:00 ] ERR: (ThinkException) 非法操作:undefined
[ 2014-02-14T00:00:55+08:00 ] ERR: (ThinkException) 非法操作:favicon
[ 2014-02-14T00:00:57+08:00 ] ERR: (ThinkException) 非法操作:undefined
[ 2014-02-14T00:00:57+08:00 ] ERR: (ThinkException) 非法操作:favicon
[ 2014-02-14T00:01:01+08:00 ] ERR: (ThinkException) 非法操作:undefined
[ 2014-02-14T00:01:01+08:00 ] ERR: (ThinkException) 非法操作:favicon
[ 2014-02-14T00:01:02+08:00 ] ERR: (ThinkException) 非法操作:undefined
[ 2014-02-14T00:01:02+08:00 ] ERR: (ThinkException) 非法操作:favicon
[ 2014-02-14T00:01:06+08:00 ] ERR: (ThinkException) 非法操作:undefined
[ 2014-02-14T00:01:06+08:00 ] ERR: (ThinkException) 非法操作:favicon
[ 2014-02-14T00:01:08+08:00 ] ERR: (ThinkException) 非法操作:undefined
[ 2014-02-14T00:01:08+08:00 ] ERR: (ThinkException) 非法操作:favicon
[ 2014-02-14T00:01:09+08:00 ] ERR: (ThinkException) 非法操作:undefined
[ 2014-02-14T00:01:09+08:00 ] ERR: (ThinkException) 非法操作:favicon
[ 2014-02-14T00:01:11+08:00 ] ERR: (ThinkException) 非法操作:undefined
[ 2014-02-14T00:01:11+08:00 ] ERR: (ThinkException) 非法操作:favicon
[ 2014-02-14T00:01:13+08:00 ] ERR: (ThinkException) 非法操作:undefined
[ 2014-02-14T00:01:13+08:00 ] ERR: (ThinkException) 非法操作:favicon
[ 2014-02-14T00:01:14+08:00 ] ERR: (ThinkException) 非法操作:undefined
[ 2014-02-14T00:01:14+08:00 ] ERR: (ThinkException) 非法操作:favicon
[ 2014-02-14T00:01:15+08:00 ] ERR: (ThinkException) 非法操作:undefined
[ 2014-02-14T00:01:15+08:00 ] ERR: (ThinkException) 非法操作:favicon
[ 2014-02-14T00:01:16+08:00 ] ERR: (ThinkException) 非法操作:undefined
[ 2014-02-14T00:01:16+08:00 ] ERR: (ThinkException) 非法操作:favicon
[ 2014-02-14T00:01:17+08:00 ] ERR: (ThinkException) 非法操作:undefined
[ 2014-02-14T00:01:17+08:00 ] ERR: (ThinkException) 非法操作:favicon
[ 2014-02-14T00:01:20+08:00 ] ERR: (ThinkException) 非法操作:undefined
[ 2014-02-14T00:01:20+08:00 ] ERR: (ThinkException) 非法操作:favicon
[ 2014-02-14T00:01:27+08:00 ] ERR: (ThinkException) 非法操作:undefined
[ 2014-02-14T00:01:27+08:00 ] ERR: (ThinkException) 非法操作:favicon
[ 2014-02-14T00:01:28+08:00 ] ERR: (ThinkException) 非法操作:undefined
[ 2014-02-14T00:01:28+08:00 ] ERR: (ThinkException) 非法操作:favicon
[ 2014-02-14T00:01:29+08:00 ] ERR: (ThinkException) 非法操作:undefined
[ 2014-02-14T00:01:29+08:00 ] ERR: (ThinkException) 非法操作:favicon
[ 2014-02-14T00:01:40+08:00 ] ERR: (ThinkException) 非法操作:undefined
[ 2014-02-14T00:01:40+08:00 ] ERR: (ThinkException) 非法操作:favicon
[ 2014-02-14T00:01:42+08:00 ] ERR: (ThinkException) 非法操作:favicon
[ 2014-02-14T00:01:43+08:00 ] ERR: (ThinkException) 非法操作:undefined
[ 2014-02-14T00:01:43+08:00 ] ERR: (ThinkException) 非法操作:favicon
[ 2014-02-14T00:01:44+08:00 ] ERR: (ThinkException) 非法操作:undefined
[ 2014-02-14T00:01:44+08:00 ] ERR: (ThinkException) 非法操作:favicon
[ 2014-02-14T00:01:53+08:00 ] ERR: (ThinkException) 非法操作:undefined
[ 2014-02-14T00:01:53+08:00 ] ERR: (ThinkException) 非法操作:favicon
[ 2014-02-14T00:01:55+08:00 ] ERR: (ThinkException) 非法操作:undefined
[ 2014-02-14T00:01:55+08:00 ] ERR: (ThinkException) 非法操作:favicon
[ 2014-02-14T00:01:57+08:00 ] ERR: (ThinkException) 非法操作:undefined
[ 2014-02-14T00:01:57+08:00 ] ERR: (ThinkException) 非法操作:favicon
[ 2014-02-14T00:01:58+08:00 ] ERR: (ThinkException) 非法操作:undefined
[ 2014-02-14T00:01:58+08:00 ] ERR: (ThinkException) 非法操作:favicon
[ 2014-02-14T00:02:00+08:00 ] 0.0.0.0 /shenjiutuan/index.php/Ball/applycheck?id=13
INFO: [ app_begin ] --START--
INFO: Run ReadHtmlCache Behavior [ RunTime:-0.000289s ]
INFO: [ app_begin ] --END-- [ RunTime:0.000392s ]
NOTIC: [8] A session had already been started - ignoring session_start() D:\develop_tools\xampp\htdocs\shenjiutuan\server\.Lib\Action\BaseAction.class.php 第 5 行.
NOTIC: [8192] mysql_connect(): The mysql extension is deprecated and will be removed in the future: use mysqli or PDO instead D:\develop_tools\xampp\htdocs\shenjiutuan\server\ThinkPHP\Lib\Driver\Db\DbMysql.class.php 第 55 行.
SQL: SHOW COLUMNS FROM `booktickets` [ RunTime:0.003087s ]
NOTIC: [8192] preg_replace(): The /e modifier is deprecated, use preg_replace_callback instead D:\develop_tools\xampp\htdocs\shenjiutuan\server\ThinkPHP\Lib\Core\Db.class.php 第 571 行.
SQL: SELECT `id`,`title`,`remark`,`maxnums`,`status`,`date`,`match_time`,`match_address`,`ticket_cost`,`car_cost`,`match_op` FROM `booktickets` WHERE id='13'  LIMIT 0,1   [ RunTime:0.000251s ]
SQL: SHOW COLUMNS FROM `ticket_logs` [ RunTime:0.022657s ]
NOTIC: [8192] preg_replace(): The /e modifier is deprecated, use preg_replace_callback instead D:\develop_tools\xampp\htdocs\shenjiutuan\server\ThinkPHP\Lib\Core\Db.class.php 第 571 行.
SQL: SELECT `id`,`tid`,`uid`,`nickname`,`ticket_nums`,`car_nums`,`watch_nums`,`style`,`goadd`,`isPay`,`remark`,`date` FROM `ticket_logs` WHERE tid='13' and uid='1'  LIMIT 0,1   [ RunTime:0.000280s ]

[ 2014-02-14T00:02:06+08:00 ] ERR: (ThinkException) 非法操作:undefined
[ 2014-02-14T00:02:06+08:00 ] ERR: (ThinkException) 非法操作:favicon
[ 2014-02-14T00:02:07+08:00 ] ERR: (ThinkException) 非法操作:undefined
[ 2014-02-14T00:02:07+08:00 ] ERR: (ThinkException) 非法操作:favicon
[ 2014-02-14T00:02:08+08:00 ] 0.0.0.0 /shenjiutuan/index.php/Ball/applycheck?id=14
INFO: [ app_begin ] --START--
INFO: Run ReadHtmlCache Behavior [ RunTime:-0.000279s ]
INFO: [ app_begin ] --END-- [ RunTime:0.000484s ]
NOTIC: [8] A session had already been started - ignoring session_start() D:\develop_tools\xampp\htdocs\shenjiutuan\server\.Lib\Action\BaseAction.class.php 第 5 行.
NOTIC: [8192] mysql_connect(): The mysql extension is deprecated and will be removed in the future: use mysqli or PDO instead D:\develop_tools\xampp\htdocs\shenjiutuan\server\ThinkPHP\Lib\Driver\Db\DbMysql.class.php 第 55 行.
SQL: SHOW COLUMNS FROM `booktickets` [ RunTime:0.002814s ]
NOTIC: [8192] preg_replace(): The /e modifier is deprecated, use preg_replace_callback instead D:\develop_tools\xampp\htdocs\shenjiutuan\server\ThinkPHP\Lib\Core\Db.class.php 第 571 行.
SQL: SELECT `id`,`title`,`remark`,`maxnums`,`status`,`date`,`match_time`,`match_address`,`ticket_cost`,`car_cost`,`match_op` FROM `booktickets` WHERE id='14'  LIMIT 0,1   [ RunTime:0.000308s ]
SQL: SHOW COLUMNS FROM `ticket_logs` [ RunTime:0.003183s ]
NOTIC: [8192] preg_replace(): The /e modifier is deprecated, use preg_replace_callback instead D:\develop_tools\xampp\htdocs\shenjiutuan\server\ThinkPHP\Lib\Core\Db.class.php 第 571 行.
SQL: SELECT `id`,`tid`,`uid`,`nickname`,`ticket_nums`,`car_nums`,`watch_nums`,`style`,`goadd`,`isPay`,`remark`,`date` FROM `ticket_logs` WHERE tid='14' and uid='1'  LIMIT 0,1   [ RunTime:0.000250s ]

[ 2014-02-14T00:02:12+08:00 ] ERR: (ThinkException) 非法操作:undefined
[ 2014-02-14T00:02:12+08:00 ] ERR: (ThinkException) 非法操作:favicon
[ 2014-02-14T00:02:14+08:00 ] ERR: (ThinkException) 非法操作:undefined
[ 2014-02-14T00:02:14+08:00 ] ERR: (ThinkException) 非法操作:favicon
[ 2014-02-14T00:02:15+08:00 ] ERR: (ThinkException) 非法操作:undefined
[ 2014-02-14T00:02:15+08:00 ] ERR: (ThinkException) 非法操作:favicon
[ 2014-02-14T00:02:17+08:00 ] ERR: (ThinkException) 非法操作:undefined
[ 2014-02-14T00:02:17+08:00 ] ERR: (ThinkException) 非法操作:favicon
[ 2014-02-14T00:02:19+08:00 ] ERR: (ThinkException) 非法操作:undefined
[ 2014-02-14T00:02:19+08:00 ] ERR: (ThinkException) 非法操作:favicon
[ 2014-02-14T00:02:21+08:00 ] ERR: (ThinkException) 非法操作:undefined
[ 2014-02-14T00:02:21+08:00 ] ERR: (ThinkException) 非法操作:favicon
[ 2014-02-14T00:02:24+08:00 ] ERR: (ThinkException) 非法操作:undefined
[ 2014-02-14T00:02:24+08:00 ] ERR: (ThinkException) 非法操作:favicon
[ 2014-02-14T00:02:26+08:00 ] ERR: (ThinkException) 非法操作:undefined
[ 2014-02-14T00:02:26+08:00 ] ERR: (ThinkException) 非法操作:favicon
[ 2014-02-14T00:02:26+08:00 ] ERR: (ThinkException) 非法操作:undefined
[ 2014-02-14T00:02:27+08:00 ] ERR: (ThinkException) 非法操作:favicon
[ 2014-02-14T00:02:27+08:00 ] ERR: (ThinkException) 非法操作:undefined
[ 2014-02-14T00:02:28+08:00 ] ERR: (ThinkException) 非法操作:favicon
[ 2014-02-14T00:02:29+08:00 ] ERR: (ThinkException) 非法操作:undefined
[ 2014-02-14T00:02:29+08:00 ] ERR: (ThinkException) 非法操作:favicon
[ 2014-02-14T00:02:30+08:00 ] ERR: (ThinkException) 非法操作:undefined
[ 2014-02-14T00:02:30+08:00 ] ERR: (ThinkException) 非法操作:favicon
[ 2014-02-14T00:02:45+08:00 ] ERR: (ThinkException) 非法操作:undefined
[ 2014-02-14T00:02:45+08:00 ] ERR: (ThinkException) 非法操作:favicon
[ 2014-02-14T00:02:45+08:00 ] ERR: (ThinkException) 非法操作:undefined
[ 2014-02-14T00:02:46+08:00 ] ERR: (ThinkException) 非法操作:favicon
[ 2014-02-14T00:02:47+08:00 ] ERR: (ThinkException) 非法操作:undefined
[ 2014-02-14T00:02:47+08:00 ] ERR: (ThinkException) 非法操作:favicon
[ 2014-02-14T00:02:51+08:00 ] ERR: (ThinkException) 非法操作:undefined
[ 2014-02-14T00:02:51+08:00 ] ERR: (ThinkException) 非法操作:favicon
[ 2014-02-14T00:02:53+08:00 ] ERR: (ThinkException) 非法操作:undefined
[ 2014-02-14T00:02:53+08:00 ] ERR: (ThinkException) 非法操作:favicon
[ 2014-02-14T00:02:54+08:00 ] ERR: (ThinkException) 非法操作:undefined
[ 2014-02-14T00:02:54+08:00 ] ERR: (ThinkException) 非法操作:favicon
[ 2014-02-14T00:02:55+08:00 ] ERR: (ThinkException) 非法操作:undefined
[ 2014-02-14T00:02:55+08:00 ] ERR: (ThinkException) 非法操作:favicon
[ 2014-02-14T00:03:05+08:00 ] ERR: (ThinkException) 非法操作:undefined
[ 2014-02-14T00:03:05+08:00 ] ERR: (ThinkException) 非法操作:favicon
[ 2014-02-14T00:03:07+08:00 ] ERR: (ThinkException) 非法操作:undefined
[ 2014-02-14T00:03:07+08:00 ] ERR: (ThinkException) 非法操作:favicon
[ 2014-02-14T00:03:36+08:00 ] ERR: (ThinkException) 非法操作:undefined
[ 2014-02-14T00:03:36+08:00 ] ERR: (ThinkException) 非法操作:favicon
[ 2014-02-14T00:03:38+08:00 ] ERR: (ThinkException) 非法操作:undefined
[ 2014-02-14T00:03:38+08:00 ] ERR: (ThinkException) 非法操作:favicon
[ 2014-02-14T00:03:39+08:00 ] ERR: (ThinkException) 非法操作:undefined
[ 2014-02-14T00:03:40+08:00 ] ERR: (ThinkException) 非法操作:favicon
[ 2014-02-14T00:03:42+08:00 ] ERR: (ThinkException) 非法操作:undefined
[ 2014-02-14T00:03:42+08:00 ] ERR: (ThinkException) 非法操作:favicon
[ 2014-02-14T00:03:49+08:00 ] ERR: (ThinkException) 非法操作:undefined
[ 2014-02-14T00:03:49+08:00 ] ERR: (ThinkException) 非法操作:favicon
[ 2014-02-14T00:03:50+08:00 ] ERR: (ThinkException) 非法操作:undefined
[ 2014-02-14T00:03:50+08:00 ] ERR: (ThinkException) 非法操作:favicon
[ 2014-02-14T00:03:51+08:00 ] ERR: (ThinkException) 非法操作:undefined
[ 2014-02-14T00:03:51+08:00 ] ERR: (ThinkException) 非法操作:favicon
[ 2014-02-14T00:03:52+08:00 ] ERR: (ThinkException) 非法操作:undefined
[ 2014-02-14T00:03:52+08:00 ] ERR: (ThinkException) 非法操作:favicon
[ 2014-02-14T00:03:53+08:00 ] ERR: (ThinkException) 非法操作:undefined
[ 2014-02-14T00:03:53+08:00 ] ERR: (ThinkException) 非法操作:favicon
[ 2014-02-14T00:04:14+08:00 ] ERR: (ThinkException) 非法操作:undefined
[ 2014-02-14T00:04:14+08:00 ] ERR: (ThinkException) 非法操作:favicon
[ 2014-02-14T00:04:15+08:00 ] ERR: (ThinkException) 非法操作:undefined
[ 2014-02-14T00:04:15+08:00 ] ERR: (ThinkException) 非法操作:favicon
[ 2014-02-14T00:04:16+08:00 ] ERR: (ThinkException) 非法操作:undefined
[ 2014-02-14T00:04:16+08:00 ] ERR: (ThinkException) 非法操作:favicon
[ 2014-02-14T00:04:17+08:00 ] ERR: (ThinkException) 非法操作:undefined
[ 2014-02-14T00:04:17+08:00 ] ERR: (ThinkException) 非法操作:favicon
[ 2014-02-14T00:04:19+08:00 ] ERR: (ThinkException) 非法操作:undefined
[ 2014-02-14T00:04:19+08:00 ] ERR: (ThinkException) 非法操作:favicon
[ 2014-02-14T00:04:24+08:00 ] ERR: (ThinkException) 非法操作:undefined
[ 2014-02-14T00:04:24+08:00 ] ERR: (ThinkException) 非法操作:favicon
[ 2014-02-14T00:04:35+08:00 ] ERR: (ThinkException) 非法操作:undefined
[ 2014-02-14T00:04:35+08:00 ] ERR: (ThinkException) 非法操作:favicon
[ 2014-02-14T00:04:36+08:00 ] ERR: (ThinkException) 非法操作:undefined
[ 2014-02-14T00:04:36+08:00 ] ERR: (ThinkException) 非法操作:favicon
[ 2014-02-14T00:04:37+08:00 ] ERR: (ThinkException) 非法操作:undefined
[ 2014-02-14T00:04:37+08:00 ] ERR: (ThinkException) 非法操作:favicon
[ 2014-02-14T00:04:38+08:00 ] ERR: (ThinkException) 非法操作:undefined
[ 2014-02-14T00:04:38+08:00 ] ERR: (ThinkException) 非法操作:favicon
[ 2014-02-14T00:04:39+08:00 ] ERR: (ThinkException) 非法操作:undefined
[ 2014-02-14T00:04:39+08:00 ] ERR: (ThinkException) 非法操作:favicon
[ 2014-02-14T00:04:40+08:00 ] ERR: (ThinkException) 非法操作:undefined
[ 2014-02-14T00:04:40+08:00 ] ERR: (ThinkException) 非法操作:favicon
[ 2014-02-14T00:04:41+08:00 ] ERR: (ThinkException) 非法操作:undefined
[ 2014-02-14T00:04:41+08:00 ] ERR: (ThinkException) 非法操作:favicon
[ 2014-02-14T00:04:43+08:00 ] ERR: (ThinkException) 非法操作:undefined
[ 2014-02-14T00:04:43+08:00 ] ERR: (ThinkException) 非法操作:favicon
[ 2014-02-14T00:04:44+08:00 ] ERR: (ThinkException) 非法操作:undefined
[ 2014-02-14T00:04:44+08:00 ] ERR: (ThinkException) 非法操作:favicon
[ 2014-02-14T00:04:46+08:00 ] ERR: (ThinkException) 非法操作:favicon
[ 2014-02-14T00:04:48+08:00 ] ERR: (ThinkException) 非法操作:undefined
[ 2014-02-14T00:04:48+08:00 ] ERR: (ThinkException) 非法操作:favicon
[ 2014-02-14T00:04:50+08:00 ] ERR: (ThinkException) 非法操作:undefined
[ 2014-02-14T00:04:50+08:00 ] ERR: (ThinkException) 非法操作:favicon
[ 2014-02-14T00:04:52+08:00 ] ERR: (ThinkException) 非法操作:undefined
[ 2014-02-14T00:04:52+08:00 ] ERR: (ThinkException) 非法操作:favicon
[ 2014-02-14T00:04:53+08:00 ] ERR: (ThinkException) 非法操作:undefined
[ 2014-02-14T00:04:53+08:00 ] ERR: (ThinkException) 非法操作:favicon
[ 2014-02-14T00:04:55+08:00 ] ERR: (ThinkException) 非法操作:undefined
[ 2014-02-14T00:04:55+08:00 ] ERR: (ThinkException) 非法操作:favicon
[ 2014-02-14T00:05:11+08:00 ] ERR: (ThinkException) 非法操作:undefined
[ 2014-02-14T00:05:11+08:00 ] ERR: (ThinkException) 非法操作:favicon
[ 2014-02-14T00:05:13+08:00 ] ERR: (ThinkException) 非法操作:undefined
[ 2014-02-14T00:05:13+08:00 ] ERR: (ThinkException) 非法操作:favicon
[ 2014-02-14T00:05:17+08:00 ] ERR: (ThinkException) 非法操作:undefined
[ 2014-02-14T00:05:17+08:00 ] ERR: (ThinkException) 非法操作:favicon
[ 2014-02-14T00:05:18+08:00 ] ERR: (ThinkException) 非法操作:undefined
[ 2014-02-14T00:05:18+08:00 ] ERR: (ThinkException) 非法操作:favicon
[ 2014-02-14T00:05:19+08:00 ] ERR: (ThinkException) 非法操作:undefined
[ 2014-02-14T00:05:19+08:00 ] ERR: (ThinkException) 非法操作:favicon
[ 2014-02-14T00:05:20+08:00 ] ERR: (ThinkException) 非法操作:undefined
[ 2014-02-14T00:05:20+08:00 ] ERR: (ThinkException) 非法操作:favicon
[ 2014-02-14T00:05:22+08:00 ] ERR: (ThinkException) 非法操作:undefined
[ 2014-02-14T00:05:22+08:00 ] ERR: (ThinkException) 非法操作:favicon
[ 2014-02-14T00:05:23+08:00 ] ERR: (ThinkException) 非法操作:undefined
[ 2014-02-14T00:05:23+08:00 ] ERR: (ThinkException) 非法操作:favicon
[ 2014-02-14T00:05:24+08:00 ] ERR: (ThinkException) 非法操作:undefined
[ 2014-02-14T00:05:24+08:00 ] ERR: (ThinkException) 非法操作:favicon
[ 2014-02-14T00:05:27+08:00 ] 0.0.0.0 /shenjiutuan/index.php/Ball/applycheck?id=14
INFO: [ app_begin ] --START--
INFO: Run ReadHtmlCache Behavior [ RunTime:-0.000296s ]
INFO: [ app_begin ] --END-- [ RunTime:0.000413s ]
NOTIC: [8] A session had already been started - ignoring session_start() D:\develop_tools\xampp\htdocs\shenjiutuan\server\.Lib\Action\BaseAction.class.php 第 5 行.
NOTIC: [8192] mysql_connect(): The mysql extension is deprecated and will be removed in the future: use mysqli or PDO instead D:\develop_tools\xampp\htdocs\shenjiutuan\server\ThinkPHP\Lib\Driver\Db\DbMysql.class.php 第 55 行.
SQL: SHOW COLUMNS FROM `booktickets` [ RunTime:0.002672s ]
NOTIC: [8192] preg_replace(): The /e modifier is deprecated, use preg_replace_callback instead D:\develop_tools\xampp\htdocs\shenjiutuan\server\ThinkPHP\Lib\Core\Db.class.php 第 571 行.
SQL: SELECT `id`,`title`,`remark`,`maxnums`,`status`,`date`,`match_time`,`match_address`,`ticket_cost`,`car_cost`,`match_op` FROM `booktickets` WHERE id='14'  LIMIT 0,1   [ RunTime:0.000260s ]
SQL: SHOW COLUMNS FROM `ticket_logs` [ RunTime:0.002793s ]
NOTIC: [8192] preg_replace(): The /e modifier is deprecated, use preg_replace_callback instead D:\develop_tools\xampp\htdocs\shenjiutuan\server\ThinkPHP\Lib\Core\Db.class.php 第 571 行.
SQL: SELECT `id`,`tid`,`uid`,`nickname`,`ticket_nums`,`car_nums`,`watch_nums`,`style`,`goadd`,`isPay`,`remark`,`date` FROM `ticket_logs` WHERE tid='14' and uid='1'  LIMIT 0,1   [ RunTime:0.000455s ]

[ 2014-02-14T00:05:29+08:00 ] 0.0.0.0 /shenjiutuan/index.php/Ball/applycheck?id=14
INFO: [ app_begin ] --START--
INFO: Run ReadHtmlCache Behavior [ RunTime:-0.000917s ]
INFO: [ app_begin ] --END-- [ RunTime:0.000842s ]
NOTIC: [8] A session had already been started - ignoring session_start() D:\develop_tools\xampp\htdocs\shenjiutuan\server\.Lib\Action\BaseAction.class.php 第 5 行.
NOTIC: [8192] mysql_connect(): The mysql extension is deprecated and will be removed in the future: use mysqli or PDO instead D:\develop_tools\xampp\htdocs\shenjiutuan\server\ThinkPHP\Lib\Driver\Db\DbMysql.class.php 第 55 行.
SQL: SHOW COLUMNS FROM `booktickets` [ RunTime:0.002763s ]
NOTIC: [8192] preg_replace(): The /e modifier is deprecated, use preg_replace_callback instead D:\develop_tools\xampp\htdocs\shenjiutuan\server\ThinkPHP\Lib\Core\Db.class.php 第 571 行.
SQL: SELECT `id`,`title`,`remark`,`maxnums`,`status`,`date`,`match_time`,`match_address`,`ticket_cost`,`car_cost`,`match_op` FROM `booktickets` WHERE id='14'  LIMIT 0,1   [ RunTime:0.000247s ]
SQL: SHOW COLUMNS FROM `ticket_logs` [ RunTime:0.002607s ]
NOTIC: [8192] preg_replace(): The /e modifier is deprecated, use preg_replace_callback instead D:\develop_tools\xampp\htdocs\shenjiutuan\server\ThinkPHP\Lib\Core\Db.class.php 第 571 行.
SQL: SELECT `id`,`tid`,`uid`,`nickname`,`ticket_nums`,`car_nums`,`watch_nums`,`style`,`goadd`,`isPay`,`remark`,`date` FROM `ticket_logs` WHERE tid='14' and uid='1'  LIMIT 0,1   [ RunTime:0.000231s ]

[ 2014-02-14T00:05:33+08:00 ] 0.0.0.0 /shenjiutuan/index.php/Ball/applycheck?id=14
INFO: [ app_begin ] --START--
INFO: Run ReadHtmlCache Behavior [ RunTime:-0.000304s ]
INFO: [ app_begin ] --END-- [ RunTime:0.000412s ]
NOTIC: [8] A session had already been started - ignoring session_start() D:\develop_tools\xampp\htdocs\shenjiutuan\server\.Lib\Action\BaseAction.class.php 第 5 行.
NOTIC: [8192] mysql_connect(): The mysql extension is deprecated and will be removed in the future: use mysqli or PDO instead D:\develop_tools\xampp\htdocs\shenjiutuan\server\ThinkPHP\Lib\Driver\Db\DbMysql.class.php 第 55 行.
SQL: SHOW COLUMNS FROM `booktickets` [ RunTime:0.004579s ]
NOTIC: [8192] preg_replace(): The /e modifier is deprecated, use preg_replace_callback instead D:\develop_tools\xampp\htdocs\shenjiutuan\server\ThinkPHP\Lib\Core\Db.class.php 第 571 行.
SQL: SELECT `id`,`title`,`remark`,`maxnums`,`status`,`date`,`match_time`,`match_address`,`ticket_cost`,`car_cost`,`match_op` FROM `booktickets` WHERE id='14'  LIMIT 0,1   [ RunTime:0.000310s ]
SQL: SHOW COLUMNS FROM `ticket_logs` [ RunTime:0.002811s ]
NOTIC: [8192] preg_replace(): The /e modifier is deprecated, use preg_replace_callback instead D:\develop_tools\xampp\htdocs\shenjiutuan\server\ThinkPHP\Lib\Core\Db.class.php 第 571 行.
SQL: SELECT `id`,`tid`,`uid`,`nickname`,`ticket_nums`,`car_nums`,`watch_nums`,`style`,`goadd`,`isPay`,`remark`,`date` FROM `ticket_logs` WHERE tid='14' and uid='1'  LIMIT 0,1   [ RunTime:0.000305s ]

[ 2014-02-14T00:05:40+08:00 ] 0.0.0.0 /shenjiutuan/index.php/Ball/applycheck?id=14
INFO: [ app_begin ] --START--
INFO: Run ReadHtmlCache Behavior [ RunTime:-0.000404s ]
INFO: [ app_begin ] --END-- [ RunTime:0.000541s ]
NOTIC: [8] A session had already been started - ignoring session_start() D:\develop_tools\xampp\htdocs\shenjiutuan\server\.Lib\Action\BaseAction.class.php 第 5 行.
NOTIC: [8192] mysql_connect(): The mysql extension is deprecated and will be removed in the future: use mysqli or PDO instead D:\develop_tools\xampp\htdocs\shenjiutuan\server\ThinkPHP\Lib\Driver\Db\DbMysql.class.php 第 55 行.
SQL: SHOW COLUMNS FROM `booktickets` [ RunTime:0.002769s ]
NOTIC: [8192] preg_replace(): The /e modifier is deprecated, use preg_replace_callback instead D:\develop_tools\xampp\htdocs\shenjiutuan\server\ThinkPHP\Lib\Core\Db.class.php 第 571 行.
SQL: SELECT `id`,`title`,`remark`,`maxnums`,`status`,`date`,`match_time`,`match_address`,`ticket_cost`,`car_cost`,`match_op` FROM `booktickets` WHERE id='14'  LIMIT 0,1   [ RunTime:0.000251s ]
SQL: SHOW COLUMNS FROM `ticket_logs` [ RunTime:0.002563s ]
NOTIC: [8192] preg_replace(): The /e modifier is deprecated, use preg_replace_callback instead D:\develop_tools\xampp\htdocs\shenjiutuan\server\ThinkPHP\Lib\Core\Db.class.php 第 571 行.
SQL: SELECT `id`,`tid`,`uid`,`nickname`,`ticket_nums`,`car_nums`,`watch_nums`,`style`,`goadd`,`isPay`,`remark`,`date` FROM `ticket_logs` WHERE tid='14' and uid='1'  LIMIT 0,1   [ RunTime:0.000228s ]

[ 2014-02-14T00:05:50+08:00 ] ERR: (ThinkException) 非法操作:undefined
[ 2014-02-14T00:05:50+08:00 ] ERR: (ThinkException) 非法操作:favicon
[ 2014-02-14T00:06:21+08:00 ] ERR: (ThinkException) 非法操作:undefined
[ 2014-02-14T00:06:21+08:00 ] ERR: (ThinkException) 非法操作:favicon
[ 2014-02-14T00:06:51+08:00 ] ERR: (ThinkException) 非法操作:favicon
[ 2014-02-14T00:07:38+08:00 ] ERR: (ThinkException) 非法操作:undefined
[ 2014-02-14T00:07:38+08:00 ] ERR: (ThinkException) 非法操作:favicon
[ 2014-02-14T00:07:43+08:00 ] ERR: (ThinkException) 非法操作:favicon
[ 2014-02-14T00:08:13+08:00 ] ERR: (ThinkException) 非法操作:undefined
[ 2014-02-14T00:08:13+08:00 ] ERR: (ThinkException) 非法操作:favicon
[ 2014-02-14T00:08:14+08:00 ] ERR: (ThinkException) 非法操作:undefined
[ 2014-02-14T00:08:14+08:00 ] ERR: (ThinkException) 非法操作:favicon
[ 2014-02-14T00:08:14+08:00 ] ERR: (ThinkException) 非法操作:undefined
[ 2014-02-14T00:08:14+08:00 ] ERR: (ThinkException) 非法操作:favicon
[ 2014-02-14T00:08:15+08:00 ] ERR: (ThinkException) 非法操作:undefined
[ 2014-02-14T00:08:15+08:00 ] ERR: (ThinkException) 非法操作:favicon
[ 2014-02-14T00:08:52+08:00 ] ERR: (ThinkException) 非法操作:undefined
[ 2014-02-14T00:08:52+08:00 ] ERR: (ThinkException) 非法操作:favicon
[ 2014-02-14T00:09:47+08:00 ] ERR: (ThinkException) 非法操作:undefined
[ 2014-02-14T00:09:47+08:00 ] ERR: (ThinkException) 非法操作:favicon
[ 2014-02-14T00:09:48+08:00 ] ERR: (ThinkException) 非法操作:undefined
[ 2014-02-14T00:09:48+08:00 ] ERR: (ThinkException) 非法操作:favicon
[ 2014-02-14T00:09:50+08:00 ] ERR: (ThinkException) 非法操作:undefined
[ 2014-02-14T00:09:50+08:00 ] ERR: (ThinkException) 非法操作:favicon
[ 2014-02-14T00:09:51+08:00 ] ERR: (ThinkException) 非法操作:undefined
[ 2014-02-14T00:09:51+08:00 ] ERR: (ThinkException) 非法操作:favicon
[ 2014-02-14T00:09:53+08:00 ] ERR: (ThinkException) 非法操作:undefined
[ 2014-02-14T00:09:53+08:00 ] ERR: (ThinkException) 非法操作:favicon
[ 2014-02-14T00:09:54+08:00 ] ERR: (ThinkException) 非法操作:undefined
[ 2014-02-14T00:09:55+08:00 ] ERR: (ThinkException) 非法操作:favicon
[ 2014-02-14T00:09:56+08:00 ] ERR: (ThinkException) 非法操作:undefined
[ 2014-02-14T00:09:56+08:00 ] ERR: (ThinkException) 非法操作:favicon
[ 2014-02-14T00:11:39+08:00 ] ERR: (ThinkException) 非法操作:undefined
[ 2014-02-14T00:11:39+08:00 ] ERR: (ThinkException) 非法操作:favicon
[ 2014-02-14T00:11:40+08:00 ] ERR: (ThinkException) 非法操作:undefined
[ 2014-02-14T00:11:40+08:00 ] ERR: (ThinkException) 非法操作:favicon
[ 2014-02-14T00:11:42+08:00 ] ERR: (ThinkException) 非法操作:undefined
[ 2014-02-14T00:11:42+08:00 ] ERR: (ThinkException) 非法操作:favicon
[ 2014-02-14T00:11:44+08:00 ] ERR: (ThinkException) 非法操作:undefined
[ 2014-02-14T00:11:44+08:00 ] ERR: (ThinkException) 非法操作:favicon
[ 2014-02-14T00:11:46+08:00 ] ERR: (ThinkException) 非法操作:undefined
[ 2014-02-14T00:11:46+08:00 ] ERR: (ThinkException) 非法操作:favicon
[ 2014-02-14T00:11:47+08:00 ] ERR: (ThinkException) 非法操作:undefined
[ 2014-02-14T00:11:47+08:00 ] ERR: (ThinkException) 非法操作:favicon
[ 2014-02-14T00:13:21+08:00 ] ERR: (ThinkException) 非法操作:undefined
[ 2014-02-14T00:13:21+08:00 ] ERR: (ThinkException) 非法操作:favicon
[ 2014-02-14T00:13:23+08:00 ] ERR: (ThinkException) 非法操作:undefined
[ 2014-02-14T00:13:23+08:00 ] ERR: (ThinkException) 非法操作:favicon
[ 2014-02-14T00:13:52+08:00 ] ERR: (ThinkException) 非法操作:undefined
[ 2014-02-14T00:13:52+08:00 ] ERR: (ThinkException) 非法操作:favicon
[ 2014-02-14T00:13:58+08:00 ] ERR: (ThinkException) 非法操作:undefined
[ 2014-02-14T00:13:58+08:00 ] ERR: (ThinkException) 非法操作:favicon
[ 2014-02-14T00:14:19+08:00 ] ERR: (ThinkException) 非法操作:undefined
[ 2014-02-14T00:14:19+08:00 ] ERR: (ThinkException) 非法操作:favicon
[ 2014-02-14T00:14:24+08:00 ] ERR: (ThinkException) 非法操作:undefined
[ 2014-02-14T00:14:24+08:00 ] ERR: (ThinkException) 非法操作:favicon
[ 2014-02-14T00:14:27+08:00 ] ERR: (ThinkException) 非法操作:undefined
[ 2014-02-14T00:14:27+08:00 ] ERR: (ThinkException) 非法操作:favicon
[ 2014-02-14T00:14:28+08:00 ] ERR: (ThinkException) 非法操作:undefined
[ 2014-02-14T00:14:28+08:00 ] ERR: (ThinkException) 非法操作:favicon
[ 2014-02-14T00:14:44+08:00 ] ERR: (ThinkException) 非法操作:undefined
[ 2014-02-14T00:14:45+08:00 ] ERR: (ThinkException) 非法操作:favicon
[ 2014-02-14T00:14:46+08:00 ] ERR: (ThinkException) 非法操作:undefined
[ 2014-02-14T00:14:46+08:00 ] ERR: (ThinkException) 非法操作:favicon
[ 2014-02-14T00:14:48+08:00 ] ERR: (ThinkException) 非法操作:undefined
[ 2014-02-14T00:14:48+08:00 ] ERR: (ThinkException) 非法操作:favicon
[ 2014-02-14T00:14:50+08:00 ] ERR: (ThinkException) 非法操作:undefined
[ 2014-02-14T00:14:50+08:00 ] ERR: (ThinkException) 非法操作:favicon
[ 2014-02-14T00:14:51+08:00 ] ERR: (ThinkException) 非法操作:undefined
[ 2014-02-14T00:14:51+08:00 ] ERR: (ThinkException) 非法操作:favicon
[ 2014-02-14T00:14:52+08:00 ] ERR: (ThinkException) 非法操作:undefined
[ 2014-02-14T00:14:52+08:00 ] ERR: (ThinkException) 非法操作:favicon
[ 2014-02-14T00:14:54+08:00 ] ERR: (ThinkException) 非法操作:undefined
[ 2014-02-14T00:14:54+08:00 ] ERR: (ThinkException) 非法操作:favicon
[ 2014-02-14T00:15:24+08:00 ] ERR: (ThinkException) 非法操作:undefined
[ 2014-02-14T00:15:25+08:00 ] ERR: (ThinkException) 非法操作:favicon
[ 2014-02-14T00:15:25+08:00 ] ERR: (ThinkException) 非法操作:undefined
[ 2014-02-14T00:15:25+08:00 ] ERR: (ThinkException) 非法操作:favicon
[ 2014-02-14T00:15:26+08:00 ] ERR: (ThinkException) 非法操作:undefined
[ 2014-02-14T00:15:26+08:00 ] ERR: (ThinkException) 非法操作:favicon
[ 2014-02-14T00:20:21+08:00 ] ERR: (ThinkException) 非法操作:undefined
[ 2014-02-14T00:20:21+08:00 ] ERR: (ThinkException) 非法操作:favicon
[ 2014-02-14T00:20:22+08:00 ] ERR: (ThinkException) 非法操作:undefined
[ 2014-02-14T00:20:22+08:00 ] ERR: (ThinkException) 非法操作:favicon
[ 2014-02-14T00:20:23+08:00 ] ERR: (ThinkException) 非法操作:undefined
[ 2014-02-14T00:20:23+08:00 ] ERR: (ThinkException) 非法操作:favicon
[ 2014-02-14T00:20:24+08:00 ] ERR: (ThinkException) 非法操作:undefined
[ 2014-02-14T00:20:24+08:00 ] ERR: (ThinkException) 非法操作:favicon
[ 2014-02-14T00:20:25+08:00 ] ERR: (ThinkException) 非法操作:undefined
[ 2014-02-14T00:20:25+08:00 ] ERR: (ThinkException) 非法操作:favicon
[ 2014-02-14T00:20:27+08:00 ] ERR: (ThinkException) 非法操作:undefined
[ 2014-02-14T00:20:27+08:00 ] ERR: (ThinkException) 非法操作:favicon
[ 2014-02-14T00:20:56+08:00 ] ERR: (ThinkException) 非法操作:undefined
[ 2014-02-14T00:20:56+08:00 ] ERR: (ThinkException) 非法操作:favicon
[ 2014-02-14T00:20:57+08:00 ] ERR: (ThinkException) 非法操作:undefined
[ 2014-02-14T00:20:58+08:00 ] ERR: (ThinkException) 非法操作:favicon
[ 2014-02-14T00:20:59+08:00 ] ERR: (ThinkException) 非法操作:undefined
[ 2014-02-14T00:20:59+08:00 ] ERR: (ThinkException) 非法操作:favicon
[ 2014-02-14T00:21:00+08:00 ] ERR: (ThinkException) 非法操作:undefined
[ 2014-02-14T00:21:01+08:00 ] ERR: (ThinkException) 非法操作:favicon
[ 2014-02-14T00:21:05+08:00 ] ERR: (ThinkException) 非法操作:undefined
[ 2014-02-14T00:21:06+08:00 ] ERR: (ThinkException) 非法操作:favicon
[ 2014-02-14T00:21:07+08:00 ] ERR: (ThinkException) 非法操作:undefined
[ 2014-02-14T00:21:07+08:00 ] ERR: (ThinkException) 非法操作:favicon
[ 2014-02-14T00:21:11+08:00 ] ERR: (ThinkException) 非法操作:undefined
[ 2014-02-14T00:21:11+08:00 ] ERR: (ThinkException) 非法操作:favicon
[ 2014-02-14T00:21:13+08:00 ] ERR: (ThinkException) 非法操作:undefined
[ 2014-02-14T00:21:13+08:00 ] ERR: (ThinkException) 非法操作:favicon
[ 2014-02-14T00:21:14+08:00 ] ERR: (ThinkException) 非法操作:undefined
[ 2014-02-14T00:21:14+08:00 ] ERR: (ThinkException) 非法操作:favicon
[ 2014-02-14T00:21:15+08:00 ] ERR: (ThinkException) 非法操作:undefined
[ 2014-02-14T00:21:15+08:00 ] ERR: (ThinkException) 非法操作:favicon
[ 2014-02-14T00:21:17+08:00 ] ERR: (ThinkException) 非法操作:undefined
[ 2014-02-14T00:21:17+08:00 ] ERR: (ThinkException) 非法操作:favicon
[ 2014-02-14T00:21:19+08:00 ] ERR: (ThinkException) 非法操作:undefined
[ 2014-02-14T00:21:19+08:00 ] ERR: (ThinkException) 非法操作:favicon
[ 2014-02-14T00:21:19+08:00 ] ERR: (ThinkException) 非法操作:undefined
[ 2014-02-14T00:21:19+08:00 ] ERR: (ThinkException) 非法操作:favicon
[ 2014-02-14T00:21:26+08:00 ] ERR: (ThinkException) 非法操作:undefined
[ 2014-02-14T00:21:26+08:00 ] ERR: (ThinkException) 非法操作:favicon
[ 2014-02-14T00:21:28+08:00 ] ERR: (ThinkException) 非法操作:undefined
[ 2014-02-14T00:21:28+08:00 ] ERR: (ThinkException) 非法操作:favicon
[ 2014-02-14T00:21:30+08:00 ] ERR: (ThinkException) 非法操作:undefined
[ 2014-02-14T00:21:30+08:00 ] ERR: (ThinkException) 非法操作:favicon
[ 2014-02-14T00:21:32+08:00 ] ERR: (ThinkException) 非法操作:undefined
[ 2014-02-14T00:21:32+08:00 ] ERR: (ThinkException) 非法操作:favicon
[ 2014-02-14T00:21:33+08:00 ] ERR: (ThinkException) 非法操作:undefined
[ 2014-02-14T00:21:34+08:00 ] ERR: (ThinkException) 非法操作:favicon
[ 2014-02-14T00:21:35+08:00 ] ERR: (ThinkException) 非法操作:undefined
[ 2014-02-14T00:21:35+08:00 ] ERR: (ThinkException) 非法操作:favicon
[ 2014-02-14T00:21:36+08:00 ] ERR: (ThinkException) 非法操作:undefined
[ 2014-02-14T00:21:36+08:00 ] ERR: (ThinkException) 非法操作:favicon
[ 2014-02-14T00:21:38+08:00 ] ERR: (ThinkException) 非法操作:undefined
[ 2014-02-14T00:21:38+08:00 ] ERR: (ThinkException) 非法操作:favicon
[ 2014-02-14T00:21:39+08:00 ] ERR: (ThinkException) 非法操作:undefined
[ 2014-02-14T00:21:40+08:00 ] ERR: (ThinkException) 非法操作:favicon
[ 2014-02-14T00:21:42+08:00 ] ERR: (ThinkException) 非法操作:undefined
[ 2014-02-14T00:21:42+08:00 ] ERR: (ThinkException) 非法操作:favicon
[ 2014-02-14T00:21:42+08:00 ] ERR: (ThinkException) 非法操作:undefined
[ 2014-02-14T00:21:43+08:00 ] ERR: (ThinkException) 非法操作:favicon
[ 2014-02-14T00:21:44+08:00 ] ERR: (ThinkException) 非法操作:undefined
[ 2014-02-14T00:21:44+08:00 ] ERR: (ThinkException) 非法操作:favicon
[ 2014-02-14T00:21:46+08:00 ] ERR: (ThinkException) 非法操作:undefined
[ 2014-02-14T00:21:46+08:00 ] ERR: (ThinkException) 非法操作:favicon
[ 2014-02-14T00:21:48+08:00 ] ERR: (ThinkException) 非法操作:undefined
[ 2014-02-14T00:21:49+08:00 ] ERR: (ThinkException) 非法操作:favicon
[ 2014-02-14T00:21:59+08:00 ] ERR: (ThinkException) 非法操作:undefined
[ 2014-02-14T00:21:59+08:00 ] ERR: (ThinkException) 非法操作:favicon
[ 2014-02-14T00:22:01+08:00 ] ERR: (ThinkException) 非法操作:undefined
[ 2014-02-14T00:22:01+08:00 ] ERR: (ThinkException) 非法操作:favicon
[ 2014-02-14T00:22:02+08:00 ] ERR: (ThinkException) 非法操作:undefined
[ 2014-02-14T00:22:02+08:00 ] ERR: (ThinkException) 非法操作:favicon
[ 2014-02-14T00:22:04+08:00 ] ERR: (ThinkException) 非法操作:undefined
[ 2014-02-14T00:22:04+08:00 ] ERR: (ThinkException) 非法操作:favicon
[ 2014-02-14T00:22:05+08:00 ] ERR: (ThinkException) 非法操作:undefined
[ 2014-02-14T00:22:05+08:00 ] ERR: (ThinkException) 非法操作:favicon
[ 2014-02-14T00:22:06+08:00 ] ERR: (ThinkException) 非法操作:undefined
[ 2014-02-14T00:22:06+08:00 ] ERR: (ThinkException) 非法操作:favicon
[ 2014-02-14T00:22:08+08:00 ] ERR: (ThinkException) 非法操作:undefined
[ 2014-02-14T00:22:08+08:00 ] ERR: (ThinkException) 非法操作:favicon
[ 2014-02-14T00:22:09+08:00 ] ERR: (ThinkException) 非法操作:undefined
[ 2014-02-14T00:22:09+08:00 ] ERR: (ThinkException) 非法操作:favicon
[ 2014-02-14T00:22:11+08:00 ] ERR: (ThinkException) 非法操作:undefined
[ 2014-02-14T00:22:11+08:00 ] ERR: (ThinkException) 非法操作:favicon
[ 2014-02-14T00:22:15+08:00 ] ERR: (ThinkException) 非法操作:undefined
[ 2014-02-14T00:22:15+08:00 ] ERR: (ThinkException) 非法操作:favicon
[ 2014-02-14T00:22:16+08:00 ] ERR: (ThinkException) 非法操作:undefined
[ 2014-02-14T00:22:16+08:00 ] ERR: (ThinkException) 非法操作:favicon
[ 2014-02-14T00:22:18+08:00 ] ERR: (ThinkException) 非法操作:undefined
[ 2014-02-14T00:22:18+08:00 ] ERR: (ThinkException) 非法操作:favicon
[ 2014-02-14T00:22:28+08:00 ] ERR: (ThinkException) 非法操作:undefined
[ 2014-02-14T00:22:28+08:00 ] ERR: (ThinkException) 非法操作:favicon
[ 2014-02-14T00:22:33+08:00 ] ERR: (ThinkException) 非法操作:undefined
[ 2014-02-14T00:22:33+08:00 ] ERR: (ThinkException) 非法操作:favicon
[ 2014-02-14T00:22:34+08:00 ] ERR: (ThinkException) 非法操作:undefined
[ 2014-02-14T00:22:34+08:00 ] ERR: (ThinkException) 非法操作:favicon
[ 2014-02-14T00:22:35+08:00 ] ERR: (ThinkException) 非法操作:undefined
[ 2014-02-14T00:22:35+08:00 ] ERR: (ThinkException) 非法操作:favicon
[ 2014-02-14T00:22:41+08:00 ] ERR: (ThinkException) 非法操作:undefined
[ 2014-02-14T00:22:41+08:00 ] ERR: (ThinkException) 非法操作:favicon
[ 2014-02-14T00:22:42+08:00 ] ERR: (ThinkException) 非法操作:undefined
[ 2014-02-14T00:22:42+08:00 ] ERR: (ThinkException) 非法操作:favicon
[ 2014-02-14T00:22:43+08:00 ] ERR: (ThinkException) 非法操作:undefined
[ 2014-02-14T00:22:43+08:00 ] ERR: (ThinkException) 非法操作:favicon
[ 2014-02-14T00:22:44+08:00 ] ERR: (ThinkException) 非法操作:undefined
[ 2014-02-14T00:22:44+08:00 ] ERR: (ThinkException) 非法操作:favicon
[ 2014-02-14T00:22:45+08:00 ] ERR: (ThinkException) 非法操作:undefined
[ 2014-02-14T00:22:45+08:00 ] ERR: (ThinkException) 非法操作:favicon
[ 2014-02-14T00:22:51+08:00 ] ERR: (ThinkException) 非法操作:undefined
[ 2014-02-14T00:22:51+08:00 ] ERR: (ThinkException) 非法操作:favicon
[ 2014-02-14T00:22:52+08:00 ] ERR: (ThinkException) 非法操作:undefined
[ 2014-02-14T00:22:52+08:00 ] ERR: (ThinkException) 非法操作:favicon
[ 2014-02-14T00:22:55+08:00 ] ERR: (ThinkException) 非法操作:undefined
[ 2014-02-14T00:22:55+08:00 ] ERR: (ThinkException) 非法操作:favicon
[ 2014-02-14T00:22:56+08:00 ] ERR: (ThinkException) 非法操作:undefined
[ 2014-02-14T00:22:56+08:00 ] ERR: (ThinkException) 非法操作:favicon
[ 2014-02-14T00:23:00+08:00 ] ERR: (ThinkException) 非法操作:undefined
[ 2014-02-14T00:23:00+08:00 ] ERR: (ThinkException) 非法操作:favicon
[ 2014-02-14T00:23:01+08:00 ] ERR: (ThinkException) 非法操作:undefined
[ 2014-02-14T00:23:01+08:00 ] ERR: (ThinkException) 非法操作:favicon
[ 2014-02-14T00:23:02+08:00 ] ERR: (ThinkException) 非法操作:favicon
[ 2014-02-14T00:23:03+08:00 ] ERR: (ThinkException) 非法操作:undefined
[ 2014-02-14T00:23:04+08:00 ] ERR: (ThinkException) 非法操作:favicon
[ 2014-02-14T00:23:06+08:00 ] ERR: (ThinkException) 非法操作:undefined
[ 2014-02-14T00:23:06+08:00 ] ERR: (ThinkException) 非法操作:favicon
[ 2014-02-14T00:23:08+08:00 ] ERR: (ThinkException) 非法操作:favicon
[ 2014-02-14T00:23:43+08:00 ] ERR: (ThinkException) 非法操作:undefined
[ 2014-02-14T00:23:43+08:00 ] ERR: (ThinkException) 非法操作:favicon
[ 2014-02-14T00:23:45+08:00 ] ERR: (ThinkException) 非法操作:undefined
[ 2014-02-14T00:23:45+08:00 ] ERR: (ThinkException) 非法操作:favicon
[ 2014-02-14T00:23:48+08:00 ] ERR: (ThinkException) 非法操作:undefined
[ 2014-02-14T00:23:48+08:00 ] ERR: (ThinkException) 非法操作:favicon
[ 2014-02-14T00:24:24+08:00 ] ERR: (ThinkException) 非法操作:undefined
[ 2014-02-14T00:24:24+08:00 ] ERR: (ThinkException) 非法操作:favicon
[ 2014-02-14T00:24:26+08:00 ] ERR: (ThinkException) 非法操作:undefined
[ 2014-02-14T00:24:26+08:00 ] ERR: (ThinkException) 非法操作:favicon
[ 2014-02-14T00:24:30+08:00 ] ERR: (ThinkException) 非法操作:undefined
[ 2014-02-14T00:24:30+08:00 ] ERR: (ThinkException) 非法操作:favicon
[ 2014-02-14T00:24:34+08:00 ] ERR: (ThinkException) 非法操作:undefined
[ 2014-02-14T00:24:34+08:00 ] ERR: (ThinkException) 非法操作:favicon
[ 2014-02-14T00:24:36+08:00 ] ERR: (ThinkException) 非法操作:undefined
[ 2014-02-14T00:24:36+08:00 ] ERR: (ThinkException) 非法操作:favicon
[ 2014-02-14T00:24:37+08:00 ] ERR: (ThinkException) 非法操作:undefined
[ 2014-02-14T00:24:37+08:00 ] ERR: (ThinkException) 非法操作:favicon
[ 2014-02-14T00:24:39+08:00 ] ERR: (ThinkException) 非法操作:undefined
[ 2014-02-14T00:24:39+08:00 ] ERR: (ThinkException) 非法操作:favicon
[ 2014-02-14T00:24:40+08:00 ] ERR: (ThinkException) 非法操作:undefined
[ 2014-02-14T00:24:40+08:00 ] ERR: (ThinkException) 非法操作:favicon
[ 2014-02-14T00:24:41+08:00 ] ERR: (ThinkException) 非法操作:undefined
[ 2014-02-14T00:24:41+08:00 ] ERR: (ThinkException) 非法操作:favicon
[ 2014-02-14T00:24:42+08:00 ] ERR: (ThinkException) 非法操作:undefined
[ 2014-02-14T00:24:42+08:00 ] ERR: (ThinkException) 非法操作:favicon
