[ 2014-02-21T00:02:38+08:00 ] ERR: (ThinkException) 非法操作:undefined
[ 2014-02-21T00:02:48+08:00 ] ERR: (ThinkException) 非法操作:undefined
[ 2014-02-21T00:02:50+08:00 ] ERR: (ThinkException) 非法操作:undefined
[ 2014-02-21T00:02:51+08:00 ] ERR: (ThinkException) 非法操作:undefined
[ 2014-02-21T00:02:52+08:00 ] ERR: (ThinkException) 非法操作:undefined
[ 2014-02-21T00:04:08+08:00 ] ERR: (ThinkException) 非法操作:undefined
[ 2014-02-21T00:04:09+08:00 ] ERR: (ThinkException) 非法操作:undefined
[ 2014-02-21T00:04:11+08:00 ] ERR: (ThinkException) 非法操作:undefined
[ 2014-02-21T00:04:19+08:00 ] ERR: (ThinkException) 非法操作:undefined
[ 2014-02-21T00:06:12+08:00 ] ERR: (ThinkException) 非法操作:undefined
[ 2014-02-21T00:09:32+08:00 ] ERR: (ThinkException) 非法操作:undefined
[ 2014-02-21T00:09:44+08:00 ] ERR: (ThinkException) 非法操作:undefined
[ 2014-02-21T00:12:47+08:00 ] ERR: (ThinkException) 非法操作:undefined
[ 2014-02-21T00:12:52+08:00 ] ERR: (ThinkException) 非法操作:undefined
[ 2014-02-21T00:12:53+08:00 ] ERR: (ThinkException) 非法操作:undefined
[ 2014-02-21T00:12:53+08:00 ] ERR: (ThinkException) 非法操作:undefined
[ 2014-02-21T00:13:17+08:00 ] ERR: (ThinkException) 非法操作:undefined
[ 2014-02-21T00:13:26+08:00 ] 0.0.0.0 /shenjiutuan/index.php/User/login
INFO: [ app_begin ] --START--
INFO: Run ReadHtmlCache Behavior [ RunTime:-0.000458s ]
INFO: [ app_begin ] --END-- [ RunTime:0.000831s ]
NOTIC: [8192] mysql_connect(): The mysql extension is deprecated and will be removed in the future: use mysqli or PDO instead D:\develop_tools\xampp\htdocs\shenjiutuan\server\ThinkPHP\Lib\Driver\Db\DbMysql.class.php 第 55 行.
SQL: SHOW COLUMNS FROM `userinfo` [ RunTime:0.002869s ]
NOTIC: [8192] preg_replace(): The /e modifier is deprecated, use preg_replace_callback instead D:\develop_tools\xampp\htdocs\shenjiutuan\server\ThinkPHP\Lib\Core\Db.class.php 第 571 行.
SQL: SELECT `id` FROM `userinfo` WHERE email='yongge@163.com' LIMIT 1   [ RunTime:0.000219s ]
NOTIC: [8192] preg_replace(): The /e modifier is deprecated, use preg_replace_callback instead D:\develop_tools\xampp\htdocs\shenjiutuan\server\ThinkPHP\Lib\Core\Db.class.php 第 571 行.
SQL: SELECT * FROM `userinfo` WHERE email='yongge@163.com' and pwd='c33367701511b4f6020ec61ded352059' and status=1 LIMIT 1   [ RunTime:0.000213s ]
SQL: UPDATE `userinfo` SET `last_ip`='::1',`last_date`='2014-02-21 00:13:26' WHERE email='yongge@163.com' and id='1'  [ RunTime:0.074832s ]

[ 2014-02-21T00:13:28+08:00 ] ERR: (ThinkException) 非法操作:undefined
[ 2014-02-21T00:13:29+08:00 ] ERR: (ThinkException) 非法操作:undefined
[ 2014-02-21T00:13:41+08:00 ] ERR: (ThinkException) 非法操作:undefined
[ 2014-02-21T00:13:52+08:00 ] ERR: (ThinkException) 非法操作:undefined
[ 2014-02-21T00:14:02+08:00 ] ERR: (ThinkException) 非法操作:undefined
[ 2014-02-21T00:14:04+08:00 ] ERR: (ThinkException) 非法操作:undefined
[ 2014-02-21T00:14:07+08:00 ] ERR: (ThinkException) 非法操作:undefined
[ 2014-02-21T00:14:14+08:00 ] ERR: (ThinkException) 非法操作:undefined
[ 2014-02-21T00:14:16+08:00 ] ERR: (ThinkException) 非法操作:undefined
[ 2014-02-21T00:14:30+08:00 ] ERR: (ThinkException) 非法操作:undefined
[ 2014-02-21T00:14:31+08:00 ] ERR: (ThinkException) 非法操作:undefined
[ 2014-02-21T00:14:32+08:00 ] ERR: (ThinkException) 非法操作:undefined
[ 2014-02-21T00:14:32+08:00 ] ERR: (ThinkException) 非法操作:undefined
[ 2014-02-21T14:58:08+08:00 ] ERR: (ThinkException) 非法操作:undefined
[ 2014-02-21T14:58:11+08:00 ] ERR: (ThinkException) 非法操作:undefined
[ 2014-02-21T14:58:19+08:00 ] 127.0.0.1 /shenjiutuan/index.php/User/login
INFO: [ app_begin ] --START--
INFO: Run ReadHtmlCache Behavior [ RunTime:-0.015625s ]
INFO: [ app_begin ] --END-- [ RunTime:0.015625s ]
SQL: SHOW COLUMNS FROM `userinfo` [ RunTime:0.000000s ]
SQL: SELECT `id` FROM `userinfo` WHERE email='yongge@163.com' LIMIT 1   [ RunTime:0.000000s ]
SQL: SELECT * FROM `userinfo` WHERE email='yongge@163.com' and pwd='e10adc3949ba59abbe56e057f20f883e' and status=1 LIMIT 1   [ RunTime:0.015625s ]
SQL: UPDATE `userinfo` SET `last_ip`='127.0.0.1',`last_date`='2014-02-21 14:58:19' WHERE email='yongge@163.com' and id='1'  [ RunTime:0.046875s ]

[ 2014-02-21T14:58:20+08:00 ] ERR: (ThinkException) 非法操作:undefined
[ 2014-02-21T14:58:22+08:00 ] ERR: (ThinkException) 非法操作:undefined
[ 2014-02-21T14:58:24+08:00 ] ERR: (ThinkException) 非法操作:undefined
[ 2014-02-21T14:58:26+08:00 ] ERR: (ThinkException) 非法操作:undefined
[ 2014-02-21T14:58:54+08:00 ] ERR: (ThinkException) 非法操作:undefined
[ 2014-02-21T14:58:55+08:00 ] ERR: (ThinkException) 非法操作:undefined
[ 2014-02-21T14:58:57+08:00 ] ERR: (ThinkException) 非法操作:undefined
[ 2014-02-21T14:59:02+08:00 ] ERR: (ThinkException) 非法操作:undefined
[ 2014-02-21T14:59:05+08:00 ] ERR: (ThinkException) 非法操作:undefined
[ 2014-02-21T14:59:06+08:00 ] ERR: (ThinkException) 非法操作:undefined
[ 2014-02-21T14:59:09+08:00 ] ERR: (ThinkException) 非法操作:undefined
[ 2014-02-21T14:59:11+08:00 ] ERR: (ThinkException) 非法操作:undefined
[ 2014-02-21T14:59:33+08:00 ] ERR: (ThinkException) 非法操作:undefined
[ 2014-02-21T15:11:32+08:00 ] ERR: (ThinkException) 非法操作:shownews
[ 2014-02-21T15:11:41+08:00 ] ERR: (ThinkException) 非法操作:undefined
[ 2014-02-21T15:11:43+08:00 ] ERR: (ThinkException) 非法操作:undefined
[ 2014-02-21T15:11:44+08:00 ] ERR: (ThinkException) 非法操作:undefined
[ 2014-02-21T15:11:46+08:00 ] 127.0.0.1 /shenjiutuan/index.php/Ball/applycheck?id=18
INFO: [ app_begin ] --START--
INFO: Run ReadHtmlCache Behavior [ RunTime:-0.015625s ]
INFO: [ app_begin ] --END-- [ RunTime:0.015625s ]
NOTIC: [8] A session had already been started - ignoring session_start() D:\develep_soft\xammp\htdocs\shenjiutuan\server\.Lib\Action\BaseAction.class.php 第 5 行.
SQL: SHOW COLUMNS FROM `booktickets` [ RunTime:0.000000s ]
SQL: SELECT `id`,`title`,`remark`,`maxnums`,`status`,`date`,`match_time`,`match_address`,`ticket_cost`,`car_cost`,`match_op` FROM `booktickets` WHERE id='18'  LIMIT 0,1   [ RunTime:0.000000s ]
SQL: SHOW COLUMNS FROM `ticket_logs` [ RunTime:0.000000s ]
SQL: SELECT `id`,`tid`,`uid`,`nickname`,`ticket_nums`,`car_nums`,`watch_nums`,`style`,`goadd`,`isPay`,`status`,`remark`,`date`,`title` FROM `ticket_logs` WHERE tid='18' and uid='1'  LIMIT 0,1   [ RunTime:0.000000s ]

[ 2014-02-21T15:12:07+08:00 ] 127.0.0.1 /shenjiutuan/index.php/Ball/applycheck?id=18
INFO: [ app_begin ] --START--
INFO: Run ReadHtmlCache Behavior [ RunTime:-0.015625s ]
INFO: [ app_begin ] --END-- [ RunTime:0.015625s ]
NOTIC: [8] A session had already been started - ignoring session_start() D:\develep_soft\xammp\htdocs\shenjiutuan\server\.Lib\Action\BaseAction.class.php 第 5 行.
SQL: SHOW COLUMNS FROM `booktickets` [ RunTime:0.015625s ]
SQL: SELECT `id`,`title`,`remark`,`maxnums`,`status`,`date`,`match_time`,`match_address`,`ticket_cost`,`car_cost`,`match_op` FROM `booktickets` WHERE id='18'  LIMIT 0,1   [ RunTime:0.000000s ]
SQL: SHOW COLUMNS FROM `ticket_logs` [ RunTime:0.000000s ]
SQL: SELECT `id`,`tid`,`uid`,`nickname`,`ticket_nums`,`car_nums`,`watch_nums`,`style`,`goadd`,`isPay`,`status`,`remark`,`date`,`title` FROM `ticket_logs` WHERE tid='18' and uid='1'  LIMIT 0,1   [ RunTime:0.000000s ]

[ 2014-02-21T15:12:44+08:00 ] ERR: (ThinkException) 非法操作:undefined
[ 2014-02-21T15:13:19+08:00 ] ERR: (ThinkException) 非法操作:undefined
[ 2014-02-21T15:15:34+08:00 ] ERR: (ThinkException) 非法操作:undefined
[ 2014-02-21T15:15:39+08:00 ] ERR: (ThinkException) 非法操作:undefined
[ 2014-02-21T15:16:07+08:00 ] ERR: (ThinkException) 非法操作:undefined
[ 2014-02-21T15:17:26+08:00 ] ERR: (ThinkException) 非法操作:undefined
[ 2014-02-21T15:18:27+08:00 ] ERR: (ThinkException) 非法操作:undefined
[ 2014-02-21T15:18:35+08:00 ] ERR: (ThinkException) 非法操作:undefined
[ 2014-02-21T15:18:49+08:00 ] ERR: (ThinkException) 非法操作:undefined
[ 2014-02-21T15:19:01+08:00 ] ERR: (ThinkException) 非法操作:undefined
[ 2014-02-21T15:19:08+08:00 ] ERR: (ThinkException) 非法操作:undefined
[ 2014-02-21T15:19:20+08:00 ] ERR: (ThinkException) 非法操作:undefined
[ 2014-02-21T15:19:22+08:00 ] ERR: (ThinkException) 非法操作:undefined
[ 2014-02-21T15:19:43+08:00 ] ERR: (ThinkException) 非法操作:undefined
[ 2014-02-21T15:24:02+08:00 ] 127.0.0.1 /shenjiutuan/index.php/Ball/applycheck?id=18
INFO: [ app_begin ] --START--
INFO: Run ReadHtmlCache Behavior [ RunTime:-0.015625s ]
INFO: [ app_begin ] --END-- [ RunTime:0.015625s ]
NOTIC: [8] A session had already been started - ignoring session_start() D:\develep_soft\xammp\htdocs\shenjiutuan\server\.Lib\Action\BaseAction.class.php 第 5 行.
SQL: SHOW COLUMNS FROM `booktickets` [ RunTime:0.000000s ]
SQL: SELECT `id`,`title`,`remark`,`maxnums`,`status`,`date`,`match_time`,`match_address`,`ticket_cost`,`car_cost`,`match_op` FROM `booktickets` WHERE id='18'  LIMIT 0,1   [ RunTime:0.000000s ]
SQL: SHOW COLUMNS FROM `ticket_logs` [ RunTime:0.000000s ]
SQL: SELECT `id`,`tid`,`uid`,`nickname`,`ticket_nums`,`car_nums`,`watch_nums`,`style`,`goadd`,`isPay`,`status`,`remark`,`date`,`title` FROM `ticket_logs` WHERE tid='18' and uid='1'  LIMIT 0,1   [ RunTime:0.000000s ]

[ 2014-02-21T15:24:10+08:00 ] ERR: (ThinkException) 非法操作:undefined
[ 2014-02-21T15:24:13+08:00 ] ERR: (ThinkException) 非法操作:undefined
[ 2014-02-21T15:24:15+08:00 ] ERR: (ThinkException) 非法操作:undefined
[ 2014-02-21T15:24:17+08:00 ] 127.0.0.1 /shenjiutuan/index.php/Ball/applycheck?id=18
INFO: [ app_begin ] --START--
INFO: Run ReadHtmlCache Behavior [ RunTime:-0.015625s ]
INFO: [ app_begin ] --END-- [ RunTime:0.000000s ]
NOTIC: [8] A session had already been started - ignoring session_start() D:\develep_soft\xammp\htdocs\shenjiutuan\server\.Lib\Action\BaseAction.class.php 第 5 行.
SQL: SHOW COLUMNS FROM `booktickets` [ RunTime:0.015625s ]
SQL: SELECT `id`,`title`,`remark`,`maxnums`,`status`,`date`,`match_time`,`match_address`,`ticket_cost`,`car_cost`,`match_op` FROM `booktickets` WHERE id='18'  LIMIT 0,1   [ RunTime:0.000000s ]
SQL: SHOW COLUMNS FROM `ticket_logs` [ RunTime:0.000000s ]
SQL: SELECT `id`,`tid`,`uid`,`nickname`,`ticket_nums`,`car_nums`,`watch_nums`,`style`,`goadd`,`isPay`,`status`,`remark`,`date`,`title` FROM `ticket_logs` WHERE tid='18' and uid='1'  LIMIT 0,1   [ RunTime:0.000000s ]

[ 2014-02-21T17:13:15+08:00 ] ERR: (ThinkException) You have an error in your SQL syntax; check the manual that corresponds to your MySQL server version for the right syntax to use near '%%' at line 1
 [ SQL语句 ] : select count(id) as nums from userinfo where nickname like %%
[ 2014-02-21T17:13:48+08:00 ] ERR: (ThinkException) You have an error in your SQL syntax; check the manual that corresponds to your MySQL server version for the right syntax to use near '%%' at line 1
 [ SQL语句 ] : select count(id) as nums from userinfo where nickname like %%
[ 2014-02-21T17:19:38+08:00 ] ERR: (ThinkException) 非法操作:undefined
[ 2014-02-21T17:19:40+08:00 ] ERR: (ThinkException) 非法操作:undefined
[ 2014-02-21T17:20:33+08:00 ] ERR: (ThinkException) 非法操作:undefined
