[ 2014-02-12T00:00:54+08:00 ] ERR: (ThinkException) 非法操作:undefined
[ 2014-02-12T00:00:54+08:00 ] ERR: (ThinkException) 非法操作:favicon
[ 2014-02-12T00:00:56+08:00 ] ERR: (ThinkException) 非法操作:undefined
[ 2014-02-12T00:00:56+08:00 ] ERR: (ThinkException) 非法操作:favicon
[ 2014-02-12T00:00:57+08:00 ] ERR: (ThinkException) 非法操作:undefined
[ 2014-02-12T00:00:57+08:00 ] ERR: (ThinkException) 非法操作:favicon
[ 2014-02-12T00:00:58+08:00 ] ERR: (ThinkException) 非法操作:undefined
[ 2014-02-12T00:00:58+08:00 ] ERR: (ThinkException) 非法操作:favicon
[ 2014-02-12T00:01:06+08:00 ] ERR: (ThinkException) 非法操作:undefined
[ 2014-02-12T00:01:06+08:00 ] ERR: (ThinkException) 非法操作:favicon
[ 2014-02-12T00:01:08+08:00 ] ERR: (ThinkException) 非法操作:undefined
[ 2014-02-12T00:01:08+08:00 ] ERR: (ThinkException) 非法操作:favicon
[ 2014-02-12T00:01:28+08:00 ] ERR: (ThinkException) 非法操作:favicon
[ 2014-02-12T00:01:29+08:00 ] ERR: (ThinkException) 非法操作:undefined
[ 2014-02-12T00:01:29+08:00 ] ERR: (ThinkException) 非法操作:favicon
[ 2014-02-12T00:01:30+08:00 ] ERR: (ThinkException) 非法操作:undefined
[ 2014-02-12T00:01:31+08:00 ] ERR: (ThinkException) 非法操作:favicon
[ 2014-02-12T00:01:32+08:00 ] ERR: (ThinkException) 非法操作:undefined
[ 2014-02-12T00:01:32+08:00 ] ERR: (ThinkException) 非法操作:favicon
[ 2014-02-12T00:01:33+08:00 ] ERR: (ThinkException) 非法操作:undefined
[ 2014-02-12T00:01:33+08:00 ] ERR: (ThinkException) 非法操作:favicon
[ 2014-02-12T00:01:34+08:00 ] ERR: (ThinkException) 非法操作:undefined
[ 2014-02-12T00:01:34+08:00 ] ERR: (ThinkException) 非法操作:favicon
[ 2014-02-12T00:01:43+08:00 ] ERR: (ThinkException) 非法操作:undefined
[ 2014-02-12T00:01:43+08:00 ] ERR: (ThinkException) 非法操作:favicon
[ 2014-02-12T00:01:44+08:00 ] ERR: (ThinkException) 非法操作:undefined
[ 2014-02-12T00:01:44+08:00 ] ERR: (ThinkException) 非法操作:favicon
[ 2014-02-12T00:01:46+08:00 ] ERR: (ThinkException) 非法操作:undefined
[ 2014-02-12T00:01:46+08:00 ] ERR: (ThinkException) 非法操作:favicon
[ 2014-02-12T00:01:48+08:00 ] ERR: (ThinkException) 非法操作:undefined
[ 2014-02-12T00:01:48+08:00 ] ERR: (ThinkException) 非法操作:favicon
[ 2014-02-12T00:01:49+08:00 ] ERR: (ThinkException) 非法操作:undefined
[ 2014-02-12T00:01:49+08:00 ] ERR: (ThinkException) 非法操作:favicon
[ 2014-02-12T00:01:50+08:00 ] ERR: (ThinkException) 非法操作:undefined
[ 2014-02-12T00:01:50+08:00 ] ERR: (ThinkException) 非法操作:favicon
[ 2014-02-12T00:01:54+08:00 ] ERR: (ThinkException) 非法操作:undefined
[ 2014-02-12T00:01:54+08:00 ] ERR: (ThinkException) 非法操作:favicon
[ 2014-02-12T00:01:58+08:00 ] ERR: (ThinkException) 非法操作:undefined
[ 2014-02-12T00:01:58+08:00 ] ERR: (ThinkException) 非法操作:favicon
[ 2014-02-12T23:28:00+08:00 ] ERR: (ThinkException) 非法操作:undefined
[ 2014-02-12T23:28:00+08:00 ] ERR: (ThinkException) 非法操作:favicon
[ 2014-02-12T23:28:04+08:00 ] ERR: (ThinkException) 非法操作:undefined
[ 2014-02-12T23:28:04+08:00 ] ERR: (ThinkException) 非法操作:favicon
[ 2014-02-12T23:28:05+08:00 ] ERR: (ThinkException) 非法操作:undefined
[ 2014-02-12T23:28:06+08:00 ] ERR: (ThinkException) 非法操作:favicon
[ 2014-02-12T23:28:06+08:00 ] ERR: (ThinkException) 非法操作:undefined
[ 2014-02-12T23:28:07+08:00 ] ERR: (ThinkException) 非法操作:favicon
[ 2014-02-12T23:28:07+08:00 ] ERR: (ThinkException) 非法操作:undefined
[ 2014-02-12T23:28:07+08:00 ] ERR: (ThinkException) 非法操作:favicon
[ 2014-02-12T23:29:54+08:00 ] ERR: (ThinkException) 非法操作:undefined
[ 2014-02-12T23:29:54+08:00 ] ERR: (ThinkException) 非法操作:favicon
[ 2014-02-12T23:29:56+08:00 ] ERR: (ThinkException) 非法操作:undefined
[ 2014-02-12T23:29:56+08:00 ] ERR: (ThinkException) 非法操作:favicon
[ 2014-02-12T23:30:09+08:00 ] ERR: (ThinkException) 非法操作:undefined
[ 2014-02-12T23:30:09+08:00 ] ERR: (ThinkException) 非法操作:favicon
[ 2014-02-12T23:30:11+08:00 ] ERR: (ThinkException) 非法操作:undefined
[ 2014-02-12T23:30:11+08:00 ] ERR: (ThinkException) 非法操作:favicon
[ 2014-02-12T23:30:36+08:00 ] ERR: (ThinkException) 非法操作:undefined
[ 2014-02-12T23:30:37+08:00 ] ERR: (ThinkException) 非法操作:favicon
[ 2014-02-12T23:30:40+08:00 ] ERR: (ThinkException) 非法操作:undefined
[ 2014-02-12T23:30:40+08:00 ] ERR: (ThinkException) 非法操作:favicon
[ 2014-02-12T23:52:37+08:00 ] ERR: (ThinkException) 非法操作:undefined
[ 2014-02-12T23:52:37+08:00 ] ERR: (ThinkException) 非法操作:favicon
[ 2014-02-12T23:52:44+08:00 ] 0.0.0.0 /shenjiutuan/index.php/Ball/applycheck?id=14
INFO: [ app_begin ] --START--
INFO: Run ReadHtmlCache Behavior [ RunTime:-0.000867s ]
INFO: [ app_begin ] --END-- [ RunTime:0.001238s ]
NOTIC: [8] A session had already been started - ignoring session_start() D:\develop_tools\xampp\htdocs\shenjiutuan\server\.Lib\Action\BaseAction.class.php 第 5 行.
NOTIC: [8192] mysql_connect(): The mysql extension is deprecated and will be removed in the future: use mysqli or PDO instead D:\develop_tools\xampp\htdocs\shenjiutuan\server\ThinkPHP\Lib\Driver\Db\DbMysql.class.php 第 55 行.
SQL: SHOW COLUMNS FROM `booktickets` [ RunTime:0.002687s ]
NOTIC: [8192] preg_replace(): The /e modifier is deprecated, use preg_replace_callback instead D:\develop_tools\xampp\htdocs\shenjiutuan\server\ThinkPHP\Lib\Core\Db.class.php 第 571 行.
SQL: SELECT `id`,`title`,`remark`,`maxnums`,`status`,`date`,`match_time`,`match_address`,`ticket_cost`,`car_cost`,`match_op` FROM `booktickets` WHERE id='14'  LIMIT 0,1   [ RunTime:0.000347s ]
SQL: SHOW COLUMNS FROM `ticket_logs` [ RunTime:0.002532s ]
NOTIC: [8192] preg_replace(): The /e modifier is deprecated, use preg_replace_callback instead D:\develop_tools\xampp\htdocs\shenjiutuan\server\ThinkPHP\Lib\Core\Db.class.php 第 571 行.
SQL: SELECT `id`,`tid`,`uid`,`nickname`,`ticket_nums`,`car_nums`,`watch_nums`,`style`,`goadd`,`isPay`,`remark`,`date` FROM `ticket_logs` WHERE id='14' and uid='1'  LIMIT 0,1   [ RunTime:0.000248s ]

[ 2014-02-12T23:53:14+08:00 ] ERR: (ThinkException) 非法操作:undefined
[ 2014-02-12T23:53:14+08:00 ] ERR: (ThinkException) 非法操作:favicon
[ 2014-02-12T23:53:29+08:00 ] ERR: (ThinkException) 非法操作:undefined
[ 2014-02-12T23:53:29+08:00 ] ERR: (ThinkException) 非法操作:favicon
[ 2014-02-12T23:53:30+08:00 ] 0.0.0.0 /shenjiutuan/index.php/Ball/applycheck?id=14
INFO: [ app_begin ] --START--
INFO: Run ReadHtmlCache Behavior [ RunTime:-0.000554s ]
INFO: [ app_begin ] --END-- [ RunTime:0.001333s ]
NOTIC: [8] A session had already been started - ignoring session_start() D:\develop_tools\xampp\htdocs\shenjiutuan\server\.Lib\Action\BaseAction.class.php 第 5 行.
NOTIC: [8192] mysql_connect(): The mysql extension is deprecated and will be removed in the future: use mysqli or PDO instead D:\develop_tools\xampp\htdocs\shenjiutuan\server\ThinkPHP\Lib\Driver\Db\DbMysql.class.php 第 55 行.
SQL: SHOW COLUMNS FROM `booktickets` [ RunTime:0.003293s ]
NOTIC: [8192] preg_replace(): The /e modifier is deprecated, use preg_replace_callback instead D:\develop_tools\xampp\htdocs\shenjiutuan\server\ThinkPHP\Lib\Core\Db.class.php 第 571 行.
SQL: SELECT `id`,`title`,`remark`,`maxnums`,`status`,`date`,`match_time`,`match_address`,`ticket_cost`,`car_cost`,`match_op` FROM `booktickets` WHERE id='14'  LIMIT 0,1   [ RunTime:0.000252s ]
SQL: SHOW COLUMNS FROM `ticket_logs` [ RunTime:0.002348s ]
NOTIC: [8192] preg_replace(): The /e modifier is deprecated, use preg_replace_callback instead D:\develop_tools\xampp\htdocs\shenjiutuan\server\ThinkPHP\Lib\Core\Db.class.php 第 571 行.
SQL: SELECT `id`,`tid`,`uid`,`nickname`,`ticket_nums`,`car_nums`,`watch_nums`,`style`,`goadd`,`isPay`,`remark`,`date` FROM `ticket_logs` WHERE id='14' and uid='1'  LIMIT 0,1   [ RunTime:0.000221s ]

[ 2014-02-12T23:53:53+08:00 ] ERR: (ThinkException) 非法操作:undefined
[ 2014-02-12T23:53:53+08:00 ] ERR: (ThinkException) 非法操作:favicon
[ 2014-02-12T23:53:54+08:00 ] 0.0.0.0 /shenjiutuan/index.php/Ball/applycheck?id=14
INFO: [ app_begin ] --START--
INFO: Run ReadHtmlCache Behavior [ RunTime:-0.000328s ]
INFO: [ app_begin ] --END-- [ RunTime:0.000467s ]
NOTIC: [8] A session had already been started - ignoring session_start() D:\develop_tools\xampp\htdocs\shenjiutuan\server\.Lib\Action\BaseAction.class.php 第 5 行.
NOTIC: [8192] mysql_connect(): The mysql extension is deprecated and will be removed in the future: use mysqli or PDO instead D:\develop_tools\xampp\htdocs\shenjiutuan\server\ThinkPHP\Lib\Driver\Db\DbMysql.class.php 第 55 行.
SQL: SHOW COLUMNS FROM `booktickets` [ RunTime:0.002897s ]
NOTIC: [8192] preg_replace(): The /e modifier is deprecated, use preg_replace_callback instead D:\develop_tools\xampp\htdocs\shenjiutuan\server\ThinkPHP\Lib\Core\Db.class.php 第 571 行.
SQL: SELECT `id`,`title`,`remark`,`maxnums`,`status`,`date`,`match_time`,`match_address`,`ticket_cost`,`car_cost`,`match_op` FROM `booktickets` WHERE id='14'  LIMIT 0,1   [ RunTime:0.000302s ]
SQL: SHOW COLUMNS FROM `ticket_logs` [ RunTime:0.002411s ]
NOTIC: [8192] preg_replace(): The /e modifier is deprecated, use preg_replace_callback instead D:\develop_tools\xampp\htdocs\shenjiutuan\server\ThinkPHP\Lib\Core\Db.class.php 第 571 行.
SQL: SELECT `id`,`tid`,`uid`,`nickname`,`ticket_nums`,`car_nums`,`watch_nums`,`style`,`goadd`,`isPay`,`remark`,`date` FROM `ticket_logs` WHERE id='14' and uid='1'  LIMIT 0,1   [ RunTime:0.000253s ]

[ 2014-02-12T23:54:38+08:00 ] ERR: (ThinkException) 非法操作:undefined
[ 2014-02-12T23:54:38+08:00 ] ERR: (ThinkException) 非法操作:favicon
[ 2014-02-12T23:54:39+08:00 ] 0.0.0.0 /shenjiutuan/index.php/Ball/applycheck?id=14
INFO: [ app_begin ] --START--
INFO: Run ReadHtmlCache Behavior [ RunTime:-0.000327s ]
INFO: [ app_begin ] --END-- [ RunTime:0.000492s ]
NOTIC: [8] A session had already been started - ignoring session_start() D:\develop_tools\xampp\htdocs\shenjiutuan\server\.Lib\Action\BaseAction.class.php 第 5 行.
NOTIC: [8192] mysql_connect(): The mysql extension is deprecated and will be removed in the future: use mysqli or PDO instead D:\develop_tools\xampp\htdocs\shenjiutuan\server\ThinkPHP\Lib\Driver\Db\DbMysql.class.php 第 55 行.
SQL: SHOW COLUMNS FROM `booktickets` [ RunTime:0.002734s ]
NOTIC: [8192] preg_replace(): The /e modifier is deprecated, use preg_replace_callback instead D:\develop_tools\xampp\htdocs\shenjiutuan\server\ThinkPHP\Lib\Core\Db.class.php 第 571 行.
SQL: SELECT `id`,`title`,`remark`,`maxnums`,`status`,`date`,`match_time`,`match_address`,`ticket_cost`,`car_cost`,`match_op` FROM `booktickets` WHERE id='14'  LIMIT 0,1   [ RunTime:0.000255s ]
SQL: SHOW COLUMNS FROM `ticket_logs` [ RunTime:0.003199s ]
NOTIC: [8192] preg_replace(): The /e modifier is deprecated, use preg_replace_callback instead D:\develop_tools\xampp\htdocs\shenjiutuan\server\ThinkPHP\Lib\Core\Db.class.php 第 571 行.
SQL: SELECT `id`,`tid`,`uid`,`nickname`,`ticket_nums`,`car_nums`,`watch_nums`,`style`,`goadd`,`isPay`,`remark`,`date` FROM `ticket_logs` WHERE id='14' and uid='1'  LIMIT 0,1   [ RunTime:0.000295s ]

[ 2014-02-12T23:55:35+08:00 ] ERR: (ThinkException) 非法操作:undefined
[ 2014-02-12T23:55:35+08:00 ] ERR: (ThinkException) 非法操作:favicon
[ 2014-02-12T23:55:37+08:00 ] 0.0.0.0 /shenjiutuan/index.php/Ball/applycheck?id=14
INFO: [ app_begin ] --START--
INFO: Run ReadHtmlCache Behavior [ RunTime:-0.000321s ]
INFO: [ app_begin ] --END-- [ RunTime:0.000546s ]
NOTIC: [8] A session had already been started - ignoring session_start() D:\develop_tools\xampp\htdocs\shenjiutuan\server\.Lib\Action\BaseAction.class.php 第 5 行.
NOTIC: [8192] mysql_connect(): The mysql extension is deprecated and will be removed in the future: use mysqli or PDO instead D:\develop_tools\xampp\htdocs\shenjiutuan\server\ThinkPHP\Lib\Driver\Db\DbMysql.class.php 第 55 行.
SQL: SHOW COLUMNS FROM `booktickets` [ RunTime:0.002434s ]
NOTIC: [8192] preg_replace(): The /e modifier is deprecated, use preg_replace_callback instead D:\develop_tools\xampp\htdocs\shenjiutuan\server\ThinkPHP\Lib\Core\Db.class.php 第 571 行.
SQL: SELECT `id`,`title`,`remark`,`maxnums`,`status`,`date`,`match_time`,`match_address`,`ticket_cost`,`car_cost`,`match_op` FROM `booktickets` WHERE id='14'  LIMIT 0,1   [ RunTime:0.000233s ]
SQL: SHOW COLUMNS FROM `ticket_logs` [ RunTime:0.002285s ]
NOTIC: [8192] preg_replace(): The /e modifier is deprecated, use preg_replace_callback instead D:\develop_tools\xampp\htdocs\shenjiutuan\server\ThinkPHP\Lib\Core\Db.class.php 第 571 行.
SQL: SELECT `id`,`tid`,`uid`,`nickname`,`ticket_nums`,`car_nums`,`watch_nums`,`style`,`goadd`,`isPay`,`remark`,`date` FROM `ticket_logs` WHERE id='14' and uid='1'  LIMIT 0,1   [ RunTime:0.000209s ]

[ 2014-02-12T23:55:39+08:00 ] ERR: (ThinkException) 非法操作:undefined
[ 2014-02-12T23:55:39+08:00 ] ERR: (ThinkException) 非法操作:favicon
[ 2014-02-12T23:55:40+08:00 ] 0.0.0.0 /shenjiutuan/index.php/Ball/applycheck?id=14
INFO: [ app_begin ] --START--
INFO: Run ReadHtmlCache Behavior [ RunTime:-0.000358s ]
INFO: [ app_begin ] --END-- [ RunTime:0.000472s ]
NOTIC: [8] A session had already been started - ignoring session_start() D:\develop_tools\xampp\htdocs\shenjiutuan\server\.Lib\Action\BaseAction.class.php 第 5 行.
NOTIC: [8192] mysql_connect(): The mysql extension is deprecated and will be removed in the future: use mysqli or PDO instead D:\develop_tools\xampp\htdocs\shenjiutuan\server\ThinkPHP\Lib\Driver\Db\DbMysql.class.php 第 55 行.
SQL: SHOW COLUMNS FROM `booktickets` [ RunTime:0.003753s ]
NOTIC: [8192] preg_replace(): The /e modifier is deprecated, use preg_replace_callback instead D:\develop_tools\xampp\htdocs\shenjiutuan\server\ThinkPHP\Lib\Core\Db.class.php 第 571 行.
SQL: SELECT `id`,`title`,`remark`,`maxnums`,`status`,`date`,`match_time`,`match_address`,`ticket_cost`,`car_cost`,`match_op` FROM `booktickets` WHERE id='14'  LIMIT 0,1   [ RunTime:0.000394s ]
SQL: SHOW COLUMNS FROM `ticket_logs` [ RunTime:0.002428s ]
NOTIC: [8192] preg_replace(): The /e modifier is deprecated, use preg_replace_callback instead D:\develop_tools\xampp\htdocs\shenjiutuan\server\ThinkPHP\Lib\Core\Db.class.php 第 571 行.
SQL: SELECT `id`,`tid`,`uid`,`nickname`,`ticket_nums`,`car_nums`,`watch_nums`,`style`,`goadd`,`isPay`,`remark`,`date` FROM `ticket_logs` WHERE id='14' and uid='1'  LIMIT 0,1   [ RunTime:0.000207s ]

[ 2014-02-12T23:55:41+08:00 ] ERR: (ThinkException) 非法操作:undefined
[ 2014-02-12T23:55:41+08:00 ] ERR: (ThinkException) 非法操作:favicon
[ 2014-02-12T23:55:42+08:00 ] 0.0.0.0 /shenjiutuan/index.php/Ball/applycheck?id=14
INFO: [ app_begin ] --START--
INFO: Run ReadHtmlCache Behavior [ RunTime:-0.000423s ]
INFO: [ app_begin ] --END-- [ RunTime:0.000808s ]
NOTIC: [8] A session had already been started - ignoring session_start() D:\develop_tools\xampp\htdocs\shenjiutuan\server\.Lib\Action\BaseAction.class.php 第 5 行.
NOTIC: [8192] mysql_connect(): The mysql extension is deprecated and will be removed in the future: use mysqli or PDO instead D:\develop_tools\xampp\htdocs\shenjiutuan\server\ThinkPHP\Lib\Driver\Db\DbMysql.class.php 第 55 行.
SQL: SHOW COLUMNS FROM `booktickets` [ RunTime:0.003505s ]
NOTIC: [8192] preg_replace(): The /e modifier is deprecated, use preg_replace_callback instead D:\develop_tools\xampp\htdocs\shenjiutuan\server\ThinkPHP\Lib\Core\Db.class.php 第 571 行.
SQL: SELECT `id`,`title`,`remark`,`maxnums`,`status`,`date`,`match_time`,`match_address`,`ticket_cost`,`car_cost`,`match_op` FROM `booktickets` WHERE id='14'  LIMIT 0,1   [ RunTime:0.000308s ]
SQL: SHOW COLUMNS FROM `ticket_logs` [ RunTime:0.003970s ]
NOTIC: [8192] preg_replace(): The /e modifier is deprecated, use preg_replace_callback instead D:\develop_tools\xampp\htdocs\shenjiutuan\server\ThinkPHP\Lib\Core\Db.class.php 第 571 行.
SQL: SELECT `id`,`tid`,`uid`,`nickname`,`ticket_nums`,`car_nums`,`watch_nums`,`style`,`goadd`,`isPay`,`remark`,`date` FROM `ticket_logs` WHERE id='14' and uid='1'  LIMIT 0,1   [ RunTime:0.000275s ]

[ 2014-02-12T23:55:50+08:00 ] 0.0.0.0 /shenjiutuan/index.php/Ball/applycheck?id=14
INFO: [ app_begin ] --START--
INFO: Run ReadHtmlCache Behavior [ RunTime:-0.000427s ]
INFO: [ app_begin ] --END-- [ RunTime:0.000794s ]
NOTIC: [8] A session had already been started - ignoring session_start() D:\develop_tools\xampp\htdocs\shenjiutuan\server\.Lib\Action\BaseAction.class.php 第 5 行.
NOTIC: [8192] mysql_connect(): The mysql extension is deprecated and will be removed in the future: use mysqli or PDO instead D:\develop_tools\xampp\htdocs\shenjiutuan\server\ThinkPHP\Lib\Driver\Db\DbMysql.class.php 第 55 行.
SQL: SHOW COLUMNS FROM `booktickets` [ RunTime:0.002770s ]
NOTIC: [8192] preg_replace(): The /e modifier is deprecated, use preg_replace_callback instead D:\develop_tools\xampp\htdocs\shenjiutuan\server\ThinkPHP\Lib\Core\Db.class.php 第 571 行.
SQL: SELECT `id`,`title`,`remark`,`maxnums`,`status`,`date`,`match_time`,`match_address`,`ticket_cost`,`car_cost`,`match_op` FROM `booktickets` WHERE id='14'  LIMIT 0,1   [ RunTime:0.000293s ]
SQL: SHOW COLUMNS FROM `ticket_logs` [ RunTime:0.002703s ]
NOTIC: [8192] preg_replace(): The /e modifier is deprecated, use preg_replace_callback instead D:\develop_tools\xampp\htdocs\shenjiutuan\server\ThinkPHP\Lib\Core\Db.class.php 第 571 行.
SQL: SELECT `id`,`tid`,`uid`,`nickname`,`ticket_nums`,`car_nums`,`watch_nums`,`style`,`goadd`,`isPay`,`remark`,`date` FROM `ticket_logs` WHERE id='14' and uid='1'  LIMIT 0,1   [ RunTime:0.000267s ]

[ 2014-02-12T23:55:57+08:00 ] ERR: (ThinkException) 非法操作:undefined
[ 2014-02-12T23:55:57+08:00 ] ERR: (ThinkException) 非法操作:favicon
[ 2014-02-12T23:55:58+08:00 ] ERR: (ThinkException) 非法操作:undefined
[ 2014-02-12T23:55:58+08:00 ] ERR: (ThinkException) 非法操作:favicon
[ 2014-02-12T23:55:59+08:00 ] 0.0.0.0 /shenjiutuan/index.php/Ball/applycheck?id=13
INFO: [ app_begin ] --START--
INFO: Run ReadHtmlCache Behavior [ RunTime:-0.000409s ]
INFO: [ app_begin ] --END-- [ RunTime:0.000671s ]
NOTIC: [8] A session had already been started - ignoring session_start() D:\develop_tools\xampp\htdocs\shenjiutuan\server\.Lib\Action\BaseAction.class.php 第 5 行.
NOTIC: [8192] mysql_connect(): The mysql extension is deprecated and will be removed in the future: use mysqli or PDO instead D:\develop_tools\xampp\htdocs\shenjiutuan\server\ThinkPHP\Lib\Driver\Db\DbMysql.class.php 第 55 行.
SQL: SHOW COLUMNS FROM `booktickets` [ RunTime:0.004156s ]
NOTIC: [8192] preg_replace(): The /e modifier is deprecated, use preg_replace_callback instead D:\develop_tools\xampp\htdocs\shenjiutuan\server\ThinkPHP\Lib\Core\Db.class.php 第 571 行.
SQL: SELECT `id`,`title`,`remark`,`maxnums`,`status`,`date`,`match_time`,`match_address`,`ticket_cost`,`car_cost`,`match_op` FROM `booktickets` WHERE id='13'  LIMIT 0,1   [ RunTime:0.000390s ]
SQL: SHOW COLUMNS FROM `ticket_logs` [ RunTime:0.003225s ]
NOTIC: [8192] preg_replace(): The /e modifier is deprecated, use preg_replace_callback instead D:\develop_tools\xampp\htdocs\shenjiutuan\server\ThinkPHP\Lib\Core\Db.class.php 第 571 行.
SQL: SELECT `id`,`tid`,`uid`,`nickname`,`ticket_nums`,`car_nums`,`watch_nums`,`style`,`goadd`,`isPay`,`remark`,`date` FROM `ticket_logs` WHERE id='13' and uid='1'  LIMIT 0,1   [ RunTime:0.000247s ]

[ 2014-02-12T23:56:05+08:00 ] 0.0.0.0 /shenjiutuan/index.php/Ball/applycheck?id=13
INFO: [ app_begin ] --START--
INFO: Run ReadHtmlCache Behavior [ RunTime:-0.000513s ]
INFO: [ app_begin ] --END-- [ RunTime:0.000813s ]
NOTIC: [8] A session had already been started - ignoring session_start() D:\develop_tools\xampp\htdocs\shenjiutuan\server\.Lib\Action\BaseAction.class.php 第 5 行.
NOTIC: [8192] mysql_connect(): The mysql extension is deprecated and will be removed in the future: use mysqli or PDO instead D:\develop_tools\xampp\htdocs\shenjiutuan\server\ThinkPHP\Lib\Driver\Db\DbMysql.class.php 第 55 行.
SQL: SHOW COLUMNS FROM `booktickets` [ RunTime:0.003233s ]
NOTIC: [8192] preg_replace(): The /e modifier is deprecated, use preg_replace_callback instead D:\develop_tools\xampp\htdocs\shenjiutuan\server\ThinkPHP\Lib\Core\Db.class.php 第 571 行.
SQL: SELECT `id`,`title`,`remark`,`maxnums`,`status`,`date`,`match_time`,`match_address`,`ticket_cost`,`car_cost`,`match_op` FROM `booktickets` WHERE id='13'  LIMIT 0,1   [ RunTime:0.000318s ]
SQL: SHOW COLUMNS FROM `ticket_logs` [ RunTime:0.002903s ]
NOTIC: [8192] preg_replace(): The /e modifier is deprecated, use preg_replace_callback instead D:\develop_tools\xampp\htdocs\shenjiutuan\server\ThinkPHP\Lib\Core\Db.class.php 第 571 行.
SQL: SELECT `id`,`tid`,`uid`,`nickname`,`ticket_nums`,`car_nums`,`watch_nums`,`style`,`goadd`,`isPay`,`remark`,`date` FROM `ticket_logs` WHERE id='13' and uid='1'  LIMIT 0,1   [ RunTime:0.000264s ]

[ 2014-02-12T23:56:58+08:00 ] ERR: (ThinkException) 非法操作:undefined
[ 2014-02-12T23:56:58+08:00 ] ERR: (ThinkException) 非法操作:favicon
[ 2014-02-12T23:57:15+08:00 ] ERR: (ThinkException) 非法操作:undefined
[ 2014-02-12T23:57:15+08:00 ] ERR: (ThinkException) 非法操作:favicon
[ 2014-02-12T23:57:19+08:00 ] 0.0.0.0 /shenjiutuan/index.php/Ball/applycheck?id=13
INFO: [ app_begin ] --START--
INFO: Run ReadHtmlCache Behavior [ RunTime:-0.000490s ]
INFO: [ app_begin ] --END-- [ RunTime:0.000999s ]
NOTIC: [8] A session had already been started - ignoring session_start() D:\develop_tools\xampp\htdocs\shenjiutuan\server\.Lib\Action\BaseAction.class.php 第 5 行.
NOTIC: [8192] mysql_connect(): The mysql extension is deprecated and will be removed in the future: use mysqli or PDO instead D:\develop_tools\xampp\htdocs\shenjiutuan\server\ThinkPHP\Lib\Driver\Db\DbMysql.class.php 第 55 行.
SQL: SHOW COLUMNS FROM `booktickets` [ RunTime:0.002957s ]
NOTIC: [8192] preg_replace(): The /e modifier is deprecated, use preg_replace_callback instead D:\develop_tools\xampp\htdocs\shenjiutuan\server\ThinkPHP\Lib\Core\Db.class.php 第 571 行.
SQL: SELECT `id`,`title`,`remark`,`maxnums`,`status`,`date`,`match_time`,`match_address`,`ticket_cost`,`car_cost`,`match_op` FROM `booktickets` WHERE id='13'  LIMIT 0,1   [ RunTime:0.000251s ]
SQL: SHOW COLUMNS FROM `ticket_logs` [ RunTime:0.002574s ]
NOTIC: [8192] preg_replace(): The /e modifier is deprecated, use preg_replace_callback instead D:\develop_tools\xampp\htdocs\shenjiutuan\server\ThinkPHP\Lib\Core\Db.class.php 第 571 行.
SQL: SELECT `id`,`tid`,`uid`,`nickname`,`ticket_nums`,`car_nums`,`watch_nums`,`style`,`goadd`,`isPay`,`remark`,`date` FROM `ticket_logs` WHERE tid='13' and uid='1'  LIMIT 0,1   [ RunTime:0.000230s ]

[ 2014-02-12T23:57:41+08:00 ] ERR: (ThinkException) 非法操作:undefined
[ 2014-02-12T23:57:41+08:00 ] ERR: (ThinkException) 非法操作:favicon
[ 2014-02-12T23:57:42+08:00 ] 0.0.0.0 /shenjiutuan/index.php/Ball/applycheck?id=13
INFO: [ app_begin ] --START--
INFO: Run ReadHtmlCache Behavior [ RunTime:-0.000485s ]
INFO: [ app_begin ] --END-- [ RunTime:0.000934s ]
NOTIC: [8] A session had already been started - ignoring session_start() D:\develop_tools\xampp\htdocs\shenjiutuan\server\.Lib\Action\BaseAction.class.php 第 5 行.
NOTIC: [8192] mysql_connect(): The mysql extension is deprecated and will be removed in the future: use mysqli or PDO instead D:\develop_tools\xampp\htdocs\shenjiutuan\server\ThinkPHP\Lib\Driver\Db\DbMysql.class.php 第 55 行.
SQL: SHOW COLUMNS FROM `booktickets` [ RunTime:0.002511s ]
NOTIC: [8192] preg_replace(): The /e modifier is deprecated, use preg_replace_callback instead D:\develop_tools\xampp\htdocs\shenjiutuan\server\ThinkPHP\Lib\Core\Db.class.php 第 571 行.
SQL: SELECT `id`,`title`,`remark`,`maxnums`,`status`,`date`,`match_time`,`match_address`,`ticket_cost`,`car_cost`,`match_op` FROM `booktickets` WHERE id='13'  LIMIT 0,1   [ RunTime:0.000264s ]
SQL: SHOW COLUMNS FROM `ticket_logs` [ RunTime:0.002646s ]
NOTIC: [8192] preg_replace(): The /e modifier is deprecated, use preg_replace_callback instead D:\develop_tools\xampp\htdocs\shenjiutuan\server\ThinkPHP\Lib\Core\Db.class.php 第 571 行.
SQL: SELECT `id`,`tid`,`uid`,`nickname`,`ticket_nums`,`car_nums`,`watch_nums`,`style`,`goadd`,`isPay`,`remark`,`date` FROM `ticket_logs` WHERE tid='13' and uid='1'  LIMIT 0,1   [ RunTime:0.000250s ]

[ 2014-02-12T23:57:45+08:00 ] ERR: (ThinkException) 非法操作:undefined
[ 2014-02-12T23:57:45+08:00 ] ERR: (ThinkException) 非法操作:favicon
[ 2014-02-12T23:57:46+08:00 ] ERR: (ThinkException) 非法操作:undefined
[ 2014-02-12T23:57:46+08:00 ] ERR: (ThinkException) 非法操作:favicon
[ 2014-02-12T23:57:47+08:00 ] 0.0.0.0 /shenjiutuan/index.php/Ball/applycheck?id=14
INFO: [ app_begin ] --START--
INFO: Run ReadHtmlCache Behavior [ RunTime:-0.000381s ]
INFO: [ app_begin ] --END-- [ RunTime:0.000692s ]
NOTIC: [8] A session had already been started - ignoring session_start() D:\develop_tools\xampp\htdocs\shenjiutuan\server\.Lib\Action\BaseAction.class.php 第 5 行.
NOTIC: [8192] mysql_connect(): The mysql extension is deprecated and will be removed in the future: use mysqli or PDO instead D:\develop_tools\xampp\htdocs\shenjiutuan\server\ThinkPHP\Lib\Driver\Db\DbMysql.class.php 第 55 行.
SQL: SHOW COLUMNS FROM `booktickets` [ RunTime:0.002490s ]
NOTIC: [8192] preg_replace(): The /e modifier is deprecated, use preg_replace_callback instead D:\develop_tools\xampp\htdocs\shenjiutuan\server\ThinkPHP\Lib\Core\Db.class.php 第 571 行.
SQL: SELECT `id`,`title`,`remark`,`maxnums`,`status`,`date`,`match_time`,`match_address`,`ticket_cost`,`car_cost`,`match_op` FROM `booktickets` WHERE id='14'  LIMIT 0,1   [ RunTime:0.000238s ]
SQL: SHOW COLUMNS FROM `ticket_logs` [ RunTime:0.002292s ]
NOTIC: [8192] preg_replace(): The /e modifier is deprecated, use preg_replace_callback instead D:\develop_tools\xampp\htdocs\shenjiutuan\server\ThinkPHP\Lib\Core\Db.class.php 第 571 行.
SQL: SELECT `id`,`tid`,`uid`,`nickname`,`ticket_nums`,`car_nums`,`watch_nums`,`style`,`goadd`,`isPay`,`remark`,`date` FROM `ticket_logs` WHERE tid='14' and uid='1'  LIMIT 0,1   [ RunTime:0.000242s ]

