[ 2014-02-17T22:50:05+08:00 ] ERR: (ThinkException) 非法操作:undefined
[ 2014-02-17T22:50:08+08:00 ] ERR: (ThinkException) 非法操作:undefined
[ 2014-02-17T22:50:10+08:00 ] ERR: (ThinkException) 非法操作:undefined
[ 2014-02-17T22:50:13+08:00 ] ERR: (ThinkException) 非法操作:undefined
[ 2014-02-17T22:50:14+08:00 ] ERR: (ThinkException) 非法操作:undefined
[ 2014-02-17T22:50:15+08:00 ] ERR: (ThinkException) 非法操作:undefined
[ 2014-02-17T22:50:23+08:00 ] 0.0.0.0 /shenjiutuan/index.php/User/login
INFO: [ app_begin ] --START--
INFO: Run ReadHtmlCache Behavior [ RunTime:-0.000350s ]
INFO: [ app_begin ] --END-- [ RunTime:0.000532s ]
NOTIC: [8192] mysql_connect(): The mysql extension is deprecated and will be removed in the future: use mysqli or PDO instead D:\develop_tools\xampp\htdocs\shenjiutuan\server\ThinkPHP\Lib\Driver\Db\DbMysql.class.php 第 55 行.
SQL: SHOW COLUMNS FROM `userinfo` [ RunTime:0.016890s ]
NOTIC: [8192] preg_replace(): The /e modifier is deprecated, use preg_replace_callback instead D:\develop_tools\xampp\htdocs\shenjiutuan\server\ThinkPHP\Lib\Core\Db.class.php 第 571 行.
SQL: SELECT `id` FROM `userinfo` WHERE email='yongge@163.com' LIMIT 1   [ RunTime:0.000227s ]
NOTIC: [8192] preg_replace(): The /e modifier is deprecated, use preg_replace_callback instead D:\develop_tools\xampp\htdocs\shenjiutuan\server\ThinkPHP\Lib\Core\Db.class.php 第 571 行.
SQL: SELECT * FROM `userinfo` WHERE email='yongge@163.com' and pwd='e10adc3949ba59abbe56e057f20f883e' and status=1 LIMIT 1   [ RunTime:0.000225s ]
SQL: UPDATE `userinfo` SET `last_ip`='::1',`last_date`='2014-02-17 22:50:23' WHERE email='yongge@163.com' and id='1'  [ RunTime:0.062010s ]

[ 2014-02-17T22:50:24+08:00 ] ERR: (ThinkException) 非法操作:undefined
[ 2014-02-17T22:50:25+08:00 ] 0.0.0.0 /shenjiutuan/index.php/Ball/applycheck?id=13
INFO: [ app_begin ] --START--
INFO: Run ReadHtmlCache Behavior [ RunTime:-0.000329s ]
INFO: [ app_begin ] --END-- [ RunTime:0.000494s ]
NOTIC: [8] A session had already been started - ignoring session_start() D:\develop_tools\xampp\htdocs\shenjiutuan\server\.Lib\Action\BaseAction.class.php 第 5 行.
NOTIC: [8192] mysql_connect(): The mysql extension is deprecated and will be removed in the future: use mysqli or PDO instead D:\develop_tools\xampp\htdocs\shenjiutuan\server\ThinkPHP\Lib\Driver\Db\DbMysql.class.php 第 55 行.
SQL: SHOW COLUMNS FROM `booktickets` [ RunTime:0.002777s ]
NOTIC: [8192] preg_replace(): The /e modifier is deprecated, use preg_replace_callback instead D:\develop_tools\xampp\htdocs\shenjiutuan\server\ThinkPHP\Lib\Core\Db.class.php 第 571 行.
SQL: SELECT `id`,`title`,`remark`,`maxnums`,`status`,`date`,`match_time`,`match_address`,`ticket_cost`,`car_cost`,`match_op` FROM `booktickets` WHERE id='13'  LIMIT 0,1   [ RunTime:0.000261s ]
SQL: SHOW COLUMNS FROM `ticket_logs` [ RunTime:0.052409s ]
NOTIC: [8192] preg_replace(): The /e modifier is deprecated, use preg_replace_callback instead D:\develop_tools\xampp\htdocs\shenjiutuan\server\ThinkPHP\Lib\Core\Db.class.php 第 571 行.
SQL: SELECT `id`,`tid`,`uid`,`nickname`,`ticket_nums`,`car_nums`,`watch_nums`,`style`,`goadd`,`isPay`,`status`,`remark`,`date`,`title` FROM `ticket_logs` WHERE tid='13' and uid='1'  LIMIT 0,1   [ RunTime:0.000318s ]

[ 2014-02-17T22:50:36+08:00 ] ERR: (ThinkException) 非法操作:undefined
[ 2014-02-17T22:50:38+08:00 ] ERR: (ThinkException) 非法操作:undefined
[ 2014-02-17T22:52:03+08:00 ] ERR: (ThinkException) 非法操作:undefined
[ 2014-02-17T22:52:04+08:00 ] ERR: (ThinkException) 非法操作:undefined
[ 2014-02-17T22:52:04+08:00 ] 0.0.0.0 /shenjiutuan/index.php/Ball/applycheck?id=13
INFO: [ app_begin ] --START--
INFO: Run ReadHtmlCache Behavior [ RunTime:-0.002092s ]
INFO: [ app_begin ] --END-- [ RunTime:0.001575s ]
NOTIC: [8] A session had already been started - ignoring session_start() D:\develop_tools\xampp\htdocs\shenjiutuan\server\.Lib\Action\BaseAction.class.php 第 5 行.
NOTIC: [8192] mysql_connect(): The mysql extension is deprecated and will be removed in the future: use mysqli or PDO instead D:\develop_tools\xampp\htdocs\shenjiutuan\server\ThinkPHP\Lib\Driver\Db\DbMysql.class.php 第 55 行.
SQL: SHOW COLUMNS FROM `booktickets` [ RunTime:0.002717s ]
NOTIC: [8192] preg_replace(): The /e modifier is deprecated, use preg_replace_callback instead D:\develop_tools\xampp\htdocs\shenjiutuan\server\ThinkPHP\Lib\Core\Db.class.php 第 571 行.
SQL: SELECT `id`,`title`,`remark`,`maxnums`,`status`,`date`,`match_time`,`match_address`,`ticket_cost`,`car_cost`,`match_op` FROM `booktickets` WHERE id='13'  LIMIT 0,1   [ RunTime:0.000315s ]
SQL: SHOW COLUMNS FROM `ticket_logs` [ RunTime:0.002710s ]
NOTIC: [8192] preg_replace(): The /e modifier is deprecated, use preg_replace_callback instead D:\develop_tools\xampp\htdocs\shenjiutuan\server\ThinkPHP\Lib\Core\Db.class.php 第 571 行.
SQL: SELECT `id`,`tid`,`uid`,`nickname`,`ticket_nums`,`car_nums`,`watch_nums`,`style`,`goadd`,`isPay`,`status`,`remark`,`date`,`title` FROM `ticket_logs` WHERE tid='13' and uid='1'  LIMIT 0,1   [ RunTime:0.000296s ]

[ 2014-02-17T22:52:16+08:00 ] 0.0.0.0 /shenjiutuan/index.php/Ball/applycheck?id=13
INFO: [ app_begin ] --START--
INFO: Run ReadHtmlCache Behavior [ RunTime:-0.000720s ]
INFO: [ app_begin ] --END-- [ RunTime:0.001370s ]
NOTIC: [8] A session had already been started - ignoring session_start() D:\develop_tools\xampp\htdocs\shenjiutuan\server\.Lib\Action\BaseAction.class.php 第 5 行.
NOTIC: [8192] mysql_connect(): The mysql extension is deprecated and will be removed in the future: use mysqli or PDO instead D:\develop_tools\xampp\htdocs\shenjiutuan\server\ThinkPHP\Lib\Driver\Db\DbMysql.class.php 第 55 行.
SQL: SHOW COLUMNS FROM `booktickets` [ RunTime:0.002788s ]
NOTIC: [8192] preg_replace(): The /e modifier is deprecated, use preg_replace_callback instead D:\develop_tools\xampp\htdocs\shenjiutuan\server\ThinkPHP\Lib\Core\Db.class.php 第 571 行.
SQL: SELECT `id`,`title`,`remark`,`maxnums`,`status`,`date`,`match_time`,`match_address`,`ticket_cost`,`car_cost`,`match_op` FROM `booktickets` WHERE id='13'  LIMIT 0,1   [ RunTime:0.000309s ]
SQL: SHOW COLUMNS FROM `ticket_logs` [ RunTime:0.002686s ]
NOTIC: [8192] preg_replace(): The /e modifier is deprecated, use preg_replace_callback instead D:\develop_tools\xampp\htdocs\shenjiutuan\server\ThinkPHP\Lib\Core\Db.class.php 第 571 行.
SQL: SELECT `id`,`tid`,`uid`,`nickname`,`ticket_nums`,`car_nums`,`watch_nums`,`style`,`goadd`,`isPay`,`status`,`remark`,`date`,`title` FROM `ticket_logs` WHERE tid='13' and uid='1'  LIMIT 0,1   [ RunTime:0.000264s ]

[ 2014-02-17T22:52:25+08:00 ] ERR: (ThinkException) 非法操作:undefined
[ 2014-02-17T22:53:38+08:00 ] ERR: (ThinkException) 非法操作:undefined
[ 2014-02-17T22:53:39+08:00 ] ERR: (ThinkException) 非法操作:undefined
[ 2014-02-17T22:53:40+08:00 ] 0.0.0.0 /shenjiutuan/index.php/Ball/applycheck?id=13
INFO: [ app_begin ] --START--
INFO: Run ReadHtmlCache Behavior [ RunTime:-0.000523s ]
INFO: [ app_begin ] --END-- [ RunTime:0.000991s ]
NOTIC: [8] A session had already been started - ignoring session_start() D:\develop_tools\xampp\htdocs\shenjiutuan\server\.Lib\Action\BaseAction.class.php 第 5 行.
NOTIC: [8192] mysql_connect(): The mysql extension is deprecated and will be removed in the future: use mysqli or PDO instead D:\develop_tools\xampp\htdocs\shenjiutuan\server\ThinkPHP\Lib\Driver\Db\DbMysql.class.php 第 55 行.
SQL: SHOW COLUMNS FROM `booktickets` [ RunTime:0.003106s ]
NOTIC: [8192] preg_replace(): The /e modifier is deprecated, use preg_replace_callback instead D:\develop_tools\xampp\htdocs\shenjiutuan\server\ThinkPHP\Lib\Core\Db.class.php 第 571 行.
SQL: SELECT `id`,`title`,`remark`,`maxnums`,`status`,`date`,`match_time`,`match_address`,`ticket_cost`,`car_cost`,`match_op` FROM `booktickets` WHERE id='13'  LIMIT 0,1   [ RunTime:0.000293s ]
SQL: SHOW COLUMNS FROM `ticket_logs` [ RunTime:0.002556s ]
NOTIC: [8192] preg_replace(): The /e modifier is deprecated, use preg_replace_callback instead D:\develop_tools\xampp\htdocs\shenjiutuan\server\ThinkPHP\Lib\Core\Db.class.php 第 571 行.
SQL: SELECT `id`,`tid`,`uid`,`nickname`,`ticket_nums`,`car_nums`,`watch_nums`,`style`,`goadd`,`isPay`,`status`,`remark`,`date`,`title` FROM `ticket_logs` WHERE tid='13' and uid='1'  LIMIT 0,1   [ RunTime:0.000245s ]

[ 2014-02-17T22:53:47+08:00 ] ERR: (ThinkException) 非法操作:undefined
[ 2014-02-17T22:54:10+08:00 ] ERR: (ThinkException) 非法操作:undefined
[ 2014-02-17T22:54:38+08:00 ] ERR: (ThinkException) 非法操作:undefined
[ 2014-02-17T22:58:33+08:00 ] ERR: (ThinkException) You have an error in your SQL syntax; check the manual that corresponds to your MySQL server version for the right syntax to use near 'all from ticket_logs where uid=1' at line 1
 [ SQL语句 ] : select count(id) as all from ticket_logs where uid=1
[ 2014-02-17T22:58:33+08:00 ] ERR: (ThinkException) You have an error in your SQL syntax; check the manual that corresponds to your MySQL server version for the right syntax to use near 'all from ticket_logs where uid=1' at line 1
 [ SQL语句 ] : select count(id) as all from ticket_logs where uid=1
[ 2014-02-17T22:58:34+08:00 ] ERR: (ThinkException) You have an error in your SQL syntax; check the manual that corresponds to your MySQL server version for the right syntax to use near 'all from ticket_logs where uid=1' at line 1
 [ SQL语句 ] : select count(id) as all from ticket_logs where uid=1
[ 2014-02-17T23:00:27+08:00 ] ERR: (ThinkException) 非法操作:undefined
[ 2014-02-17T23:00:45+08:00 ] ERR: (ThinkException) 非法操作:undefined
[ 2014-02-17T23:00:46+08:00 ] ERR: (ThinkException) 非法操作:undefined
[ 2014-02-17T23:00:46+08:00 ] ERR: (ThinkException) 非法操作:undefined
[ 2014-02-17T23:00:47+08:00 ] ERR: (ThinkException) 非法操作:undefined
[ 2014-02-17T23:00:48+08:00 ] ERR: (ThinkException) 非法操作:undefined
[ 2014-02-17T23:00:52+08:00 ] ERR: (ThinkException) 非法操作:undefined
[ 2014-02-17T23:00:54+08:00 ] 0.0.0.0 /shenjiutuan/index.php/Ball/applycheck?id=13
INFO: [ app_begin ] --START--
INFO: Run ReadHtmlCache Behavior [ RunTime:-0.000485s ]
INFO: [ app_begin ] --END-- [ RunTime:0.000734s ]
NOTIC: [8] A session had already been started - ignoring session_start() D:\develop_tools\xampp\htdocs\shenjiutuan\server\.Lib\Action\BaseAction.class.php 第 5 行.
NOTIC: [8192] mysql_connect(): The mysql extension is deprecated and will be removed in the future: use mysqli or PDO instead D:\develop_tools\xampp\htdocs\shenjiutuan\server\ThinkPHP\Lib\Driver\Db\DbMysql.class.php 第 55 行.
SQL: SHOW COLUMNS FROM `booktickets` [ RunTime:0.002733s ]
NOTIC: [8192] preg_replace(): The /e modifier is deprecated, use preg_replace_callback instead D:\develop_tools\xampp\htdocs\shenjiutuan\server\ThinkPHP\Lib\Core\Db.class.php 第 571 行.
SQL: SELECT `id`,`title`,`remark`,`maxnums`,`status`,`date`,`match_time`,`match_address`,`ticket_cost`,`car_cost`,`match_op` FROM `booktickets` WHERE id='13'  LIMIT 0,1   [ RunTime:0.000302s ]
SQL: SHOW COLUMNS FROM `ticket_logs` [ RunTime:0.003352s ]
NOTIC: [8192] preg_replace(): The /e modifier is deprecated, use preg_replace_callback instead D:\develop_tools\xampp\htdocs\shenjiutuan\server\ThinkPHP\Lib\Core\Db.class.php 第 571 行.
SQL: SELECT `id`,`tid`,`uid`,`nickname`,`ticket_nums`,`car_nums`,`watch_nums`,`style`,`goadd`,`isPay`,`status`,`remark`,`date`,`title` FROM `ticket_logs` WHERE tid='13' and uid='1'  LIMIT 0,1   [ RunTime:0.000293s ]

[ 2014-02-17T23:00:57+08:00 ] ERR: (ThinkException) 非法操作:undefined
[ 2014-02-17T23:00:59+08:00 ] ERR: (ThinkException) 非法操作:undefined
[ 2014-02-17T23:01:06+08:00 ] ERR: (ThinkException) 非法操作:undefined
[ 2014-02-17T23:01:06+08:00 ] ERR: (ThinkException) 非法操作:undefined
[ 2014-02-17T23:01:08+08:00 ] ERR: (ThinkException) 非法操作:undefined
[ 2014-02-17T23:01:21+08:00 ] ERR: (ThinkException) 非法操作:undefined
[ 2014-02-17T23:01:25+08:00 ] ERR: (ThinkException) 非法操作:undefined
[ 2014-02-17T23:01:30+08:00 ] ERR: (ThinkException) 非法操作:undefined
[ 2014-02-17T23:01:32+08:00 ] ERR: (ThinkException) 非法操作:undefined
[ 2014-02-17T23:01:33+08:00 ] ERR: (ThinkException) 非法操作:undefined
[ 2014-02-17T23:01:36+08:00 ] ERR: (ThinkException) 非法操作:undefined
[ 2014-02-17T23:01:37+08:00 ] ERR: (ThinkException) 非法操作:undefined
[ 2014-02-17T23:01:42+08:00 ] ERR: (ThinkException) 非法操作:undefined
[ 2014-02-17T23:01:43+08:00 ] ERR: (ThinkException) 非法操作:undefined
[ 2014-02-17T23:01:44+08:00 ] 0.0.0.0 /shenjiutuan/index.php/Ball/applycheck?id=13
INFO: [ app_begin ] --START--
INFO: Run ReadHtmlCache Behavior [ RunTime:-0.000844s ]
INFO: [ app_begin ] --END-- [ RunTime:0.001109s ]
NOTIC: [8] A session had already been started - ignoring session_start() D:\develop_tools\xampp\htdocs\shenjiutuan\server\.Lib\Action\BaseAction.class.php 第 5 行.
NOTIC: [8192] mysql_connect(): The mysql extension is deprecated and will be removed in the future: use mysqli or PDO instead D:\develop_tools\xampp\htdocs\shenjiutuan\server\ThinkPHP\Lib\Driver\Db\DbMysql.class.php 第 55 行.
SQL: SHOW COLUMNS FROM `booktickets` [ RunTime:0.002933s ]
NOTIC: [8192] preg_replace(): The /e modifier is deprecated, use preg_replace_callback instead D:\develop_tools\xampp\htdocs\shenjiutuan\server\ThinkPHP\Lib\Core\Db.class.php 第 571 行.
SQL: SELECT `id`,`title`,`remark`,`maxnums`,`status`,`date`,`match_time`,`match_address`,`ticket_cost`,`car_cost`,`match_op` FROM `booktickets` WHERE id='13'  LIMIT 0,1   [ RunTime:0.000351s ]
SQL: SHOW COLUMNS FROM `ticket_logs` [ RunTime:0.002623s ]
NOTIC: [8192] preg_replace(): The /e modifier is deprecated, use preg_replace_callback instead D:\develop_tools\xampp\htdocs\shenjiutuan\server\ThinkPHP\Lib\Core\Db.class.php 第 571 行.
SQL: SELECT `id`,`tid`,`uid`,`nickname`,`ticket_nums`,`car_nums`,`watch_nums`,`style`,`goadd`,`isPay`,`status`,`remark`,`date`,`title` FROM `ticket_logs` WHERE tid='13' and uid='1'  LIMIT 0,1   [ RunTime:0.000308s ]

[ 2014-02-17T23:01:46+08:00 ] ERR: (ThinkException) 非法操作:undefined
[ 2014-02-17T23:01:48+08:00 ] ERR: (ThinkException) 非法操作:undefined
[ 2014-02-17T23:02:18+08:00 ] ERR: (ThinkException) 非法操作:undefined
[ 2014-02-17T23:03:45+08:00 ] ERR: (ThinkException) 非法操作:deatils
[ 2014-02-17T23:03:47+08:00 ] ERR: (ThinkException) 非法操作:deatils
[ 2014-02-17T23:03:48+08:00 ] ERR: (ThinkException) 非法操作:undefined
[ 2014-02-17T23:03:52+08:00 ] ERR: (ThinkException) 非法操作:undefined
[ 2014-02-17T23:03:54+08:00 ] ERR: (ThinkException) 非法操作:undefined
[ 2014-02-17T23:05:47+08:00 ] ERR: (ThinkException) 非法操作:undefined
[ 2014-02-17T23:06:02+08:00 ] ERR: (ThinkException) 非法操作:undefined
[ 2014-02-17T23:06:20+08:00 ] ERR: (ThinkException) 非法操作:undefined
[ 2014-02-17T23:07:35+08:00 ] ERR: (ThinkException) 非法操作:undefined
[ 2014-02-17T23:07:55+08:00 ] ERR: (ThinkException) 非法操作:undefined
[ 2014-02-17T23:08:06+08:00 ] ERR: (ThinkException) 非法操作:undefined
[ 2014-02-17T23:08:58+08:00 ] ERR: (ThinkException) 非法操作:undefined
[ 2014-02-17T23:09:27+08:00 ] ERR: (ThinkException) 非法操作:undefined
[ 2014-02-17T23:09:39+08:00 ] ERR: (ThinkException) 非法操作:undefined
[ 2014-02-17T23:09:54+08:00 ] ERR: (ThinkException) 非法操作:undefined
[ 2014-02-17T23:10:23+08:00 ] ERR: (ThinkException) 非法操作:undefined
[ 2014-02-17T23:11:10+08:00 ] ERR: (ThinkException) 非法操作:undefined
[ 2014-02-17T23:12:31+08:00 ] ERR: (ThinkException) 非法操作:undefined
[ 2014-02-17T23:12:57+08:00 ] ERR: (ThinkException) 非法操作:undefined
[ 2014-02-17T23:13:04+08:00 ] ERR: (ThinkException) 非法操作:undefined
[ 2014-02-17T23:15:16+08:00 ] ERR: (ThinkException) 非法操作:undefined
[ 2014-02-17T23:15:36+08:00 ] ERR: (ThinkException) 非法操作:undefined
[ 2014-02-17T23:15:37+08:00 ] ERR: (ThinkException) 非法操作:undefined
[ 2014-02-17T23:15:44+08:00 ] ERR: (ThinkException) 非法操作:undefined
[ 2014-02-17T23:16:32+08:00 ] ERR: (ThinkException) 非法操作:undefined
[ 2014-02-17T23:16:46+08:00 ] ERR: (ThinkException) 非法操作:undefined
[ 2014-02-17T23:16:53+08:00 ] ERR: (ThinkException) 非法操作:undefined
[ 2014-02-17T23:17:18+08:00 ] ERR: (ThinkException) 非法操作:undefined
[ 2014-02-17T23:17:23+08:00 ] ERR: (ThinkException) 非法操作:undefined
[ 2014-02-17T23:18:05+08:00 ] ERR: (ThinkException) 非法操作:undefined
[ 2014-02-17T23:18:31+08:00 ] ERR: (ThinkException) 非法操作:undefined
[ 2014-02-17T23:19:10+08:00 ] ERR: (ThinkException) 非法操作:undefined
[ 2014-02-17T23:20:30+08:00 ] ERR: (ThinkException) 非法操作:undefined
[ 2014-02-17T23:21:08+08:00 ] ERR: (ThinkException) 非法操作:undefined
[ 2014-02-17T23:21:31+08:00 ] ERR: (ThinkException) 非法操作:undefined
[ 2014-02-17T23:22:42+08:00 ] ERR: (ThinkException) 非法操作:undefined
[ 2014-02-17T23:22:49+08:00 ] ERR: (ThinkException) 非法操作:undefined
[ 2014-02-17T23:22:57+08:00 ] ERR: (ThinkException) 非法操作:undefined
[ 2014-02-17T23:23:37+08:00 ] ERR: (ThinkException) 非法操作:undefined
[ 2014-02-17T23:23:38+08:00 ] ERR: (ThinkException) 非法操作:undefined
[ 2014-02-17T23:23:38+08:00 ] ERR: (ThinkException) 非法操作:undefined
[ 2014-02-17T23:23:39+08:00 ] ERR: (ThinkException) 非法操作:undefined
[ 2014-02-17T23:23:41+08:00 ] ERR: (ThinkException) 非法操作:undefined
[ 2014-02-17T23:23:56+08:00 ] ERR: (ThinkException) 非法操作:undefined
[ 2014-02-17T23:23:57+08:00 ] ERR: (ThinkException) 非法操作:undefined
[ 2014-02-17T23:23:59+08:00 ] ERR: (ThinkException) 非法操作:undefined
[ 2014-02-17T23:24:00+08:00 ] ERR: (ThinkException) 非法操作:undefined
[ 2014-02-17T23:24:02+08:00 ] ERR: (ThinkException) 非法操作:undefined
[ 2014-02-17T23:24:14+08:00 ] ERR: (ThinkException) 非法操作:undefined
[ 2014-02-17T23:24:21+08:00 ] ERR: (ThinkException) 非法操作:undefined
[ 2014-02-17T23:24:23+08:00 ] ERR: (ThinkException) 非法操作:undefined
[ 2014-02-17T23:24:24+08:00 ] ERR: (ThinkException) 非法操作:undefined
[ 2014-02-17T23:24:33+08:00 ] ERR: (ThinkException) 非法操作:undefined
[ 2014-02-17T23:25:59+08:00 ] ERR: (ThinkException) 非法操作:undefined
[ 2014-02-17T23:26:01+08:00 ] ERR: (ThinkException) 非法操作:undefined
[ 2014-02-17T23:26:02+08:00 ] ERR: (ThinkException) 非法操作:undefined
[ 2014-02-17T23:26:10+08:00 ] ERR: (ThinkException) 非法操作:undefined
[ 2014-02-17T23:26:18+08:00 ] ERR: (ThinkException) 非法操作:undefined
[ 2014-02-17T23:26:23+08:00 ] ERR: (ThinkException) 非法操作:undefined
[ 2014-02-17T23:26:25+08:00 ] ERR: (ThinkException) 非法操作:undefined
[ 2014-02-17T23:26:33+08:00 ] ERR: (ThinkException) 非法操作:undefined
[ 2014-02-17T23:26:41+08:00 ] ERR: (ThinkException) 非法操作:cancel
[ 2014-02-17T23:26:43+08:00 ] ERR: (ThinkException) 非法操作:undefined
[ 2014-02-17T23:34:51+08:00 ] ERR: (ThinkException) 非法操作:undefined
[ 2014-02-17T23:34:56+08:00 ] ERR: (ThinkException) 非法操作:undefined
[ 2014-02-17T23:37:18+08:00 ] ERR: (ThinkException) 非法操作:undefined
[ 2014-02-17T23:37:19+08:00 ] ERR: (ThinkException) 非法操作:undefined
[ 2014-02-17T23:40:22+08:00 ] ERR: (ThinkException) 非法操作:undefined
[ 2014-02-17T23:41:30+08:00 ] ERR: (ThinkException) 非法操作:undefined
[ 2014-02-17T23:41:30+08:00 ] ERR: (ThinkException) 非法操作:undefined
[ 2014-02-17T23:41:31+08:00 ] 0.0.0.0 /shenjiutuan/index.php/Ball/applycheck?id=13
INFO: [ app_begin ] --START--
INFO: Run ReadHtmlCache Behavior [ RunTime:-0.000516s ]
INFO: [ app_begin ] --END-- [ RunTime:0.001005s ]
NOTIC: [8] A session had already been started - ignoring session_start() D:\develop_tools\xampp\htdocs\shenjiutuan\server\.Lib\Action\BaseAction.class.php 第 5 行.
NOTIC: [8192] mysql_connect(): The mysql extension is deprecated and will be removed in the future: use mysqli or PDO instead D:\develop_tools\xampp\htdocs\shenjiutuan\server\ThinkPHP\Lib\Driver\Db\DbMysql.class.php 第 55 行.
SQL: SHOW COLUMNS FROM `booktickets` [ RunTime:0.002651s ]
NOTIC: [8192] preg_replace(): The /e modifier is deprecated, use preg_replace_callback instead D:\develop_tools\xampp\htdocs\shenjiutuan\server\ThinkPHP\Lib\Core\Db.class.php 第 571 行.
SQL: SELECT `id`,`title`,`remark`,`maxnums`,`status`,`date`,`match_time`,`match_address`,`ticket_cost`,`car_cost`,`match_op` FROM `booktickets` WHERE id='13'  LIMIT 0,1   [ RunTime:0.000262s ]
SQL: SHOW COLUMNS FROM `ticket_logs` [ RunTime:0.002500s ]
NOTIC: [8192] preg_replace(): The /e modifier is deprecated, use preg_replace_callback instead D:\develop_tools\xampp\htdocs\shenjiutuan\server\ThinkPHP\Lib\Core\Db.class.php 第 571 行.
SQL: SELECT `id`,`tid`,`uid`,`nickname`,`ticket_nums`,`car_nums`,`watch_nums`,`style`,`goadd`,`isPay`,`status`,`remark`,`date`,`title` FROM `ticket_logs` WHERE tid='13' and uid='1'  LIMIT 0,1   [ RunTime:0.000255s ]

[ 2014-02-17T23:41:34+08:00 ] ERR: (ThinkException) 非法操作:deatils
[ 2014-02-17T23:41:58+08:00 ] ERR: (ThinkException) 非法操作:deatils
[ 2014-02-17T23:42:00+08:00 ] ERR: (ThinkException) 非法操作:undefined
[ 2014-02-17T23:42:02+08:00 ] ERR: (ThinkException) 非法操作:undefined
[ 2014-02-17T23:43:03+08:00 ] ERR: (ThinkException) 非法操作:undefined
[ 2014-02-17T23:43:11+08:00 ] ERR: (ThinkException) 非法操作:undefined
[ 2014-02-17T23:43:13+08:00 ] ERR: (ThinkException) 非法操作:undefined
[ 2014-02-17T23:43:15+08:00 ] 0.0.0.0 /shenjiutuan/index.php/Ball/applycheck?id=13
INFO: [ app_begin ] --START--
INFO: Run ReadHtmlCache Behavior [ RunTime:-0.000491s ]
INFO: [ app_begin ] --END-- [ RunTime:0.000946s ]
NOTIC: [8] A session had already been started - ignoring session_start() D:\develop_tools\xampp\htdocs\shenjiutuan\server\.Lib\Action\BaseAction.class.php 第 5 行.
NOTIC: [8192] mysql_connect(): The mysql extension is deprecated and will be removed in the future: use mysqli or PDO instead D:\develop_tools\xampp\htdocs\shenjiutuan\server\ThinkPHP\Lib\Driver\Db\DbMysql.class.php 第 55 行.
SQL: SHOW COLUMNS FROM `booktickets` [ RunTime:0.002670s ]
NOTIC: [8192] preg_replace(): The /e modifier is deprecated, use preg_replace_callback instead D:\develop_tools\xampp\htdocs\shenjiutuan\server\ThinkPHP\Lib\Core\Db.class.php 第 571 行.
SQL: SELECT `id`,`title`,`remark`,`maxnums`,`status`,`date`,`match_time`,`match_address`,`ticket_cost`,`car_cost`,`match_op` FROM `booktickets` WHERE id='13'  LIMIT 0,1   [ RunTime:0.000288s ]
SQL: SHOW COLUMNS FROM `ticket_logs` [ RunTime:0.002630s ]
NOTIC: [8192] preg_replace(): The /e modifier is deprecated, use preg_replace_callback instead D:\develop_tools\xampp\htdocs\shenjiutuan\server\ThinkPHP\Lib\Core\Db.class.php 第 571 行.
SQL: SELECT `id`,`tid`,`uid`,`nickname`,`ticket_nums`,`car_nums`,`watch_nums`,`style`,`goadd`,`isPay`,`status`,`remark`,`date`,`title` FROM `ticket_logs` WHERE tid='13' and uid='1'  LIMIT 0,1   [ RunTime:0.000308s ]

[ 2014-02-17T23:43:17+08:00 ] ERR: (ThinkException) 非法操作:undefined
[ 2014-02-17T23:44:53+08:00 ] ERR: (ThinkException) 非法操作:undefined
[ 2014-02-17T23:45:10+08:00 ] ERR: (ThinkException) 非法操作:undefined
[ 2014-02-17T23:51:49+08:00 ] ERR: (ThinkException) 非法操作:undefined
[ 2014-02-17T23:51:54+08:00 ] ERR: (ThinkException) 非法操作:undefined
[ 2014-02-17T23:51:56+08:00 ] 0.0.0.0 /shenjiutuan/index.php/Ball/applycheck?id=17
INFO: [ app_begin ] --START--
INFO: Run ReadHtmlCache Behavior [ RunTime:-0.000752s ]
INFO: [ app_begin ] --END-- [ RunTime:0.001502s ]
NOTIC: [8] A session had already been started - ignoring session_start() D:\develop_tools\xampp\htdocs\shenjiutuan\server\.Lib\Action\BaseAction.class.php 第 5 行.
NOTIC: [8192] mysql_connect(): The mysql extension is deprecated and will be removed in the future: use mysqli or PDO instead D:\develop_tools\xampp\htdocs\shenjiutuan\server\ThinkPHP\Lib\Driver\Db\DbMysql.class.php 第 55 行.
SQL: SHOW COLUMNS FROM `booktickets` [ RunTime:0.003466s ]
NOTIC: [8192] preg_replace(): The /e modifier is deprecated, use preg_replace_callback instead D:\develop_tools\xampp\htdocs\shenjiutuan\server\ThinkPHP\Lib\Core\Db.class.php 第 571 行.
SQL: SELECT `id`,`title`,`remark`,`maxnums`,`status`,`date`,`match_time`,`match_address`,`ticket_cost`,`car_cost`,`match_op` FROM `booktickets` WHERE id='17'  LIMIT 0,1   [ RunTime:0.000300s ]
SQL: SHOW COLUMNS FROM `ticket_logs` [ RunTime:0.002715s ]
NOTIC: [8192] preg_replace(): The /e modifier is deprecated, use preg_replace_callback instead D:\develop_tools\xampp\htdocs\shenjiutuan\server\ThinkPHP\Lib\Core\Db.class.php 第 571 行.
SQL: SELECT `id`,`tid`,`uid`,`nickname`,`ticket_nums`,`car_nums`,`watch_nums`,`style`,`goadd`,`isPay`,`status`,`remark`,`date`,`title` FROM `ticket_logs` WHERE tid='17' and uid='1'  LIMIT 0,1   [ RunTime:0.000271s ]

[ 2014-02-17T23:51:59+08:00 ] ERR: (ThinkException) 非法操作:undefined
[ 2014-02-17T23:52:01+08:00 ] ERR: (ThinkException) 非法操作:undefined
[ 2014-02-17T23:52:02+08:00 ] ERR: (ThinkException) 非法操作:undefined
[ 2014-02-17T23:52:03+08:00 ] 0.0.0.0 /shenjiutuan/index.php/Ball/applycheck?id=16
INFO: [ app_begin ] --START--
INFO: Run ReadHtmlCache Behavior [ RunTime:-0.000490s ]
INFO: [ app_begin ] --END-- [ RunTime:0.000828s ]
NOTIC: [8] A session had already been started - ignoring session_start() D:\develop_tools\xampp\htdocs\shenjiutuan\server\.Lib\Action\BaseAction.class.php 第 5 行.
NOTIC: [8192] mysql_connect(): The mysql extension is deprecated and will be removed in the future: use mysqli or PDO instead D:\develop_tools\xampp\htdocs\shenjiutuan\server\ThinkPHP\Lib\Driver\Db\DbMysql.class.php 第 55 行.
SQL: SHOW COLUMNS FROM `booktickets` [ RunTime:0.003107s ]
NOTIC: [8192] preg_replace(): The /e modifier is deprecated, use preg_replace_callback instead D:\develop_tools\xampp\htdocs\shenjiutuan\server\ThinkPHP\Lib\Core\Db.class.php 第 571 行.
SQL: SELECT `id`,`title`,`remark`,`maxnums`,`status`,`date`,`match_time`,`match_address`,`ticket_cost`,`car_cost`,`match_op` FROM `booktickets` WHERE id='16'  LIMIT 0,1   [ RunTime:0.000296s ]
SQL: SHOW COLUMNS FROM `ticket_logs` [ RunTime:0.003356s ]
NOTIC: [8192] preg_replace(): The /e modifier is deprecated, use preg_replace_callback instead D:\develop_tools\xampp\htdocs\shenjiutuan\server\ThinkPHP\Lib\Core\Db.class.php 第 571 行.
SQL: SELECT `id`,`tid`,`uid`,`nickname`,`ticket_nums`,`car_nums`,`watch_nums`,`style`,`goadd`,`isPay`,`status`,`remark`,`date`,`title` FROM `ticket_logs` WHERE tid='16' and uid='1'  LIMIT 0,1   [ RunTime:0.000346s ]

[ 2014-02-17T23:52:05+08:00 ] ERR: (ThinkException) 非法操作:undefined
[ 2014-02-17T23:52:08+08:00 ] ERR: (ThinkException) 非法操作:undefined
[ 2014-02-17T23:52:10+08:00 ] ERR: (ThinkException) 非法操作:undefined
[ 2014-02-17T23:52:12+08:00 ] 0.0.0.0 /shenjiutuan/index.php/Ball/applycheck?id=15
INFO: [ app_begin ] --START--
INFO: Run ReadHtmlCache Behavior [ RunTime:-0.000473s ]
INFO: [ app_begin ] --END-- [ RunTime:0.000848s ]
NOTIC: [8] A session had already been started - ignoring session_start() D:\develop_tools\xampp\htdocs\shenjiutuan\server\.Lib\Action\BaseAction.class.php 第 5 行.
NOTIC: [8192] mysql_connect(): The mysql extension is deprecated and will be removed in the future: use mysqli or PDO instead D:\develop_tools\xampp\htdocs\shenjiutuan\server\ThinkPHP\Lib\Driver\Db\DbMysql.class.php 第 55 行.
SQL: SHOW COLUMNS FROM `booktickets` [ RunTime:0.002644s ]
NOTIC: [8192] preg_replace(): The /e modifier is deprecated, use preg_replace_callback instead D:\develop_tools\xampp\htdocs\shenjiutuan\server\ThinkPHP\Lib\Core\Db.class.php 第 571 行.
SQL: SELECT `id`,`title`,`remark`,`maxnums`,`status`,`date`,`match_time`,`match_address`,`ticket_cost`,`car_cost`,`match_op` FROM `booktickets` WHERE id='15'  LIMIT 0,1   [ RunTime:0.000257s ]
SQL: SHOW COLUMNS FROM `ticket_logs` [ RunTime:0.002383s ]
NOTIC: [8192] preg_replace(): The /e modifier is deprecated, use preg_replace_callback instead D:\develop_tools\xampp\htdocs\shenjiutuan\server\ThinkPHP\Lib\Core\Db.class.php 第 571 行.
SQL: SELECT `id`,`tid`,`uid`,`nickname`,`ticket_nums`,`car_nums`,`watch_nums`,`style`,`goadd`,`isPay`,`status`,`remark`,`date`,`title` FROM `ticket_logs` WHERE tid='15' and uid='1'  LIMIT 0,1   [ RunTime:0.000264s ]

[ 2014-02-17T23:52:14+08:00 ] ERR: (ThinkException) 非法操作:undefined
[ 2014-02-17T23:52:17+08:00 ] ERR: (ThinkException) 非法操作:undefined
[ 2014-02-17T23:52:18+08:00 ] ERR: (ThinkException) 非法操作:undefined
[ 2014-02-17T23:52:19+08:00 ] 0.0.0.0 /shenjiutuan/index.php/Ball/applycheck?id=14
INFO: [ app_begin ] --START--
INFO: Run ReadHtmlCache Behavior [ RunTime:-0.000528s ]
INFO: [ app_begin ] --END-- [ RunTime:0.000934s ]
NOTIC: [8] A session had already been started - ignoring session_start() D:\develop_tools\xampp\htdocs\shenjiutuan\server\.Lib\Action\BaseAction.class.php 第 5 行.
NOTIC: [8192] mysql_connect(): The mysql extension is deprecated and will be removed in the future: use mysqli or PDO instead D:\develop_tools\xampp\htdocs\shenjiutuan\server\ThinkPHP\Lib\Driver\Db\DbMysql.class.php 第 55 行.
SQL: SHOW COLUMNS FROM `booktickets` [ RunTime:0.004737s ]
NOTIC: [8192] preg_replace(): The /e modifier is deprecated, use preg_replace_callback instead D:\develop_tools\xampp\htdocs\shenjiutuan\server\ThinkPHP\Lib\Core\Db.class.php 第 571 行.
SQL: SELECT `id`,`title`,`remark`,`maxnums`,`status`,`date`,`match_time`,`match_address`,`ticket_cost`,`car_cost`,`match_op` FROM `booktickets` WHERE id='14'  LIMIT 0,1   [ RunTime:0.000314s ]
SQL: SHOW COLUMNS FROM `ticket_logs` [ RunTime:0.003187s ]
NOTIC: [8192] preg_replace(): The /e modifier is deprecated, use preg_replace_callback instead D:\develop_tools\xampp\htdocs\shenjiutuan\server\ThinkPHP\Lib\Core\Db.class.php 第 571 行.
SQL: SELECT `id`,`tid`,`uid`,`nickname`,`ticket_nums`,`car_nums`,`watch_nums`,`style`,`goadd`,`isPay`,`status`,`remark`,`date`,`title` FROM `ticket_logs` WHERE tid='14' and uid='1'  LIMIT 0,1   [ RunTime:0.000306s ]

[ 2014-02-17T23:52:21+08:00 ] ERR: (ThinkException) 非法操作:undefined
[ 2014-02-17T23:52:22+08:00 ] ERR: (ThinkException) 非法操作:undefined
[ 2014-02-17T23:52:23+08:00 ] ERR: (ThinkException) 非法操作:undefined
[ 2014-02-17T23:52:24+08:00 ] 0.0.0.0 /shenjiutuan/index.php/Ball/applycheck?id=13
INFO: [ app_begin ] --START--
INFO: Run ReadHtmlCache Behavior [ RunTime:-0.000471s ]
INFO: [ app_begin ] --END-- [ RunTime:0.000835s ]
NOTIC: [8] A session had already been started - ignoring session_start() D:\develop_tools\xampp\htdocs\shenjiutuan\server\.Lib\Action\BaseAction.class.php 第 5 行.
NOTIC: [8192] mysql_connect(): The mysql extension is deprecated and will be removed in the future: use mysqli or PDO instead D:\develop_tools\xampp\htdocs\shenjiutuan\server\ThinkPHP\Lib\Driver\Db\DbMysql.class.php 第 55 行.
SQL: SHOW COLUMNS FROM `booktickets` [ RunTime:0.002760s ]
NOTIC: [8192] preg_replace(): The /e modifier is deprecated, use preg_replace_callback instead D:\develop_tools\xampp\htdocs\shenjiutuan\server\ThinkPHP\Lib\Core\Db.class.php 第 571 行.
SQL: SELECT `id`,`title`,`remark`,`maxnums`,`status`,`date`,`match_time`,`match_address`,`ticket_cost`,`car_cost`,`match_op` FROM `booktickets` WHERE id='13'  LIMIT 0,1   [ RunTime:0.000293s ]
SQL: SHOW COLUMNS FROM `ticket_logs` [ RunTime:0.003050s ]
NOTIC: [8192] preg_replace(): The /e modifier is deprecated, use preg_replace_callback instead D:\develop_tools\xampp\htdocs\shenjiutuan\server\ThinkPHP\Lib\Core\Db.class.php 第 571 行.
SQL: SELECT `id`,`tid`,`uid`,`nickname`,`ticket_nums`,`car_nums`,`watch_nums`,`style`,`goadd`,`isPay`,`status`,`remark`,`date`,`title` FROM `ticket_logs` WHERE tid='13' and uid='1'  LIMIT 0,1   [ RunTime:0.000312s ]

[ 2014-02-17T23:52:26+08:00 ] ERR: (ThinkException) 非法操作:undefined
[ 2014-02-17T23:52:27+08:00 ] ERR: (ThinkException) 非法操作:undefined
[ 2014-02-17T23:52:28+08:00 ] 0.0.0.0 /shenjiutuan/index.php/Ball/applycheck?id=14
INFO: [ app_begin ] --START--
INFO: Run ReadHtmlCache Behavior [ RunTime:-0.000412s ]
INFO: [ app_begin ] --END-- [ RunTime:0.000700s ]
NOTIC: [8] A session had already been started - ignoring session_start() D:\develop_tools\xampp\htdocs\shenjiutuan\server\.Lib\Action\BaseAction.class.php 第 5 行.
NOTIC: [8192] mysql_connect(): The mysql extension is deprecated and will be removed in the future: use mysqli or PDO instead D:\develop_tools\xampp\htdocs\shenjiutuan\server\ThinkPHP\Lib\Driver\Db\DbMysql.class.php 第 55 行.
SQL: SHOW COLUMNS FROM `booktickets` [ RunTime:0.002520s ]
NOTIC: [8192] preg_replace(): The /e modifier is deprecated, use preg_replace_callback instead D:\develop_tools\xampp\htdocs\shenjiutuan\server\ThinkPHP\Lib\Core\Db.class.php 第 571 行.
SQL: SELECT `id`,`title`,`remark`,`maxnums`,`status`,`date`,`match_time`,`match_address`,`ticket_cost`,`car_cost`,`match_op` FROM `booktickets` WHERE id='14'  LIMIT 0,1   [ RunTime:0.000234s ]
SQL: SHOW COLUMNS FROM `ticket_logs` [ RunTime:0.002394s ]
NOTIC: [8192] preg_replace(): The /e modifier is deprecated, use preg_replace_callback instead D:\develop_tools\xampp\htdocs\shenjiutuan\server\ThinkPHP\Lib\Core\Db.class.php 第 571 行.
SQL: SELECT `id`,`tid`,`uid`,`nickname`,`ticket_nums`,`car_nums`,`watch_nums`,`style`,`goadd`,`isPay`,`status`,`remark`,`date`,`title` FROM `ticket_logs` WHERE tid='14' and uid='1'  LIMIT 0,1   [ RunTime:0.000246s ]

[ 2014-02-17T23:52:31+08:00 ] ERR: (ThinkException) 非法操作:undefined
[ 2014-02-17T23:52:32+08:00 ] ERR: (ThinkException) 非法操作:undefined
[ 2014-02-17T23:52:32+08:00 ] 0.0.0.0 /shenjiutuan/index.php/Ball/applycheck?id=15
INFO: [ app_begin ] --START--
INFO: Run ReadHtmlCache Behavior [ RunTime:-0.000503s ]
INFO: [ app_begin ] --END-- [ RunTime:0.000881s ]
NOTIC: [8] A session had already been started - ignoring session_start() D:\develop_tools\xampp\htdocs\shenjiutuan\server\.Lib\Action\BaseAction.class.php 第 5 行.
NOTIC: [8192] mysql_connect(): The mysql extension is deprecated and will be removed in the future: use mysqli or PDO instead D:\develop_tools\xampp\htdocs\shenjiutuan\server\ThinkPHP\Lib\Driver\Db\DbMysql.class.php 第 55 行.
SQL: SHOW COLUMNS FROM `booktickets` [ RunTime:0.002463s ]
NOTIC: [8192] preg_replace(): The /e modifier is deprecated, use preg_replace_callback instead D:\develop_tools\xampp\htdocs\shenjiutuan\server\ThinkPHP\Lib\Core\Db.class.php 第 571 行.
SQL: SELECT `id`,`title`,`remark`,`maxnums`,`status`,`date`,`match_time`,`match_address`,`ticket_cost`,`car_cost`,`match_op` FROM `booktickets` WHERE id='15'  LIMIT 0,1   [ RunTime:0.000263s ]
SQL: SHOW COLUMNS FROM `ticket_logs` [ RunTime:0.002544s ]
NOTIC: [8192] preg_replace(): The /e modifier is deprecated, use preg_replace_callback instead D:\develop_tools\xampp\htdocs\shenjiutuan\server\ThinkPHP\Lib\Core\Db.class.php 第 571 行.
SQL: SELECT `id`,`tid`,`uid`,`nickname`,`ticket_nums`,`car_nums`,`watch_nums`,`style`,`goadd`,`isPay`,`status`,`remark`,`date`,`title` FROM `ticket_logs` WHERE tid='15' and uid='1'  LIMIT 0,1   [ RunTime:0.000283s ]

[ 2014-02-17T23:52:36+08:00 ] ERR: (ThinkException) 非法操作:undefined
[ 2014-02-17T23:53:27+08:00 ] ERR: (ThinkException) 非法操作:undefined
[ 2014-02-17T23:54:21+08:00 ] ERR: (ThinkException) 非法操作:undefined
[ 2014-02-17T23:55:31+08:00 ] ERR: (ThinkException) 非法操作:undefined
[ 2014-02-17T23:55:31+08:00 ] ERR: (ThinkException) 非法操作:undefined
[ 2014-02-17T23:56:04+08:00 ] ERR: (ThinkException) 非法操作:undefined
[ 2014-02-17T23:56:05+08:00 ] ERR: (ThinkException) 非法操作:undefined
[ 2014-02-17T23:56:32+08:00 ] ERR: (ThinkException) 非法操作:undefined
[ 2014-02-17T23:56:35+08:00 ] ERR: (ThinkException) 非法操作:undefined
[ 2014-02-17T23:57:10+08:00 ] ERR: (ThinkException) 非法操作:undefined
[ 2014-02-17T23:57:12+08:00 ] ERR: (ThinkException) 非法操作:undefined
[ 2014-02-17T23:57:35+08:00 ] ERR: (ThinkException) 非法操作:undefined
[ 2014-02-17T23:58:17+08:00 ] ERR: (ThinkException) 非法操作:undefined
[ 2014-02-17T23:58:38+08:00 ] ERR: (ThinkException) 非法操作:undefined
[ 2014-02-17T23:58:52+08:00 ] ERR: (ThinkException) 非法操作:undefined
[ 2014-02-17T23:58:57+08:00 ] ERR: (ThinkException) 非法操作:undefined
[ 2014-02-17T23:59:00+08:00 ] ERR: (ThinkException) 非法操作:undefined
[ 2014-02-17T23:59:01+08:00 ] ERR: (ThinkException) 非法操作:undefined
[ 2014-02-17T23:59:02+08:00 ] ERR: (ThinkException) 非法操作:undefined
[ 2014-02-17T23:59:04+08:00 ] ERR: (ThinkException) 非法操作:undefined
[ 2014-02-17T23:59:05+08:00 ] ERR: (ThinkException) 非法操作:undefined
[ 2014-02-17T23:59:07+08:00 ] ERR: (ThinkException) 非法操作:undefined
[ 2014-02-17T23:59:09+08:00 ] ERR: (ThinkException) 非法操作:undefined
[ 2014-02-17T23:59:21+08:00 ] ERR: (ThinkException) 非法操作:undefined
[ 2014-02-17T23:59:25+08:00 ] ERR: (ThinkException) 非法操作:undefined
[ 2014-02-17T23:59:29+08:00 ] ERR: (ThinkException) 非法操作:undefined
[ 2014-02-17T23:59:31+08:00 ] ERR: (ThinkException) 非法操作:undefined
[ 2014-02-17T23:59:33+08:00 ] ERR: (ThinkException) 非法操作:undefined
[ 2014-02-17T23:59:34+08:00 ] ERR: (ThinkException) 非法操作:undefined
[ 2014-02-17T23:59:36+08:00 ] ERR: (ThinkException) 非法操作:undefined
[ 2014-02-17T23:59:36+08:00 ] ERR: (ThinkException) 非法操作:undefined
[ 2014-02-17T23:59:39+08:00 ] ERR: (ThinkException) 非法操作:undefined
[ 2014-02-17T23:59:42+08:00 ] ERR: (ThinkException) 非法操作:undefined
[ 2014-02-17T23:59:47+08:00 ] ERR: (ThinkException) 非法操作:undefined
