[ 2014-01-22T15:10:15+08:00 ] 127.0.0.1 /shenjiutuan/index.php/Admin/user/changePwd
INFO: [ app_begin ] --START--
INFO: Run ReadHtmlCache Behavior [ RunTime:-0.015625s ]
INFO: [ app_begin ] --END-- [ RunTime:0.000000s ]
SQL: SHOW COLUMNS FROM `userinfo` [ RunTime:0.015625s ]
SQL: UPDATE `userinfo` SET `pwd`='e10adc3949ba59abbe56e057f20f883e' WHERE email='123@163.com' [ RunTime:0.109375s ]

[ 2014-01-22T15:11:26+08:00 ] 127.0.0.1 /shenjiutuan/index.php/Admin/user/changePwd
INFO: [ app_begin ] --START--
INFO: Run ReadHtmlCache Behavior [ RunTime:-0.015625s ]
INFO: [ app_begin ] --END-- [ RunTime:0.000000s ]
SQL: SHOW COLUMNS FROM `userinfo` [ RunTime:0.015625s ]
SQL: UPDATE `userinfo` SET `pwd`='c33367701511b4f6020ec61ded352059' WHERE email='123@163.com' [ RunTime:0.031250s ]

[ 2014-01-22T15:13:32+08:00 ] 127.0.0.1 /shenjiutuan/index.php/Admin/user/changePwd
INFO: [ app_begin ] --START--
INFO: Run ReadHtmlCache Behavior [ RunTime:-0.031250s ]
INFO: [ app_begin ] --END-- [ RunTime:0.015625s ]
SQL: SHOW COLUMNS FROM `userinfo` [ RunTime:0.031250s ]
SQL: UPDATE `userinfo` SET `pwd`='e10adc3949ba59abbe56e057f20f883e' WHERE email='123@163.com' [ RunTime:0.046875s ]

[ 2014-01-22T17:19:48+08:00 ] ERR: (ThinkException) 无法加载模块:News
[ 2014-01-22T17:20:00+08:00 ] ERR: (ThinkException) 无法加载模块:News
[ 2014-01-22T17:20:10+08:00 ] ERR: (ThinkException) 无法加载模块:News
[ 2014-01-22T17:20:12+08:00 ] ERR: (ThinkException) 无法加载模块:News
[ 2014-01-22T17:21:03+08:00 ] ERR: (ThinkException) 无法加载模块:News
[ 2014-01-22T17:21:17+08:00 ] ERR: (ThinkException) 无法加载模块:News
[ 2014-01-22T17:21:18+08:00 ] ERR: (ThinkException) 无法加载模块:News
