[ 2014-02-13T00:01:05+08:00 ] ERR: (ThinkException) 非法操作:undefined
[ 2014-02-13T00:01:05+08:00 ] ERR: (ThinkException) 非法操作:favicon
[ 2014-02-13T00:01:05+08:00 ] ERR: (ThinkException) 非法操作:undefined
[ 2014-02-13T00:01:05+08:00 ] ERR: (ThinkException) 非法操作:favicon
[ 2014-02-13T00:01:10+08:00 ] ERR: (ThinkException) 非法操作:undefined
[ 2014-02-13T00:01:10+08:00 ] ERR: (ThinkException) 非法操作:favicon
[ 2014-02-13T00:01:13+08:00 ] ERR: (ThinkException) 非法操作:undefined
[ 2014-02-13T00:01:13+08:00 ] ERR: (ThinkException) 非法操作:favicon
[ 2014-02-13T00:01:15+08:00 ] ERR: (ThinkException) 非法操作:undefined
[ 2014-02-13T00:01:15+08:00 ] ERR: (ThinkException) 非法操作:favicon
[ 2014-02-13T00:01:24+08:00 ] ERR: (ThinkException) 非法操作:undefined
[ 2014-02-13T00:01:24+08:00 ] ERR: (ThinkException) 非法操作:favicon
[ 2014-02-13T00:02:38+08:00 ] ERR: (ThinkException) 非法操作:undefined
[ 2014-02-13T00:02:38+08:00 ] ERR: (ThinkException) 非法操作:favicon
[ 2014-02-13T00:02:40+08:00 ] ERR: (ThinkException) 非法操作:undefined
[ 2014-02-13T00:02:40+08:00 ] ERR: (ThinkException) 非法操作:favicon
[ 2014-02-13T00:02:41+08:00 ] ERR: (ThinkException) 非法操作:undefined
[ 2014-02-13T00:02:41+08:00 ] ERR: (ThinkException) 非法操作:favicon
[ 2014-02-13T00:02:42+08:00 ] ERR: (ThinkException) 非法操作:undefined
[ 2014-02-13T00:02:42+08:00 ] ERR: (ThinkException) 非法操作:favicon
[ 2014-02-13T00:02:49+08:00 ] ERR: (ThinkException) 非法操作:undefined
[ 2014-02-13T00:02:49+08:00 ] ERR: (ThinkException) 非法操作:favicon
[ 2014-02-13T00:03:01+08:00 ] ERR: (ThinkException) 非法操作:undefined
[ 2014-02-13T00:03:01+08:00 ] ERR: (ThinkException) 非法操作:favicon
[ 2014-02-13T00:05:44+08:00 ] ERR: (ThinkException) 非法操作:undefined
[ 2014-02-13T00:05:44+08:00 ] ERR: (ThinkException) 非法操作:favicon
[ 2014-02-13T00:05:45+08:00 ] ERR: (ThinkException) 非法操作:undefined
[ 2014-02-13T00:05:45+08:00 ] ERR: (ThinkException) 非法操作:favicon
[ 2014-02-13T00:05:49+08:00 ] ERR: (ThinkException) 非法操作:undefined
[ 2014-02-13T00:05:49+08:00 ] ERR: (ThinkException) 非法操作:favicon
[ 2014-02-13T00:05:52+08:00 ] ERR: (ThinkException) 非法操作:undefined
[ 2014-02-13T00:05:52+08:00 ] ERR: (ThinkException) 非法操作:favicon
[ 2014-02-13T00:07:02+08:00 ] ERR: (ThinkException) 非法操作:undefined
[ 2014-02-13T00:07:02+08:00 ] ERR: (ThinkException) 非法操作:favicon
[ 2014-02-13T00:07:02+08:00 ] ERR: (ThinkException) 非法操作:undefined
[ 2014-02-13T00:07:02+08:00 ] ERR: (ThinkException) 非法操作:favicon
[ 2014-02-13T00:07:03+08:00 ] ERR: (ThinkException) 非法操作:undefined
[ 2014-02-13T00:07:03+08:00 ] ERR: (ThinkException) 非法操作:favicon
[ 2014-02-13T00:07:03+08:00 ] ERR: (ThinkException) 非法操作:undefined
[ 2014-02-13T00:07:03+08:00 ] ERR: (ThinkException) 非法操作:favicon
[ 2014-02-13T00:07:03+08:00 ] ERR: (ThinkException) 非法操作:undefined
[ 2014-02-13T00:07:03+08:00 ] ERR: (ThinkException) 非法操作:favicon
[ 2014-02-13T00:07:04+08:00 ] ERR: (ThinkException) 非法操作:undefined
[ 2014-02-13T00:07:04+08:00 ] ERR: (ThinkException) 非法操作:favicon
[ 2014-02-13T00:08:10+08:00 ] ERR: (ThinkException) 非法操作:index
[ 2014-02-13T00:08:37+08:00 ] ERR: (ThinkException) 非法操作:index
[ 2014-02-13T00:08:39+08:00 ] ERR: (ThinkException) 非法操作:index
[ 2014-02-13T00:08:41+08:00 ] ERR: (ThinkException) 非法操作:undefined
[ 2014-02-13T00:08:41+08:00 ] ERR: (ThinkException) 非法操作:favicon
[ 2014-02-13T00:08:41+08:00 ] ERR: (ThinkException) 非法操作:index
[ 2014-02-13T00:08:43+08:00 ] ERR: (ThinkException) 非法操作:index
[ 2014-02-13T00:08:44+08:00 ] ERR: (ThinkException) 非法操作:undefined
[ 2014-02-13T00:08:44+08:00 ] ERR: (ThinkException) 非法操作:favicon
[ 2014-02-13T00:08:45+08:00 ] ERR: (ThinkException) 非法操作:index
[ 2014-02-13T00:08:46+08:00 ] ERR: (ThinkException) 非法操作:undefined
[ 2014-02-13T00:08:46+08:00 ] ERR: (ThinkException) 非法操作:favicon
[ 2014-02-13T00:08:48+08:00 ] ERR: (ThinkException) 非法操作:undefined
[ 2014-02-13T00:08:49+08:00 ] ERR: (ThinkException) 非法操作:favicon
[ 2014-02-13T00:08:49+08:00 ] ERR: (ThinkException) 非法操作:index
[ 2014-02-13T00:08:57+08:00 ] ERR: (ThinkException) 非法操作:undefined
[ 2014-02-13T00:08:57+08:00 ] ERR: (ThinkException) 非法操作:favicon
[ 2014-02-13T00:08:59+08:00 ] ERR: (ThinkException) 非法操作:index
[ 2014-02-13T00:09:14+08:00 ] ERR: (ThinkException) 非法操作:index
[ 2014-02-13T00:09:16+08:00 ] ERR: (ThinkException) 非法操作:undefined
[ 2014-02-13T00:09:16+08:00 ] ERR: (ThinkException) 非法操作:favicon
[ 2014-02-13T00:09:16+08:00 ] ERR: (ThinkException) 非法操作:undefined
[ 2014-02-13T00:09:16+08:00 ] ERR: (ThinkException) 非法操作:favicon
[ 2014-02-13T00:09:18+08:00 ] ERR: (ThinkException) 非法操作:undefined
[ 2014-02-13T00:09:18+08:00 ] ERR: (ThinkException) 非法操作:favicon
[ 2014-02-13T00:09:19+08:00 ] ERR: (ThinkException) 非法操作:undefined
[ 2014-02-13T00:09:19+08:00 ] ERR: (ThinkException) 非法操作:favicon
[ 2014-02-13T00:09:20+08:00 ] ERR: (ThinkException) 非法操作:undefined
[ 2014-02-13T00:09:20+08:00 ] ERR: (ThinkException) 非法操作:favicon
[ 2014-02-13T00:09:32+08:00 ] ERR: (ThinkException) 非法操作:index
[ 2014-02-13T00:09:41+08:00 ] ERR: (ThinkException) 非法操作:undefined
[ 2014-02-13T00:09:41+08:00 ] ERR: (ThinkException) 非法操作:favicon
[ 2014-02-13T00:09:42+08:00 ] ERR: (ThinkException) 非法操作:undefined
[ 2014-02-13T00:09:42+08:00 ] ERR: (ThinkException) 非法操作:favicon
[ 2014-02-13T00:11:36+08:00 ] ERR: (ThinkException) 非法操作:undefined
[ 2014-02-13T00:11:36+08:00 ] ERR: (ThinkException) 非法操作:favicon
[ 2014-02-13T00:11:37+08:00 ] ERR: (ThinkException) 非法操作:undefined
[ 2014-02-13T00:11:37+08:00 ] ERR: (ThinkException) 非法操作:favicon
[ 2014-02-13T00:11:39+08:00 ] ERR: (ThinkException) 无法加载模块:Favicon
[ 2014-02-13T00:15:00+08:00 ] ERR: (ThinkException) 非法操作:undefined
[ 2014-02-13T00:15:00+08:00 ] ERR: (ThinkException) 非法操作:favicon
[ 2014-02-13T00:15:01+08:00 ] ERR: (ThinkException) 非法操作:undefined
[ 2014-02-13T00:15:01+08:00 ] ERR: (ThinkException) 非法操作:favicon
[ 2014-02-13T00:15:02+08:00 ] ERR: (ThinkException) 非法操作:undefined
[ 2014-02-13T00:15:02+08:00 ] ERR: (ThinkException) 非法操作:favicon
[ 2014-02-13T00:15:04+08:00 ] ERR: (ThinkException) 非法操作:undefined
[ 2014-02-13T00:15:04+08:00 ] ERR: (ThinkException) 非法操作:favicon
[ 2014-02-13T00:15:23+08:00 ] ERR: (ThinkException) 非法操作:undefined
[ 2014-02-13T00:15:23+08:00 ] ERR: (ThinkException) 非法操作:favicon
[ 2014-02-13T00:15:27+08:00 ] ERR: (ThinkException) 非法操作:undefined
[ 2014-02-13T00:15:27+08:00 ] ERR: (ThinkException) 非法操作:favicon
[ 2014-02-13T00:15:50+08:00 ] 0.0.0.0 /shenjiutuan/index.php/Ball/applycheck?id=14
INFO: [ app_begin ] --START--
INFO: Run ReadHtmlCache Behavior [ RunTime:-0.000731s ]
INFO: [ app_begin ] --END-- [ RunTime:0.001518s ]
NOTIC: [8] A session had already been started - ignoring session_start() D:\develop_tools\xampp\htdocs\shenjiutuan\server\.Lib\Action\BaseAction.class.php 第 5 行.
NOTIC: [8192] mysql_connect(): The mysql extension is deprecated and will be removed in the future: use mysqli or PDO instead D:\develop_tools\xampp\htdocs\shenjiutuan\server\ThinkPHP\Lib\Driver\Db\DbMysql.class.php 第 55 行.
SQL: SHOW COLUMNS FROM `booktickets` [ RunTime:0.002551s ]
NOTIC: [8192] preg_replace(): The /e modifier is deprecated, use preg_replace_callback instead D:\develop_tools\xampp\htdocs\shenjiutuan\server\ThinkPHP\Lib\Core\Db.class.php 第 571 行.
SQL: SELECT `id`,`title`,`remark`,`maxnums`,`status`,`date`,`match_time`,`match_address`,`ticket_cost`,`car_cost`,`match_op` FROM `booktickets` WHERE id='14'  LIMIT 0,1   [ RunTime:0.000263s ]
SQL: SHOW COLUMNS FROM `ticket_logs` [ RunTime:0.002380s ]
NOTIC: [8192] preg_replace(): The /e modifier is deprecated, use preg_replace_callback instead D:\develop_tools\xampp\htdocs\shenjiutuan\server\ThinkPHP\Lib\Core\Db.class.php 第 571 行.
SQL: SELECT `id`,`tid`,`uid`,`nickname`,`ticket_nums`,`car_nums`,`watch_nums`,`style`,`goadd`,`isPay`,`remark`,`date` FROM `ticket_logs` WHERE tid='14' and uid='1'  LIMIT 0,1   [ RunTime:0.000222s ]

[ 2014-02-13T00:16:02+08:00 ] 0.0.0.0 /shenjiutuan/index.php/Ball/applycheck?id=14
INFO: [ app_begin ] --START--
INFO: Run ReadHtmlCache Behavior [ RunTime:-0.000470s ]
INFO: [ app_begin ] --END-- [ RunTime:0.000967s ]
NOTIC: [8] A session had already been started - ignoring session_start() D:\develop_tools\xampp\htdocs\shenjiutuan\server\.Lib\Action\BaseAction.class.php 第 5 行.
NOTIC: [8192] mysql_connect(): The mysql extension is deprecated and will be removed in the future: use mysqli or PDO instead D:\develop_tools\xampp\htdocs\shenjiutuan\server\ThinkPHP\Lib\Driver\Db\DbMysql.class.php 第 55 行.
SQL: SHOW COLUMNS FROM `booktickets` [ RunTime:0.002853s ]
NOTIC: [8192] preg_replace(): The /e modifier is deprecated, use preg_replace_callback instead D:\develop_tools\xampp\htdocs\shenjiutuan\server\ThinkPHP\Lib\Core\Db.class.php 第 571 行.
SQL: SELECT `id`,`title`,`remark`,`maxnums`,`status`,`date`,`match_time`,`match_address`,`ticket_cost`,`car_cost`,`match_op` FROM `booktickets` WHERE id='14'  LIMIT 0,1   [ RunTime:0.000282s ]
SQL: SHOW COLUMNS FROM `ticket_logs` [ RunTime:0.002735s ]
NOTIC: [8192] preg_replace(): The /e modifier is deprecated, use preg_replace_callback instead D:\develop_tools\xampp\htdocs\shenjiutuan\server\ThinkPHP\Lib\Core\Db.class.php 第 571 行.
SQL: SELECT `id`,`tid`,`uid`,`nickname`,`ticket_nums`,`car_nums`,`watch_nums`,`style`,`goadd`,`isPay`,`remark`,`date` FROM `ticket_logs` WHERE tid='14' and uid='1'  LIMIT 0,1   [ RunTime:0.000265s ]

[ 2014-02-13T00:16:07+08:00 ] ERR: (ThinkException) 非法操作:undefined
[ 2014-02-13T00:16:07+08:00 ] ERR: (ThinkException) 非法操作:favicon
[ 2014-02-13T00:16:46+08:00 ] ERR: (ThinkException) 非法操作:undefined
[ 2014-02-13T00:16:46+08:00 ] ERR: (ThinkException) 非法操作:favicon
[ 2014-02-13T00:16:48+08:00 ] ERR: (ThinkException) 非法操作:undefined
[ 2014-02-13T00:16:48+08:00 ] ERR: (ThinkException) 非法操作:favicon
