[ 2014-02-06T15:38:49+08:00 ] ERR: (ThinkException) 非法操作:undefined
[ 2014-02-06T15:38:50+08:00 ] ERR: (ThinkException) 非法操作:favicon
[ 2014-02-06T15:38:52+08:00 ] ERR: (ThinkException) 非法操作:undefined
[ 2014-02-06T15:38:52+08:00 ] ERR: (ThinkException) 非法操作:favicon
[ 2014-02-06T15:38:54+08:00 ] ERR: (ThinkException) 非法操作:undefined
[ 2014-02-06T15:38:54+08:00 ] ERR: (ThinkException) 非法操作:favicon
[ 2014-02-06T15:39:05+08:00 ] ERR: (ThinkException) 非法操作:undefined
[ 2014-02-06T15:39:05+08:00 ] ERR: (ThinkException) 非法操作:favicon
[ 2014-02-06T16:27:00+08:00 ] ERR: (ThinkException) 非法操作:undefined
[ 2014-02-06T16:27:00+08:00 ] ERR: (ThinkException) 非法操作:favicon
[ 2014-02-06T16:27:05+08:00 ] 0.0.0.0 /shenjiutuan/index.php/User/login
INFO: [ app_begin ] --START--
INFO: Run ReadHtmlCache Behavior [ RunTime:-0.000310s ]
INFO: [ app_begin ] --END-- [ RunTime:0.000495s ]
NOTIC: [8192] mysql_connect(): The mysql extension is deprecated and will be removed in the future: use mysqli or PDO instead D:\develop_tools\xampp\htdocs\shenjiutuan\server\ThinkPHP\Lib\Driver\Db\DbMysql.class.php 第 55 行.
SQL: SHOW COLUMNS FROM `userinfo` [ RunTime:0.002612s ]
NOTIC: [8192] preg_replace(): The /e modifier is deprecated, use preg_replace_callback instead D:\develop_tools\xampp\htdocs\shenjiutuan\server\ThinkPHP\Lib\Core\Db.class.php 第 571 行.
SQL: SELECT `id` FROM `userinfo` WHERE email='123@aa.com' LIMIT 1   [ RunTime:0.000219s ]
NOTIC: [8192] preg_replace(): The /e modifier is deprecated, use preg_replace_callback instead D:\develop_tools\xampp\htdocs\shenjiutuan\server\ThinkPHP\Lib\Core\Db.class.php 第 571 行.
SQL: SELECT * FROM `userinfo` WHERE email='123@aa.com' and pwd='e10adc3949ba59abbe56e057f20f883e' and status=1 LIMIT 1   [ RunTime:0.000257s ]
SQL: UPDATE `userinfo` SET `last_ip`='::1',`last_date`='2014-02-06 16:27:05' WHERE email='123@aa.com' and id='3'  [ RunTime:0.058389s ]

[ 2014-02-06T16:27:05+08:00 ] ERR: (ThinkException) 非法操作:undefined
[ 2014-02-06T16:27:05+08:00 ] ERR: (ThinkException) 非法操作:favicon
[ 2014-02-06T16:28:30+08:00 ] ERR: (ThinkException) 非法操作:undefined
[ 2014-02-06T16:28:30+08:00 ] ERR: (ThinkException) 非法操作:favicon
[ 2014-02-06T16:29:16+08:00 ] ERR: (ThinkException) 非法操作:undefined
[ 2014-02-06T16:29:16+08:00 ] ERR: (ThinkException) 非法操作:favicon
[ 2014-02-06T16:29:35+08:00 ] 0.0.0.0 /shenjiutuan/index.php/User/login
INFO: [ app_begin ] --START--
INFO: Run ReadHtmlCache Behavior [ RunTime:-0.000414s ]
INFO: [ app_begin ] --END-- [ RunTime:0.000551s ]
NOTIC: [8192] mysql_connect(): The mysql extension is deprecated and will be removed in the future: use mysqli or PDO instead D:\develop_tools\xampp\htdocs\shenjiutuan\server\ThinkPHP\Lib\Driver\Db\DbMysql.class.php 第 55 行.
SQL: SHOW COLUMNS FROM `userinfo` [ RunTime:0.002889s ]
NOTIC: [8192] preg_replace(): The /e modifier is deprecated, use preg_replace_callback instead D:\develop_tools\xampp\htdocs\shenjiutuan\server\ThinkPHP\Lib\Core\Db.class.php 第 571 行.
SQL: SELECT `id` FROM `userinfo` WHERE email='123@aa.com' LIMIT 1   [ RunTime:0.000216s ]
NOTIC: [8192] preg_replace(): The /e modifier is deprecated, use preg_replace_callback instead D:\develop_tools\xampp\htdocs\shenjiutuan\server\ThinkPHP\Lib\Core\Db.class.php 第 571 行.
SQL: SELECT * FROM `userinfo` WHERE email='123@aa.com' and pwd='e10adc3949ba59abbe56e057f20f883e' and status=1 LIMIT 1   [ RunTime:0.000205s ]
SQL: UPDATE `userinfo` SET `last_ip`='::1',`last_date`='2014-02-06 16:29:35' WHERE email='123@aa.com' and id='3'  [ RunTime:0.048986s ]

[ 2014-02-06T16:29:35+08:00 ] ERR: (ThinkException) 非法操作:undefined
[ 2014-02-06T16:29:35+08:00 ] ERR: (ThinkException) 非法操作:favicon
[ 2014-02-06T16:29:50+08:00 ] ERR: (ThinkException) 非法操作:undefined
[ 2014-02-06T16:29:50+08:00 ] ERR: (ThinkException) 非法操作:favicon
[ 2014-02-06T16:29:55+08:00 ] 0.0.0.0 /shenjiutuan/index.php/User/login
INFO: [ app_begin ] --START--
INFO: Run ReadHtmlCache Behavior [ RunTime:-0.000527s ]
INFO: [ app_begin ] --END-- [ RunTime:0.000657s ]
NOTIC: [8192] mysql_connect(): The mysql extension is deprecated and will be removed in the future: use mysqli or PDO instead D:\develop_tools\xampp\htdocs\shenjiutuan\server\ThinkPHP\Lib\Driver\Db\DbMysql.class.php 第 55 行.
SQL: SHOW COLUMNS FROM `userinfo` [ RunTime:0.004294s ]
NOTIC: [8192] preg_replace(): The /e modifier is deprecated, use preg_replace_callback instead D:\develop_tools\xampp\htdocs\shenjiutuan\server\ThinkPHP\Lib\Core\Db.class.php 第 571 行.
SQL: SELECT `id` FROM `userinfo` WHERE email='123@163.com' LIMIT 1   [ RunTime:0.000401s ]
NOTIC: [8192] preg_replace(): The /e modifier is deprecated, use preg_replace_callback instead D:\develop_tools\xampp\htdocs\shenjiutuan\server\ThinkPHP\Lib\Core\Db.class.php 第 571 行.
SQL: SELECT * FROM `userinfo` WHERE email='123@163.com' and pwd='e10adc3949ba59abbe56e057f20f883e' and status=1 LIMIT 1   [ RunTime:0.000386s ]
SQL: UPDATE `userinfo` SET `last_ip`='::1',`last_date`='2014-02-06 16:29:55' WHERE email='123@163.com' and id='1'  [ RunTime:0.054314s ]

[ 2014-02-06T16:29:56+08:00 ] ERR: (ThinkException) 非法操作:undefined
[ 2014-02-06T16:29:56+08:00 ] ERR: (ThinkException) 非法操作:favicon
[ 2014-02-06T17:12:45+08:00 ] ERR: (ThinkException) 非法操作:undefined
[ 2014-02-06T17:12:45+08:00 ] ERR: (ThinkException) 非法操作:favicon
[ 2014-02-06T17:12:46+08:00 ] ERR: (ThinkException) 非法操作:favicon
[ 2014-02-06T17:12:59+08:00 ] ERR: (ThinkException) 非法操作:undefined
[ 2014-02-06T17:13:00+08:00 ] ERR: (ThinkException) 非法操作:favicon
[ 2014-02-06T17:13:01+08:00 ] ERR: (ThinkException) 非法操作:favicon
[ 2014-02-06T17:13:11+08:00 ] ERR: (ThinkException) 非法操作:undefined
[ 2014-02-06T17:13:12+08:00 ] ERR: (ThinkException) 非法操作:favicon
[ 2014-02-06T17:13:12+08:00 ] ERR: (ThinkException) 非法操作:favicon
[ 2014-02-06T17:13:15+08:00 ] ERR: (ThinkException) 非法操作:undefined
[ 2014-02-06T17:13:15+08:00 ] ERR: (ThinkException) 非法操作:favicon
[ 2014-02-06T17:13:15+08:00 ] ERR: (ThinkException) 非法操作:favicon
[ 2014-02-06T17:13:18+08:00 ] ERR: (ThinkException) 非法操作:undefined
[ 2014-02-06T17:13:18+08:00 ] ERR: (ThinkException) 非法操作:favicon
[ 2014-02-06T17:13:19+08:00 ] ERR: (ThinkException) 非法操作:favicon
[ 2014-02-06T17:13:24+08:00 ] ERR: (ThinkException) 非法操作:undefined
[ 2014-02-06T17:13:25+08:00 ] ERR: (ThinkException) 非法操作:favicon
[ 2014-02-06T17:13:25+08:00 ] ERR: (ThinkException) 非法操作:favicon
[ 2014-02-06T17:13:31+08:00 ] ERR: (ThinkException) 非法操作:undefined
[ 2014-02-06T17:13:32+08:00 ] ERR: (ThinkException) 非法操作:favicon
[ 2014-02-06T17:13:32+08:00 ] ERR: (ThinkException) 非法操作:favicon
[ 2014-02-06T17:13:47+08:00 ] ERR: (ThinkException) 非法操作:favicon
[ 2014-02-06T17:15:13+08:00 ] ERR: (ThinkException) 非法操作:favicon
[ 2014-02-06T17:15:16+08:00 ] ERR: (ThinkException) 非法操作:favicon
[ 2014-02-06T17:15:17+08:00 ] ERR: (ThinkException) 非法操作:favicon
[ 2014-02-06T17:15:17+08:00 ] ERR: (ThinkException) 非法操作:favicon
[ 2014-02-06T17:15:18+08:00 ] ERR: (ThinkException) 非法操作:favicon
[ 2014-02-06T17:15:22+08:00 ] ERR: (ThinkException) 非法操作:favicon
[ 2014-02-06T17:15:24+08:00 ] ERR: (ThinkException) 非法操作:favicon
[ 2014-02-06T17:15:25+08:00 ] ERR: (ThinkException) 非法操作:applylist
[ 2014-02-06T17:15:30+08:00 ] ERR: (ThinkException) 非法操作:undefined
[ 2014-02-06T17:15:30+08:00 ] ERR: (ThinkException) 非法操作:favicon
[ 2014-02-06T17:15:31+08:00 ] ERR: (ThinkException) 非法操作:favicon
[ 2014-02-06T17:23:18+08:00 ] ERR: (ThinkException) 非法操作:undefined
[ 2014-02-06T17:23:18+08:00 ] ERR: (ThinkException) 非法操作:favicon
[ 2014-02-06T17:23:19+08:00 ] ERR: (ThinkException) 非法操作:applylist
[ 2014-02-06T17:23:20+08:00 ] ERR: (ThinkException) 非法操作:undefined
[ 2014-02-06T17:23:20+08:00 ] ERR: (ThinkException) 非法操作:favicon
