[ 2014-02-24T00:24:50+08:00 ] 66.249.66.124 /
INFO: [ app_begin ] --START--
INFO: Run ReadHtmlCache Behavior [ RunTime:0.002597s ]
INFO: [ app_begin ] --END-- [ RunTime:0.002726s ]
INFO: [ view_template ] --START--
INFO: Run LocationTemplate Behavior [ RunTime:-0.011965s ]
INFO: [ view_template ] --END-- [ RunTime:0.000716s ]
INFO: [ view_parse ] --START--
INFO: Run ParseTemplate Behavior [ RunTime:-0.012724s ]
INFO: [ view_parse ] --END-- [ RunTime:0.460056s ]
INFO: [ view_filter ] --START--
INFO: Run ContentReplace Behavior [ RunTime:-0.472800s ]
INFO: Run TokenBuild Behavior [ RunTime:-0.474094s ]
INFO: Run WriteHtmlCache Behavior [ RunTime:-0.477076s ]
INFO: Run ShowRuntime Behavior [ RunTime:-0.481029s ]
INFO: [ view_filter ] --END-- [ RunTime:0.012313s ]
INFO: [ view_end ] --START--
INFO: Run ShowPageTrace Behavior [ RunTime:-0.485164s ]
INFO: [ view_end ] --END-- [ RunTime:0.008028s ]

[ 2014-02-24T03:12:14+08:00 ] 66.249.66.124 /index.php/News/newslist.html
INFO: [ route_check ] --START--
INFO: Run CheckRoute Behavior [ RunTime:0.001049s ]
INFO: [ route_check ] --END-- [ RunTime:0.001135s ]
INFO: [ app_begin ] --START--
INFO: Run ReadHtmlCache Behavior [ RunTime:-0.000255s ]
INFO: [ app_begin ] --END-- [ RunTime:0.007551s ]
NOTIC: [8] A session had already been started - ignoring session_start() /home/wcmscom/public_html/50290749/g12d9.com/server/.Lib/Action/BaseAction.class.php 第 5 行.
NOTIC: [8] Undefined index:  page /home/wcmscom/public_html/50290749/g12d9.com/server/.Lib/Action/Home/NewsAction.class.php 第 8 行.
NOTIC: [8] Undefined index:  state /home/wcmscom/public_html/50290749/g12d9.com/server/.Lib/Action/Home/NewsAction.class.php 第 9 行.
SQL: SHOW COLUMNS FROM `news` [ RunTime:0.002997s ]
SQL: SELECT COUNT(*) AS tp_count FROM `news` LIMIT 1   [ RunTime:0.000139s ]
SQL: SELECT `id`,`title`,`status`,`date` FROM `news` WHERE status='1'  ORDER BY id desc LIMIT 0,13   [ RunTime:0.000122s ]
INFO: [ view_template ] --START--
INFO: Run LocationTemplate Behavior [ RunTime:-0.134327s ]
INFO: [ view_template ] --END-- [ RunTime:0.001086s ]
INFO: [ view_parse ] --START--
INFO: Run ParseTemplate Behavior [ RunTime:-0.135438s ]
INFO: [ view_parse ] --END-- [ RunTime:0.113383s ]
INFO: [ view_filter ] --START--
INFO: Run ContentReplace Behavior [ RunTime:-0.248845s ]
INFO: Run TokenBuild Behavior [ RunTime:-0.258102s ]
INFO: Run WriteHtmlCache Behavior [ RunTime:-0.262053s ]
INFO: Run ShowRuntime Behavior [ RunTime:-0.267411s ]
INFO: [ view_filter ] --END-- [ RunTime:0.021240s ]
INFO: [ view_end ] --START--
INFO: Run ShowPageTrace Behavior [ RunTime:-0.270123s ]
INFO: [ view_end ] --END-- [ RunTime:0.007969s ]

[ 2014-02-24T03:34:44+08:00 ] 163.177.69.38 /
INFO: [ app_begin ] --START--
INFO: Run ReadHtmlCache Behavior [ RunTime:0.000260s ]
INFO: [ app_begin ] --END-- [ RunTime:0.000345s ]
INFO: [ view_template ] --START--
INFO: Run LocationTemplate Behavior [ RunTime:-0.014338s ]
INFO: [ view_template ] --END-- [ RunTime:0.000213s ]
INFO: [ view_parse ] --START--
INFO: Run ParseTemplate Behavior [ RunTime:-0.014577s ]
INFO: [ view_parse ] --END-- [ RunTime:0.031407s ]
INFO: [ view_filter ] --START--
INFO: Run ContentReplace Behavior [ RunTime:-0.046008s ]
INFO: Run TokenBuild Behavior [ RunTime:-0.046223s ]
INFO: Run WriteHtmlCache Behavior [ RunTime:-0.046394s ]
INFO: Run ShowRuntime Behavior [ RunTime:-0.046511s ]
INFO: [ view_filter ] --END-- [ RunTime:0.000730s ]
INFO: [ view_end ] --START--
INFO: Run ShowPageTrace Behavior [ RunTime:-0.046777s ]
INFO: [ view_end ] --END-- [ RunTime:0.000307s ]

[ 2014-02-24T03:34:44+08:00 ] 119.147.146.189 /
INFO: [ app_begin ] --START--
INFO: Run ReadHtmlCache Behavior [ RunTime:0.000261s ]
INFO: [ app_begin ] --END-- [ RunTime:0.000339s ]
INFO: [ view_template ] --START--
INFO: Run LocationTemplate Behavior [ RunTime:-0.000368s ]
INFO: [ view_template ] --END-- [ RunTime:0.000176s ]
INFO: [ view_parse ] --START--
INFO: Run ParseTemplate Behavior [ RunTime:-0.000569s ]
INFO: [ view_parse ] --END-- [ RunTime:0.005349s ]
INFO: [ view_filter ] --START--
INFO: Run ContentReplace Behavior [ RunTime:-0.005948s ]
INFO: Run TokenBuild Behavior [ RunTime:-0.006172s ]
INFO: Run WriteHtmlCache Behavior [ RunTime:-0.006343s ]
INFO: Run ShowRuntime Behavior [ RunTime:-0.006461s ]
INFO: [ view_filter ] --END-- [ RunTime:0.000742s ]
INFO: [ view_end ] --START--
INFO: Run ShowPageTrace Behavior [ RunTime:-0.006733s ]
INFO: [ view_end ] --END-- [ RunTime:0.000309s ]

[ 2014-02-24T23:38:57+08:00 ] 182.118.21.253 /
INFO: [ app_begin ] --START--
INFO: Run ReadHtmlCache Behavior [ RunTime:0.001930s ]
INFO: [ app_begin ] --END-- [ RunTime:0.002009s ]
INFO: [ view_template ] --START--
INFO: Run LocationTemplate Behavior [ RunTime:-0.029542s ]
INFO: [ view_template ] --END-- [ RunTime:0.002634s ]
INFO: [ view_parse ] --START--
INFO: Run ParseTemplate Behavior [ RunTime:-0.032202s ]
INFO: [ view_parse ] --END-- [ RunTime:0.533306s ]
INFO: [ view_filter ] --START--
INFO: Run ContentReplace Behavior [ RunTime:-0.565534s ]
INFO: Run TokenBuild Behavior [ RunTime:-0.572750s ]
INFO: Run WriteHtmlCache Behavior [ RunTime:-0.573247s ]
INFO: Run ShowRuntime Behavior [ RunTime:-0.573631s ]
INFO: [ view_filter ] --END-- [ RunTime:0.008723s ]
INFO: [ view_end ] --START--
INFO: Run ShowPageTrace Behavior [ RunTime:-0.574305s ]
INFO: [ view_end ] --END-- [ RunTime:0.000750s ]

[ 2014-02-24T23:56:51+08:00 ] 113.92.234.171 /
INFO: [ app_begin ] --START--
INFO: Run ReadHtmlCache Behavior [ RunTime:0.000273s ]
INFO: [ app_begin ] --END-- [ RunTime:0.000351s ]
INFO: [ view_template ] --START--
INFO: Run LocationTemplate Behavior [ RunTime:-0.000370s ]
INFO: [ view_template ] --END-- [ RunTime:0.000187s ]
INFO: [ view_parse ] --START--
INFO: Run ParseTemplate Behavior [ RunTime:-0.000584s ]
INFO: [ view_parse ] --END-- [ RunTime:0.005310s ]
INFO: [ view_filter ] --START--
INFO: Run ContentReplace Behavior [ RunTime:-0.005917s ]
INFO: Run TokenBuild Behavior [ RunTime:-0.006116s ]
INFO: Run WriteHtmlCache Behavior [ RunTime:-0.006292s ]
INFO: Run ShowRuntime Behavior [ RunTime:-0.006406s ]
INFO: [ view_filter ] --END-- [ RunTime:0.000719s ]
INFO: [ view_end ] --START--
INFO: Run ShowPageTrace Behavior [ RunTime:-0.006673s ]
INFO: [ view_end ] --END-- [ RunTime:0.000297s ]

[ 2014-02-24T23:57:00+08:00 ] 113.92.234.171 /index.php/User/login
INFO: [ route_check ] --START--
INFO: Run CheckRoute Behavior [ RunTime:0.097017s ]
INFO: [ route_check ] --END-- [ RunTime:0.097110s ]
INFO: [ app_begin ] --START--
INFO: Run ReadHtmlCache Behavior [ RunTime:-0.000339s ]
INFO: [ app_begin ] --END-- [ RunTime:0.000305s ]
SQL: SHOW COLUMNS FROM `userinfo` [ RunTime:0.003264s ]
SQL: SELECT `id` FROM `userinfo` WHERE email='huck@iasys.net' LIMIT 1   [ RunTime:0.000148s ]
SQL: SELECT * FROM `userinfo` WHERE email='huck@iasys.net' and pwd='320d241b325942d97005675dad80a1ff' and status=1 LIMIT 1   [ RunTime:0.000124s ]

[ 2014-02-24T23:57:06+08:00 ] 113.92.234.171 /index.php/User/login
INFO: [ route_check ] --START--
INFO: Run CheckRoute Behavior [ RunTime:0.000400s ]
INFO: [ route_check ] --END-- [ RunTime:0.000476s ]
INFO: [ app_begin ] --START--
INFO: Run ReadHtmlCache Behavior [ RunTime:-0.000252s ]
INFO: [ app_begin ] --END-- [ RunTime:0.000271s ]
SQL: SHOW COLUMNS FROM `userinfo` [ RunTime:0.003390s ]
SQL: SELECT `id` FROM `userinfo` WHERE email='huck@iasys.net' LIMIT 1   [ RunTime:0.000051s ]
SQL: SELECT * FROM `userinfo` WHERE email='huck@iasys.net' and pwd='b1b115dd0bb803d5ac89a6ee809249c1' and status=1 LIMIT 1   [ RunTime:0.000173s ]
SQL: UPDATE `userinfo` SET `last_ip`='113.92.234.171',`last_date`='2014-02-24 23:57:06' WHERE email='huck@iasys.net' and id='7'  [ RunTime:0.000157s ]

[ 2014-02-24T23:57:06+08:00 ] 113.92.234.171 /
INFO: [ app_begin ] --START--
INFO: Run ReadHtmlCache Behavior [ RunTime:0.000254s ]
INFO: [ app_begin ] --END-- [ RunTime:0.000329s ]
INFO: [ view_template ] --START--
INFO: Run LocationTemplate Behavior [ RunTime:-0.000347s ]
INFO: [ view_template ] --END-- [ RunTime:0.000179s ]
INFO: [ view_parse ] --START--
INFO: Run ParseTemplate Behavior [ RunTime:-0.000552s ]
INFO: [ view_parse ] --END-- [ RunTime:0.005345s ]
INFO: [ view_filter ] --START--
INFO: Run ContentReplace Behavior [ RunTime:-0.005920s ]
INFO: Run TokenBuild Behavior [ RunTime:-0.006124s ]
INFO: Run WriteHtmlCache Behavior [ RunTime:-0.006296s ]
INFO: Run ShowRuntime Behavior [ RunTime:-0.006408s ]
INFO: [ view_filter ] --END-- [ RunTime:0.000715s ]
INFO: [ view_end ] --START--
INFO: Run ShowPageTrace Behavior [ RunTime:-0.006672s ]
INFO: [ view_end ] --END-- [ RunTime:0.000296s ]

[ 2014-02-24T23:57:10+08:00 ] 113.92.234.171 /index.php/Ball/ballList
INFO: [ route_check ] --START--
INFO: Run CheckRoute Behavior [ RunTime:0.000399s ]
INFO: [ route_check ] --END-- [ RunTime:0.000474s ]
INFO: [ app_begin ] --START--
INFO: Run ReadHtmlCache Behavior [ RunTime:-0.000255s ]
INFO: [ app_begin ] --END-- [ RunTime:0.000281s ]
NOTIC: [8] A session had already been started - ignoring session_start() /home/wcmscom/public_html/50290749/g12d9.com/server/.Lib/Action/BaseAction.class.php 第 5 行.
NOTIC: [8] Undefined index:  page /home/wcmscom/public_html/50290749/g12d9.com/server/.Lib/Action/Home/BallAction.class.php 第 38 行.
NOTIC: [8] Undefined index:  state /home/wcmscom/public_html/50290749/g12d9.com/server/.Lib/Action/Home/BallAction.class.php 第 39 行.
SQL: SHOW COLUMNS FROM `booktickets` [ RunTime:0.004885s ]
SQL: SELECT COUNT(*) AS tp_count FROM `booktickets` LIMIT 1   [ RunTime:0.000821s ]
SQL: SELECT `id`,`status`,`title`,`date` FROM `booktickets` WHERE status!=0 ORDER BY id desc LIMIT 0,13   [ RunTime:0.000113s ]
INFO: [ view_template ] --START--
INFO: Run LocationTemplate Behavior [ RunTime:-0.084524s ]
INFO: [ view_template ] --END-- [ RunTime:0.000255s ]
INFO: [ view_parse ] --START--
INFO: Run ParseTemplate Behavior [ RunTime:-0.084806s ]
INFO: [ view_parse ] --END-- [ RunTime:0.044145s ]
INFO: [ view_filter ] --START--
INFO: Run ContentReplace Behavior [ RunTime:-0.129008s ]
INFO: Run TokenBuild Behavior [ RunTime:-0.129290s ]
INFO: Run WriteHtmlCache Behavior [ RunTime:-0.129555s ]
INFO: Run ShowRuntime Behavior [ RunTime:-0.129726s ]
INFO: [ view_filter ] --END-- [ RunTime:0.001076s ]
INFO: [ view_end ] --START--
INFO: Run ShowPageTrace Behavior [ RunTime:-0.130150s ]
INFO: [ view_end ] --END-- [ RunTime:0.000454s ]

[ 2014-02-24T23:57:11+08:00 ] ERR: (ThinkException) 非法操作:undefined
[ 2014-02-24T23:57:11+08:00 ] 113.92.234.171 /index.php/Ball/undefined
INFO: [ route_check ] --START--
INFO: Run CheckRoute Behavior [ RunTime:0.000616s ]
INFO: [ route_check ] --END-- [ RunTime:0.000738s ]
INFO: [ app_begin ] --START--
INFO: Run ReadHtmlCache Behavior [ RunTime:-0.000402s ]
INFO: [ app_begin ] --END-- [ RunTime:0.000427s ]
NOTIC: [8] A session had already been started - ignoring session_start() /home/wcmscom/public_html/50290749/g12d9.com/server/.Lib/Action/BaseAction.class.php 第 5 行.
NOTIC: [8] Undefined index:  class /home/wcmscom/public_html/50290749/g12d9.com/server/ThinkPHP/Lib/Core/ThinkException.class.php 第 63 行.
NOTIC: [8] Undefined index:  type /home/wcmscom/public_html/50290749/g12d9.com/server/ThinkPHP/Lib/Core/ThinkException.class.php 第 63 行.
NOTIC: [8] Undefined index:  args /home/wcmscom/public_html/50290749/g12d9.com/server/ThinkPHP/Lib/Core/ThinkException.class.php 第 64 行.
NOTIC: [2] implode() [<a href='function.implode'>function.implode</a>]: Invalid arguments passed /home/wcmscom/public_html/50290749/g12d9.com/server/ThinkPHP/Lib/Core/ThinkException.class.php 第 64 行.
NOTIC: [8] Undefined index:  file /home/wcmscom/public_html/50290749/g12d9.com/server/ThinkPHP/Lib/Core/ThinkException.class.php 第 62 行.
NOTIC: [8] Undefined index:  line /home/wcmscom/public_html/50290749/g12d9.com/server/ThinkPHP/Lib/Core/ThinkException.class.php 第 62 行.
NOTIC: [4096] Object of class BallAction could not be converted to string /home/wcmscom/public_html/50290749/g12d9.com/server/ThinkPHP/Lib/Core/ThinkException.class.php 第 64 行.
NOTIC: [8] Array to string conversion /home/wcmscom/public_html/50290749/g12d9.com/server/ThinkPHP/Lib/Core/ThinkException.class.php 第 64 行.
NOTIC: [8] Undefined index:  class /home/wcmscom/public_html/50290749/g12d9.com/server/ThinkPHP/Lib/Core/ThinkException.class.php 第 63 行.
NOTIC: [8] Undefined index:  type /home/wcmscom/public_html/50290749/g12d9.com/server/ThinkPHP/Lib/Core/ThinkException.class.php 第 63 行.
NOTIC: [8] Undefined index:  class /home/wcmscom/public_html/50290749/g12d9.com/server/ThinkPHP/Lib/Core/ThinkException.class.php 第 63 行.
NOTIC: [8] Undefined index:  type /home/wcmscom/public_html/50290749/g12d9.com/server/ThinkPHP/Lib/Core/ThinkException.class.php 第 63 行.

[ 2014-02-24T23:57:13+08:00 ] 113.92.234.171 /index.php/Ball/applydetails?id=18
INFO: [ route_check ] --START--
INFO: Run CheckRoute Behavior [ RunTime:0.000428s ]
INFO: [ route_check ] --END-- [ RunTime:0.000504s ]
INFO: [ app_begin ] --START--
INFO: Run ReadHtmlCache Behavior [ RunTime:-0.000261s ]
INFO: [ app_begin ] --END-- [ RunTime:0.000271s ]
NOTIC: [8] A session had already been started - ignoring session_start() /home/wcmscom/public_html/50290749/g12d9.com/server/.Lib/Action/BaseAction.class.php 第 5 行.
SQL: SHOW COLUMNS FROM `booktickets` [ RunTime:0.003280s ]
SQL: SELECT `id`,`title`,`remark`,`maxnums`,`status`,`date`,`match_time`,`match_address`,`ticket_cost`,`car_cost`,`match_op` FROM `booktickets` WHERE id='18'  LIMIT 0,1   [ RunTime:0.000154s ]
INFO: [ view_template ] --START--
INFO: Run LocationTemplate Behavior [ RunTime:-0.010259s ]
INFO: [ view_template ] --END-- [ RunTime:0.000228s ]
INFO: [ view_parse ] --START--
INFO: Run ParseTemplate Behavior [ RunTime:-0.010514s ]
INFO: [ view_parse ] --END-- [ RunTime:0.083785s ]
INFO: [ view_filter ] --START--
INFO: Run ContentReplace Behavior [ RunTime:-0.094326s ]
INFO: Run TokenBuild Behavior [ RunTime:-0.094518s ]
INFO: Run WriteHtmlCache Behavior [ RunTime:-0.094692s ]
INFO: Run ShowRuntime Behavior [ RunTime:-0.094804s ]
INFO: [ view_filter ] --END-- [ RunTime:0.000706s ]
INFO: [ view_end ] --START--
INFO: Run ShowPageTrace Behavior [ RunTime:-0.095071s ]
INFO: [ view_end ] --END-- [ RunTime:0.000302s ]

[ 2014-02-24T23:57:13+08:00 ] ERR: (ThinkException) 非法操作:undefined
[ 2014-02-24T23:57:13+08:00 ] 113.92.234.171 /index.php/Ball/undefined
INFO: [ route_check ] --START--
INFO: Run CheckRoute Behavior [ RunTime:0.000395s ]
INFO: [ route_check ] --END-- [ RunTime:0.000469s ]
INFO: [ app_begin ] --START--
INFO: Run ReadHtmlCache Behavior [ RunTime:-0.000259s ]
INFO: [ app_begin ] --END-- [ RunTime:0.000275s ]
NOTIC: [8] A session had already been started - ignoring session_start() /home/wcmscom/public_html/50290749/g12d9.com/server/.Lib/Action/BaseAction.class.php 第 5 行.
NOTIC: [8] Undefined index:  class /home/wcmscom/public_html/50290749/g12d9.com/server/ThinkPHP/Lib/Core/ThinkException.class.php 第 63 行.
NOTIC: [8] Undefined index:  type /home/wcmscom/public_html/50290749/g12d9.com/server/ThinkPHP/Lib/Core/ThinkException.class.php 第 63 行.
NOTIC: [8] Undefined index:  args /home/wcmscom/public_html/50290749/g12d9.com/server/ThinkPHP/Lib/Core/ThinkException.class.php 第 64 行.
NOTIC: [2] implode() [<a href='function.implode'>function.implode</a>]: Invalid arguments passed /home/wcmscom/public_html/50290749/g12d9.com/server/ThinkPHP/Lib/Core/ThinkException.class.php 第 64 行.
NOTIC: [8] Undefined index:  file /home/wcmscom/public_html/50290749/g12d9.com/server/ThinkPHP/Lib/Core/ThinkException.class.php 第 62 行.
NOTIC: [8] Undefined index:  line /home/wcmscom/public_html/50290749/g12d9.com/server/ThinkPHP/Lib/Core/ThinkException.class.php 第 62 行.
NOTIC: [4096] Object of class BallAction could not be converted to string /home/wcmscom/public_html/50290749/g12d9.com/server/ThinkPHP/Lib/Core/ThinkException.class.php 第 64 行.
NOTIC: [8] Array to string conversion /home/wcmscom/public_html/50290749/g12d9.com/server/ThinkPHP/Lib/Core/ThinkException.class.php 第 64 行.
NOTIC: [8] Undefined index:  class /home/wcmscom/public_html/50290749/g12d9.com/server/ThinkPHP/Lib/Core/ThinkException.class.php 第 63 行.
NOTIC: [8] Undefined index:  type /home/wcmscom/public_html/50290749/g12d9.com/server/ThinkPHP/Lib/Core/ThinkException.class.php 第 63 行.
NOTIC: [8] Undefined index:  class /home/wcmscom/public_html/50290749/g12d9.com/server/ThinkPHP/Lib/Core/ThinkException.class.php 第 63 行.
NOTIC: [8] Undefined index:  type /home/wcmscom/public_html/50290749/g12d9.com/server/ThinkPHP/Lib/Core/ThinkException.class.php 第 63 行.

[ 2014-02-24T23:57:16+08:00 ] 113.92.234.171 /index.php/Ball/applycheck?id=18
INFO: [ route_check ] --START--
INFO: Run CheckRoute Behavior [ RunTime:0.000570s ]
INFO: [ route_check ] --END-- [ RunTime:0.000694s ]
INFO: [ app_begin ] --START--
INFO: Run ReadHtmlCache Behavior [ RunTime:-0.000408s ]
INFO: [ app_begin ] --END-- [ RunTime:0.000359s ]
NOTIC: [8] A session had already been started - ignoring session_start() /home/wcmscom/public_html/50290749/g12d9.com/server/.Lib/Action/BaseAction.class.php 第 5 行.
SQL: SHOW COLUMNS FROM `booktickets` [ RunTime:0.059975s ]
SQL: SELECT `id`,`title`,`remark`,`maxnums`,`status`,`date`,`match_time`,`match_address`,`ticket_cost`,`car_cost`,`match_op` FROM `booktickets` WHERE id='18'  LIMIT 0,1   [ RunTime:0.000056s ]
SQL: SHOW COLUMNS FROM `ticket_logs` [ RunTime:0.005234s ]
SQL: SELECT `id`,`tid`,`uid`,`nickname`,`ticket_nums`,`car_nums`,`watch_nums`,`style`,`goadd`,`isPay`,`status`,`remark`,`date`,`title` FROM `ticket_logs` WHERE tid='18' and uid='7'  LIMIT 0,1   [ RunTime:0.000198s ]

[ 2014-02-24T23:57:30+08:00 ] 113.92.234.171 /
INFO: [ app_begin ] --START--
INFO: Run ReadHtmlCache Behavior [ RunTime:0.000257s ]
INFO: [ app_begin ] --END-- [ RunTime:0.000332s ]
INFO: [ view_template ] --START--
INFO: Run LocationTemplate Behavior [ RunTime:-0.000335s ]
INFO: [ view_template ] --END-- [ RunTime:0.000176s ]
INFO: [ view_parse ] --START--
INFO: Run ParseTemplate Behavior [ RunTime:-0.000535s ]
INFO: [ view_parse ] --END-- [ RunTime:0.005343s ]
INFO: [ view_filter ] --START--
INFO: Run ContentReplace Behavior [ RunTime:-0.005901s ]
INFO: Run TokenBuild Behavior [ RunTime:-0.006102s ]
INFO: Run WriteHtmlCache Behavior [ RunTime:-0.006271s ]
INFO: Run ShowRuntime Behavior [ RunTime:-0.006384s ]
INFO: [ view_filter ] --END-- [ RunTime:0.000711s ]
INFO: [ view_end ] --START--
INFO: Run ShowPageTrace Behavior [ RunTime:-0.006648s ]
INFO: [ view_end ] --END-- [ RunTime:0.000295s ]

[ 2014-02-24T23:57:37+08:00 ] 113.92.234.171 /index.php/Admin/ball/ajaxGetBalls?page=1
INFO: [ route_check ] --START--
INFO: Run CheckRoute Behavior [ RunTime:0.000402s ]
INFO: [ route_check ] --END-- [ RunTime:0.000477s ]
INFO: [ app_begin ] --START--
INFO: Run ReadHtmlCache Behavior [ RunTime:-0.000255s ]
INFO: [ app_begin ] --END-- [ RunTime:0.000273s ]
NOTIC: [8] A session had already been started - ignoring session_start() /home/wcmscom/public_html/50290749/g12d9.com/server/.Lib/Action/AdminAction.class.php 第 6 行.
NOTIC: [8] Undefined index:  state /home/wcmscom/public_html/50290749/g12d9.com/server/.Lib/Action/Admin/BallAction.class.php 第 60 行.
SQL: SHOW COLUMNS FROM `booktickets` [ RunTime:0.003512s ]
SQL: SELECT COUNT(*) AS tp_count FROM `booktickets` LIMIT 1   [ RunTime:0.000040s ]
SQL: SELECT `id`,`title`,`remark`,`maxnums`,`status`,`date`,`match_time`,`match_address`,`ticket_cost`,`car_cost`,`match_op` FROM `booktickets` ORDER BY id desc LIMIT 0,15   [ RunTime:0.000155s ]

[ 2014-02-24T23:58:30+08:00 ] 113.92.234.171 /index.php/Admin/ball/balllog?id=18
INFO: [ route_check ] --START--
INFO: Run CheckRoute Behavior [ RunTime:0.000514s ]
INFO: [ route_check ] --END-- [ RunTime:0.000619s ]
INFO: [ app_begin ] --START--
INFO: Run ReadHtmlCache Behavior [ RunTime:-0.000338s ]
INFO: [ app_begin ] --END-- [ RunTime:0.001147s ]
NOTIC: [8] A session had already been started - ignoring session_start() /home/wcmscom/public_html/50290749/g12d9.com/server/.Lib/Action/AdminAction.class.php 第 6 行.
SQL: SHOW COLUMNS FROM `ticket_logs` [ RunTime:0.004796s ]
SQL: SELECT * FROM `ticket_logs` WHERE tid='18' and status='1'   [ RunTime:0.000155s ]
SQL: SHOW COLUMNS FROM `booktickets` [ RunTime:0.004426s ]
NOTIC: [8] Undefined index:  tid /home/wcmscom/public_html/50290749/g12d9.com/server/.Lib/Action/Admin/BallAction.class.php 第 122 行.
SQL: SELECT `title`,`id` FROM `booktickets` LIMIT 0,1   [ RunTime:0.000106s ]
SQL: select sum(ticket_nums) as totalT,sum(car_nums) as totalC,sum(watch_nums) as totalW from ticket_logs where tid=18 and status=1 [ RunTime:0.000148s ]

[ 2014-02-24T23:59:10+08:00 ] 113.92.234.171 /index.php/Admin/ball/getOneBallLog?id=13
INFO: [ route_check ] --START--
INFO: Run CheckRoute Behavior [ RunTime:0.000405s ]
INFO: [ route_check ] --END-- [ RunTime:0.000494s ]
INFO: [ app_begin ] --START--
INFO: Run ReadHtmlCache Behavior [ RunTime:-0.000268s ]
INFO: [ app_begin ] --END-- [ RunTime:0.000277s ]
NOTIC: [8] A session had already been started - ignoring session_start() /home/wcmscom/public_html/50290749/g12d9.com/server/.Lib/Action/AdminAction.class.php 第 6 行.
SQL: SHOW COLUMNS FROM `ticket_logs` [ RunTime:0.003096s ]
SQL: SELECT `id`,`tid`,`uid`,`nickname`,`ticket_nums`,`car_nums`,`watch_nums`,`style`,`goadd`,`isPay`,`status`,`remark`,`date`,`title` FROM `ticket_logs` WHERE id='13'  LIMIT 0,1   [ RunTime:0.000178s ]

[ 2014-02-24T23:59:31+08:00 ] 113.92.234.171 /index.php/Admin/ball/ajaxGetBalls?page=1
INFO: [ route_check ] --START--
INFO: Run CheckRoute Behavior [ RunTime:0.000411s ]
INFO: [ route_check ] --END-- [ RunTime:0.000507s ]
INFO: [ app_begin ] --START--
INFO: Run ReadHtmlCache Behavior [ RunTime:-0.000284s ]
INFO: [ app_begin ] --END-- [ RunTime:0.000273s ]
NOTIC: [8] A session had already been started - ignoring session_start() /home/wcmscom/public_html/50290749/g12d9.com/server/.Lib/Action/AdminAction.class.php 第 6 行.
NOTIC: [8] Undefined index:  state /home/wcmscom/public_html/50290749/g12d9.com/server/.Lib/Action/Admin/BallAction.class.php 第 60 行.
SQL: SHOW COLUMNS FROM `booktickets` [ RunTime:0.003111s ]
SQL: SELECT COUNT(*) AS tp_count FROM `booktickets` LIMIT 1   [ RunTime:0.000039s ]
SQL: SELECT `id`,`title`,`remark`,`maxnums`,`status`,`date`,`match_time`,`match_address`,`ticket_cost`,`car_cost`,`match_op` FROM `booktickets` ORDER BY id desc LIMIT 0,15   [ RunTime:0.000060s ]

[ 2014-02-24T23:59:33+08:00 ] 113.92.234.171 /index.php/Admin/user/ajaxGetUsers?page=1
INFO: [ route_check ] --START--
INFO: Run CheckRoute Behavior [ RunTime:0.000398s ]
INFO: [ route_check ] --END-- [ RunTime:0.000478s ]
INFO: [ app_begin ] --START--
INFO: Run ReadHtmlCache Behavior [ RunTime:-0.000250s ]
INFO: [ app_begin ] --END-- [ RunTime:0.000268s ]
NOTIC: [8] A session had already been started - ignoring session_start() /home/wcmscom/public_html/50290749/g12d9.com/server/.Lib/Action/BaseAction.class.php 第 5 行.
SQL: SHOW COLUMNS FROM `userinfo` [ RunTime:0.003120s ]
NOTIC: [8] Undefined index:  search /home/wcmscom/public_html/50290749/g12d9.com/server/.Lib/Action/Admin/UserAction.class.php 第 115 行.
SQL: SELECT COUNT(*) AS tp_count FROM `userinfo` LIMIT 1   [ RunTime:0.000161s ]
SQL: SELECT `id`,`nickname`,`email`,`pwd`,`tel`,`isVip`,`isYear`,`isAdmin`,`address`,`joindate`,`last_date`,`last_ip`,`status` FROM `userinfo` WHERE status='1'  ORDER BY 1 LIMIT 0,15   [ RunTime:0.000167s ]

[ 2014-02-24T23:59:36+08:00 ] 113.92.234.171 /index.php/Admin/party/ajaxGetParty?page=1
INFO: [ route_check ] --START--
INFO: Run CheckRoute Behavior [ RunTime:0.000402s ]
INFO: [ route_check ] --END-- [ RunTime:0.000479s ]
INFO: [ app_begin ] --START--
INFO: Run ReadHtmlCache Behavior [ RunTime:-0.000255s ]
INFO: [ app_begin ] --END-- [ RunTime:0.000271s ]
NOTIC: [8] A session had already been started - ignoring session_start() /home/wcmscom/public_html/50290749/g12d9.com/server/.Lib/Action/AdminAction.class.php 第 6 行.
NOTIC: [8] Undefined index:  state /home/wcmscom/public_html/50290749/g12d9.com/server/.Lib/Action/Admin/PartyAction.class.php 第 56 行.
SQL: SHOW COLUMNS FROM `party` [ RunTime:0.003496s ]
SQL: SELECT COUNT(*) AS tp_count FROM `party` LIMIT 1   [ RunTime:0.000154s ]
SQL: SELECT `id`,`title`,`content`,`status`,`date` FROM `party` ORDER BY id desc LIMIT 0,15   [ RunTime:0.000125s ]

[ 2014-02-24T23:59:38+08:00 ] 113.92.234.171 /index.php/Admin/ball/ajaxGetBalls?page=1
INFO: [ route_check ] --START--
INFO: Run CheckRoute Behavior [ RunTime:0.000392s ]
INFO: [ route_check ] --END-- [ RunTime:0.000473s ]
INFO: [ app_begin ] --START--
INFO: Run ReadHtmlCache Behavior [ RunTime:-0.000262s ]
INFO: [ app_begin ] --END-- [ RunTime:0.000294s ]
NOTIC: [8] A session had already been started - ignoring session_start() /home/wcmscom/public_html/50290749/g12d9.com/server/.Lib/Action/AdminAction.class.php 第 6 行.
NOTIC: [8] Undefined index:  state /home/wcmscom/public_html/50290749/g12d9.com/server/.Lib/Action/Admin/BallAction.class.php 第 60 行.
SQL: SHOW COLUMNS FROM `booktickets` [ RunTime:0.003569s ]
SQL: SELECT COUNT(*) AS tp_count FROM `booktickets` LIMIT 1   [ RunTime:0.000054s ]
SQL: SELECT `id`,`title`,`remark`,`maxnums`,`status`,`date`,`match_time`,`match_address`,`ticket_cost`,`car_cost`,`match_op` FROM `booktickets` ORDER BY id desc LIMIT 0,15   [ RunTime:0.000042s ]

[ 2014-02-24T23:59:47+08:00 ] 113.92.234.171 /index.php/User/balldeatils
INFO: [ route_check ] --START--
INFO: Run CheckRoute Behavior [ RunTime:0.000580s ]
INFO: [ route_check ] --END-- [ RunTime:0.000698s ]
INFO: [ app_begin ] --START--
INFO: Run ReadHtmlCache Behavior [ RunTime:-0.000402s ]
INFO: [ app_begin ] --END-- [ RunTime:0.000401s ]
NOTIC: [8] Undefined index:  page /home/wcmscom/public_html/50290749/g12d9.com/server/.Lib/Action/Home/UserAction.class.php 第 98 行.
SQL: SHOW COLUMNS FROM `ticket_logs` [ RunTime:0.004787s ]
SQL: select count(id) as nums from ticket_logs where uid=7 [ RunTime:0.000139s ]
SQL: SELECT `id`,`status`,`title`,`date` FROM `ticket_logs` WHERE uid='7'  ORDER BY id desc LIMIT 0,8   [ RunTime:0.000098s ]
INFO: [ view_template ] --START--
INFO: Run LocationTemplate Behavior [ RunTime:-0.024540s ]
INFO: [ view_template ] --END-- [ RunTime:0.005364s ]
INFO: [ view_parse ] --START--
INFO: Run ParseTemplate Behavior [ RunTime:-0.029943s ]
INFO: [ view_parse ] --END-- [ RunTime:0.028555s ]
INFO: [ view_filter ] --START--
INFO: Run ContentReplace Behavior [ RunTime:-0.058527s ]
INFO: Run TokenBuild Behavior [ RunTime:-0.058729s ]
INFO: Run WriteHtmlCache Behavior [ RunTime:-0.058908s ]
INFO: Run ShowRuntime Behavior [ RunTime:-0.059023s ]
INFO: [ view_filter ] --END-- [ RunTime:0.000741s ]
INFO: [ view_end ] --START--
INFO: Run ShowPageTrace Behavior [ RunTime:-0.059307s ]
INFO: [ view_end ] --END-- [ RunTime:0.000310s ]

[ 2014-02-24T23:59:48+08:00 ] ERR: (ThinkException) 非法操作:undefined
[ 2014-02-24T23:59:48+08:00 ] 113.92.234.171 /index.php/User/undefined
INFO: [ route_check ] --START--
INFO: Run CheckRoute Behavior [ RunTime:0.000404s ]
INFO: [ route_check ] --END-- [ RunTime:0.000490s ]
INFO: [ app_begin ] --START--
INFO: Run ReadHtmlCache Behavior [ RunTime:-0.000263s ]
INFO: [ app_begin ] --END-- [ RunTime:0.000275s ]
NOTIC: [8] Undefined index:  class /home/wcmscom/public_html/50290749/g12d9.com/server/ThinkPHP/Lib/Core/ThinkException.class.php 第 63 行.
NOTIC: [8] Undefined index:  type /home/wcmscom/public_html/50290749/g12d9.com/server/ThinkPHP/Lib/Core/ThinkException.class.php 第 63 行.
NOTIC: [8] Undefined index:  args /home/wcmscom/public_html/50290749/g12d9.com/server/ThinkPHP/Lib/Core/ThinkException.class.php 第 64 行.
NOTIC: [2] implode() [<a href='function.implode'>function.implode</a>]: Invalid arguments passed /home/wcmscom/public_html/50290749/g12d9.com/server/ThinkPHP/Lib/Core/ThinkException.class.php 第 64 行.
NOTIC: [8] Undefined index:  file /home/wcmscom/public_html/50290749/g12d9.com/server/ThinkPHP/Lib/Core/ThinkException.class.php 第 62 行.
NOTIC: [8] Undefined index:  line /home/wcmscom/public_html/50290749/g12d9.com/server/ThinkPHP/Lib/Core/ThinkException.class.php 第 62 行.
NOTIC: [4096] Object of class UserAction could not be converted to string /home/wcmscom/public_html/50290749/g12d9.com/server/ThinkPHP/Lib/Core/ThinkException.class.php 第 64 行.
NOTIC: [8] Array to string conversion /home/wcmscom/public_html/50290749/g12d9.com/server/ThinkPHP/Lib/Core/ThinkException.class.php 第 64 行.
NOTIC: [8] Undefined index:  class /home/wcmscom/public_html/50290749/g12d9.com/server/ThinkPHP/Lib/Core/ThinkException.class.php 第 63 行.
NOTIC: [8] Undefined index:  type /home/wcmscom/public_html/50290749/g12d9.com/server/ThinkPHP/Lib/Core/ThinkException.class.php 第 63 行.
NOTIC: [8] Undefined index:  class /home/wcmscom/public_html/50290749/g12d9.com/server/ThinkPHP/Lib/Core/ThinkException.class.php 第 63 行.
NOTIC: [8] Undefined index:  type /home/wcmscom/public_html/50290749/g12d9.com/server/ThinkPHP/Lib/Core/ThinkException.class.php 第 63 行.

