[ 2014-02-22T00:24:55+08:00 ] 220.181.132.217 /
INFO: [ app_begin ] --START--
INFO: Run ReadHtmlCache Behavior [ RunTime:0.005885s ]
INFO: [ app_begin ] --END-- [ RunTime:0.005973s ]
INFO: [ view_template ] --START--
INFO: Run LocationTemplate Behavior [ RunTime:-0.033967s ]
INFO: [ view_template ] --END-- [ RunTime:0.000715s ]
INFO: [ view_parse ] --START--
INFO: Run ParseTemplate Behavior [ RunTime:-0.034710s ]
INFO: [ view_parse ] --END-- [ RunTime:0.401152s ]
INFO: [ view_filter ] --START--
INFO: Run ContentReplace Behavior [ RunTime:-0.435914s ]
INFO: Run TokenBuild Behavior [ RunTime:-0.456945s ]
INFO: Run WriteHtmlCache Behavior [ RunTime:-0.461205s ]
INFO: Run ShowRuntime Behavior [ RunTime:-0.464171s ]
INFO: [ view_filter ] --END-- [ RunTime:0.030550s ]
INFO: [ view_end ] --START--
INFO: Run ShowPageTrace Behavior [ RunTime:-0.466541s ]
INFO: [ view_end ] --END-- [ RunTime:0.007707s ]

[ 2014-02-22T00:25:57+08:00 ] 222.186.63.82 /
INFO: [ app_begin ] --START--
INFO: Run ReadHtmlCache Behavior [ RunTime:0.000259s ]
INFO: [ app_begin ] --END-- [ RunTime:0.000335s ]
INFO: [ view_template ] --START--
INFO: Run LocationTemplate Behavior [ RunTime:-0.000370s ]
INFO: [ view_template ] --END-- [ RunTime:0.000175s ]
INFO: [ view_parse ] --START--
INFO: Run ParseTemplate Behavior [ RunTime:-0.000571s ]
INFO: [ view_parse ] --END-- [ RunTime:0.005432s ]
INFO: [ view_filter ] --START--
INFO: Run ContentReplace Behavior [ RunTime:-0.006032s ]
INFO: Run TokenBuild Behavior [ RunTime:-0.006266s ]
INFO: Run WriteHtmlCache Behavior [ RunTime:-0.006438s ]
INFO: Run ShowRuntime Behavior [ RunTime:-0.006552s ]
INFO: [ view_filter ] --END-- [ RunTime:0.000749s ]
INFO: [ view_end ] --START--
INFO: Run ShowPageTrace Behavior [ RunTime:-0.006822s ]
INFO: [ view_end ] --END-- [ RunTime:0.000308s ]

[ 2014-02-22T00:49:46+08:00 ] 66.249.73.146 /index.php
INFO: [ app_begin ] --START--
INFO: Run ReadHtmlCache Behavior [ RunTime:0.000258s ]
INFO: [ app_begin ] --END-- [ RunTime:0.000333s ]
INFO: [ view_template ] --START--
INFO: Run LocationTemplate Behavior [ RunTime:-0.000410s ]
INFO: [ view_template ] --END-- [ RunTime:0.000185s ]
INFO: [ view_parse ] --START--
INFO: Run ParseTemplate Behavior [ RunTime:-0.000621s ]
INFO: [ view_parse ] --END-- [ RunTime:0.005288s ]
INFO: [ view_filter ] --START--
INFO: Run ContentReplace Behavior [ RunTime:-0.005933s ]
INFO: Run TokenBuild Behavior [ RunTime:-0.006128s ]
INFO: Run WriteHtmlCache Behavior [ RunTime:-0.006302s ]
INFO: Run ShowRuntime Behavior [ RunTime:-0.006419s ]
INFO: [ view_filter ] --END-- [ RunTime:0.000713s ]
INFO: [ view_end ] --START--
INFO: Run ShowPageTrace Behavior [ RunTime:-0.006682s ]
INFO: [ view_end ] --END-- [ RunTime:0.000302s ]

[ 2014-02-22T00:55:21+08:00 ] 66.249.73.146 /index.php/User/regist
INFO: [ route_check ] --START--
INFO: Run CheckRoute Behavior [ RunTime:0.016531s ]
INFO: [ route_check ] --END-- [ RunTime:0.016608s ]
INFO: [ app_begin ] --START--
INFO: Run ReadHtmlCache Behavior [ RunTime:-0.000281s ]
INFO: [ app_begin ] --END-- [ RunTime:0.000281s ]
NOTIC: [8] Undefined index:  remail /home/wcmscom/public_html/50290749/g12d9.com/server/.Lib/Action/Home/UserAction.class.php 第 170 行.
NOTIC: [8] Undefined index:  rpwd /home/wcmscom/public_html/50290749/g12d9.com/server/.Lib/Action/Home/UserAction.class.php 第 171 行.
NOTIC: [8] Undefined index:  rnick /home/wcmscom/public_html/50290749/g12d9.com/server/.Lib/Action/Home/UserAction.class.php 第 172 行.
SQL: SHOW COLUMNS FROM `userinfo` [ RunTime:0.003200s ]

[ 2014-02-22T01:00:09+08:00 ] 66.249.73.146 /index.php/Ball/ballList
INFO: [ route_check ] --START--
INFO: Run CheckRoute Behavior [ RunTime:0.000404s ]
INFO: [ route_check ] --END-- [ RunTime:0.000480s ]
INFO: [ app_begin ] --START--
INFO: Run ReadHtmlCache Behavior [ RunTime:-0.000252s ]
INFO: [ app_begin ] --END-- [ RunTime:0.000273s ]
NOTIC: [8] A session had already been started - ignoring session_start() /home/wcmscom/public_html/50290749/g12d9.com/server/.Lib/Action/BaseAction.class.php 第 5 行.
NOTIC: [8] Undefined index:  page /home/wcmscom/public_html/50290749/g12d9.com/server/.Lib/Action/Home/BallAction.class.php 第 38 行.
NOTIC: [8] Undefined index:  state /home/wcmscom/public_html/50290749/g12d9.com/server/.Lib/Action/Home/BallAction.class.php 第 39 行.
SQL: SHOW COLUMNS FROM `booktickets` [ RunTime:0.003833s ]
SQL: SELECT COUNT(*) AS tp_count FROM `booktickets` LIMIT 1   [ RunTime:0.000163s ]
SQL: SELECT `id`,`status`,`title`,`date` FROM `booktickets` WHERE status!=0 ORDER BY id desc LIMIT 0,13   [ RunTime:0.000116s ]
INFO: [ view_template ] --START--
INFO: Run LocationTemplate Behavior [ RunTime:-0.057878s ]
INFO: [ view_template ] --END-- [ RunTime:0.000233s ]
INFO: [ view_parse ] --START--
INFO: Run ParseTemplate Behavior [ RunTime:-0.058137s ]
INFO: [ view_parse ] --END-- [ RunTime:0.056034s ]
INFO: [ view_filter ] --START--
INFO: Run ContentReplace Behavior [ RunTime:-0.114202s ]
INFO: Run TokenBuild Behavior [ RunTime:-0.114414s ]
INFO: Run WriteHtmlCache Behavior [ RunTime:-0.114595s ]
INFO: Run ShowRuntime Behavior [ RunTime:-0.114717s ]
INFO: [ view_filter ] --END-- [ RunTime:0.000759s ]
INFO: [ view_end ] --START--
INFO: Run ShowPageTrace Behavior [ RunTime:-0.115002s ]
INFO: [ view_end ] --END-- [ RunTime:0.000306s ]

[ 2014-02-22T01:04:55+08:00 ] 66.249.73.146 /index.php/Index/about
INFO: [ route_check ] --START--
INFO: Run CheckRoute Behavior [ RunTime:0.000394s ]
INFO: [ route_check ] --END-- [ RunTime:0.000470s ]
INFO: [ app_begin ] --START--
INFO: Run ReadHtmlCache Behavior [ RunTime:-0.000259s ]
INFO: [ app_begin ] --END-- [ RunTime:0.000274s ]
SQL: SHOW COLUMNS FROM `about` [ RunTime:0.004107s ]
SQL: SELECT `id`,`content`,`date` FROM `about` WHERE id='1'  LIMIT 0,1   [ RunTime:0.019470s ]
INFO: [ view_template ] --START--
INFO: Run LocationTemplate Behavior [ RunTime:-0.048827s ]
INFO: [ view_template ] --END-- [ RunTime:0.000238s ]
INFO: [ view_parse ] --START--
INFO: Run ParseTemplate Behavior [ RunTime:-0.049090s ]
INFO: [ view_parse ] --END-- [ RunTime:0.020110s ]
INFO: [ view_filter ] --START--
INFO: Run ContentReplace Behavior [ RunTime:-0.069233s ]
INFO: Run TokenBuild Behavior [ RunTime:-0.069485s ]
INFO: Run WriteHtmlCache Behavior [ RunTime:-0.069659s ]
INFO: Run ShowRuntime Behavior [ RunTime:-0.069774s ]
INFO: [ view_filter ] --END-- [ RunTime:0.000767s ]
INFO: [ view_end ] --START--
INFO: Run ShowPageTrace Behavior [ RunTime:-0.070051s ]
INFO: [ view_end ] --END-- [ RunTime:0.000304s ]

[ 2014-02-22T01:10:21+08:00 ] 66.249.73.146 /index.php/News/newsList
INFO: [ route_check ] --START--
INFO: Run CheckRoute Behavior [ RunTime:0.000398s ]
INFO: [ route_check ] --END-- [ RunTime:0.000477s ]
INFO: [ app_begin ] --START--
INFO: Run ReadHtmlCache Behavior [ RunTime:-0.000266s ]
INFO: [ app_begin ] --END-- [ RunTime:0.000275s ]
NOTIC: [8] A session had already been started - ignoring session_start() /home/wcmscom/public_html/50290749/g12d9.com/server/.Lib/Action/BaseAction.class.php 第 5 行.
NOTIC: [8] Undefined index:  page /home/wcmscom/public_html/50290749/g12d9.com/server/.Lib/Action/Home/NewsAction.class.php 第 8 行.
NOTIC: [8] Undefined index:  state /home/wcmscom/public_html/50290749/g12d9.com/server/.Lib/Action/Home/NewsAction.class.php 第 9 行.
SQL: SHOW COLUMNS FROM `news` [ RunTime:0.003054s ]
SQL: SELECT COUNT(*) AS tp_count FROM `news` LIMIT 1   [ RunTime:0.000118s ]
SQL: SELECT `id`,`title`,`status`,`date` FROM `news` WHERE status='1'  ORDER BY id desc LIMIT 0,13   [ RunTime:0.000132s ]
INFO: [ view_template ] --START--
INFO: Run LocationTemplate Behavior [ RunTime:-0.111289s ]
INFO: [ view_template ] --END-- [ RunTime:0.000259s ]
INFO: [ view_parse ] --START--
INFO: Run ParseTemplate Behavior [ RunTime:-0.111575s ]
INFO: [ view_parse ] --END-- [ RunTime:0.338613s ]
INFO: [ view_filter ] --START--
INFO: Run ContentReplace Behavior [ RunTime:-0.450227s ]
INFO: Run TokenBuild Behavior [ RunTime:-0.450425s ]
INFO: Run WriteHtmlCache Behavior [ RunTime:-0.450600s ]
INFO: Run ShowRuntime Behavior [ RunTime:-0.450715s ]
INFO: [ view_filter ] --END-- [ RunTime:0.000728s ]
INFO: [ view_end ] --START--
INFO: Run ShowPageTrace Behavior [ RunTime:-0.450996s ]
INFO: [ view_end ] --END-- [ RunTime:0.000310s ]

[ 2014-02-22T01:11:08+08:00 ] 66.249.73.146 /index.php/User/login
INFO: [ route_check ] --START--
INFO: Run CheckRoute Behavior [ RunTime:0.000407s ]
INFO: [ route_check ] --END-- [ RunTime:0.000487s ]
INFO: [ app_begin ] --START--
INFO: Run ReadHtmlCache Behavior [ RunTime:-0.000260s ]
INFO: [ app_begin ] --END-- [ RunTime:0.000277s ]
NOTIC: [8] Undefined index:  lemail /home/wcmscom/public_html/50290749/g12d9.com/server/.Lib/Action/Home/UserAction.class.php 第 129 行.

[ 2014-02-22T01:11:11+08:00 ] 66.249.73.146 /index.php/Party/partyList
INFO: [ route_check ] --START--
INFO: Run CheckRoute Behavior [ RunTime:0.000393s ]
INFO: [ route_check ] --END-- [ RunTime:0.000471s ]
INFO: [ app_begin ] --START--
INFO: Run ReadHtmlCache Behavior [ RunTime:-0.000262s ]
INFO: [ app_begin ] --END-- [ RunTime:0.000277s ]
NOTIC: [8] A session had already been started - ignoring session_start() /home/wcmscom/public_html/50290749/g12d9.com/server/.Lib/Action/BaseAction.class.php 第 5 行.
NOTIC: [8] Undefined index:  page /home/wcmscom/public_html/50290749/g12d9.com/server/.Lib/Action/Home/PartyAction.class.php 第 38 行.
SQL: SHOW COLUMNS FROM `party` [ RunTime:0.003006s ]
SQL: SELECT COUNT(*) AS tp_count FROM `party` LIMIT 1   [ RunTime:0.000134s ]
SQL: SELECT `id`,`status`,`title`,`date` FROM `party` WHERE status!=0 ORDER BY id desc LIMIT 0,13   [ RunTime:0.000110s ]
INFO: [ view_template ] --START--
INFO: Run LocationTemplate Behavior [ RunTime:-0.036593s ]
INFO: [ view_template ] --END-- [ RunTime:0.000266s ]
INFO: [ view_parse ] --START--
INFO: Run ParseTemplate Behavior [ RunTime:-0.036886s ]
INFO: [ view_parse ] --END-- [ RunTime:0.020170s ]
INFO: [ view_filter ] --START--
INFO: Run ContentReplace Behavior [ RunTime:-0.057080s ]
INFO: Run TokenBuild Behavior [ RunTime:-0.057271s ]
INFO: Run WriteHtmlCache Behavior [ RunTime:-0.057441s ]
INFO: Run ShowRuntime Behavior [ RunTime:-0.057554s ]
INFO: [ view_filter ] --END-- [ RunTime:0.000698s ]
INFO: [ view_end ] --START--
INFO: Run ShowPageTrace Behavior [ RunTime:-0.057816s ]
INFO: [ view_end ] --END-- [ RunTime:0.000306s ]

[ 2014-02-22T01:42:28+08:00 ] 14.17.29.92 /index.php/User/balldeatils
INFO: [ route_check ] --START--
INFO: Run CheckRoute Behavior [ RunTime:0.000400s ]
INFO: [ route_check ] --END-- [ RunTime:0.000477s ]
INFO: [ app_begin ] --START--
INFO: Run ReadHtmlCache Behavior [ RunTime:-0.000257s ]
INFO: [ app_begin ] --END-- [ RunTime:0.000282s ]
NOTIC: [8] Undefined index:  user /home/wcmscom/public_html/50290749/g12d9.com/server/.Lib/Action/Home/UserAction.class.php 第 90 行.
INFO: [ view_template ] --START--
INFO: Run LocationTemplate Behavior [ RunTime:-0.001617s ]
INFO: [ view_template ] --END-- [ RunTime:0.000184s ]
INFO: [ view_parse ] --START--
NOTIC: [8] Undefined variable: data /home/wcmscom/public_html/50290749/g12d9.com/server/.Runtime/Cache/Home/186979f1ab3cca4eb04e5b8270062d54.php 第 86 行.
NOTIC: [8] Undefined variable: pager /home/wcmscom/public_html/50290749/g12d9.com/server/.Runtime/Cache/Home/186979f1ab3cca4eb04e5b8270062d54.php 第 99 行.
INFO: Run ParseTemplate Behavior [ RunTime:-0.001829s ]
INFO: [ view_parse ] --END-- [ RunTime:0.051621s ]
INFO: [ view_filter ] --START--
INFO: Run ContentReplace Behavior [ RunTime:-0.053480s ]
INFO: Run TokenBuild Behavior [ RunTime:-0.053693s ]
INFO: Run WriteHtmlCache Behavior [ RunTime:-0.053874s ]
INFO: Run ShowRuntime Behavior [ RunTime:-0.053992s ]
INFO: [ view_filter ] --END-- [ RunTime:0.000759s ]
INFO: [ view_end ] --START--
INFO: Run ShowPageTrace Behavior [ RunTime:-0.054277s ]
INFO: [ view_end ] --END-- [ RunTime:0.000311s ]

[ 2014-02-22T01:44:10+08:00 ] 183.61.160.216 /index.php/index.php
INFO: [ route_check ] --START--
INFO: Run CheckRoute Behavior [ RunTime:0.000398s ]
INFO: [ route_check ] --END-- [ RunTime:0.000474s ]
INFO: [ app_begin ] --START--
INFO: Run ReadHtmlCache Behavior [ RunTime:-0.000228s ]
INFO: [ app_begin ] --END-- [ RunTime:0.000279s ]
INFO: [ view_template ] --START--
INFO: Run LocationTemplate Behavior [ RunTime:-0.000797s ]
INFO: [ view_template ] --END-- [ RunTime:0.000178s ]
INFO: [ view_parse ] --START--
INFO: Run ParseTemplate Behavior [ RunTime:-0.001001s ]
INFO: [ view_parse ] --END-- [ RunTime:0.005241s ]
INFO: [ view_filter ] --START--
INFO: Run ContentReplace Behavior [ RunTime:-0.006264s ]
INFO: Run TokenBuild Behavior [ RunTime:-0.006449s ]
INFO: Run WriteHtmlCache Behavior [ RunTime:-0.006618s ]
INFO: Run ShowRuntime Behavior [ RunTime:-0.006730s ]
INFO: [ view_filter ] --END-- [ RunTime:0.000694s ]
INFO: [ view_end ] --START--
INFO: Run ShowPageTrace Behavior [ RunTime:-0.006993s ]
INFO: [ view_end ] --END-- [ RunTime:0.000300s ]

[ 2014-02-22T02:30:27+08:00 ] 66.249.73.146 /
INFO: [ app_begin ] --START--
INFO: Run ReadHtmlCache Behavior [ RunTime:0.000261s ]
INFO: [ app_begin ] --END-- [ RunTime:0.000351s ]
INFO: [ view_template ] --START--
INFO: Run LocationTemplate Behavior [ RunTime:-0.000457s ]
INFO: [ view_template ] --END-- [ RunTime:0.000185s ]
INFO: [ view_parse ] --START--
INFO: Run ParseTemplate Behavior [ RunTime:-0.000672s ]
INFO: [ view_parse ] --END-- [ RunTime:0.005529s ]
INFO: [ view_filter ] --START--
INFO: Run ContentReplace Behavior [ RunTime:-0.006226s ]
INFO: Run TokenBuild Behavior [ RunTime:-0.006445s ]
INFO: Run WriteHtmlCache Behavior [ RunTime:-0.006618s ]
INFO: Run ShowRuntime Behavior [ RunTime:-0.006736s ]
INFO: [ view_filter ] --END-- [ RunTime:0.000753s ]
INFO: [ view_end ] --START--
INFO: Run ShowPageTrace Behavior [ RunTime:-0.007024s ]
INFO: [ view_end ] --END-- [ RunTime:0.000315s ]

[ 2014-02-22T07:15:32+08:00 ] 66.249.73.146 /index.php/News/getOneNews?id=34
INFO: [ route_check ] --START--
INFO: Run CheckRoute Behavior [ RunTime:0.006432s ]
INFO: [ route_check ] --END-- [ RunTime:0.006512s ]
INFO: [ app_begin ] --START--
INFO: Run ReadHtmlCache Behavior [ RunTime:-0.000268s ]
INFO: [ app_begin ] --END-- [ RunTime:0.007619s ]
NOTIC: [8] A session had already been started - ignoring session_start() /home/wcmscom/public_html/50290749/g12d9.com/server/.Lib/Action/BaseAction.class.php 第 5 行.
SQL: SHOW COLUMNS FROM `news` [ RunTime:0.002928s ]
SQL: SELECT `id`,`title`,`content`,`user`,`date`,`status`,`views` FROM `news` WHERE id='34'  LIMIT 0,1   [ RunTime:0.000177s ]
SQL: UPDATE `news` SET `views`=20 WHERE id='34'  [ RunTime:0.000143s ]
INFO: [ view_template ] --START--
INFO: Run LocationTemplate Behavior [ RunTime:-0.125239s ]
INFO: [ view_template ] --END-- [ RunTime:0.000996s ]
INFO: [ view_parse ] --START--
INFO: Run ParseTemplate Behavior [ RunTime:-0.126267s ]
INFO: [ view_parse ] --END-- [ RunTime:0.122894s ]
INFO: [ view_filter ] --START--
INFO: Run ContentReplace Behavior [ RunTime:-0.249191s ]
INFO: Run TokenBuild Behavior [ RunTime:-0.258669s ]
INFO: Run WriteHtmlCache Behavior [ RunTime:-0.262042s ]
INFO: Run ShowRuntime Behavior [ RunTime:-0.265990s ]
INFO: [ view_filter ] --END-- [ RunTime:0.020893s ]
INFO: [ view_end ] --START--
INFO: Run ShowPageTrace Behavior [ RunTime:-0.270125s ]
INFO: [ view_end ] --END-- [ RunTime:0.008030s ]

[ 2014-02-22T07:55:51+08:00 ] 66.249.73.146 /index.php/Ball/applydetails?id=18
INFO: [ route_check ] --START--
INFO: Run CheckRoute Behavior [ RunTime:0.000397s ]
INFO: [ route_check ] --END-- [ RunTime:0.000473s ]
INFO: [ app_begin ] --START--
INFO: Run ReadHtmlCache Behavior [ RunTime:-0.000260s ]
INFO: [ app_begin ] --END-- [ RunTime:0.000275s ]
NOTIC: [8] A session had already been started - ignoring session_start() /home/wcmscom/public_html/50290749/g12d9.com/server/.Lib/Action/BaseAction.class.php 第 5 行.
SQL: SHOW COLUMNS FROM `booktickets` [ RunTime:0.002916s ]
SQL: SELECT `id`,`title`,`remark`,`maxnums`,`status`,`date`,`match_time`,`match_address`,`ticket_cost`,`car_cost`,`match_op` FROM `booktickets` WHERE id='18'  LIMIT 0,1   [ RunTime:0.000221s ]
INFO: [ view_template ] --START--
INFO: Run LocationTemplate Behavior [ RunTime:-0.067814s ]
INFO: [ view_template ] --END-- [ RunTime:0.000250s ]
INFO: [ view_parse ] --START--
NOTIC: [8] Undefined index:  user /home/wcmscom/public_html/50290749/g12d9.com/server/.Runtime/Cache/Home/6274672abe9f2fba805a9ca43b9eb977.php 第 106 行.
INFO: Run ParseTemplate Behavior [ RunTime:-0.068092s ]
INFO: [ view_parse ] --END-- [ RunTime:0.052536s ]
INFO: [ view_filter ] --START--
INFO: Run ContentReplace Behavior [ RunTime:-0.120659s ]
INFO: Run TokenBuild Behavior [ RunTime:-0.120860s ]
INFO: Run WriteHtmlCache Behavior [ RunTime:-0.121041s ]
INFO: Run ShowRuntime Behavior [ RunTime:-0.121155s ]
INFO: [ view_filter ] --END-- [ RunTime:0.000735s ]
INFO: [ view_end ] --START--
INFO: Run ShowPageTrace Behavior [ RunTime:-0.121436s ]
INFO: [ view_end ] --END-- [ RunTime:0.000350s ]

[ 2014-02-22T09:54:38+08:00 ] 124.42.225.45 /index.php/User/balldeatils
INFO: [ route_check ] --START--
INFO: Run CheckRoute Behavior [ RunTime:0.000465s ]
INFO: [ route_check ] --END-- [ RunTime:0.000548s ]
INFO: [ app_begin ] --START--
INFO: Run ReadHtmlCache Behavior [ RunTime:-0.000274s ]
INFO: [ app_begin ] --END-- [ RunTime:0.000327s ]
NOTIC: [8] Undefined index:  user /home/wcmscom/public_html/50290749/g12d9.com/server/.Lib/Action/Home/UserAction.class.php 第 90 行.
INFO: [ view_template ] --START--
INFO: Run LocationTemplate Behavior [ RunTime:-0.053675s ]
INFO: [ view_template ] --END-- [ RunTime:0.000220s ]
INFO: [ view_parse ] --START--
NOTIC: [8] Undefined variable: data /home/wcmscom/public_html/50290749/g12d9.com/server/.Runtime/Cache/Home/186979f1ab3cca4eb04e5b8270062d54.php 第 86 行.
NOTIC: [8] Undefined variable: pager /home/wcmscom/public_html/50290749/g12d9.com/server/.Runtime/Cache/Home/186979f1ab3cca4eb04e5b8270062d54.php 第 99 行.
INFO: Run ParseTemplate Behavior [ RunTime:-0.053925s ]
INFO: [ view_parse ] --END-- [ RunTime:0.343159s ]
INFO: [ view_filter ] --START--
INFO: Run ContentReplace Behavior [ RunTime:-0.397115s ]
INFO: Run TokenBuild Behavior [ RunTime:-0.397332s ]
INFO: Run WriteHtmlCache Behavior [ RunTime:-0.397518s ]
INFO: Run ShowRuntime Behavior [ RunTime:-0.397635s ]
INFO: [ view_filter ] --END-- [ RunTime:0.000794s ]
INFO: [ view_end ] --START--
INFO: Run ShowPageTrace Behavior [ RunTime:-0.397946s ]
INFO: [ view_end ] --END-- [ RunTime:0.000356s ]

[ 2014-02-22T09:54:43+08:00 ] ERR: (ThinkException) 非法操作:undefined
[ 2014-02-22T09:54:43+08:00 ] 124.42.225.45 /index.php/User/undefined
INFO: [ route_check ] --START--
INFO: Run CheckRoute Behavior [ RunTime:0.000412s ]
INFO: [ route_check ] --END-- [ RunTime:0.000488s ]
INFO: [ app_begin ] --START--
INFO: Run ReadHtmlCache Behavior [ RunTime:-0.000277s ]
INFO: [ app_begin ] --END-- [ RunTime:0.000278s ]
NOTIC: [8] Undefined index:  class /home/wcmscom/public_html/50290749/g12d9.com/server/ThinkPHP/Lib/Core/ThinkException.class.php 第 63 行.
NOTIC: [8] Undefined index:  type /home/wcmscom/public_html/50290749/g12d9.com/server/ThinkPHP/Lib/Core/ThinkException.class.php 第 63 行.
NOTIC: [8] Undefined index:  args /home/wcmscom/public_html/50290749/g12d9.com/server/ThinkPHP/Lib/Core/ThinkException.class.php 第 64 行.
NOTIC: [2] implode() [<a href='function.implode'>function.implode</a>]: Invalid arguments passed /home/wcmscom/public_html/50290749/g12d9.com/server/ThinkPHP/Lib/Core/ThinkException.class.php 第 64 行.
NOTIC: [8] Undefined index:  file /home/wcmscom/public_html/50290749/g12d9.com/server/ThinkPHP/Lib/Core/ThinkException.class.php 第 62 行.
NOTIC: [8] Undefined index:  line /home/wcmscom/public_html/50290749/g12d9.com/server/ThinkPHP/Lib/Core/ThinkException.class.php 第 62 行.
NOTIC: [4096] Object of class UserAction could not be converted to string /home/wcmscom/public_html/50290749/g12d9.com/server/ThinkPHP/Lib/Core/ThinkException.class.php 第 64 行.
NOTIC: [8] Array to string conversion /home/wcmscom/public_html/50290749/g12d9.com/server/ThinkPHP/Lib/Core/ThinkException.class.php 第 64 行.
NOTIC: [8] Undefined index:  class /home/wcmscom/public_html/50290749/g12d9.com/server/ThinkPHP/Lib/Core/ThinkException.class.php 第 63 行.
NOTIC: [8] Undefined index:  type /home/wcmscom/public_html/50290749/g12d9.com/server/ThinkPHP/Lib/Core/ThinkException.class.php 第 63 行.
NOTIC: [8] Undefined index:  class /home/wcmscom/public_html/50290749/g12d9.com/server/ThinkPHP/Lib/Core/ThinkException.class.php 第 63 行.
NOTIC: [8] Undefined index:  type /home/wcmscom/public_html/50290749/g12d9.com/server/ThinkPHP/Lib/Core/ThinkException.class.php 第 63 行.

[ 2014-02-22T17:51:11+08:00 ] 113.104.166.97 /
INFO: [ app_begin ] --START--
INFO: Run ReadHtmlCache Behavior [ RunTime:0.001203s ]
INFO: [ app_begin ] --END-- [ RunTime:0.001293s ]
INFO: [ view_template ] --START--
INFO: Run LocationTemplate Behavior [ RunTime:-0.021934s ]
INFO: [ view_template ] --END-- [ RunTime:0.016149s ]
INFO: [ view_parse ] --START--
INFO: Run ParseTemplate Behavior [ RunTime:-0.038129s ]
INFO: [ view_parse ] --END-- [ RunTime:0.429164s ]
INFO: [ view_filter ] --START--
INFO: Run ContentReplace Behavior [ RunTime:-0.467319s ]
INFO: Run TokenBuild Behavior [ RunTime:-0.475307s ]
INFO: Run WriteHtmlCache Behavior [ RunTime:-0.480794s ]
INFO: Run ShowRuntime Behavior [ RunTime:-0.483061s ]
INFO: [ view_filter ] --END-- [ RunTime:0.021389s ]
INFO: [ view_end ] --START--
INFO: Run ShowPageTrace Behavior [ RunTime:-0.488784s ]
INFO: [ view_end ] --END-- [ RunTime:0.006652s ]

[ 2014-02-22T17:51:20+08:00 ] 113.104.166.97 /index.php/Index/about
INFO: [ route_check ] --START--
INFO: Run CheckRoute Behavior [ RunTime:0.567387s ]
INFO: [ route_check ] --END-- [ RunTime:0.567511s ]
INFO: [ app_begin ] --START--
INFO: Run ReadHtmlCache Behavior [ RunTime:-0.000472s ]
INFO: [ app_begin ] --END-- [ RunTime:0.000423s ]
SQL: SHOW COLUMNS FROM `about` [ RunTime:0.170703s ]
SQL: SELECT `id`,`content`,`date` FROM `about` WHERE id='1'  LIMIT 0,1   [ RunTime:0.191934s ]
INFO: [ view_template ] --START--
INFO: Run LocationTemplate Behavior [ RunTime:-1.522417s ]
INFO: [ view_template ] --END-- [ RunTime:0.000227s ]
INFO: [ view_parse ] --START--
INFO: Run ParseTemplate Behavior [ RunTime:-1.522668s ]
INFO: [ view_parse ] --END-- [ RunTime:0.200401s ]
INFO: [ view_filter ] --START--
INFO: Run ContentReplace Behavior [ RunTime:-1.723107s ]
INFO: Run TokenBuild Behavior [ RunTime:-1.723378s ]
INFO: Run WriteHtmlCache Behavior [ RunTime:-1.723561s ]
INFO: Run ShowRuntime Behavior [ RunTime:-1.723677s ]
INFO: [ view_filter ] --END-- [ RunTime:0.000802s ]
INFO: [ view_end ] --START--
INFO: Run ShowPageTrace Behavior [ RunTime:-1.723954s ]
INFO: [ view_end ] --END-- [ RunTime:0.000296s ]

[ 2014-02-22T17:51:21+08:00 ] ERR: (ThinkException) 非法操作:undefined
[ 2014-02-22T17:51:22+08:00 ] 113.104.166.97 /index.php/Index/undefined
INFO: [ route_check ] --START--
INFO: Run CheckRoute Behavior [ RunTime:0.000396s ]
INFO: [ route_check ] --END-- [ RunTime:0.000472s ]
INFO: [ app_begin ] --START--
INFO: Run ReadHtmlCache Behavior [ RunTime:-0.000256s ]
INFO: [ app_begin ] --END-- [ RunTime:0.000283s ]
NOTIC: [8] Undefined index:  class /home/wcmscom/public_html/50290749/g12d9.com/server/ThinkPHP/Lib/Core/ThinkException.class.php 第 63 行.
NOTIC: [8] Undefined index:  type /home/wcmscom/public_html/50290749/g12d9.com/server/ThinkPHP/Lib/Core/ThinkException.class.php 第 63 行.
NOTIC: [8] Undefined index:  args /home/wcmscom/public_html/50290749/g12d9.com/server/ThinkPHP/Lib/Core/ThinkException.class.php 第 64 行.
NOTIC: [2] implode() [<a href='function.implode'>function.implode</a>]: Invalid arguments passed /home/wcmscom/public_html/50290749/g12d9.com/server/ThinkPHP/Lib/Core/ThinkException.class.php 第 64 行.
NOTIC: [8] Undefined index:  file /home/wcmscom/public_html/50290749/g12d9.com/server/ThinkPHP/Lib/Core/ThinkException.class.php 第 62 行.
NOTIC: [8] Undefined index:  line /home/wcmscom/public_html/50290749/g12d9.com/server/ThinkPHP/Lib/Core/ThinkException.class.php 第 62 行.
NOTIC: [4096] Object of class IndexAction could not be converted to string /home/wcmscom/public_html/50290749/g12d9.com/server/ThinkPHP/Lib/Core/ThinkException.class.php 第 64 行.
NOTIC: [8] Array to string conversion /home/wcmscom/public_html/50290749/g12d9.com/server/ThinkPHP/Lib/Core/ThinkException.class.php 第 64 行.
NOTIC: [8] Undefined index:  class /home/wcmscom/public_html/50290749/g12d9.com/server/ThinkPHP/Lib/Core/ThinkException.class.php 第 63 行.
NOTIC: [8] Undefined index:  type /home/wcmscom/public_html/50290749/g12d9.com/server/ThinkPHP/Lib/Core/ThinkException.class.php 第 63 行.
NOTIC: [8] Undefined index:  class /home/wcmscom/public_html/50290749/g12d9.com/server/ThinkPHP/Lib/Core/ThinkException.class.php 第 63 行.
NOTIC: [8] Undefined index:  type /home/wcmscom/public_html/50290749/g12d9.com/server/ThinkPHP/Lib/Core/ThinkException.class.php 第 63 行.

[ 2014-02-22T17:51:23+08:00 ] 113.104.166.97 /index.php/News/newsList
INFO: [ route_check ] --START--
INFO: Run CheckRoute Behavior [ RunTime:0.000399s ]
INFO: [ route_check ] --END-- [ RunTime:0.000477s ]
INFO: [ app_begin ] --START--
INFO: Run ReadHtmlCache Behavior [ RunTime:-0.000259s ]
INFO: [ app_begin ] --END-- [ RunTime:0.000279s ]
NOTIC: [8] A session had already been started - ignoring session_start() /home/wcmscom/public_html/50290749/g12d9.com/server/.Lib/Action/BaseAction.class.php 第 5 行.
NOTIC: [8] Undefined index:  page /home/wcmscom/public_html/50290749/g12d9.com/server/.Lib/Action/Home/NewsAction.class.php 第 8 行.
NOTIC: [8] Undefined index:  state /home/wcmscom/public_html/50290749/g12d9.com/server/.Lib/Action/Home/NewsAction.class.php 第 9 行.
SQL: SHOW COLUMNS FROM `news` [ RunTime:0.191228s ]
SQL: SELECT COUNT(*) AS tp_count FROM `news` LIMIT 1   [ RunTime:0.000161s ]
SQL: SELECT `id`,`title`,`status`,`date` FROM `news` WHERE status='1'  ORDER BY id desc LIMIT 0,13   [ RunTime:0.000141s ]
INFO: [ view_template ] --START--
INFO: Run LocationTemplate Behavior [ RunTime:-1.155090s ]
INFO: [ view_template ] --END-- [ RunTime:0.000347s ]
INFO: [ view_parse ] --START--
INFO: Run ParseTemplate Behavior [ RunTime:-1.155480s ]
INFO: [ view_parse ] --END-- [ RunTime:0.208037s ]
INFO: [ view_filter ] --START--
INFO: Run ContentReplace Behavior [ RunTime:-1.363537s ]
INFO: Run TokenBuild Behavior [ RunTime:-1.363753s ]
INFO: Run WriteHtmlCache Behavior [ RunTime:-1.363929s ]
INFO: Run ShowRuntime Behavior [ RunTime:-1.364044s ]
INFO: [ view_filter ] --END-- [ RunTime:0.000743s ]
INFO: [ view_end ] --START--
INFO: Run ShowPageTrace Behavior [ RunTime:-1.364320s ]
INFO: [ view_end ] --END-- [ RunTime:0.000337s ]

[ 2014-02-22T17:51:24+08:00 ] ERR: (ThinkException) 非法操作:undefined
[ 2014-02-22T17:51:24+08:00 ] 113.104.166.97 /index.php/News/undefined
INFO: [ route_check ] --START--
INFO: Run CheckRoute Behavior [ RunTime:0.000399s ]
INFO: [ route_check ] --END-- [ RunTime:0.000479s ]
INFO: [ app_begin ] --START--
INFO: Run ReadHtmlCache Behavior [ RunTime:-0.000265s ]
INFO: [ app_begin ] --END-- [ RunTime:0.000274s ]
NOTIC: [8] A session had already been started - ignoring session_start() /home/wcmscom/public_html/50290749/g12d9.com/server/.Lib/Action/BaseAction.class.php 第 5 行.
NOTIC: [8] Undefined index:  class /home/wcmscom/public_html/50290749/g12d9.com/server/ThinkPHP/Lib/Core/ThinkException.class.php 第 63 行.
NOTIC: [8] Undefined index:  type /home/wcmscom/public_html/50290749/g12d9.com/server/ThinkPHP/Lib/Core/ThinkException.class.php 第 63 行.
NOTIC: [8] Undefined index:  args /home/wcmscom/public_html/50290749/g12d9.com/server/ThinkPHP/Lib/Core/ThinkException.class.php 第 64 行.
NOTIC: [2] implode() [<a href='function.implode'>function.implode</a>]: Invalid arguments passed /home/wcmscom/public_html/50290749/g12d9.com/server/ThinkPHP/Lib/Core/ThinkException.class.php 第 64 行.
NOTIC: [8] Undefined index:  file /home/wcmscom/public_html/50290749/g12d9.com/server/ThinkPHP/Lib/Core/ThinkException.class.php 第 62 行.
NOTIC: [8] Undefined index:  line /home/wcmscom/public_html/50290749/g12d9.com/server/ThinkPHP/Lib/Core/ThinkException.class.php 第 62 行.
NOTIC: [4096] Object of class NewsAction could not be converted to string /home/wcmscom/public_html/50290749/g12d9.com/server/ThinkPHP/Lib/Core/ThinkException.class.php 第 64 行.
NOTIC: [8] Array to string conversion /home/wcmscom/public_html/50290749/g12d9.com/server/ThinkPHP/Lib/Core/ThinkException.class.php 第 64 行.
NOTIC: [8] Undefined index:  class /home/wcmscom/public_html/50290749/g12d9.com/server/ThinkPHP/Lib/Core/ThinkException.class.php 第 63 行.
NOTIC: [8] Undefined index:  type /home/wcmscom/public_html/50290749/g12d9.com/server/ThinkPHP/Lib/Core/ThinkException.class.php 第 63 行.
NOTIC: [8] Undefined index:  class /home/wcmscom/public_html/50290749/g12d9.com/server/ThinkPHP/Lib/Core/ThinkException.class.php 第 63 行.
NOTIC: [8] Undefined index:  type /home/wcmscom/public_html/50290749/g12d9.com/server/ThinkPHP/Lib/Core/ThinkException.class.php 第 63 行.

[ 2014-02-22T17:51:26+08:00 ] 113.104.166.97 /index.php/Ball/ballList
INFO: [ route_check ] --START--
INFO: Run CheckRoute Behavior [ RunTime:0.000436s ]
INFO: [ route_check ] --END-- [ RunTime:0.000524s ]
INFO: [ app_begin ] --START--
INFO: Run ReadHtmlCache Behavior [ RunTime:-0.000259s ]
INFO: [ app_begin ] --END-- [ RunTime:0.000276s ]
NOTIC: [8] A session had already been started - ignoring session_start() /home/wcmscom/public_html/50290749/g12d9.com/server/.Lib/Action/BaseAction.class.php 第 5 行.
NOTIC: [8] Undefined index:  page /home/wcmscom/public_html/50290749/g12d9.com/server/.Lib/Action/Home/BallAction.class.php 第 38 行.
NOTIC: [8] Undefined index:  state /home/wcmscom/public_html/50290749/g12d9.com/server/.Lib/Action/Home/BallAction.class.php 第 39 行.
SQL: SHOW COLUMNS FROM `booktickets` [ RunTime:0.006902s ]
SQL: SELECT COUNT(*) AS tp_count FROM `booktickets` LIMIT 1   [ RunTime:0.000128s ]
SQL: SELECT `id`,`status`,`title`,`date` FROM `booktickets` WHERE status!=0 ORDER BY id desc LIMIT 0,13   [ RunTime:0.000118s ]
INFO: [ view_template ] --START--
INFO: Run LocationTemplate Behavior [ RunTime:-0.194808s ]
INFO: [ view_template ] --END-- [ RunTime:0.000248s ]
INFO: [ view_parse ] --START--
INFO: Run ParseTemplate Behavior [ RunTime:-0.195094s ]
INFO: [ view_parse ] --END-- [ RunTime:0.075561s ]
INFO: [ view_filter ] --START--
INFO: Run ContentReplace Behavior [ RunTime:-0.270684s ]
INFO: Run TokenBuild Behavior [ RunTime:-0.270885s ]
INFO: Run WriteHtmlCache Behavior [ RunTime:-0.271063s ]
INFO: Run ShowRuntime Behavior [ RunTime:-0.271178s ]
INFO: [ view_filter ] --END-- [ RunTime:0.000725s ]
INFO: [ view_end ] --START--
INFO: Run ShowPageTrace Behavior [ RunTime:-0.271447s ]
INFO: [ view_end ] --END-- [ RunTime:0.000308s ]

[ 2014-02-22T17:51:27+08:00 ] ERR: (ThinkException) 非法操作:undefined
[ 2014-02-22T17:51:27+08:00 ] 113.104.166.97 /index.php/Ball/undefined
INFO: [ route_check ] --START--
INFO: Run CheckRoute Behavior [ RunTime:0.000401s ]
INFO: [ route_check ] --END-- [ RunTime:0.000481s ]
INFO: [ app_begin ] --START--
INFO: Run ReadHtmlCache Behavior [ RunTime:-0.000262s ]
INFO: [ app_begin ] --END-- [ RunTime:0.000278s ]
NOTIC: [8] A session had already been started - ignoring session_start() /home/wcmscom/public_html/50290749/g12d9.com/server/.Lib/Action/BaseAction.class.php 第 5 行.
NOTIC: [8] Undefined index:  class /home/wcmscom/public_html/50290749/g12d9.com/server/ThinkPHP/Lib/Core/ThinkException.class.php 第 63 行.
NOTIC: [8] Undefined index:  type /home/wcmscom/public_html/50290749/g12d9.com/server/ThinkPHP/Lib/Core/ThinkException.class.php 第 63 行.
NOTIC: [8] Undefined index:  args /home/wcmscom/public_html/50290749/g12d9.com/server/ThinkPHP/Lib/Core/ThinkException.class.php 第 64 行.
NOTIC: [2] implode() [<a href='function.implode'>function.implode</a>]: Invalid arguments passed /home/wcmscom/public_html/50290749/g12d9.com/server/ThinkPHP/Lib/Core/ThinkException.class.php 第 64 行.
NOTIC: [8] Undefined index:  file /home/wcmscom/public_html/50290749/g12d9.com/server/ThinkPHP/Lib/Core/ThinkException.class.php 第 62 行.
NOTIC: [8] Undefined index:  line /home/wcmscom/public_html/50290749/g12d9.com/server/ThinkPHP/Lib/Core/ThinkException.class.php 第 62 行.
NOTIC: [4096] Object of class BallAction could not be converted to string /home/wcmscom/public_html/50290749/g12d9.com/server/ThinkPHP/Lib/Core/ThinkException.class.php 第 64 行.
NOTIC: [8] Array to string conversion /home/wcmscom/public_html/50290749/g12d9.com/server/ThinkPHP/Lib/Core/ThinkException.class.php 第 64 行.
NOTIC: [8] Undefined index:  class /home/wcmscom/public_html/50290749/g12d9.com/server/ThinkPHP/Lib/Core/ThinkException.class.php 第 63 行.
NOTIC: [8] Undefined index:  type /home/wcmscom/public_html/50290749/g12d9.com/server/ThinkPHP/Lib/Core/ThinkException.class.php 第 63 行.
NOTIC: [8] Undefined index:  class /home/wcmscom/public_html/50290749/g12d9.com/server/ThinkPHP/Lib/Core/ThinkException.class.php 第 63 行.
NOTIC: [8] Undefined index:  type /home/wcmscom/public_html/50290749/g12d9.com/server/ThinkPHP/Lib/Core/ThinkException.class.php 第 63 行.

[ 2014-02-22T17:51:28+08:00 ] 113.104.166.97 /index.php/Ball/applydetails?id=18
INFO: [ route_check ] --START--
INFO: Run CheckRoute Behavior [ RunTime:0.000408s ]
INFO: [ route_check ] --END-- [ RunTime:0.000484s ]
INFO: [ app_begin ] --START--
INFO: Run ReadHtmlCache Behavior [ RunTime:-0.000253s ]
INFO: [ app_begin ] --END-- [ RunTime:0.000273s ]
NOTIC: [8] A session had already been started - ignoring session_start() /home/wcmscom/public_html/50290749/g12d9.com/server/.Lib/Action/BaseAction.class.php 第 5 行.
SQL: SHOW COLUMNS FROM `booktickets` [ RunTime:0.003383s ]
SQL: SELECT `id`,`title`,`remark`,`maxnums`,`status`,`date`,`match_time`,`match_address`,`ticket_cost`,`car_cost`,`match_op` FROM `booktickets` WHERE id='18'  LIMIT 0,1   [ RunTime:0.000157s ]
INFO: [ view_template ] --START--
INFO: Run LocationTemplate Behavior [ RunTime:-0.010519s ]
INFO: [ view_template ] --END-- [ RunTime:0.000249s ]
INFO: [ view_parse ] --START--
NOTIC: [8] Undefined index:  user /home/wcmscom/public_html/50290749/g12d9.com/server/.Runtime/Cache/Home/6274672abe9f2fba805a9ca43b9eb977.php 第 106 行.
INFO: Run ParseTemplate Behavior [ RunTime:-0.010795s ]
INFO: [ view_parse ] --END-- [ RunTime:0.804298s ]
INFO: [ view_filter ] --START--
INFO: Run ContentReplace Behavior [ RunTime:-0.815124s ]
INFO: Run TokenBuild Behavior [ RunTime:-0.815448s ]
INFO: Run WriteHtmlCache Behavior [ RunTime:-0.815652s ]
INFO: Run ShowRuntime Behavior [ RunTime:-0.815769s ]
INFO: [ view_filter ] --END-- [ RunTime:0.000878s ]
INFO: [ view_end ] --START--
INFO: Run ShowPageTrace Behavior [ RunTime:-0.816041s ]
INFO: [ view_end ] --END-- [ RunTime:0.000301s ]

[ 2014-02-22T17:51:29+08:00 ] ERR: (ThinkException) 非法操作:undefined
[ 2014-02-22T17:51:29+08:00 ] 113.104.166.97 /index.php/Ball/undefined
INFO: [ route_check ] --START--
INFO: Run CheckRoute Behavior [ RunTime:0.000398s ]
INFO: [ route_check ] --END-- [ RunTime:0.000474s ]
INFO: [ app_begin ] --START--
INFO: Run ReadHtmlCache Behavior [ RunTime:-0.000252s ]
INFO: [ app_begin ] --END-- [ RunTime:0.000278s ]
NOTIC: [8] A session had already been started - ignoring session_start() /home/wcmscom/public_html/50290749/g12d9.com/server/.Lib/Action/BaseAction.class.php 第 5 行.
NOTIC: [8] Undefined index:  class /home/wcmscom/public_html/50290749/g12d9.com/server/ThinkPHP/Lib/Core/ThinkException.class.php 第 63 行.
NOTIC: [8] Undefined index:  type /home/wcmscom/public_html/50290749/g12d9.com/server/ThinkPHP/Lib/Core/ThinkException.class.php 第 63 行.
NOTIC: [8] Undefined index:  args /home/wcmscom/public_html/50290749/g12d9.com/server/ThinkPHP/Lib/Core/ThinkException.class.php 第 64 行.
NOTIC: [2] implode() [<a href='function.implode'>function.implode</a>]: Invalid arguments passed /home/wcmscom/public_html/50290749/g12d9.com/server/ThinkPHP/Lib/Core/ThinkException.class.php 第 64 行.
NOTIC: [8] Undefined index:  file /home/wcmscom/public_html/50290749/g12d9.com/server/ThinkPHP/Lib/Core/ThinkException.class.php 第 62 行.
NOTIC: [8] Undefined index:  line /home/wcmscom/public_html/50290749/g12d9.com/server/ThinkPHP/Lib/Core/ThinkException.class.php 第 62 行.
NOTIC: [4096] Object of class BallAction could not be converted to string /home/wcmscom/public_html/50290749/g12d9.com/server/ThinkPHP/Lib/Core/ThinkException.class.php 第 64 行.
NOTIC: [8] Array to string conversion /home/wcmscom/public_html/50290749/g12d9.com/server/ThinkPHP/Lib/Core/ThinkException.class.php 第 64 行.
NOTIC: [8] Undefined index:  class /home/wcmscom/public_html/50290749/g12d9.com/server/ThinkPHP/Lib/Core/ThinkException.class.php 第 63 行.
NOTIC: [8] Undefined index:  type /home/wcmscom/public_html/50290749/g12d9.com/server/ThinkPHP/Lib/Core/ThinkException.class.php 第 63 行.
NOTIC: [8] Undefined index:  class /home/wcmscom/public_html/50290749/g12d9.com/server/ThinkPHP/Lib/Core/ThinkException.class.php 第 63 行.
NOTIC: [8] Undefined index:  type /home/wcmscom/public_html/50290749/g12d9.com/server/ThinkPHP/Lib/Core/ThinkException.class.php 第 63 行.

[ 2014-02-22T17:51:31+08:00 ] 113.104.166.97 /index.php/Ball/applycheck?id=18
INFO: [ route_check ] --START--
INFO: Run CheckRoute Behavior [ RunTime:0.000404s ]
INFO: [ route_check ] --END-- [ RunTime:0.000480s ]
INFO: [ app_begin ] --START--
INFO: Run ReadHtmlCache Behavior [ RunTime:-0.000252s ]
INFO: [ app_begin ] --END-- [ RunTime:0.000269s ]
NOTIC: [8] A session had already been started - ignoring session_start() /home/wcmscom/public_html/50290749/g12d9.com/server/.Lib/Action/BaseAction.class.php 第 5 行.

[ 2014-02-22T17:51:34+08:00 ] 113.104.166.97 /index.php/Ball/ballList
INFO: [ route_check ] --START--
INFO: Run CheckRoute Behavior [ RunTime:0.000402s ]
INFO: [ route_check ] --END-- [ RunTime:0.000480s ]
INFO: [ app_begin ] --START--
INFO: Run ReadHtmlCache Behavior [ RunTime:-0.000248s ]
INFO: [ app_begin ] --END-- [ RunTime:0.000273s ]
NOTIC: [8] A session had already been started - ignoring session_start() /home/wcmscom/public_html/50290749/g12d9.com/server/.Lib/Action/BaseAction.class.php 第 5 行.
NOTIC: [8] Undefined index:  page /home/wcmscom/public_html/50290749/g12d9.com/server/.Lib/Action/Home/BallAction.class.php 第 38 行.
NOTIC: [8] Undefined index:  state /home/wcmscom/public_html/50290749/g12d9.com/server/.Lib/Action/Home/BallAction.class.php 第 39 行.
SQL: SHOW COLUMNS FROM `booktickets` [ RunTime:0.004010s ]
SQL: SELECT COUNT(*) AS tp_count FROM `booktickets` LIMIT 1   [ RunTime:0.000050s ]
SQL: SELECT `id`,`status`,`title`,`date` FROM `booktickets` WHERE status!=0 ORDER BY id desc LIMIT 0,13   [ RunTime:0.000038s ]
INFO: [ view_template ] --START--
INFO: Run LocationTemplate Behavior [ RunTime:-0.012486s ]
INFO: [ view_template ] --END-- [ RunTime:0.000242s ]
INFO: [ view_parse ] --START--
INFO: Run ParseTemplate Behavior [ RunTime:-0.012754s ]
INFO: [ view_parse ] --END-- [ RunTime:0.068754s ]
INFO: [ view_filter ] --START--
INFO: Run ContentReplace Behavior [ RunTime:-0.081538s ]
INFO: Run TokenBuild Behavior [ RunTime:-0.081747s ]
INFO: Run WriteHtmlCache Behavior [ RunTime:-0.081924s ]
INFO: Run ShowRuntime Behavior [ RunTime:-0.082035s ]
INFO: [ view_filter ] --END-- [ RunTime:0.000731s ]
INFO: [ view_end ] --START--
INFO: Run ShowPageTrace Behavior [ RunTime:-0.082309s ]
INFO: [ view_end ] --END-- [ RunTime:0.000301s ]

[ 2014-02-22T17:51:34+08:00 ] ERR: (ThinkException) 非法操作:undefined
[ 2014-02-22T17:51:34+08:00 ] 113.104.166.97 /index.php/Ball/undefined
INFO: [ route_check ] --START--
INFO: Run CheckRoute Behavior [ RunTime:0.000402s ]
INFO: [ route_check ] --END-- [ RunTime:0.000486s ]
INFO: [ app_begin ] --START--
INFO: Run ReadHtmlCache Behavior [ RunTime:-0.000280s ]
INFO: [ app_begin ] --END-- [ RunTime:0.000285s ]
NOTIC: [8] A session had already been started - ignoring session_start() /home/wcmscom/public_html/50290749/g12d9.com/server/.Lib/Action/BaseAction.class.php 第 5 行.
NOTIC: [8] Undefined index:  class /home/wcmscom/public_html/50290749/g12d9.com/server/ThinkPHP/Lib/Core/ThinkException.class.php 第 63 行.
NOTIC: [8] Undefined index:  type /home/wcmscom/public_html/50290749/g12d9.com/server/ThinkPHP/Lib/Core/ThinkException.class.php 第 63 行.
NOTIC: [8] Undefined index:  args /home/wcmscom/public_html/50290749/g12d9.com/server/ThinkPHP/Lib/Core/ThinkException.class.php 第 64 行.
NOTIC: [2] implode() [<a href='function.implode'>function.implode</a>]: Invalid arguments passed /home/wcmscom/public_html/50290749/g12d9.com/server/ThinkPHP/Lib/Core/ThinkException.class.php 第 64 行.
NOTIC: [8] Undefined index:  file /home/wcmscom/public_html/50290749/g12d9.com/server/ThinkPHP/Lib/Core/ThinkException.class.php 第 62 行.
NOTIC: [8] Undefined index:  line /home/wcmscom/public_html/50290749/g12d9.com/server/ThinkPHP/Lib/Core/ThinkException.class.php 第 62 行.
NOTIC: [4096] Object of class BallAction could not be converted to string /home/wcmscom/public_html/50290749/g12d9.com/server/ThinkPHP/Lib/Core/ThinkException.class.php 第 64 行.
NOTIC: [8] Array to string conversion /home/wcmscom/public_html/50290749/g12d9.com/server/ThinkPHP/Lib/Core/ThinkException.class.php 第 64 行.
NOTIC: [8] Undefined index:  class /home/wcmscom/public_html/50290749/g12d9.com/server/ThinkPHP/Lib/Core/ThinkException.class.php 第 63 行.
NOTIC: [8] Undefined index:  type /home/wcmscom/public_html/50290749/g12d9.com/server/ThinkPHP/Lib/Core/ThinkException.class.php 第 63 行.
NOTIC: [8] Undefined index:  class /home/wcmscom/public_html/50290749/g12d9.com/server/ThinkPHP/Lib/Core/ThinkException.class.php 第 63 行.
NOTIC: [8] Undefined index:  type /home/wcmscom/public_html/50290749/g12d9.com/server/ThinkPHP/Lib/Core/ThinkException.class.php 第 63 行.

[ 2014-02-22T17:51:36+08:00 ] 113.104.166.97 /index.php/Party/partyList
INFO: [ route_check ] --START--
INFO: Run CheckRoute Behavior [ RunTime:0.000399s ]
INFO: [ route_check ] --END-- [ RunTime:0.000475s ]
INFO: [ app_begin ] --START--
INFO: Run ReadHtmlCache Behavior [ RunTime:-0.000252s ]
INFO: [ app_begin ] --END-- [ RunTime:0.000278s ]
NOTIC: [8] A session had already been started - ignoring session_start() /home/wcmscom/public_html/50290749/g12d9.com/server/.Lib/Action/BaseAction.class.php 第 5 行.
NOTIC: [8] Undefined index:  page /home/wcmscom/public_html/50290749/g12d9.com/server/.Lib/Action/Home/PartyAction.class.php 第 38 行.
SQL: SHOW COLUMNS FROM `party` [ RunTime:0.052856s ]
SQL: SELECT COUNT(*) AS tp_count FROM `party` LIMIT 1   [ RunTime:0.000144s ]
SQL: SELECT `id`,`status`,`title`,`date` FROM `party` WHERE status!=0 ORDER BY id desc LIMIT 0,13   [ RunTime:0.000093s ]
INFO: [ view_template ] --START--
INFO: Run LocationTemplate Behavior [ RunTime:-0.188408s ]
INFO: [ view_template ] --END-- [ RunTime:0.000234s ]
INFO: [ view_parse ] --START--
INFO: Run ParseTemplate Behavior [ RunTime:-0.188669s ]
INFO: [ view_parse ] --END-- [ RunTime:0.100227s ]
INFO: [ view_filter ] --START--
INFO: Run ContentReplace Behavior [ RunTime:-0.288927s ]
INFO: Run TokenBuild Behavior [ RunTime:-0.289135s ]
INFO: Run WriteHtmlCache Behavior [ RunTime:-0.289309s ]
INFO: Run ShowRuntime Behavior [ RunTime:-0.289428s ]
INFO: [ view_filter ] --END-- [ RunTime:0.000757s ]
INFO: [ view_end ] --START--
INFO: Run ShowPageTrace Behavior [ RunTime:-0.289724s ]
INFO: [ view_end ] --END-- [ RunTime:0.000308s ]

[ 2014-02-22T17:51:36+08:00 ] ERR: (ThinkException) 非法操作:undefined
[ 2014-02-22T17:51:36+08:00 ] 113.104.166.97 /index.php/Party/undefined
INFO: [ route_check ] --START--
INFO: Run CheckRoute Behavior [ RunTime:0.000404s ]
INFO: [ route_check ] --END-- [ RunTime:0.000478s ]
INFO: [ app_begin ] --START--
INFO: Run ReadHtmlCache Behavior [ RunTime:-0.000255s ]
INFO: [ app_begin ] --END-- [ RunTime:0.000278s ]
NOTIC: [8] A session had already been started - ignoring session_start() /home/wcmscom/public_html/50290749/g12d9.com/server/.Lib/Action/BaseAction.class.php 第 5 行.
NOTIC: [8] Undefined index:  class /home/wcmscom/public_html/50290749/g12d9.com/server/ThinkPHP/Lib/Core/ThinkException.class.php 第 63 行.
NOTIC: [8] Undefined index:  type /home/wcmscom/public_html/50290749/g12d9.com/server/ThinkPHP/Lib/Core/ThinkException.class.php 第 63 行.
NOTIC: [8] Undefined index:  args /home/wcmscom/public_html/50290749/g12d9.com/server/ThinkPHP/Lib/Core/ThinkException.class.php 第 64 行.
NOTIC: [2] implode() [<a href='function.implode'>function.implode</a>]: Invalid arguments passed /home/wcmscom/public_html/50290749/g12d9.com/server/ThinkPHP/Lib/Core/ThinkException.class.php 第 64 行.
NOTIC: [8] Undefined index:  file /home/wcmscom/public_html/50290749/g12d9.com/server/ThinkPHP/Lib/Core/ThinkException.class.php 第 62 行.
NOTIC: [8] Undefined index:  line /home/wcmscom/public_html/50290749/g12d9.com/server/ThinkPHP/Lib/Core/ThinkException.class.php 第 62 行.
NOTIC: [4096] Object of class PartyAction could not be converted to string /home/wcmscom/public_html/50290749/g12d9.com/server/ThinkPHP/Lib/Core/ThinkException.class.php 第 64 行.
NOTIC: [8] Array to string conversion /home/wcmscom/public_html/50290749/g12d9.com/server/ThinkPHP/Lib/Core/ThinkException.class.php 第 64 行.
NOTIC: [8] Undefined index:  class /home/wcmscom/public_html/50290749/g12d9.com/server/ThinkPHP/Lib/Core/ThinkException.class.php 第 63 行.
NOTIC: [8] Undefined index:  type /home/wcmscom/public_html/50290749/g12d9.com/server/ThinkPHP/Lib/Core/ThinkException.class.php 第 63 行.
NOTIC: [8] Undefined index:  class /home/wcmscom/public_html/50290749/g12d9.com/server/ThinkPHP/Lib/Core/ThinkException.class.php 第 63 行.
NOTIC: [8] Undefined index:  type /home/wcmscom/public_html/50290749/g12d9.com/server/ThinkPHP/Lib/Core/ThinkException.class.php 第 63 行.

[ 2014-02-22T17:51:37+08:00 ] 113.104.166.97 /index.php
INFO: [ app_begin ] --START--
INFO: Run ReadHtmlCache Behavior [ RunTime:0.000258s ]
INFO: [ app_begin ] --END-- [ RunTime:0.000333s ]
INFO: [ view_template ] --START--
INFO: Run LocationTemplate Behavior [ RunTime:-0.000324s ]
INFO: [ view_template ] --END-- [ RunTime:0.000175s ]
INFO: [ view_parse ] --START--
INFO: Run ParseTemplate Behavior [ RunTime:-0.000525s ]
INFO: [ view_parse ] --END-- [ RunTime:0.005365s ]
INFO: [ view_filter ] --START--
INFO: Run ContentReplace Behavior [ RunTime:-0.005913s ]
INFO: Run TokenBuild Behavior [ RunTime:-0.006169s ]
INFO: Run WriteHtmlCache Behavior [ RunTime:-0.006339s ]
INFO: Run ShowRuntime Behavior [ RunTime:-0.006453s ]
INFO: [ view_filter ] --END-- [ RunTime:0.000764s ]
INFO: [ view_end ] --START--
INFO: Run ShowPageTrace Behavior [ RunTime:-0.006715s ]
INFO: [ view_end ] --END-- [ RunTime:0.000304s ]

[ 2014-02-22T17:51:50+08:00 ] 113.104.166.97 /index.php/News/newsList
INFO: [ route_check ] --START--
INFO: Run CheckRoute Behavior [ RunTime:0.000437s ]
INFO: [ route_check ] --END-- [ RunTime:0.000529s ]
INFO: [ app_begin ] --START--
INFO: Run ReadHtmlCache Behavior [ RunTime:-0.000274s ]
INFO: [ app_begin ] --END-- [ RunTime:0.000377s ]
NOTIC: [8] A session had already been started - ignoring session_start() /home/wcmscom/public_html/50290749/g12d9.com/server/.Lib/Action/BaseAction.class.php 第 5 行.
NOTIC: [8] Undefined index:  page /home/wcmscom/public_html/50290749/g12d9.com/server/.Lib/Action/Home/NewsAction.class.php 第 8 行.
NOTIC: [8] Undefined index:  state /home/wcmscom/public_html/50290749/g12d9.com/server/.Lib/Action/Home/NewsAction.class.php 第 9 行.
SQL: SHOW COLUMNS FROM `news` [ RunTime:0.003396s ]
SQL: SELECT COUNT(*) AS tp_count FROM `news` LIMIT 1   [ RunTime:0.000040s ]
SQL: SELECT `id`,`title`,`status`,`date` FROM `news` WHERE status='1'  ORDER BY id desc LIMIT 0,13   [ RunTime:0.000029s ]
INFO: [ view_template ] --START--
INFO: Run LocationTemplate Behavior [ RunTime:-0.011487s ]
INFO: [ view_template ] --END-- [ RunTime:0.000247s ]
INFO: [ view_parse ] --START--
INFO: Run ParseTemplate Behavior [ RunTime:-0.011755s ]
INFO: [ view_parse ] --END-- [ RunTime:0.005921s ]
INFO: [ view_filter ] --START--
INFO: Run ContentReplace Behavior [ RunTime:-0.017701s ]
INFO: Run TokenBuild Behavior [ RunTime:-0.017883s ]
INFO: Run WriteHtmlCache Behavior [ RunTime:-0.018052s ]
INFO: Run ShowRuntime Behavior [ RunTime:-0.018191s ]
INFO: [ view_filter ] --END-- [ RunTime:0.000745s ]
INFO: [ view_end ] --START--
INFO: Run ShowPageTrace Behavior [ RunTime:-0.018486s ]
INFO: [ view_end ] --END-- [ RunTime:0.000306s ]

[ 2014-02-22T17:51:50+08:00 ] ERR: (ThinkException) 非法操作:undefined
[ 2014-02-22T17:51:50+08:00 ] 113.104.166.97 /index.php/News/undefined
INFO: [ route_check ] --START--
INFO: Run CheckRoute Behavior [ RunTime:0.000403s ]
INFO: [ route_check ] --END-- [ RunTime:0.000478s ]
INFO: [ app_begin ] --START--
INFO: Run ReadHtmlCache Behavior [ RunTime:-0.000268s ]
INFO: [ app_begin ] --END-- [ RunTime:0.000284s ]
NOTIC: [8] A session had already been started - ignoring session_start() /home/wcmscom/public_html/50290749/g12d9.com/server/.Lib/Action/BaseAction.class.php 第 5 行.
NOTIC: [8] Undefined index:  class /home/wcmscom/public_html/50290749/g12d9.com/server/ThinkPHP/Lib/Core/ThinkException.class.php 第 63 行.
NOTIC: [8] Undefined index:  type /home/wcmscom/public_html/50290749/g12d9.com/server/ThinkPHP/Lib/Core/ThinkException.class.php 第 63 行.
NOTIC: [8] Undefined index:  args /home/wcmscom/public_html/50290749/g12d9.com/server/ThinkPHP/Lib/Core/ThinkException.class.php 第 64 行.
NOTIC: [2] implode() [<a href='function.implode'>function.implode</a>]: Invalid arguments passed /home/wcmscom/public_html/50290749/g12d9.com/server/ThinkPHP/Lib/Core/ThinkException.class.php 第 64 行.
NOTIC: [8] Undefined index:  file /home/wcmscom/public_html/50290749/g12d9.com/server/ThinkPHP/Lib/Core/ThinkException.class.php 第 62 行.
NOTIC: [8] Undefined index:  line /home/wcmscom/public_html/50290749/g12d9.com/server/ThinkPHP/Lib/Core/ThinkException.class.php 第 62 行.
NOTIC: [4096] Object of class NewsAction could not be converted to string /home/wcmscom/public_html/50290749/g12d9.com/server/ThinkPHP/Lib/Core/ThinkException.class.php 第 64 行.
NOTIC: [8] Array to string conversion /home/wcmscom/public_html/50290749/g12d9.com/server/ThinkPHP/Lib/Core/ThinkException.class.php 第 64 行.
NOTIC: [8] Undefined index:  class /home/wcmscom/public_html/50290749/g12d9.com/server/ThinkPHP/Lib/Core/ThinkException.class.php 第 63 行.
NOTIC: [8] Undefined index:  type /home/wcmscom/public_html/50290749/g12d9.com/server/ThinkPHP/Lib/Core/ThinkException.class.php 第 63 行.
NOTIC: [8] Undefined index:  class /home/wcmscom/public_html/50290749/g12d9.com/server/ThinkPHP/Lib/Core/ThinkException.class.php 第 63 行.
NOTIC: [8] Undefined index:  type /home/wcmscom/public_html/50290749/g12d9.com/server/ThinkPHP/Lib/Core/ThinkException.class.php 第 63 行.

[ 2014-02-22T17:51:52+08:00 ] 113.104.166.97 /index.php/News/getOneNews?id=34
INFO: [ route_check ] --START--
INFO: Run CheckRoute Behavior [ RunTime:0.000399s ]
INFO: [ route_check ] --END-- [ RunTime:0.000480s ]
INFO: [ app_begin ] --START--
INFO: Run ReadHtmlCache Behavior [ RunTime:-0.000257s ]
INFO: [ app_begin ] --END-- [ RunTime:0.000278s ]
NOTIC: [8] A session had already been started - ignoring session_start() /home/wcmscom/public_html/50290749/g12d9.com/server/.Lib/Action/BaseAction.class.php 第 5 行.
SQL: SHOW COLUMNS FROM `news` [ RunTime:0.003388s ]
SQL: SELECT `id`,`title`,`content`,`user`,`date`,`status`,`views` FROM `news` WHERE id='34'  LIMIT 0,1   [ RunTime:0.000171s ]
SQL: UPDATE `news` SET `views`=21 WHERE id='34'  [ RunTime:0.000139s ]
INFO: [ view_template ] --START--
INFO: Run LocationTemplate Behavior [ RunTime:-0.010677s ]
INFO: [ view_template ] --END-- [ RunTime:0.000250s ]
INFO: [ view_parse ] --START--
INFO: Run ParseTemplate Behavior [ RunTime:-0.010958s ]
INFO: [ view_parse ] --END-- [ RunTime:0.092463s ]
INFO: [ view_filter ] --START--
INFO: Run ContentReplace Behavior [ RunTime:-0.103452s ]
INFO: Run TokenBuild Behavior [ RunTime:-0.103665s ]
INFO: Run WriteHtmlCache Behavior [ RunTime:-0.103842s ]
INFO: Run ShowRuntime Behavior [ RunTime:-0.103958s ]
INFO: [ view_filter ] --END-- [ RunTime:0.000747s ]
INFO: [ view_end ] --START--
INFO: Run ShowPageTrace Behavior [ RunTime:-0.104239s ]
INFO: [ view_end ] --END-- [ RunTime:0.000313s ]

[ 2014-02-22T17:51:53+08:00 ] ERR: (ThinkException) 非法操作:undefined
[ 2014-02-22T17:51:53+08:00 ] 113.104.166.97 /index.php/News/undefined
INFO: [ route_check ] --START--
INFO: Run CheckRoute Behavior [ RunTime:0.000405s ]
INFO: [ route_check ] --END-- [ RunTime:0.000501s ]
INFO: [ app_begin ] --START--
INFO: Run ReadHtmlCache Behavior [ RunTime:-0.000255s ]
INFO: [ app_begin ] --END-- [ RunTime:0.000275s ]
NOTIC: [8] A session had already been started - ignoring session_start() /home/wcmscom/public_html/50290749/g12d9.com/server/.Lib/Action/BaseAction.class.php 第 5 行.
NOTIC: [8] Undefined index:  class /home/wcmscom/public_html/50290749/g12d9.com/server/ThinkPHP/Lib/Core/ThinkException.class.php 第 63 行.
NOTIC: [8] Undefined index:  type /home/wcmscom/public_html/50290749/g12d9.com/server/ThinkPHP/Lib/Core/ThinkException.class.php 第 63 行.
NOTIC: [8] Undefined index:  args /home/wcmscom/public_html/50290749/g12d9.com/server/ThinkPHP/Lib/Core/ThinkException.class.php 第 64 行.
NOTIC: [2] implode() [<a href='function.implode'>function.implode</a>]: Invalid arguments passed /home/wcmscom/public_html/50290749/g12d9.com/server/ThinkPHP/Lib/Core/ThinkException.class.php 第 64 行.
NOTIC: [8] Undefined index:  file /home/wcmscom/public_html/50290749/g12d9.com/server/ThinkPHP/Lib/Core/ThinkException.class.php 第 62 行.
NOTIC: [8] Undefined index:  line /home/wcmscom/public_html/50290749/g12d9.com/server/ThinkPHP/Lib/Core/ThinkException.class.php 第 62 行.
NOTIC: [4096] Object of class NewsAction could not be converted to string /home/wcmscom/public_html/50290749/g12d9.com/server/ThinkPHP/Lib/Core/ThinkException.class.php 第 64 行.
NOTIC: [8] Array to string conversion /home/wcmscom/public_html/50290749/g12d9.com/server/ThinkPHP/Lib/Core/ThinkException.class.php 第 64 行.
NOTIC: [8] Undefined index:  class /home/wcmscom/public_html/50290749/g12d9.com/server/ThinkPHP/Lib/Core/ThinkException.class.php 第 63 行.
NOTIC: [8] Undefined index:  type /home/wcmscom/public_html/50290749/g12d9.com/server/ThinkPHP/Lib/Core/ThinkException.class.php 第 63 行.
NOTIC: [8] Undefined index:  class /home/wcmscom/public_html/50290749/g12d9.com/server/ThinkPHP/Lib/Core/ThinkException.class.php 第 63 行.
NOTIC: [8] Undefined index:  type /home/wcmscom/public_html/50290749/g12d9.com/server/ThinkPHP/Lib/Core/ThinkException.class.php 第 63 行.

[ 2014-02-22T17:51:56+08:00 ] 113.104.166.97 /index.php/Index/about
INFO: [ route_check ] --START--
INFO: Run CheckRoute Behavior [ RunTime:0.000616s ]
INFO: [ route_check ] --END-- [ RunTime:0.000726s ]
INFO: [ app_begin ] --START--
INFO: Run ReadHtmlCache Behavior [ RunTime:-0.000406s ]
INFO: [ app_begin ] --END-- [ RunTime:0.000431s ]
SQL: SHOW COLUMNS FROM `about` [ RunTime:0.003828s ]
SQL: SELECT `id`,`content`,`date` FROM `about` WHERE id='1'  LIMIT 0,1   [ RunTime:0.000110s ]
INFO: [ view_template ] --START--
INFO: Run LocationTemplate Behavior [ RunTime:-0.013971s ]
INFO: [ view_template ] --END-- [ RunTime:0.000349s ]
INFO: [ view_parse ] --START--
INFO: Run ParseTemplate Behavior [ RunTime:-0.014372s ]
INFO: [ view_parse ] --END-- [ RunTime:0.006024s ]
INFO: [ view_filter ] --START--
INFO: Run ContentReplace Behavior [ RunTime:-0.020418s ]
INFO: Run TokenBuild Behavior [ RunTime:-0.020672s ]
INFO: Run WriteHtmlCache Behavior [ RunTime:-0.020850s ]
INFO: Run ShowRuntime Behavior [ RunTime:-0.020965s ]
INFO: [ view_filter ] --END-- [ RunTime:0.000776s ]
INFO: [ view_end ] --START--
INFO: Run ShowPageTrace Behavior [ RunTime:-0.021242s ]
INFO: [ view_end ] --END-- [ RunTime:0.000294s ]

[ 2014-02-22T17:51:56+08:00 ] ERR: (ThinkException) 非法操作:undefined
[ 2014-02-22T17:51:56+08:00 ] 113.104.166.97 /index.php/Index/undefined
INFO: [ route_check ] --START--
INFO: Run CheckRoute Behavior [ RunTime:0.000412s ]
INFO: [ route_check ] --END-- [ RunTime:0.000498s ]
INFO: [ app_begin ] --START--
INFO: Run ReadHtmlCache Behavior [ RunTime:-0.000271s ]
INFO: [ app_begin ] --END-- [ RunTime:0.000278s ]
NOTIC: [8] Undefined index:  class /home/wcmscom/public_html/50290749/g12d9.com/server/ThinkPHP/Lib/Core/ThinkException.class.php 第 63 行.
NOTIC: [8] Undefined index:  type /home/wcmscom/public_html/50290749/g12d9.com/server/ThinkPHP/Lib/Core/ThinkException.class.php 第 63 行.
NOTIC: [8] Undefined index:  args /home/wcmscom/public_html/50290749/g12d9.com/server/ThinkPHP/Lib/Core/ThinkException.class.php 第 64 行.
NOTIC: [2] implode() [<a href='function.implode'>function.implode</a>]: Invalid arguments passed /home/wcmscom/public_html/50290749/g12d9.com/server/ThinkPHP/Lib/Core/ThinkException.class.php 第 64 行.
NOTIC: [8] Undefined index:  file /home/wcmscom/public_html/50290749/g12d9.com/server/ThinkPHP/Lib/Core/ThinkException.class.php 第 62 行.
NOTIC: [8] Undefined index:  line /home/wcmscom/public_html/50290749/g12d9.com/server/ThinkPHP/Lib/Core/ThinkException.class.php 第 62 行.
NOTIC: [4096] Object of class IndexAction could not be converted to string /home/wcmscom/public_html/50290749/g12d9.com/server/ThinkPHP/Lib/Core/ThinkException.class.php 第 64 行.
NOTIC: [8] Array to string conversion /home/wcmscom/public_html/50290749/g12d9.com/server/ThinkPHP/Lib/Core/ThinkException.class.php 第 64 行.
NOTIC: [8] Undefined index:  class /home/wcmscom/public_html/50290749/g12d9.com/server/ThinkPHP/Lib/Core/ThinkException.class.php 第 63 行.
NOTIC: [8] Undefined index:  type /home/wcmscom/public_html/50290749/g12d9.com/server/ThinkPHP/Lib/Core/ThinkException.class.php 第 63 行.
NOTIC: [8] Undefined index:  class /home/wcmscom/public_html/50290749/g12d9.com/server/ThinkPHP/Lib/Core/ThinkException.class.php 第 63 行.
NOTIC: [8] Undefined index:  type /home/wcmscom/public_html/50290749/g12d9.com/server/ThinkPHP/Lib/Core/ThinkException.class.php 第 63 行.

[ 2014-02-22T17:51:57+08:00 ] 113.104.166.97 /index.php/Ball/ballList
INFO: [ route_check ] --START--
INFO: Run CheckRoute Behavior [ RunTime:0.000397s ]
INFO: [ route_check ] --END-- [ RunTime:0.000471s ]
INFO: [ app_begin ] --START--
INFO: Run ReadHtmlCache Behavior [ RunTime:-0.000249s ]
INFO: [ app_begin ] --END-- [ RunTime:0.000273s ]
NOTIC: [8] A session had already been started - ignoring session_start() /home/wcmscom/public_html/50290749/g12d9.com/server/.Lib/Action/BaseAction.class.php 第 5 行.
NOTIC: [8] Undefined index:  page /home/wcmscom/public_html/50290749/g12d9.com/server/.Lib/Action/Home/BallAction.class.php 第 38 行.
NOTIC: [8] Undefined index:  state /home/wcmscom/public_html/50290749/g12d9.com/server/.Lib/Action/Home/BallAction.class.php 第 39 行.
SQL: SHOW COLUMNS FROM `booktickets` [ RunTime:0.003436s ]
SQL: SELECT COUNT(*) AS tp_count FROM `booktickets` LIMIT 1   [ RunTime:0.000039s ]
SQL: SELECT `id`,`status`,`title`,`date` FROM `booktickets` WHERE status!=0 ORDER BY id desc LIMIT 0,13   [ RunTime:0.000033s ]
INFO: [ view_template ] --START--
INFO: Run LocationTemplate Behavior [ RunTime:-0.010693s ]
INFO: [ view_template ] --END-- [ RunTime:0.000235s ]
INFO: [ view_parse ] --START--
INFO: Run ParseTemplate Behavior [ RunTime:-0.010953s ]
INFO: [ view_parse ] --END-- [ RunTime:0.006122s ]
INFO: [ view_filter ] --START--
INFO: Run ContentReplace Behavior [ RunTime:-0.017097s ]
INFO: Run TokenBuild Behavior [ RunTime:-0.017272s ]
INFO: Run WriteHtmlCache Behavior [ RunTime:-0.017441s ]
INFO: Run ShowRuntime Behavior [ RunTime:-0.017551s ]
INFO: [ view_filter ] --END-- [ RunTime:0.000678s ]
INFO: [ view_end ] --START--
INFO: Run ShowPageTrace Behavior [ RunTime:-0.017813s ]
INFO: [ view_end ] --END-- [ RunTime:0.000296s ]

[ 2014-02-22T17:51:57+08:00 ] ERR: (ThinkException) 非法操作:undefined
[ 2014-02-22T17:51:57+08:00 ] 113.104.166.97 /index.php/Ball/undefined
INFO: [ route_check ] --START--
INFO: Run CheckRoute Behavior [ RunTime:0.000403s ]
INFO: [ route_check ] --END-- [ RunTime:0.000478s ]
INFO: [ app_begin ] --START--
INFO: Run ReadHtmlCache Behavior [ RunTime:-0.000255s ]
INFO: [ app_begin ] --END-- [ RunTime:0.000277s ]
NOTIC: [8] A session had already been started - ignoring session_start() /home/wcmscom/public_html/50290749/g12d9.com/server/.Lib/Action/BaseAction.class.php 第 5 行.
NOTIC: [8] Undefined index:  class /home/wcmscom/public_html/50290749/g12d9.com/server/ThinkPHP/Lib/Core/ThinkException.class.php 第 63 行.
NOTIC: [8] Undefined index:  type /home/wcmscom/public_html/50290749/g12d9.com/server/ThinkPHP/Lib/Core/ThinkException.class.php 第 63 行.
NOTIC: [8] Undefined index:  args /home/wcmscom/public_html/50290749/g12d9.com/server/ThinkPHP/Lib/Core/ThinkException.class.php 第 64 行.
NOTIC: [2] implode() [<a href='function.implode'>function.implode</a>]: Invalid arguments passed /home/wcmscom/public_html/50290749/g12d9.com/server/ThinkPHP/Lib/Core/ThinkException.class.php 第 64 行.
NOTIC: [8] Undefined index:  file /home/wcmscom/public_html/50290749/g12d9.com/server/ThinkPHP/Lib/Core/ThinkException.class.php 第 62 行.
NOTIC: [8] Undefined index:  line /home/wcmscom/public_html/50290749/g12d9.com/server/ThinkPHP/Lib/Core/ThinkException.class.php 第 62 行.
NOTIC: [4096] Object of class BallAction could not be converted to string /home/wcmscom/public_html/50290749/g12d9.com/server/ThinkPHP/Lib/Core/ThinkException.class.php 第 64 行.
NOTIC: [8] Array to string conversion /home/wcmscom/public_html/50290749/g12d9.com/server/ThinkPHP/Lib/Core/ThinkException.class.php 第 64 行.
NOTIC: [8] Undefined index:  class /home/wcmscom/public_html/50290749/g12d9.com/server/ThinkPHP/Lib/Core/ThinkException.class.php 第 63 行.
NOTIC: [8] Undefined index:  type /home/wcmscom/public_html/50290749/g12d9.com/server/ThinkPHP/Lib/Core/ThinkException.class.php 第 63 行.
NOTIC: [8] Undefined index:  class /home/wcmscom/public_html/50290749/g12d9.com/server/ThinkPHP/Lib/Core/ThinkException.class.php 第 63 行.
NOTIC: [8] Undefined index:  type /home/wcmscom/public_html/50290749/g12d9.com/server/ThinkPHP/Lib/Core/ThinkException.class.php 第 63 行.

