[ 2014-02-05T15:26:11+08:00 ] ERR: (ThinkException) 无法加载模块:Favicon
[ 2014-02-05T15:31:19+08:00 ] ERR: (ThinkException) 无法加载模块:Favicon
[ 2014-02-05T15:37:46+08:00 ] ERR: (ThinkException) 无法加载模块:Favicon
[ 2014-02-05T15:37:48+08:00 ] ERR: (ThinkException) 无法加载模块:Index.php
[ 2014-02-05T15:38:04+08:00 ] ERR: (ThinkException) 无法加载模块:Index.php
[ 2014-02-05T15:38:06+08:00 ] ERR: (ThinkException) 无法加载模块:Favicon
[ 2014-02-05T15:38:07+08:00 ] ERR: (ThinkException) 无法加载模块:Favicon
[ 2014-02-05T15:38:24+08:00 ] ERR: (ThinkException) 无法加载模块:Favicon
[ 2014-02-05T15:38:25+08:00 ] ERR: (ThinkException) 无法加载模块:Favicon
[ 2014-02-05T15:38:54+08:00 ] ERR: (ThinkException) 无法加载模块:Favicon
[ 2014-02-05T15:39:25+08:00 ] ERR: (ThinkException) 非法操作:undefined
[ 2014-02-05T15:39:25+08:00 ] ERR: (ThinkException) 非法操作:favicon
[ 2014-02-05T15:40:33+08:00 ] ERR: (ThinkException) 非法操作:undefined
[ 2014-02-05T15:40:33+08:00 ] ERR: (ThinkException) 非法操作:favicon
[ 2014-02-05T15:40:41+08:00 ] ERR: (ThinkException) 非法操作:index
[ 2014-02-05T15:41:04+08:00 ] ERR: (ThinkException) 非法操作:index
[ 2014-02-05T15:41:05+08:00 ] ERR: (ThinkException) 非法操作:undefined
[ 2014-02-05T15:41:05+08:00 ] ERR: (ThinkException) 非法操作:favicon
[ 2014-02-05T15:41:05+08:00 ] ERR: (ThinkException) 非法操作:undefined
[ 2014-02-05T15:41:05+08:00 ] ERR: (ThinkException) 非法操作:favicon
[ 2014-02-05T15:41:09+08:00 ] ERR: (ThinkException) 非法操作:undefined
[ 2014-02-05T15:41:09+08:00 ] ERR: (ThinkException) 非法操作:favicon
[ 2014-02-05T15:41:11+08:00 ] ERR: (ThinkException) 非法操作:undefined
[ 2014-02-05T15:41:11+08:00 ] ERR: (ThinkException) 非法操作:favicon
[ 2014-02-05T15:41:53+08:00 ] ERR: (ThinkException) 非法操作:undefined
[ 2014-02-05T15:41:53+08:00 ] ERR: (ThinkException) 非法操作:favicon
[ 2014-02-05T15:44:36+08:00 ] ERR: (ThinkException) 非法操作:undefined
[ 2014-02-05T15:44:36+08:00 ] ERR: (ThinkException) 非法操作:favicon
[ 2014-02-05T15:45:21+08:00 ] ERR: (ThinkException) 非法操作:undefined
[ 2014-02-05T15:45:21+08:00 ] ERR: (ThinkException) 非法操作:favicon
[ 2014-02-05T15:45:31+08:00 ] ERR: (ThinkException) 非法操作:undefined
[ 2014-02-05T15:45:31+08:00 ] ERR: (ThinkException) 非法操作:favicon
[ 2014-02-05T15:45:39+08:00 ] ERR: (ThinkException) 非法操作:undefined
[ 2014-02-05T15:45:39+08:00 ] ERR: (ThinkException) 非法操作:favicon
[ 2014-02-05T15:45:45+08:00 ] ERR: (ThinkException) 非法操作:undefined
[ 2014-02-05T15:45:45+08:00 ] ERR: (ThinkException) 非法操作:favicon
[ 2014-02-05T15:46:05+08:00 ] ERR: (ThinkException) 非法操作:undefined
[ 2014-02-05T15:46:05+08:00 ] ERR: (ThinkException) 非法操作:favicon
[ 2014-02-05T15:46:29+08:00 ] ERR: (ThinkException) 非法操作:undefined
[ 2014-02-05T15:46:29+08:00 ] ERR: (ThinkException) 非法操作:favicon
[ 2014-02-05T15:46:46+08:00 ] ERR: (ThinkException) 非法操作:undefined
[ 2014-02-05T15:46:46+08:00 ] ERR: (ThinkException) 非法操作:favicon
[ 2014-02-05T15:46:53+08:00 ] ERR: (ThinkException) 非法操作:undefined
[ 2014-02-05T15:46:53+08:00 ] ERR: (ThinkException) 非法操作:favicon
[ 2014-02-05T15:47:06+08:00 ] ERR: (ThinkException) 非法操作:undefined
[ 2014-02-05T15:47:06+08:00 ] ERR: (ThinkException) 非法操作:favicon
[ 2014-02-05T15:47:40+08:00 ] ERR: (ThinkException) 非法操作:undefined
[ 2014-02-05T15:47:40+08:00 ] ERR: (ThinkException) 非法操作:favicon
[ 2014-02-05T15:48:44+08:00 ] ERR: (ThinkException) 非法操作:undefined
[ 2014-02-05T15:48:44+08:00 ] ERR: (ThinkException) 非法操作:favicon
[ 2014-02-05T15:51:06+08:00 ] ERR: (ThinkException) 非法操作:undefined
[ 2014-02-05T15:51:06+08:00 ] ERR: (ThinkException) 非法操作:favicon
[ 2014-02-05T15:52:13+08:00 ] ERR: (ThinkException) 非法操作:undefined
[ 2014-02-05T15:52:13+08:00 ] ERR: (ThinkException) 非法操作:favicon
[ 2014-02-05T15:52:44+08:00 ] ERR: (ThinkException) 非法操作:undefined
[ 2014-02-05T15:52:44+08:00 ] ERR: (ThinkException) 非法操作:favicon
[ 2014-02-05T15:52:45+08:00 ] ERR: (ThinkException) 非法操作:undefined
[ 2014-02-05T15:52:45+08:00 ] ERR: (ThinkException) 非法操作:favicon
[ 2014-02-05T15:53:02+08:00 ] ERR: (ThinkException) 非法操作:undefined
[ 2014-02-05T15:53:02+08:00 ] ERR: (ThinkException) 非法操作:favicon
[ 2014-02-05T15:53:07+08:00 ] ERR: (ThinkException) 非法操作:undefined
[ 2014-02-05T15:53:07+08:00 ] ERR: (ThinkException) 非法操作:favicon
[ 2014-02-05T15:53:11+08:00 ] ERR: (ThinkException) 非法操作:undefined
[ 2014-02-05T15:53:11+08:00 ] ERR: (ThinkException) 非法操作:favicon
[ 2014-02-05T15:53:19+08:00 ] ERR: (ThinkException) 非法操作:undefined
[ 2014-02-05T15:53:19+08:00 ] ERR: (ThinkException) 非法操作:favicon
[ 2014-02-05T15:53:20+08:00 ] ERR: (ThinkException) 非法操作:undefined
[ 2014-02-05T15:53:20+08:00 ] ERR: (ThinkException) 非法操作:favicon
[ 2014-02-05T15:53:37+08:00 ] ERR: (ThinkException) 非法操作:undefined
[ 2014-02-05T15:53:37+08:00 ] ERR: (ThinkException) 非法操作:favicon
[ 2014-02-05T16:03:14+08:00 ] ERR: (ThinkException) 非法操作:undefined
[ 2014-02-05T16:03:14+08:00 ] ERR: (ThinkException) 非法操作:favicon
[ 2014-02-05T16:03:32+08:00 ] ERR: (ThinkException) 非法操作:undefined
[ 2014-02-05T16:03:32+08:00 ] ERR: (ThinkException) 非法操作:favicon
[ 2014-02-05T16:03:47+08:00 ] ERR: (ThinkException) 非法操作:undefined
[ 2014-02-05T16:03:47+08:00 ] ERR: (ThinkException) 非法操作:favicon
[ 2014-02-05T16:04:09+08:00 ] ERR: (ThinkException) 非法操作:undefined
[ 2014-02-05T16:04:09+08:00 ] ERR: (ThinkException) 非法操作:favicon
[ 2014-02-05T16:04:10+08:00 ] ERR: (ThinkException) 非法操作:undefined
[ 2014-02-05T16:04:10+08:00 ] ERR: (ThinkException) 非法操作:favicon
[ 2014-02-05T16:06:37+08:00 ] ERR: (ThinkException) 非法操作:undefined
[ 2014-02-05T16:06:37+08:00 ] ERR: (ThinkException) 非法操作:favicon
[ 2014-02-05T16:09:20+08:00 ] ERR: (ThinkException) 模板不存在[./server/.Tpl/Home/News/getonenews.html]
[ 2014-02-05T16:09:57+08:00 ] ERR: (ThinkException) 非法操作:undefined
[ 2014-02-05T16:09:57+08:00 ] ERR: (ThinkException) 非法操作:favicon
[ 2014-02-05T16:10:24+08:00 ] ERR: (ThinkException) 非法操作:undefined
[ 2014-02-05T16:10:25+08:00 ] ERR: (ThinkException) 非法操作:favicon
[ 2014-02-05T16:10:26+08:00 ] ERR: (ThinkException) 非法操作:undefined
[ 2014-02-05T16:10:26+08:00 ] ERR: (ThinkException) 非法操作:favicon
[ 2014-02-05T16:10:37+08:00 ] ERR: (ThinkException) 非法操作:undefined
[ 2014-02-05T16:10:37+08:00 ] ERR: (ThinkException) 非法操作:favicon
[ 2014-02-05T16:10:38+08:00 ] ERR: (ThinkException) 非法操作:undefined
[ 2014-02-05T16:10:38+08:00 ] ERR: (ThinkException) 非法操作:favicon
[ 2014-02-05T16:11:08+08:00 ] ERR: (ThinkException) 非法操作:undefined
[ 2014-02-05T16:11:08+08:00 ] ERR: (ThinkException) 非法操作:favicon
[ 2014-02-05T16:11:09+08:00 ] ERR: (ThinkException) 非法操作:undefined
[ 2014-02-05T16:11:09+08:00 ] ERR: (ThinkException) 非法操作:favicon
[ 2014-02-05T16:11:13+08:00 ] ERR: (ThinkException) 非法操作:undefined
[ 2014-02-05T16:11:13+08:00 ] ERR: (ThinkException) 非法操作:favicon
[ 2014-02-05T16:11:14+08:00 ] ERR: (ThinkException) 非法操作:undefined
[ 2014-02-05T16:11:14+08:00 ] ERR: (ThinkException) 非法操作:favicon
[ 2014-02-05T16:11:41+08:00 ] ERR: (ThinkException) 非法操作:undefined
[ 2014-02-05T16:11:41+08:00 ] ERR: (ThinkException) 非法操作:favicon
[ 2014-02-05T16:11:41+08:00 ] ERR: (ThinkException) 非法操作:undefined
[ 2014-02-05T16:11:41+08:00 ] ERR: (ThinkException) 非法操作:favicon
[ 2014-02-05T16:11:46+08:00 ] ERR: (ThinkException) 非法操作:undefined
[ 2014-02-05T16:11:46+08:00 ] ERR: (ThinkException) 非法操作:favicon
[ 2014-02-05T16:12:08+08:00 ] ERR: (ThinkException) 非法操作:undefined
[ 2014-02-05T16:12:08+08:00 ] ERR: (ThinkException) 非法操作:favicon
[ 2014-02-05T16:12:50+08:00 ] ERR: (ThinkException) 非法操作:undefined
[ 2014-02-05T16:12:50+08:00 ] ERR: (ThinkException) 非法操作:favicon
[ 2014-02-05T16:13:02+08:00 ] ERR: (ThinkException) 非法操作:undefined
[ 2014-02-05T16:13:02+08:00 ] ERR: (ThinkException) 非法操作:favicon
[ 2014-02-05T16:13:07+08:00 ] ERR: (ThinkException) 非法操作:undefined
[ 2014-02-05T16:13:07+08:00 ] ERR: (ThinkException) 非法操作:favicon
[ 2014-02-05T16:13:08+08:00 ] ERR: (ThinkException) 非法操作:undefined
[ 2014-02-05T16:13:08+08:00 ] ERR: (ThinkException) 非法操作:favicon
[ 2014-02-05T16:13:30+08:00 ] ERR: (ThinkException) 非法操作:undefined
[ 2014-02-05T16:13:30+08:00 ] ERR: (ThinkException) 非法操作:favicon
[ 2014-02-05T16:13:32+08:00 ] ERR: (ThinkException) 非法操作:undefined
[ 2014-02-05T16:13:32+08:00 ] ERR: (ThinkException) 非法操作:favicon
[ 2014-02-05T16:13:34+08:00 ] ERR: (ThinkException) 非法操作:undefined
[ 2014-02-05T16:13:34+08:00 ] ERR: (ThinkException) 非法操作:favicon
[ 2014-02-05T16:13:39+08:00 ] ERR: (ThinkException) 非法操作:undefined
[ 2014-02-05T16:13:39+08:00 ] ERR: (ThinkException) 非法操作:favicon
[ 2014-02-05T16:13:40+08:00 ] ERR: (ThinkException) 非法操作:undefined
[ 2014-02-05T16:13:40+08:00 ] ERR: (ThinkException) 非法操作:favicon
[ 2014-02-05T16:14:46+08:00 ] ERR: (ThinkException) 非法操作:undefined
[ 2014-02-05T16:14:46+08:00 ] ERR: (ThinkException) 非法操作:favicon
[ 2014-02-05T16:14:48+08:00 ] ERR: (ThinkException) 非法操作:undefined
[ 2014-02-05T16:14:48+08:00 ] ERR: (ThinkException) 非法操作:favicon
[ 2014-02-05T16:15:32+08:00 ] ERR: (ThinkException) 非法操作:undefined
[ 2014-02-05T16:15:32+08:00 ] ERR: (ThinkException) 非法操作:favicon
[ 2014-02-05T16:15:34+08:00 ] ERR: (ThinkException) 非法操作:undefined
[ 2014-02-05T16:15:34+08:00 ] ERR: (ThinkException) 非法操作:favicon
[ 2014-02-05T16:15:36+08:00 ] ERR: (ThinkException) 非法操作:undefined
[ 2014-02-05T16:15:36+08:00 ] ERR: (ThinkException) 非法操作:favicon
[ 2014-02-05T16:15:37+08:00 ] ERR: (ThinkException) 非法操作:undefined
[ 2014-02-05T16:15:37+08:00 ] ERR: (ThinkException) 非法操作:favicon
[ 2014-02-05T16:15:45+08:00 ] ERR: (ThinkException) 非法操作:undefined
[ 2014-02-05T16:15:45+08:00 ] ERR: (ThinkException) 非法操作:favicon
[ 2014-02-05T16:17:28+08:00 ] ERR: (ThinkException) 非法操作:undefined
[ 2014-02-05T16:17:28+08:00 ] ERR: (ThinkException) 非法操作:favicon
[ 2014-02-05T16:17:36+08:00 ] ERR: (ThinkException) 非法操作:undefined
[ 2014-02-05T16:17:36+08:00 ] ERR: (ThinkException) 非法操作:favicon
[ 2014-02-05T16:17:45+08:00 ] ERR: (ThinkException) 非法操作:undefined
[ 2014-02-05T16:17:45+08:00 ] ERR: (ThinkException) 非法操作:favicon
[ 2014-02-05T16:21:48+08:00 ] ERR: (ThinkException) 非法操作:undefined
[ 2014-02-05T16:21:48+08:00 ] ERR: (ThinkException) 非法操作:favicon
[ 2014-02-05T16:21:58+08:00 ] ERR: (ThinkException) 非法操作:undefined
[ 2014-02-05T16:21:58+08:00 ] ERR: (ThinkException) 非法操作:favicon
[ 2014-02-05T16:22:57+08:00 ] ERR: (ThinkException) 非法操作:undefined
[ 2014-02-05T16:22:57+08:00 ] ERR: (ThinkException) 非法操作:favicon
[ 2014-02-05T16:23:01+08:00 ] ERR: (ThinkException) 非法操作:undefined
[ 2014-02-05T16:23:01+08:00 ] ERR: (ThinkException) 非法操作:favicon
[ 2014-02-05T16:25:18+08:00 ] ERR: (ThinkException) 非法操作:undefined
[ 2014-02-05T16:25:18+08:00 ] ERR: (ThinkException) 非法操作:favicon
[ 2014-02-05T16:25:20+08:00 ] ERR: (ThinkException) 非法操作:undefined
[ 2014-02-05T16:25:20+08:00 ] ERR: (ThinkException) 非法操作:favicon
[ 2014-02-05T16:27:14+08:00 ] ERR: (ThinkException) 非法操作:undefined
[ 2014-02-05T16:27:14+08:00 ] ERR: (ThinkException) 非法操作:favicon
[ 2014-02-05T16:27:16+08:00 ] ERR: (ThinkException) 非法操作:undefined
[ 2014-02-05T16:27:16+08:00 ] ERR: (ThinkException) 非法操作:favicon
[ 2014-02-05T16:27:17+08:00 ] ERR: (ThinkException) 非法操作:undefined
[ 2014-02-05T16:27:17+08:00 ] ERR: (ThinkException) 非法操作:favicon
[ 2014-02-05T16:28:49+08:00 ] ERR: (ThinkException) 非法操作:undefined
[ 2014-02-05T16:28:49+08:00 ] ERR: (ThinkException) 非法操作:favicon
[ 2014-02-05T16:28:50+08:00 ] ERR: (ThinkException) 非法操作:undefined
[ 2014-02-05T16:28:50+08:00 ] ERR: (ThinkException) 非法操作:favicon
[ 2014-02-05T16:28:52+08:00 ] ERR: (ThinkException) 非法操作:undefined
[ 2014-02-05T16:28:52+08:00 ] ERR: (ThinkException) 非法操作:favicon
[ 2014-02-05T16:28:53+08:00 ] ERR: (ThinkException) 非法操作:undefined
[ 2014-02-05T16:28:53+08:00 ] ERR: (ThinkException) 非法操作:favicon
[ 2014-02-05T16:28:55+08:00 ] ERR: (ThinkException) 非法操作:undefined
[ 2014-02-05T16:28:55+08:00 ] ERR: (ThinkException) 非法操作:favicon
[ 2014-02-05T16:28:56+08:00 ] ERR: (ThinkException) 非法操作:undefined
[ 2014-02-05T16:28:56+08:00 ] ERR: (ThinkException) 非法操作:favicon
[ 2014-02-05T16:28:58+08:00 ] ERR: (ThinkException) 非法操作:undefined
[ 2014-02-05T16:28:58+08:00 ] ERR: (ThinkException) 非法操作:favicon
[ 2014-02-05T16:29:00+08:00 ] ERR: (ThinkException) 非法操作:undefined
[ 2014-02-05T16:29:00+08:00 ] ERR: (ThinkException) 非法操作:favicon
[ 2014-02-05T16:29:02+08:00 ] ERR: (ThinkException) 非法操作:undefined
[ 2014-02-05T16:29:02+08:00 ] ERR: (ThinkException) 非法操作:favicon
[ 2014-02-05T16:29:03+08:00 ] ERR: (ThinkException) 非法操作:undefined
[ 2014-02-05T16:29:04+08:00 ] ERR: (ThinkException) 非法操作:favicon
[ 2014-02-05T16:29:05+08:00 ] ERR: (ThinkException) 非法操作:undefined
[ 2014-02-05T16:29:05+08:00 ] ERR: (ThinkException) 非法操作:favicon
[ 2014-02-05T16:29:07+08:00 ] ERR: (ThinkException) 非法操作:undefined
[ 2014-02-05T16:29:07+08:00 ] ERR: (ThinkException) 非法操作:favicon
[ 2014-02-05T16:29:08+08:00 ] ERR: (ThinkException) 非法操作:undefined
[ 2014-02-05T16:29:08+08:00 ] ERR: (ThinkException) 非法操作:favicon
[ 2014-02-05T16:29:20+08:00 ] ERR: (ThinkException) 非法操作:undefined
[ 2014-02-05T16:29:20+08:00 ] ERR: (ThinkException) 非法操作:favicon
[ 2014-02-05T16:29:21+08:00 ] ERR: (ThinkException) 非法操作:undefined
[ 2014-02-05T16:29:21+08:00 ] ERR: (ThinkException) 非法操作:favicon
[ 2014-02-05T16:29:22+08:00 ] ERR: (ThinkException) 非法操作:undefined
[ 2014-02-05T16:29:23+08:00 ] ERR: (ThinkException) 非法操作:favicon
[ 2014-02-05T16:29:23+08:00 ] ERR: (ThinkException) 非法操作:undefined
[ 2014-02-05T16:29:24+08:00 ] ERR: (ThinkException) 非法操作:favicon
[ 2014-02-05T16:29:24+08:00 ] ERR: (ThinkException) 非法操作:undefined
[ 2014-02-05T16:29:24+08:00 ] ERR: (ThinkException) 非法操作:favicon
[ 2014-02-05T16:29:26+08:00 ] ERR: (ThinkException) 非法操作:undefined
[ 2014-02-05T16:29:26+08:00 ] ERR: (ThinkException) 非法操作:favicon
[ 2014-02-05T16:29:27+08:00 ] ERR: (ThinkException) 非法操作:undefined
[ 2014-02-05T16:29:27+08:00 ] ERR: (ThinkException) 非法操作:favicon
[ 2014-02-05T16:29:30+08:00 ] ERR: (ThinkException) 非法操作:undefined
[ 2014-02-05T16:29:30+08:00 ] ERR: (ThinkException) 非法操作:favicon
[ 2014-02-05T16:29:31+08:00 ] ERR: (ThinkException) 非法操作:undefined
[ 2014-02-05T16:29:32+08:00 ] ERR: (ThinkException) 非法操作:favicon
[ 2014-02-05T16:29:33+08:00 ] ERR: (ThinkException) 非法操作:undefined
[ 2014-02-05T16:29:33+08:00 ] ERR: (ThinkException) 非法操作:favicon
[ 2014-02-05T16:29:35+08:00 ] ERR: (ThinkException) 非法操作:undefined
[ 2014-02-05T16:29:35+08:00 ] ERR: (ThinkException) 非法操作:favicon
[ 2014-02-05T16:29:37+08:00 ] ERR: (ThinkException) 非法操作:undefined
[ 2014-02-05T16:29:37+08:00 ] ERR: (ThinkException) 非法操作:favicon
[ 2014-02-05T16:29:51+08:00 ] ERR: (ThinkException) 非法操作:undefined
[ 2014-02-05T16:29:51+08:00 ] ERR: (ThinkException) 非法操作:favicon
[ 2014-02-05T16:30:11+08:00 ] ERR: (ThinkException) 非法操作:undefined
[ 2014-02-05T16:30:11+08:00 ] ERR: (ThinkException) 非法操作:favicon
[ 2014-02-05T16:30:12+08:00 ] ERR: (ThinkException) 非法操作:applylist
[ 2014-02-05T16:30:14+08:00 ] ERR: (ThinkException) 非法操作:undefined
[ 2014-02-05T16:30:14+08:00 ] ERR: (ThinkException) 非法操作:favicon
[ 2014-02-05T16:30:16+08:00 ] ERR: (ThinkException) 非法操作:undefined
[ 2014-02-05T16:30:16+08:00 ] ERR: (ThinkException) 非法操作:favicon
[ 2014-02-05T16:30:17+08:00 ] ERR: (ThinkException) 非法操作:undefined
[ 2014-02-05T16:30:17+08:00 ] ERR: (ThinkException) 非法操作:favicon
[ 2014-02-05T16:30:19+08:00 ] ERR: (ThinkException) 非法操作:undefined
[ 2014-02-05T16:30:19+08:00 ] ERR: (ThinkException) 非法操作:favicon
[ 2014-02-05T16:30:25+08:00 ] ERR: (ThinkException) 非法操作:undefined
[ 2014-02-05T16:30:25+08:00 ] ERR: (ThinkException) 非法操作:favicon
[ 2014-02-05T16:30:54+08:00 ] ERR: (ThinkException) 非法操作:undefined
[ 2014-02-05T16:30:54+08:00 ] ERR: (ThinkException) 非法操作:favicon
[ 2014-02-05T16:31:07+08:00 ] ERR: (ThinkException) 非法操作:undefined
[ 2014-02-05T16:31:07+08:00 ] ERR: (ThinkException) 非法操作:favicon
[ 2014-02-05T16:31:56+08:00 ] ERR: (ThinkException) 非法操作:undefined
[ 2014-02-05T16:31:56+08:00 ] ERR: (ThinkException) 非法操作:favicon
[ 2014-02-05T16:31:59+08:00 ] ERR: (ThinkException) 非法操作:undefined
[ 2014-02-05T16:31:59+08:00 ] ERR: (ThinkException) 非法操作:favicon
[ 2014-02-05T16:32:01+08:00 ] ERR: (ThinkException) 非法操作:undefined
[ 2014-02-05T16:32:02+08:00 ] ERR: (ThinkException) 非法操作:favicon
[ 2014-02-05T16:32:03+08:00 ] ERR: (ThinkException) 非法操作:undefined
[ 2014-02-05T16:32:03+08:00 ] ERR: (ThinkException) 非法操作:favicon
[ 2014-02-05T16:32:53+08:00 ] ERR: (ThinkException) 非法操作:undefined
[ 2014-02-05T16:32:53+08:00 ] ERR: (ThinkException) 非法操作:favicon
[ 2014-02-05T16:33:01+08:00 ] ERR: (ThinkException) 非法操作:undefined
[ 2014-02-05T16:33:01+08:00 ] ERR: (ThinkException) 非法操作:favicon
[ 2014-02-05T16:33:16+08:00 ] ERR: (ThinkException) 非法操作:favicon
[ 2014-02-05T16:33:19+08:00 ] ERR: (ThinkException) 非法操作:undefined
[ 2014-02-05T16:33:19+08:00 ] ERR: (ThinkException) 非法操作:favicon
[ 2014-02-05T16:33:23+08:00 ] ERR: (ThinkException) 非法操作:favicon
[ 2014-02-05T16:33:24+08:00 ] ERR: (ThinkException) 非法操作:favicon
[ 2014-02-05T16:33:24+08:00 ] ERR: (ThinkException) 非法操作:favicon
[ 2014-02-05T16:33:25+08:00 ] ERR: (ThinkException) 非法操作:favicon
[ 2014-02-05T16:33:26+08:00 ] ERR: (ThinkException) 非法操作:favicon
[ 2014-02-05T16:33:39+08:00 ] ERR: (ThinkException) 非法操作:undefined
[ 2014-02-05T16:33:39+08:00 ] ERR: (ThinkException) 非法操作:favicon
[ 2014-02-05T16:36:45+08:00 ] ERR: (ThinkException) 非法操作:favicon
[ 2014-02-05T16:37:39+08:00 ] ERR: (ThinkException) 非法操作:undefined
[ 2014-02-05T16:37:39+08:00 ] ERR: (ThinkException) 非法操作:favicon
[ 2014-02-05T16:38:25+08:00 ] ERR: (ThinkException) 非法操作:undefined
[ 2014-02-05T16:38:25+08:00 ] ERR: (ThinkException) 非法操作:favicon
[ 2014-02-05T16:39:33+08:00 ] ERR: (ThinkException) 非法操作:undefined
[ 2014-02-05T16:39:33+08:00 ] ERR: (ThinkException) 非法操作:favicon
[ 2014-02-05T16:40:06+08:00 ] ERR: (ThinkException) 非法操作:undefined
[ 2014-02-05T16:40:06+08:00 ] ERR: (ThinkException) 非法操作:favicon
[ 2014-02-05T16:40:15+08:00 ] ERR: (ThinkException) 非法操作:undefined
[ 2014-02-05T16:40:16+08:00 ] ERR: (ThinkException) 非法操作:favicon
[ 2014-02-05T16:40:23+08:00 ] ERR: (ThinkException) 非法操作:undefined
[ 2014-02-05T16:40:23+08:00 ] ERR: (ThinkException) 非法操作:favicon
[ 2014-02-05T16:41:33+08:00 ] ERR: (ThinkException) 非法操作:favicon
[ 2014-02-05T16:41:34+08:00 ] ERR: (ThinkException) 非法操作:favicon
[ 2014-02-05T16:41:34+08:00 ] ERR: (ThinkException) 非法操作:favicon
[ 2014-02-05T16:41:35+08:00 ] ERR: (ThinkException) 非法操作:applylist
[ 2014-02-05T16:41:36+08:00 ] ERR: (ThinkException) 非法操作:undefined
[ 2014-02-05T16:41:37+08:00 ] ERR: (ThinkException) 非法操作:favicon
[ 2014-02-05T16:41:38+08:00 ] ERR: (ThinkException) 非法操作:undefined
[ 2014-02-05T16:41:38+08:00 ] ERR: (ThinkException) 非法操作:favicon
[ 2014-02-05T17:58:04+08:00 ] ERR: (ThinkException) 非法操作:undefined
[ 2014-02-05T17:58:04+08:00 ] ERR: (ThinkException) 非法操作:favicon
[ 2014-02-05T17:58:09+08:00 ] ERR: (ThinkException) 非法操作:undefined
[ 2014-02-05T17:58:09+08:00 ] ERR: (ThinkException) 非法操作:favicon
[ 2014-02-05T18:15:57+08:00 ] ERR: (ThinkException) 非法操作:undefined
[ 2014-02-05T18:15:57+08:00 ] ERR: (ThinkException) 非法操作:favicon
[ 2014-02-05T18:15:59+08:00 ] ERR: (ThinkException) 非法操作:undefined
[ 2014-02-05T18:15:59+08:00 ] ERR: (ThinkException) 非法操作:favicon
[ 2014-02-05T18:16:02+08:00 ] ERR: (ThinkException) 非法操作:undefined
[ 2014-02-05T18:16:03+08:00 ] ERR: (ThinkException) 非法操作:favicon
[ 2014-02-05T18:16:05+08:00 ] ERR: (ThinkException) 非法操作:undefined
[ 2014-02-05T18:16:05+08:00 ] ERR: (ThinkException) 非法操作:favicon
[ 2014-02-05T18:16:08+08:00 ] ERR: (ThinkException) 非法操作:undefined
[ 2014-02-05T18:16:08+08:00 ] ERR: (ThinkException) 非法操作:favicon
[ 2014-02-05T18:16:12+08:00 ] ERR: (ThinkException) 非法操作:undefined
[ 2014-02-05T18:16:12+08:00 ] ERR: (ThinkException) 非法操作:favicon
[ 2014-02-05T18:16:14+08:00 ] ERR: (ThinkException) 非法操作:undefined
[ 2014-02-05T18:16:14+08:00 ] ERR: (ThinkException) 非法操作:favicon
[ 2014-02-05T18:16:20+08:00 ] ERR: (ThinkException) 非法操作:undefined
[ 2014-02-05T18:16:20+08:00 ] ERR: (ThinkException) 非法操作:favicon
[ 2014-02-05T18:16:24+08:00 ] ERR: (ThinkException) 非法操作:undefined
[ 2014-02-05T18:16:24+08:00 ] ERR: (ThinkException) 非法操作:favicon
[ 2014-02-05T18:16:31+08:00 ] ERR: (ThinkException) 非法操作:undefined
[ 2014-02-05T18:16:31+08:00 ] ERR: (ThinkException) 非法操作:favicon
[ 2014-02-05T21:14:50+08:00 ] ERR: (ThinkException) 非法操作:undefined
[ 2014-02-05T21:14:50+08:00 ] ERR: (ThinkException) 非法操作:favicon
[ 2014-02-05T21:14:54+08:00 ] ERR: (ThinkException) 非法操作:undefined
[ 2014-02-05T21:14:54+08:00 ] ERR: (ThinkException) 非法操作:favicon
[ 2014-02-05T21:14:56+08:00 ] ERR: (ThinkException) 非法操作:undefined
[ 2014-02-05T21:14:56+08:00 ] ERR: (ThinkException) 非法操作:favicon
[ 2014-02-05T21:14:59+08:00 ] ERR: (ThinkException) 非法操作:undefined
[ 2014-02-05T21:14:59+08:00 ] ERR: (ThinkException) 非法操作:favicon
[ 2014-02-05T21:15:02+08:00 ] ERR: (ThinkException) 非法操作:undefined
[ 2014-02-05T21:15:02+08:00 ] ERR: (ThinkException) 非法操作:favicon
[ 2014-02-05T21:15:05+08:00 ] ERR: (ThinkException) 非法操作:undefined
[ 2014-02-05T21:15:05+08:00 ] ERR: (ThinkException) 非法操作:favicon
[ 2014-02-05T21:43:40+08:00 ] ERR: (ThinkException) 非法操作:undefined
[ 2014-02-05T21:43:40+08:00 ] ERR: (ThinkException) 非法操作:favicon
[ 2014-02-05T22:39:55+08:00 ] ERR: (ThinkException) 非法操作:undefined
[ 2014-02-05T22:39:55+08:00 ] ERR: (ThinkException) 非法操作:favicon
[ 2014-02-05T22:40:38+08:00 ] ERR: (ThinkException) 非法操作:undefined
[ 2014-02-05T22:40:38+08:00 ] ERR: (ThinkException) 非法操作:favicon
[ 2014-02-05T22:54:28+08:00 ] ERR: (ThinkException) 非法操作:undefined
[ 2014-02-05T22:54:28+08:00 ] ERR: (ThinkException) 非法操作:favicon
[ 2014-02-05T22:54:30+08:00 ] ERR: (ThinkException) 非法操作:undefined
[ 2014-02-05T22:54:30+08:00 ] ERR: (ThinkException) 非法操作:favicon
[ 2014-02-05T22:54:35+08:00 ] ERR: (ThinkException) 非法操作:undefined
[ 2014-02-05T22:54:35+08:00 ] ERR: (ThinkException) 非法操作:favicon
[ 2014-02-05T22:54:36+08:00 ] ERR: (ThinkException) 非法操作:undefined
[ 2014-02-05T22:54:36+08:00 ] ERR: (ThinkException) 非法操作:favicon
[ 2014-02-05T22:54:38+08:00 ] ERR: (ThinkException) 非法操作:undefined
[ 2014-02-05T22:54:38+08:00 ] ERR: (ThinkException) 非法操作:favicon
[ 2014-02-05T22:54:40+08:00 ] ERR: (ThinkException) 非法操作:undefined
[ 2014-02-05T22:54:40+08:00 ] ERR: (ThinkException) 非法操作:favicon
[ 2014-02-05T22:54:42+08:00 ] ERR: (ThinkException) 非法操作:undefined
[ 2014-02-05T22:54:42+08:00 ] ERR: (ThinkException) 非法操作:favicon
[ 2014-02-05T22:54:45+08:00 ] ERR: (ThinkException) 非法操作:undefined
[ 2014-02-05T22:54:45+08:00 ] ERR: (ThinkException) 非法操作:favicon
[ 2014-02-05T22:54:47+08:00 ] ERR: (ThinkException) 非法操作:undefined
[ 2014-02-05T22:54:47+08:00 ] ERR: (ThinkException) 非法操作:favicon
[ 2014-02-05T22:54:48+08:00 ] ERR: (ThinkException) 非法操作:undefined
[ 2014-02-05T22:54:48+08:00 ] ERR: (ThinkException) 非法操作:favicon
[ 2014-02-05T22:54:51+08:00 ] ERR: (ThinkException) 非法操作:undefined
[ 2014-02-05T22:54:51+08:00 ] ERR: (ThinkException) 非法操作:favicon
[ 2014-02-05T22:54:52+08:00 ] ERR: (ThinkException) 非法操作:undefined
[ 2014-02-05T22:54:52+08:00 ] ERR: (ThinkException) 非法操作:favicon
