[ 2014-02-16T19:34:20+08:00 ] ERR: (ThinkException) 非法操作:undefined
[ 2014-02-16T19:34:20+08:00 ] ERR: (ThinkException) 非法操作:favicon
[ 2014-02-16T19:34:25+08:00 ] ERR: (ThinkException) 非法操作:undefined
[ 2014-02-16T19:34:25+08:00 ] ERR: (ThinkException) 非法操作:favicon
[ 2014-02-16T19:34:27+08:00 ] ERR: (ThinkException) 非法操作:undefined
[ 2014-02-16T19:34:27+08:00 ] ERR: (ThinkException) 非法操作:favicon
[ 2014-02-16T19:34:34+08:00 ] ERR: (ThinkException) 非法操作:undefined
[ 2014-02-16T19:34:34+08:00 ] ERR: (ThinkException) 非法操作:favicon
[ 2014-02-16T19:34:35+08:00 ] ERR: (ThinkException) 非法操作:undefined
[ 2014-02-16T19:34:35+08:00 ] ERR: (ThinkException) 非法操作:favicon
[ 2014-02-16T19:35:09+08:00 ] ERR: (ThinkException) 非法操作:undefined
[ 2014-02-16T19:35:09+08:00 ] ERR: (ThinkException) 非法操作:favicon
[ 2014-02-16T19:35:11+08:00 ] ERR: (ThinkException) 非法操作:undefined
[ 2014-02-16T19:35:11+08:00 ] ERR: (ThinkException) 非法操作:favicon
[ 2014-02-16T19:35:16+08:00 ] ERR: (ThinkException) 非法操作:undefined
[ 2014-02-16T19:35:16+08:00 ] ERR: (ThinkException) 非法操作:favicon
[ 2014-02-16T19:35:17+08:00 ] ERR: (ThinkException) 非法操作:favicon
[ 2014-02-16T19:35:18+08:00 ] ERR: (ThinkException) 非法操作:favicon
[ 2014-02-16T19:35:19+08:00 ] ERR: (ThinkException) 非法操作:favicon
[ 2014-02-16T19:35:20+08:00 ] ERR: (ThinkException) 非法操作:favicon
[ 2014-02-16T19:35:21+08:00 ] ERR: (ThinkException) 非法操作:favicon
[ 2014-02-16T19:35:21+08:00 ] ERR: (ThinkException) 非法操作:favicon
[ 2014-02-16T19:35:22+08:00 ] ERR: (ThinkException) 非法操作:favicon
[ 2014-02-16T19:35:23+08:00 ] ERR: (ThinkException) 非法操作:favicon
[ 2014-02-16T19:35:28+08:00 ] ERR: (ThinkException) 非法操作:undefined
[ 2014-02-16T19:35:28+08:00 ] ERR: (ThinkException) 非法操作:favicon
[ 2014-02-16T19:35:29+08:00 ] ERR: (ThinkException) 非法操作:favicon
[ 2014-02-16T19:35:30+08:00 ] ERR: (ThinkException) 非法操作:favicon
[ 2014-02-16T19:35:45+08:00 ] ERR: (ThinkException) 非法操作:undefined
[ 2014-02-16T19:35:46+08:00 ] ERR: (ThinkException) 非法操作:favicon
[ 2014-02-16T19:35:46+08:00 ] ERR: (ThinkException) 非法操作:undefined
[ 2014-02-16T19:35:46+08:00 ] ERR: (ThinkException) 非法操作:favicon
[ 2014-02-16T19:35:49+08:00 ] ERR: (ThinkException) 非法操作:undefined
[ 2014-02-16T19:35:49+08:00 ] ERR: (ThinkException) 非法操作:favicon
[ 2014-02-16T19:36:39+08:00 ] ERR: (ThinkException) 非法操作:undefined
[ 2014-02-16T19:36:39+08:00 ] ERR: (ThinkException) 非法操作:favicon
[ 2014-02-16T19:37:00+08:00 ] ERR: (ThinkException) 非法操作:undefined
[ 2014-02-16T19:37:00+08:00 ] ERR: (ThinkException) 非法操作:favicon
[ 2014-02-16T19:40:49+08:00 ] ERR: (ThinkException) 非法操作:undefined
[ 2014-02-16T19:40:49+08:00 ] ERR: (ThinkException) 非法操作:favicon
[ 2014-02-16T19:41:26+08:00 ] ERR: (ThinkException) 非法操作:undefined
[ 2014-02-16T19:41:26+08:00 ] ERR: (ThinkException) 非法操作:favicon
[ 2014-02-16T19:45:54+08:00 ] ERR: (ThinkException) 非法操作:undefined
[ 2014-02-16T19:45:54+08:00 ] ERR: (ThinkException) 非法操作:favicon
[ 2014-02-16T19:46:16+08:00 ] ERR: (ThinkException) 非法操作:undefined
[ 2014-02-16T19:46:24+08:00 ] ERR: (ThinkException) 非法操作:undefined
[ 2014-02-16T19:58:41+08:00 ] ERR: (ThinkException) 非法操作:undefined
[ 2014-02-16T19:58:55+08:00 ] ERR: (ThinkException) 非法操作:undefined
[ 2014-02-16T19:59:42+08:00 ] ERR: (ThinkException) 非法操作:undefined
[ 2014-02-16T19:59:53+08:00 ] ERR: (ThinkException) 非法操作:undefined
[ 2014-02-16T20:00:45+08:00 ] ERR: (ThinkException) 非法操作:undefined
[ 2014-02-16T20:00:52+08:00 ] ERR: (ThinkException) 非法操作:undefined
[ 2014-02-16T20:00:58+08:00 ] ERR: (ThinkException) 非法操作:undefined
[ 2014-02-16T20:00:58+08:00 ] ERR: (ThinkException) 非法操作:undefined
[ 2014-02-16T20:01:11+08:00 ] ERR: (ThinkException) 非法操作:undefined
[ 2014-02-16T20:01:13+08:00 ] ERR: (ThinkException) 非法操作:undefined
[ 2014-02-16T20:01:14+08:00 ] ERR: (ThinkException) 非法操作:undefined
[ 2014-02-16T20:01:20+08:00 ] ERR: (ThinkException) 非法操作:undefined
[ 2014-02-16T20:01:21+08:00 ] ERR: (ThinkException) 非法操作:undefined
[ 2014-02-16T20:01:32+08:00 ] ERR: (ThinkException) 非法操作:undefined
[ 2014-02-16T20:01:34+08:00 ] ERR: (ThinkException) 非法操作:undefined
[ 2014-02-16T20:01:35+08:00 ] ERR: (ThinkException) 非法操作:undefined
[ 2014-02-16T20:01:37+08:00 ] ERR: (ThinkException) 非法操作:undefined
[ 2014-02-16T20:01:38+08:00 ] ERR: (ThinkException) 非法操作:undefined
[ 2014-02-16T20:02:03+08:00 ] ERR: (ThinkException) 非法操作:undefined
[ 2014-02-16T20:02:56+08:00 ] ERR: (ThinkException) 非法操作:undefined
[ 2014-02-16T20:02:57+08:00 ] ERR: (ThinkException) 非法操作:undefined
[ 2014-02-16T20:02:58+08:00 ] ERR: (ThinkException) 非法操作:undefined
[ 2014-02-16T20:02:59+08:00 ] ERR: (ThinkException) 非法操作:undefined
[ 2014-02-16T20:02:59+08:00 ] ERR: (ThinkException) 非法操作:undefined
[ 2014-02-16T20:03:11+08:00 ] ERR: (ThinkException) 非法操作:undefined
[ 2014-02-16T20:03:12+08:00 ] ERR: (ThinkException) 非法操作:undefined
[ 2014-02-16T20:04:55+08:00 ] ERR: (ThinkException) 非法操作:undefined
[ 2014-02-16T20:04:57+08:00 ] ERR: (ThinkException) 非法操作:undefined
[ 2014-02-16T20:04:58+08:00 ] ERR: (ThinkException) 非法操作:undefined
[ 2014-02-16T20:05:05+08:00 ] ERR: (ThinkException) 非法操作:undefined
[ 2014-02-16T20:07:11+08:00 ] ERR: (ThinkException) 非法操作:undefined
[ 2014-02-16T20:07:41+08:00 ] ERR: (ThinkException) 非法操作:undefined
[ 2014-02-16T20:07:57+08:00 ] ERR: (ThinkException) 非法操作:undefined
[ 2014-02-16T20:08:03+08:00 ] ERR: (ThinkException) 非法操作:undefined
[ 2014-02-16T20:08:46+08:00 ] ERR: (ThinkException) 非法操作:undefined
[ 2014-02-16T20:13:13+08:00 ] ERR: (ThinkException) 非法操作:undefined
[ 2014-02-16T20:13:28+08:00 ] ERR: (ThinkException) 非法操作:undefined
[ 2014-02-16T20:13:38+08:00 ] ERR: (ThinkException) 非法操作:undefined
[ 2014-02-16T20:13:39+08:00 ] ERR: (ThinkException) 非法操作:undefined
[ 2014-02-16T20:13:48+08:00 ] ERR: (ThinkException) 非法操作:undefined
[ 2014-02-16T20:13:49+08:00 ] ERR: (ThinkException) 非法操作:undefined
[ 2014-02-16T20:13:50+08:00 ] 0.0.0.0 /shenjiutuan/index.php/Ball/applycheck?id=14
INFO: [ app_begin ] --START--
INFO: Run ReadHtmlCache Behavior [ RunTime:-0.000458s ]
INFO: [ app_begin ] --END-- [ RunTime:0.000926s ]
NOTIC: [8] A session had already been started - ignoring session_start() D:\develop_tools\xampp\htdocs\shenjiutuan\server\.Lib\Action\BaseAction.class.php 第 5 行.
NOTIC: [8192] mysql_connect(): The mysql extension is deprecated and will be removed in the future: use mysqli or PDO instead D:\develop_tools\xampp\htdocs\shenjiutuan\server\ThinkPHP\Lib\Driver\Db\DbMysql.class.php 第 55 行.
SQL: SHOW COLUMNS FROM `booktickets` [ RunTime:0.003124s ]
NOTIC: [8192] preg_replace(): The /e modifier is deprecated, use preg_replace_callback instead D:\develop_tools\xampp\htdocs\shenjiutuan\server\ThinkPHP\Lib\Core\Db.class.php 第 571 行.
SQL: SELECT `id`,`title`,`remark`,`maxnums`,`status`,`date`,`match_time`,`match_address`,`ticket_cost`,`car_cost`,`match_op` FROM `booktickets` WHERE id='14'  LIMIT 0,1   [ RunTime:0.000327s ]
SQL: SHOW COLUMNS FROM `ticket_logs` [ RunTime:0.003833s ]
NOTIC: [8192] preg_replace(): The /e modifier is deprecated, use preg_replace_callback instead D:\develop_tools\xampp\htdocs\shenjiutuan\server\ThinkPHP\Lib\Core\Db.class.php 第 571 行.
SQL: SELECT `id`,`tid`,`uid`,`nickname`,`ticket_nums`,`car_nums`,`watch_nums`,`style`,`goadd`,`isPay`,`remark`,`date` FROM `ticket_logs` WHERE tid='14' and uid='1'  LIMIT 0,1   [ RunTime:0.000292s ]

[ 2014-02-16T20:14:05+08:00 ] ERR: (ThinkException) 非法操作:undefined
[ 2014-02-16T20:15:09+08:00 ] ERR: (ThinkException) 非法操作:undefined
[ 2014-02-16T20:15:28+08:00 ] ERR: (ThinkException) 非法操作:undefined
[ 2014-02-16T20:15:29+08:00 ] ERR: (ThinkException) 非法操作:undefined
[ 2014-02-16T20:15:30+08:00 ] ERR: (ThinkException) 非法操作:undefined
[ 2014-02-16T20:15:54+08:00 ] ERR: (ThinkException) 非法操作:undefined
[ 2014-02-16T20:16:12+08:00 ] ERR: (ThinkException) 非法操作:undefined
[ 2014-02-16T20:17:51+08:00 ] ERR: (ThinkException) 非法操作:undefined
[ 2014-02-16T20:18:02+08:00 ] ERR: (ThinkException) 非法操作:undefined
[ 2014-02-16T20:18:03+08:00 ] ERR: (ThinkException) 非法操作:undefined
[ 2014-02-16T20:18:04+08:00 ] ERR: (ThinkException) 非法操作:undefined
[ 2014-02-16T20:18:06+08:00 ] ERR: (ThinkException) 非法操作:undefined
[ 2014-02-16T20:18:08+08:00 ] ERR: (ThinkException) 非法操作:undefined
[ 2014-02-16T20:18:10+08:00 ] ERR: (ThinkException) 非法操作:undefined
[ 2014-02-16T20:18:12+08:00 ] ERR: (ThinkException) 非法操作:undefined
[ 2014-02-16T20:18:18+08:00 ] ERR: (ThinkException) 非法操作:undefined
[ 2014-02-16T20:18:19+08:00 ] 0.0.0.0 /shenjiutuan/index.php/Ball/applycheck?id=13
INFO: [ app_begin ] --START--
INFO: Run ReadHtmlCache Behavior [ RunTime:-0.000685s ]
INFO: [ app_begin ] --END-- [ RunTime:0.002802s ]
NOTIC: [8] A session had already been started - ignoring session_start() D:\develop_tools\xampp\htdocs\shenjiutuan\server\.Lib\Action\BaseAction.class.php 第 5 行.
NOTIC: [8192] mysql_connect(): The mysql extension is deprecated and will be removed in the future: use mysqli or PDO instead D:\develop_tools\xampp\htdocs\shenjiutuan\server\ThinkPHP\Lib\Driver\Db\DbMysql.class.php 第 55 行.
SQL: SHOW COLUMNS FROM `booktickets` [ RunTime:0.002823s ]
NOTIC: [8192] preg_replace(): The /e modifier is deprecated, use preg_replace_callback instead D:\develop_tools\xampp\htdocs\shenjiutuan\server\ThinkPHP\Lib\Core\Db.class.php 第 571 行.
SQL: SELECT `id`,`title`,`remark`,`maxnums`,`status`,`date`,`match_time`,`match_address`,`ticket_cost`,`car_cost`,`match_op` FROM `booktickets` WHERE id='13'  LIMIT 0,1   [ RunTime:0.000277s ]
SQL: SHOW COLUMNS FROM `ticket_logs` [ RunTime:0.002507s ]
NOTIC: [8192] preg_replace(): The /e modifier is deprecated, use preg_replace_callback instead D:\develop_tools\xampp\htdocs\shenjiutuan\server\ThinkPHP\Lib\Core\Db.class.php 第 571 行.
SQL: SELECT `id`,`tid`,`uid`,`nickname`,`ticket_nums`,`car_nums`,`watch_nums`,`style`,`goadd`,`isPay`,`remark`,`date` FROM `ticket_logs` WHERE tid='13' and uid='1'  LIMIT 0,1   [ RunTime:0.000275s ]

[ 2014-02-16T20:18:23+08:00 ] ERR: (ThinkException) 非法操作:undefined
[ 2014-02-16T20:18:24+08:00 ] ERR: (ThinkException) 非法操作:undefined
[ 2014-02-16T20:18:25+08:00 ] 0.0.0.0 /shenjiutuan/index.php/Ball/applycheck?id=13
INFO: [ app_begin ] --START--
INFO: Run ReadHtmlCache Behavior [ RunTime:-0.000516s ]
INFO: [ app_begin ] --END-- [ RunTime:0.001023s ]
NOTIC: [8] A session had already been started - ignoring session_start() D:\develop_tools\xampp\htdocs\shenjiutuan\server\.Lib\Action\BaseAction.class.php 第 5 行.
NOTIC: [8192] mysql_connect(): The mysql extension is deprecated and will be removed in the future: use mysqli or PDO instead D:\develop_tools\xampp\htdocs\shenjiutuan\server\ThinkPHP\Lib\Driver\Db\DbMysql.class.php 第 55 行.
SQL: SHOW COLUMNS FROM `booktickets` [ RunTime:0.003896s ]
NOTIC: [8192] preg_replace(): The /e modifier is deprecated, use preg_replace_callback instead D:\develop_tools\xampp\htdocs\shenjiutuan\server\ThinkPHP\Lib\Core\Db.class.php 第 571 行.
SQL: SELECT `id`,`title`,`remark`,`maxnums`,`status`,`date`,`match_time`,`match_address`,`ticket_cost`,`car_cost`,`match_op` FROM `booktickets` WHERE id='13'  LIMIT 0,1   [ RunTime:0.000297s ]
SQL: SHOW COLUMNS FROM `ticket_logs` [ RunTime:0.002568s ]
NOTIC: [8192] preg_replace(): The /e modifier is deprecated, use preg_replace_callback instead D:\develop_tools\xampp\htdocs\shenjiutuan\server\ThinkPHP\Lib\Core\Db.class.php 第 571 行.
SQL: SELECT `id`,`tid`,`uid`,`nickname`,`ticket_nums`,`car_nums`,`watch_nums`,`style`,`goadd`,`isPay`,`remark`,`date` FROM `ticket_logs` WHERE tid='13' and uid='1'  LIMIT 0,1   [ RunTime:0.000283s ]

[ 2014-02-16T20:18:27+08:00 ] ERR: (ThinkException) 非法操作:undefined
[ 2014-02-16T20:18:29+08:00 ] ERR: (ThinkException) 非法操作:undefined
[ 2014-02-16T20:18:31+08:00 ] 0.0.0.0 /shenjiutuan/index.php/Ball/applycheck?id=14
INFO: [ app_begin ] --START--
INFO: Run ReadHtmlCache Behavior [ RunTime:-0.000875s ]
INFO: [ app_begin ] --END-- [ RunTime:0.001916s ]
NOTIC: [8] A session had already been started - ignoring session_start() D:\develop_tools\xampp\htdocs\shenjiutuan\server\.Lib\Action\BaseAction.class.php 第 5 行.
NOTIC: [8192] mysql_connect(): The mysql extension is deprecated and will be removed in the future: use mysqli or PDO instead D:\develop_tools\xampp\htdocs\shenjiutuan\server\ThinkPHP\Lib\Driver\Db\DbMysql.class.php 第 55 行.
SQL: SHOW COLUMNS FROM `booktickets` [ RunTime:0.002762s ]
NOTIC: [8192] preg_replace(): The /e modifier is deprecated, use preg_replace_callback instead D:\develop_tools\xampp\htdocs\shenjiutuan\server\ThinkPHP\Lib\Core\Db.class.php 第 571 行.
SQL: SELECT `id`,`title`,`remark`,`maxnums`,`status`,`date`,`match_time`,`match_address`,`ticket_cost`,`car_cost`,`match_op` FROM `booktickets` WHERE id='14'  LIMIT 0,1   [ RunTime:0.000288s ]
SQL: SHOW COLUMNS FROM `ticket_logs` [ RunTime:0.002602s ]
NOTIC: [8192] preg_replace(): The /e modifier is deprecated, use preg_replace_callback instead D:\develop_tools\xampp\htdocs\shenjiutuan\server\ThinkPHP\Lib\Core\Db.class.php 第 571 行.
SQL: SELECT `id`,`tid`,`uid`,`nickname`,`ticket_nums`,`car_nums`,`watch_nums`,`style`,`goadd`,`isPay`,`remark`,`date` FROM `ticket_logs` WHERE tid='14' and uid='1'  LIMIT 0,1   [ RunTime:0.000230s ]

[ 2014-02-16T20:18:51+08:00 ] ERR: (ThinkException) 非法操作:undefined
[ 2014-02-16T20:19:11+08:00 ] ERR: (ThinkException) 非法操作:undefined
[ 2014-02-16T20:19:20+08:00 ] ERR: (ThinkException) 非法操作:undefined
[ 2014-02-16T20:19:22+08:00 ] ERR: (ThinkException) 非法操作:undefined
[ 2014-02-16T20:20:08+08:00 ] ERR: (ThinkException) 非法操作:undefined
[ 2014-02-16T20:20:08+08:00 ] 0.0.0.0 /shenjiutuan/index.php/Ball/applycheck?id=14
INFO: [ app_begin ] --START--
INFO: Run ReadHtmlCache Behavior [ RunTime:-0.000317s ]
INFO: [ app_begin ] --END-- [ RunTime:0.000485s ]
NOTIC: [8] A session had already been started - ignoring session_start() D:\develop_tools\xampp\htdocs\shenjiutuan\server\.Lib\Action\BaseAction.class.php 第 5 行.
NOTIC: [8192] mysql_connect(): The mysql extension is deprecated and will be removed in the future: use mysqli or PDO instead D:\develop_tools\xampp\htdocs\shenjiutuan\server\ThinkPHP\Lib\Driver\Db\DbMysql.class.php 第 55 行.
SQL: SHOW COLUMNS FROM `booktickets` [ RunTime:0.002848s ]
NOTIC: [8192] preg_replace(): The /e modifier is deprecated, use preg_replace_callback instead D:\develop_tools\xampp\htdocs\shenjiutuan\server\ThinkPHP\Lib\Core\Db.class.php 第 571 行.
SQL: SELECT `id`,`title`,`remark`,`maxnums`,`status`,`date`,`match_time`,`match_address`,`ticket_cost`,`car_cost`,`match_op` FROM `booktickets` WHERE id='14'  LIMIT 0,1   [ RunTime:0.000286s ]
SQL: SHOW COLUMNS FROM `ticket_logs` [ RunTime:0.002667s ]
NOTIC: [8192] preg_replace(): The /e modifier is deprecated, use preg_replace_callback instead D:\develop_tools\xampp\htdocs\shenjiutuan\server\ThinkPHP\Lib\Core\Db.class.php 第 571 行.
SQL: SELECT `id`,`tid`,`uid`,`nickname`,`ticket_nums`,`car_nums`,`watch_nums`,`style`,`goadd`,`isPay`,`remark`,`date` FROM `ticket_logs` WHERE tid='14' and uid='1'  LIMIT 0,1   [ RunTime:0.000258s ]

[ 2014-02-16T20:20:14+08:00 ] 0.0.0.0 /shenjiutuan/index.php/Ball/applycheck?id=14
INFO: [ app_begin ] --START--
INFO: Run ReadHtmlCache Behavior [ RunTime:-0.000307s ]
INFO: [ app_begin ] --END-- [ RunTime:0.000496s ]
NOTIC: [8] A session had already been started - ignoring session_start() D:\develop_tools\xampp\htdocs\shenjiutuan\server\.Lib\Action\BaseAction.class.php 第 5 行.
NOTIC: [8192] mysql_connect(): The mysql extension is deprecated and will be removed in the future: use mysqli or PDO instead D:\develop_tools\xampp\htdocs\shenjiutuan\server\ThinkPHP\Lib\Driver\Db\DbMysql.class.php 第 55 行.
SQL: SHOW COLUMNS FROM `booktickets` [ RunTime:0.002866s ]
NOTIC: [8192] preg_replace(): The /e modifier is deprecated, use preg_replace_callback instead D:\develop_tools\xampp\htdocs\shenjiutuan\server\ThinkPHP\Lib\Core\Db.class.php 第 571 行.
SQL: SELECT `id`,`title`,`remark`,`maxnums`,`status`,`date`,`match_time`,`match_address`,`ticket_cost`,`car_cost`,`match_op` FROM `booktickets` WHERE id='14'  LIMIT 0,1   [ RunTime:0.000291s ]
SQL: SHOW COLUMNS FROM `ticket_logs` [ RunTime:0.003292s ]
NOTIC: [8192] preg_replace(): The /e modifier is deprecated, use preg_replace_callback instead D:\develop_tools\xampp\htdocs\shenjiutuan\server\ThinkPHP\Lib\Core\Db.class.php 第 571 行.
SQL: SELECT `id`,`tid`,`uid`,`nickname`,`ticket_nums`,`car_nums`,`watch_nums`,`style`,`goadd`,`isPay`,`remark`,`date` FROM `ticket_logs` WHERE tid='14' and uid='1'  LIMIT 0,1   [ RunTime:0.000354s ]

[ 2014-02-16T20:20:24+08:00 ] ERR: (ThinkException) 非法操作:undefined
[ 2014-02-16T20:20:25+08:00 ] 0.0.0.0 /shenjiutuan/index.php/Ball/applycheck?id=14
INFO: [ app_begin ] --START--
INFO: Run ReadHtmlCache Behavior [ RunTime:-0.000336s ]
INFO: [ app_begin ] --END-- [ RunTime:0.000574s ]
NOTIC: [8] A session had already been started - ignoring session_start() D:\develop_tools\xampp\htdocs\shenjiutuan\server\.Lib\Action\BaseAction.class.php 第 5 行.
NOTIC: [8192] mysql_connect(): The mysql extension is deprecated and will be removed in the future: use mysqli or PDO instead D:\develop_tools\xampp\htdocs\shenjiutuan\server\ThinkPHP\Lib\Driver\Db\DbMysql.class.php 第 55 行.
SQL: SHOW COLUMNS FROM `booktickets` [ RunTime:0.004136s ]
NOTIC: [8192] preg_replace(): The /e modifier is deprecated, use preg_replace_callback instead D:\develop_tools\xampp\htdocs\shenjiutuan\server\ThinkPHP\Lib\Core\Db.class.php 第 571 行.
SQL: SELECT `id`,`title`,`remark`,`maxnums`,`status`,`date`,`match_time`,`match_address`,`ticket_cost`,`car_cost`,`match_op` FROM `booktickets` WHERE id='14'  LIMIT 0,1   [ RunTime:0.000358s ]
SQL: SHOW COLUMNS FROM `ticket_logs` [ RunTime:0.003988s ]
NOTIC: [8192] preg_replace(): The /e modifier is deprecated, use preg_replace_callback instead D:\develop_tools\xampp\htdocs\shenjiutuan\server\ThinkPHP\Lib\Core\Db.class.php 第 571 行.
SQL: SELECT `id`,`tid`,`uid`,`nickname`,`ticket_nums`,`car_nums`,`watch_nums`,`style`,`goadd`,`isPay`,`remark`,`date` FROM `ticket_logs` WHERE tid='14' and uid='1'  LIMIT 0,1   [ RunTime:0.000371s ]

[ 2014-02-16T20:51:34+08:00 ] 0.0.0.0 /shenjiutuan/index.php/Ball/applycheck?id=14
INFO: [ app_begin ] --START--
INFO: Run ReadHtmlCache Behavior [ RunTime:-0.000538s ]
INFO: [ app_begin ] --END-- [ RunTime:0.000853s ]
NOTIC: [8] A session had already been started - ignoring session_start() D:\develop_tools\xampp\htdocs\shenjiutuan\server\.Lib\Action\BaseAction.class.php 第 5 行.
NOTIC: [8192] mysql_connect(): The mysql extension is deprecated and will be removed in the future: use mysqli or PDO instead D:\develop_tools\xampp\htdocs\shenjiutuan\server\ThinkPHP\Lib\Driver\Db\DbMysql.class.php 第 55 行.
SQL: SHOW COLUMNS FROM `booktickets` [ RunTime:0.002950s ]
NOTIC: [8192] preg_replace(): The /e modifier is deprecated, use preg_replace_callback instead D:\develop_tools\xampp\htdocs\shenjiutuan\server\ThinkPHP\Lib\Core\Db.class.php 第 571 行.
SQL: SELECT `id`,`title`,`remark`,`maxnums`,`status`,`date`,`match_time`,`match_address`,`ticket_cost`,`car_cost`,`match_op` FROM `booktickets` WHERE id='14'  LIMIT 0,1   [ RunTime:0.000300s ]
SQL: SHOW COLUMNS FROM `ticket_logs` [ RunTime:0.002664s ]
NOTIC: [8192] preg_replace(): The /e modifier is deprecated, use preg_replace_callback instead D:\develop_tools\xampp\htdocs\shenjiutuan\server\ThinkPHP\Lib\Core\Db.class.php 第 571 行.
SQL: SELECT `id`,`tid`,`uid`,`nickname`,`ticket_nums`,`car_nums`,`watch_nums`,`style`,`goadd`,`isPay`,`remark`,`date` FROM `ticket_logs` WHERE tid='14' and uid='1'  LIMIT 0,1   [ RunTime:0.000256s ]

[ 2014-02-16T20:51:39+08:00 ] ERR: (ThinkException) 非法操作:undefined
[ 2014-02-16T20:51:41+08:00 ] ERR: (ThinkException) 非法操作:undefined
[ 2014-02-16T20:51:46+08:00 ] ERR: (ThinkException) 非法操作:undefined
[ 2014-02-16T20:51:48+08:00 ] ERR: (ThinkException) 非法操作:undefined
[ 2014-02-16T20:51:49+08:00 ] ERR: (ThinkException) 非法操作:undefined
[ 2014-02-16T20:51:49+08:00 ] ERR: (ThinkException) 非法操作:undefined
[ 2014-02-16T20:51:56+08:00 ] ERR: (ThinkException) 非法操作:undefined
[ 2014-02-16T20:51:58+08:00 ] ERR: (ThinkException) 非法操作:undefined
[ 2014-02-16T20:51:59+08:00 ] 0.0.0.0 /shenjiutuan/index.php/Ball/applycheck?id=14
INFO: [ app_begin ] --START--
INFO: Run ReadHtmlCache Behavior [ RunTime:-0.000423s ]
INFO: [ app_begin ] --END-- [ RunTime:0.000740s ]
NOTIC: [8] A session had already been started - ignoring session_start() D:\develop_tools\xampp\htdocs\shenjiutuan\server\.Lib\Action\BaseAction.class.php 第 5 行.
NOTIC: [8192] mysql_connect(): The mysql extension is deprecated and will be removed in the future: use mysqli or PDO instead D:\develop_tools\xampp\htdocs\shenjiutuan\server\ThinkPHP\Lib\Driver\Db\DbMysql.class.php 第 55 行.
SQL: SHOW COLUMNS FROM `booktickets` [ RunTime:0.003070s ]
NOTIC: [8192] preg_replace(): The /e modifier is deprecated, use preg_replace_callback instead D:\develop_tools\xampp\htdocs\shenjiutuan\server\ThinkPHP\Lib\Core\Db.class.php 第 571 行.
SQL: SELECT `id`,`title`,`remark`,`maxnums`,`status`,`date`,`match_time`,`match_address`,`ticket_cost`,`car_cost`,`match_op` FROM `booktickets` WHERE id='14'  LIMIT 0,1   [ RunTime:0.000286s ]
SQL: SHOW COLUMNS FROM `ticket_logs` [ RunTime:0.002390s ]
NOTIC: [8192] preg_replace(): The /e modifier is deprecated, use preg_replace_callback instead D:\develop_tools\xampp\htdocs\shenjiutuan\server\ThinkPHP\Lib\Core\Db.class.php 第 571 行.
SQL: SELECT `id`,`tid`,`uid`,`nickname`,`ticket_nums`,`car_nums`,`watch_nums`,`style`,`goadd`,`isPay`,`remark`,`date` FROM `ticket_logs` WHERE tid='14' and uid='1'  LIMIT 0,1   [ RunTime:0.000260s ]

[ 2014-02-16T20:56:17+08:00 ] ERR: (ThinkException) 非法操作:undefined
[ 2014-02-16T20:56:19+08:00 ] ERR: (ThinkException) 非法操作:undefined
[ 2014-02-16T20:56:20+08:00 ] ERR: (ThinkException) 非法操作:undefined
[ 2014-02-16T20:56:22+08:00 ] ERR: (ThinkException) 非法操作:undefined
[ 2014-02-16T20:56:24+08:00 ] ERR: (ThinkException) 非法操作:undefined
[ 2014-02-16T20:56:26+08:00 ] ERR: (ThinkException) 非法操作:undefined
[ 2014-02-16T20:56:26+08:00 ] ERR: (ThinkException) 非法操作:undefined
[ 2014-02-16T20:57:04+08:00 ] ERR: (ThinkException) 非法操作:undefined
[ 2014-02-16T21:30:05+08:00 ] ERR: (ThinkException) 非法操作:undefined
[ 2014-02-16T21:30:07+08:00 ] ERR: (ThinkException) 非法操作:undefined
[ 2014-02-16T21:30:08+08:00 ] ERR: (ThinkException) 非法操作:undefined
[ 2014-02-16T21:30:09+08:00 ] ERR: (ThinkException) 非法操作:undefined
[ 2014-02-16T21:30:10+08:00 ] 0.0.0.0 /shenjiutuan/index.php/Ball/applycheck?id=14
INFO: [ app_begin ] --START--
INFO: Run ReadHtmlCache Behavior [ RunTime:-0.000314s ]
INFO: [ app_begin ] --END-- [ RunTime:0.000483s ]
NOTIC: [8] A session had already been started - ignoring session_start() D:\develop_tools\xampp\htdocs\shenjiutuan\server\.Lib\Action\BaseAction.class.php 第 5 行.
NOTIC: [8192] mysql_connect(): The mysql extension is deprecated and will be removed in the future: use mysqli or PDO instead D:\develop_tools\xampp\htdocs\shenjiutuan\server\ThinkPHP\Lib\Driver\Db\DbMysql.class.php 第 55 行.
SQL: SHOW COLUMNS FROM `booktickets` [ RunTime:0.003566s ]
NOTIC: [8192] preg_replace(): The /e modifier is deprecated, use preg_replace_callback instead D:\develop_tools\xampp\htdocs\shenjiutuan\server\ThinkPHP\Lib\Core\Db.class.php 第 571 行.
SQL: SELECT `id`,`title`,`remark`,`maxnums`,`status`,`date`,`match_time`,`match_address`,`ticket_cost`,`car_cost`,`match_op` FROM `booktickets` WHERE id='14'  LIMIT 0,1   [ RunTime:0.000304s ]
SQL: SHOW COLUMNS FROM `ticket_logs` [ RunTime:0.002753s ]
NOTIC: [8192] preg_replace(): The /e modifier is deprecated, use preg_replace_callback instead D:\develop_tools\xampp\htdocs\shenjiutuan\server\ThinkPHP\Lib\Core\Db.class.php 第 571 行.
SQL: SELECT `id`,`tid`,`uid`,`nickname`,`ticket_nums`,`car_nums`,`watch_nums`,`style`,`goadd`,`isPay`,`remark`,`date` FROM `ticket_logs` WHERE tid='14' and uid='1'  LIMIT 0,1   [ RunTime:0.000268s ]

[ 2014-02-16T21:30:20+08:00 ] ERR: (ThinkException) 非法操作:undefined
[ 2014-02-16T21:34:13+08:00 ] ERR: (ThinkException) 非法操作:undefined
[ 2014-02-16T21:34:16+08:00 ] 0.0.0.0 /shenjiutuan/index.php/Ball/applycheck?id=14
INFO: [ app_begin ] --START--
INFO: Run ReadHtmlCache Behavior [ RunTime:-0.000821s ]
INFO: [ app_begin ] --END-- [ RunTime:0.002012s ]
NOTIC: [8] A session had already been started - ignoring session_start() D:\develop_tools\xampp\htdocs\shenjiutuan\server\.Lib\Action\BaseAction.class.php 第 5 行.
NOTIC: [8192] mysql_connect(): The mysql extension is deprecated and will be removed in the future: use mysqli or PDO instead D:\develop_tools\xampp\htdocs\shenjiutuan\server\ThinkPHP\Lib\Driver\Db\DbMysql.class.php 第 55 行.
SQL: SHOW COLUMNS FROM `booktickets` [ RunTime:0.003474s ]
NOTIC: [8192] preg_replace(): The /e modifier is deprecated, use preg_replace_callback instead D:\develop_tools\xampp\htdocs\shenjiutuan\server\ThinkPHP\Lib\Core\Db.class.php 第 571 行.
SQL: SELECT `id`,`title`,`remark`,`maxnums`,`status`,`date`,`match_time`,`match_address`,`ticket_cost`,`car_cost`,`match_op` FROM `booktickets` WHERE id='14'  LIMIT 0,1   [ RunTime:0.000328s ]
SQL: SHOW COLUMNS FROM `ticket_logs` [ RunTime:0.002897s ]
NOTIC: [8192] preg_replace(): The /e modifier is deprecated, use preg_replace_callback instead D:\develop_tools\xampp\htdocs\shenjiutuan\server\ThinkPHP\Lib\Core\Db.class.php 第 571 行.
SQL: SELECT `id`,`tid`,`uid`,`nickname`,`ticket_nums`,`car_nums`,`watch_nums`,`style`,`goadd`,`isPay`,`remark`,`date` FROM `ticket_logs` WHERE tid='14' and uid='1'  LIMIT 0,1   [ RunTime:0.000279s ]

[ 2014-02-16T21:36:08+08:00 ] ERR: (ThinkException) 非法操作:undefined
[ 2014-02-16T21:36:11+08:00 ] ERR: (ThinkException) 非法操作:undefined
[ 2014-02-16T21:36:12+08:00 ] 0.0.0.0 /shenjiutuan/index.php/Ball/applycheck?id=14
INFO: [ app_begin ] --START--
INFO: Run ReadHtmlCache Behavior [ RunTime:-0.000557s ]
INFO: [ app_begin ] --END-- [ RunTime:0.001064s ]
NOTIC: [8] A session had already been started - ignoring session_start() D:\develop_tools\xampp\htdocs\shenjiutuan\server\.Lib\Action\BaseAction.class.php 第 5 行.
NOTIC: [8192] mysql_connect(): The mysql extension is deprecated and will be removed in the future: use mysqli or PDO instead D:\develop_tools\xampp\htdocs\shenjiutuan\server\ThinkPHP\Lib\Driver\Db\DbMysql.class.php 第 55 行.
SQL: SHOW COLUMNS FROM `booktickets` [ RunTime:0.002592s ]
NOTIC: [8192] preg_replace(): The /e modifier is deprecated, use preg_replace_callback instead D:\develop_tools\xampp\htdocs\shenjiutuan\server\ThinkPHP\Lib\Core\Db.class.php 第 571 行.
SQL: SELECT `id`,`title`,`remark`,`maxnums`,`status`,`date`,`match_time`,`match_address`,`ticket_cost`,`car_cost`,`match_op` FROM `booktickets` WHERE id='14'  LIMIT 0,1   [ RunTime:0.000263s ]
SQL: SHOW COLUMNS FROM `ticket_logs` [ RunTime:0.002683s ]
NOTIC: [8192] preg_replace(): The /e modifier is deprecated, use preg_replace_callback instead D:\develop_tools\xampp\htdocs\shenjiutuan\server\ThinkPHP\Lib\Core\Db.class.php 第 571 行.
SQL: SELECT `id`,`tid`,`uid`,`nickname`,`ticket_nums`,`car_nums`,`watch_nums`,`style`,`goadd`,`isPay`,`remark`,`date` FROM `ticket_logs` WHERE tid='14' and uid='1'  LIMIT 0,1   [ RunTime:0.000258s ]

[ 2014-02-16T21:42:48+08:00 ] ERR: (ThinkException) 非法操作:undefined
[ 2014-02-16T21:42:51+08:00 ] 0.0.0.0 /shenjiutuan/index.php/Ball/applycheck?id=14
INFO: [ app_begin ] --START--
INFO: Run ReadHtmlCache Behavior [ RunTime:-0.000685s ]
INFO: [ app_begin ] --END-- [ RunTime:0.000968s ]
NOTIC: [8] A session had already been started - ignoring session_start() D:\develop_tools\xampp\htdocs\shenjiutuan\server\.Lib\Action\BaseAction.class.php 第 5 行.
NOTIC: [8192] mysql_connect(): The mysql extension is deprecated and will be removed in the future: use mysqli or PDO instead D:\develop_tools\xampp\htdocs\shenjiutuan\server\ThinkPHP\Lib\Driver\Db\DbMysql.class.php 第 55 行.
SQL: SHOW COLUMNS FROM `booktickets` [ RunTime:0.002668s ]
NOTIC: [8192] preg_replace(): The /e modifier is deprecated, use preg_replace_callback instead D:\develop_tools\xampp\htdocs\shenjiutuan\server\ThinkPHP\Lib\Core\Db.class.php 第 571 行.
SQL: SELECT `id`,`title`,`remark`,`maxnums`,`status`,`date`,`match_time`,`match_address`,`ticket_cost`,`car_cost`,`match_op` FROM `booktickets` WHERE id='14'  LIMIT 0,1   [ RunTime:0.000262s ]
SQL: SHOW COLUMNS FROM `ticket_logs` [ RunTime:0.002460s ]
NOTIC: [8192] preg_replace(): The /e modifier is deprecated, use preg_replace_callback instead D:\develop_tools\xampp\htdocs\shenjiutuan\server\ThinkPHP\Lib\Core\Db.class.php 第 571 行.
SQL: SELECT `id`,`tid`,`uid`,`nickname`,`ticket_nums`,`car_nums`,`watch_nums`,`style`,`goadd`,`isPay`,`remark`,`date` FROM `ticket_logs` WHERE tid='14' and uid='1'  LIMIT 0,1   [ RunTime:0.000249s ]

[ 2014-02-16T21:42:54+08:00 ] ERR: (ThinkException) 非法操作:undefined
[ 2014-02-16T21:43:19+08:00 ] 0.0.0.0 /shenjiutuan/index.php/Ball/applycheck?id=14
INFO: [ app_begin ] --START--
INFO: Run ReadHtmlCache Behavior [ RunTime:-0.000486s ]
INFO: [ app_begin ] --END-- [ RunTime:0.000754s ]
NOTIC: [8] A session had already been started - ignoring session_start() D:\develop_tools\xampp\htdocs\shenjiutuan\server\.Lib\Action\BaseAction.class.php 第 5 行.
NOTIC: [8192] mysql_connect(): The mysql extension is deprecated and will be removed in the future: use mysqli or PDO instead D:\develop_tools\xampp\htdocs\shenjiutuan\server\ThinkPHP\Lib\Driver\Db\DbMysql.class.php 第 55 行.
SQL: SHOW COLUMNS FROM `booktickets` [ RunTime:0.002583s ]
NOTIC: [8192] preg_replace(): The /e modifier is deprecated, use preg_replace_callback instead D:\develop_tools\xampp\htdocs\shenjiutuan\server\ThinkPHP\Lib\Core\Db.class.php 第 571 行.
SQL: SELECT `id`,`title`,`remark`,`maxnums`,`status`,`date`,`match_time`,`match_address`,`ticket_cost`,`car_cost`,`match_op` FROM `booktickets` WHERE id='14'  LIMIT 0,1   [ RunTime:0.000217s ]
SQL: SHOW COLUMNS FROM `ticket_logs` [ RunTime:0.002289s ]
NOTIC: [8192] preg_replace(): The /e modifier is deprecated, use preg_replace_callback instead D:\develop_tools\xampp\htdocs\shenjiutuan\server\ThinkPHP\Lib\Core\Db.class.php 第 571 行.
SQL: SELECT `id`,`tid`,`uid`,`nickname`,`ticket_nums`,`car_nums`,`watch_nums`,`style`,`goadd`,`isPay`,`remark`,`date` FROM `ticket_logs` WHERE tid='14' and uid='1'  LIMIT 0,1   [ RunTime:0.000222s ]

[ 2014-02-16T21:43:21+08:00 ] ERR: (ThinkException) 非法操作:undefined
[ 2014-02-16T21:43:22+08:00 ] ERR: (ThinkException) 非法操作:undefined
[ 2014-02-16T21:43:23+08:00 ] 0.0.0.0 /shenjiutuan/index.php/Ball/applycheck?id=14
INFO: [ app_begin ] --START--
INFO: Run ReadHtmlCache Behavior [ RunTime:-0.000586s ]
INFO: [ app_begin ] --END-- [ RunTime:0.001329s ]
NOTIC: [8] A session had already been started - ignoring session_start() D:\develop_tools\xampp\htdocs\shenjiutuan\server\.Lib\Action\BaseAction.class.php 第 5 行.
NOTIC: [8192] mysql_connect(): The mysql extension is deprecated and will be removed in the future: use mysqli or PDO instead D:\develop_tools\xampp\htdocs\shenjiutuan\server\ThinkPHP\Lib\Driver\Db\DbMysql.class.php 第 55 行.
SQL: SHOW COLUMNS FROM `booktickets` [ RunTime:0.003352s ]
NOTIC: [8192] preg_replace(): The /e modifier is deprecated, use preg_replace_callback instead D:\develop_tools\xampp\htdocs\shenjiutuan\server\ThinkPHP\Lib\Core\Db.class.php 第 571 行.
SQL: SELECT `id`,`title`,`remark`,`maxnums`,`status`,`date`,`match_time`,`match_address`,`ticket_cost`,`car_cost`,`match_op` FROM `booktickets` WHERE id='14'  LIMIT 0,1   [ RunTime:0.000479s ]
SQL: SHOW COLUMNS FROM `ticket_logs` [ RunTime:0.002964s ]
NOTIC: [8192] preg_replace(): The /e modifier is deprecated, use preg_replace_callback instead D:\develop_tools\xampp\htdocs\shenjiutuan\server\ThinkPHP\Lib\Core\Db.class.php 第 571 行.
SQL: SELECT `id`,`tid`,`uid`,`nickname`,`ticket_nums`,`car_nums`,`watch_nums`,`style`,`goadd`,`isPay`,`remark`,`date` FROM `ticket_logs` WHERE tid='14' and uid='1'  LIMIT 0,1   [ RunTime:0.000257s ]

[ 2014-02-16T21:43:25+08:00 ] ERR: (ThinkException) 非法操作:undefined
[ 2014-02-16T21:43:39+08:00 ] 0.0.0.0 /shenjiutuan/index.php/Ball/applycheck?id=14
INFO: [ app_begin ] --START--
INFO: Run ReadHtmlCache Behavior [ RunTime:-0.000595s ]
INFO: [ app_begin ] --END-- [ RunTime:0.001607s ]
NOTIC: [8] A session had already been started - ignoring session_start() D:\develop_tools\xampp\htdocs\shenjiutuan\server\.Lib\Action\BaseAction.class.php 第 5 行.
NOTIC: [8192] mysql_connect(): The mysql extension is deprecated and will be removed in the future: use mysqli or PDO instead D:\develop_tools\xampp\htdocs\shenjiutuan\server\ThinkPHP\Lib\Driver\Db\DbMysql.class.php 第 55 行.
SQL: SHOW COLUMNS FROM `booktickets` [ RunTime:0.003926s ]
NOTIC: [8192] preg_replace(): The /e modifier is deprecated, use preg_replace_callback instead D:\develop_tools\xampp\htdocs\shenjiutuan\server\ThinkPHP\Lib\Core\Db.class.php 第 571 行.
SQL: SELECT `id`,`title`,`remark`,`maxnums`,`status`,`date`,`match_time`,`match_address`,`ticket_cost`,`car_cost`,`match_op` FROM `booktickets` WHERE id='14'  LIMIT 0,1   [ RunTime:0.000341s ]
SQL: SHOW COLUMNS FROM `ticket_logs` [ RunTime:0.004042s ]
NOTIC: [8192] preg_replace(): The /e modifier is deprecated, use preg_replace_callback instead D:\develop_tools\xampp\htdocs\shenjiutuan\server\ThinkPHP\Lib\Core\Db.class.php 第 571 行.
SQL: SELECT `id`,`tid`,`uid`,`nickname`,`ticket_nums`,`car_nums`,`watch_nums`,`style`,`goadd`,`isPay`,`remark`,`date` FROM `ticket_logs` WHERE tid='14' and uid='1'  LIMIT 0,1   [ RunTime:0.000271s ]

[ 2014-02-16T21:44:12+08:00 ] ERR: (ThinkException) 非法操作:undefined
[ 2014-02-16T21:44:13+08:00 ] ERR: (ThinkException) 非法操作:undefined
[ 2014-02-16T21:44:14+08:00 ] ERR: (ThinkException) 非法操作:undefined
[ 2014-02-16T21:44:15+08:00 ] 0.0.0.0 /shenjiutuan/index.php/Ball/applycheck?id=14
INFO: [ app_begin ] --START--
INFO: Run ReadHtmlCache Behavior [ RunTime:-0.000877s ]
INFO: [ app_begin ] --END-- [ RunTime:0.001320s ]
NOTIC: [8] A session had already been started - ignoring session_start() D:\develop_tools\xampp\htdocs\shenjiutuan\server\.Lib\Action\BaseAction.class.php 第 5 行.
NOTIC: [8192] mysql_connect(): The mysql extension is deprecated and will be removed in the future: use mysqli or PDO instead D:\develop_tools\xampp\htdocs\shenjiutuan\server\ThinkPHP\Lib\Driver\Db\DbMysql.class.php 第 55 行.
SQL: SHOW COLUMNS FROM `booktickets` [ RunTime:0.002955s ]
NOTIC: [8192] preg_replace(): The /e modifier is deprecated, use preg_replace_callback instead D:\develop_tools\xampp\htdocs\shenjiutuan\server\ThinkPHP\Lib\Core\Db.class.php 第 571 行.
SQL: SELECT `id`,`title`,`remark`,`maxnums`,`status`,`date`,`match_time`,`match_address`,`ticket_cost`,`car_cost`,`match_op` FROM `booktickets` WHERE id='14'  LIMIT 0,1   [ RunTime:0.000281s ]
SQL: SHOW COLUMNS FROM `ticket_logs` [ RunTime:0.002400s ]
NOTIC: [8192] preg_replace(): The /e modifier is deprecated, use preg_replace_callback instead D:\develop_tools\xampp\htdocs\shenjiutuan\server\ThinkPHP\Lib\Core\Db.class.php 第 571 行.
SQL: SELECT `id`,`tid`,`uid`,`nickname`,`ticket_nums`,`car_nums`,`watch_nums`,`style`,`goadd`,`isPay`,`remark`,`date` FROM `ticket_logs` WHERE tid='14' and uid='1'  LIMIT 0,1   [ RunTime:0.000270s ]

[ 2014-02-16T21:57:37+08:00 ] ERR: (ThinkException) 非法操作:undefined
[ 2014-02-16T21:58:37+08:00 ] ERR: (ThinkException) 非法操作:undefined
[ 2014-02-16T21:58:40+08:00 ] 0.0.0.0 /shenjiutuan/index.php/Ball/applycheck?id=14
INFO: [ app_begin ] --START--
INFO: Run ReadHtmlCache Behavior [ RunTime:-0.000435s ]
INFO: [ app_begin ] --END-- [ RunTime:0.000723s ]
NOTIC: [8] A session had already been started - ignoring session_start() D:\develop_tools\xampp\htdocs\shenjiutuan\server\.Lib\Action\BaseAction.class.php 第 5 行.
NOTIC: [8192] mysql_connect(): The mysql extension is deprecated and will be removed in the future: use mysqli or PDO instead D:\develop_tools\xampp\htdocs\shenjiutuan\server\ThinkPHP\Lib\Driver\Db\DbMysql.class.php 第 55 行.
SQL: SHOW COLUMNS FROM `booktickets` [ RunTime:0.002814s ]
NOTIC: [8192] preg_replace(): The /e modifier is deprecated, use preg_replace_callback instead D:\develop_tools\xampp\htdocs\shenjiutuan\server\ThinkPHP\Lib\Core\Db.class.php 第 571 行.
SQL: SELECT `id`,`title`,`remark`,`maxnums`,`status`,`date`,`match_time`,`match_address`,`ticket_cost`,`car_cost`,`match_op` FROM `booktickets` WHERE id='14'  LIMIT 0,1   [ RunTime:0.000265s ]
SQL: SHOW COLUMNS FROM `ticket_logs` [ RunTime:0.002744s ]
NOTIC: [8192] preg_replace(): The /e modifier is deprecated, use preg_replace_callback instead D:\develop_tools\xampp\htdocs\shenjiutuan\server\ThinkPHP\Lib\Core\Db.class.php 第 571 行.
SQL: SELECT `id`,`tid`,`uid`,`nickname`,`ticket_nums`,`car_nums`,`watch_nums`,`style`,`goadd`,`isPay`,`remark`,`date` FROM `ticket_logs` WHERE tid='14' and uid='1'  LIMIT 0,1   [ RunTime:0.000315s ]

[ 2014-02-16T21:59:47+08:00 ] ERR: (ThinkException) 非法操作:index
[ 2014-02-16T21:59:56+08:00 ] ERR: (ThinkException) 非法操作:index
[ 2014-02-16T21:59:57+08:00 ] ERR: (ThinkException) 非法操作:index
[ 2014-02-16T21:59:59+08:00 ] ERR: (ThinkException) 非法操作:undefined
[ 2014-02-16T22:00:00+08:00 ] 0.0.0.0 /shenjiutuan/index.php/Ball/applycheck?id=14
INFO: [ app_begin ] --START--
INFO: Run ReadHtmlCache Behavior [ RunTime:-0.000415s ]
INFO: [ app_begin ] --END-- [ RunTime:0.000636s ]
NOTIC: [8] A session had already been started - ignoring session_start() D:\develop_tools\xampp\htdocs\shenjiutuan\server\.Lib\Action\BaseAction.class.php 第 5 行.
NOTIC: [8192] mysql_connect(): The mysql extension is deprecated and will be removed in the future: use mysqli or PDO instead D:\develop_tools\xampp\htdocs\shenjiutuan\server\ThinkPHP\Lib\Driver\Db\DbMysql.class.php 第 55 行.
SQL: SHOW COLUMNS FROM `booktickets` [ RunTime:0.003597s ]
NOTIC: [8192] preg_replace(): The /e modifier is deprecated, use preg_replace_callback instead D:\develop_tools\xampp\htdocs\shenjiutuan\server\ThinkPHP\Lib\Core\Db.class.php 第 571 行.
SQL: SELECT `id`,`title`,`remark`,`maxnums`,`status`,`date`,`match_time`,`match_address`,`ticket_cost`,`car_cost`,`match_op` FROM `booktickets` WHERE id='14'  LIMIT 0,1   [ RunTime:0.000303s ]
SQL: SHOW COLUMNS FROM `ticket_logs` [ RunTime:0.004276s ]
NOTIC: [8192] preg_replace(): The /e modifier is deprecated, use preg_replace_callback instead D:\develop_tools\xampp\htdocs\shenjiutuan\server\ThinkPHP\Lib\Core\Db.class.php 第 571 行.
SQL: SELECT `id`,`tid`,`uid`,`nickname`,`ticket_nums`,`car_nums`,`watch_nums`,`style`,`goadd`,`isPay`,`remark`,`date` FROM `ticket_logs` WHERE tid='14' and uid='1'  LIMIT 0,1   [ RunTime:0.000378s ]

[ 2014-02-16T22:00:18+08:00 ] ERR: (ThinkException) 非法操作:undefined
[ 2014-02-16T22:00:20+08:00 ] ERR: (ThinkException) 非法操作:undefined
[ 2014-02-16T22:00:21+08:00 ] 0.0.0.0 /shenjiutuan/index.php/Ball/applycheck?id=14
INFO: [ app_begin ] --START--
INFO: Run ReadHtmlCache Behavior [ RunTime:-0.000581s ]
INFO: [ app_begin ] --END-- [ RunTime:0.000922s ]
NOTIC: [8] A session had already been started - ignoring session_start() D:\develop_tools\xampp\htdocs\shenjiutuan\server\.Lib\Action\BaseAction.class.php 第 5 行.
NOTIC: [8192] mysql_connect(): The mysql extension is deprecated and will be removed in the future: use mysqli or PDO instead D:\develop_tools\xampp\htdocs\shenjiutuan\server\ThinkPHP\Lib\Driver\Db\DbMysql.class.php 第 55 行.
SQL: SHOW COLUMNS FROM `booktickets` [ RunTime:0.002844s ]
NOTIC: [8192] preg_replace(): The /e modifier is deprecated, use preg_replace_callback instead D:\develop_tools\xampp\htdocs\shenjiutuan\server\ThinkPHP\Lib\Core\Db.class.php 第 571 行.
SQL: SELECT `id`,`title`,`remark`,`maxnums`,`status`,`date`,`match_time`,`match_address`,`ticket_cost`,`car_cost`,`match_op` FROM `booktickets` WHERE id='14'  LIMIT 0,1   [ RunTime:0.000285s ]
SQL: SHOW COLUMNS FROM `ticket_logs` [ RunTime:0.002509s ]
NOTIC: [8192] preg_replace(): The /e modifier is deprecated, use preg_replace_callback instead D:\develop_tools\xampp\htdocs\shenjiutuan\server\ThinkPHP\Lib\Core\Db.class.php 第 571 行.
SQL: SELECT `id`,`tid`,`uid`,`nickname`,`ticket_nums`,`car_nums`,`watch_nums`,`style`,`goadd`,`isPay`,`remark`,`date` FROM `ticket_logs` WHERE tid='14' and uid='1'  LIMIT 0,1   [ RunTime:0.000235s ]

[ 2014-02-16T22:00:23+08:00 ] ERR: (ThinkException) 非法操作:undefined
[ 2014-02-16T22:01:13+08:00 ] ERR: (ThinkException) 非法操作:undefined
[ 2014-02-16T22:01:18+08:00 ] ERR: (ThinkException) 非法操作:undefined
[ 2014-02-16T22:01:18+08:00 ] ERR: (ThinkException) 非法操作:undefined
[ 2014-02-16T22:01:19+08:00 ] ERR: (ThinkException) 非法操作:undefined
[ 2014-02-16T22:01:20+08:00 ] 0.0.0.0 /shenjiutuan/index.php/Ball/applycheck?id=14
INFO: [ app_begin ] --START--
INFO: Run ReadHtmlCache Behavior [ RunTime:-0.000804s ]
INFO: [ app_begin ] --END-- [ RunTime:0.000760s ]
NOTIC: [8] A session had already been started - ignoring session_start() D:\develop_tools\xampp\htdocs\shenjiutuan\server\.Lib\Action\BaseAction.class.php 第 5 行.
NOTIC: [8192] mysql_connect(): The mysql extension is deprecated and will be removed in the future: use mysqli or PDO instead D:\develop_tools\xampp\htdocs\shenjiutuan\server\ThinkPHP\Lib\Driver\Db\DbMysql.class.php 第 55 行.
SQL: SHOW COLUMNS FROM `booktickets` [ RunTime:0.002481s ]
NOTIC: [8192] preg_replace(): The /e modifier is deprecated, use preg_replace_callback instead D:\develop_tools\xampp\htdocs\shenjiutuan\server\ThinkPHP\Lib\Core\Db.class.php 第 571 行.
SQL: SELECT `id`,`title`,`remark`,`maxnums`,`status`,`date`,`match_time`,`match_address`,`ticket_cost`,`car_cost`,`match_op` FROM `booktickets` WHERE id='14'  LIMIT 0,1   [ RunTime:0.000268s ]
SQL: SHOW COLUMNS FROM `ticket_logs` [ RunTime:0.002705s ]
NOTIC: [8192] preg_replace(): The /e modifier is deprecated, use preg_replace_callback instead D:\develop_tools\xampp\htdocs\shenjiutuan\server\ThinkPHP\Lib\Core\Db.class.php 第 571 行.
SQL: SELECT `id`,`tid`,`uid`,`nickname`,`ticket_nums`,`car_nums`,`watch_nums`,`style`,`goadd`,`isPay`,`remark`,`date` FROM `ticket_logs` WHERE tid='14' and uid='1'  LIMIT 0,1   [ RunTime:0.000267s ]

[ 2014-02-16T22:01:29+08:00 ] ERR: (ThinkException) 非法操作:undefined
[ 2014-02-16T22:02:09+08:00 ] ERR: (ThinkException) 非法操作:undefined
[ 2014-02-16T22:03:03+08:00 ] ERR: (ThinkException) 非法操作:undefined
[ 2014-02-16T22:03:05+08:00 ] ERR: (ThinkException) 非法操作:undefined
[ 2014-02-16T22:03:08+08:00 ] 0.0.0.0 /shenjiutuan/index.php/Ball/applycheck?id=14
INFO: [ app_begin ] --START--
INFO: Run ReadHtmlCache Behavior [ RunTime:-0.000512s ]
INFO: [ app_begin ] --END-- [ RunTime:0.001196s ]
NOTIC: [8] A session had already been started - ignoring session_start() D:\develop_tools\xampp\htdocs\shenjiutuan\server\.Lib\Action\BaseAction.class.php 第 5 行.
NOTIC: [8192] mysql_connect(): The mysql extension is deprecated and will be removed in the future: use mysqli or PDO instead D:\develop_tools\xampp\htdocs\shenjiutuan\server\ThinkPHP\Lib\Driver\Db\DbMysql.class.php 第 55 行.
SQL: SHOW COLUMNS FROM `booktickets` [ RunTime:0.004052s ]
NOTIC: [8192] preg_replace(): The /e modifier is deprecated, use preg_replace_callback instead D:\develop_tools\xampp\htdocs\shenjiutuan\server\ThinkPHP\Lib\Core\Db.class.php 第 571 行.
SQL: SELECT `id`,`title`,`remark`,`maxnums`,`status`,`date`,`match_time`,`match_address`,`ticket_cost`,`car_cost`,`match_op` FROM `booktickets` WHERE id='14'  LIMIT 0,1   [ RunTime:0.000357s ]
SQL: SHOW COLUMNS FROM `ticket_logs` [ RunTime:0.003283s ]
NOTIC: [8192] preg_replace(): The /e modifier is deprecated, use preg_replace_callback instead D:\develop_tools\xampp\htdocs\shenjiutuan\server\ThinkPHP\Lib\Core\Db.class.php 第 571 行.
SQL: SELECT `id`,`tid`,`uid`,`nickname`,`ticket_nums`,`car_nums`,`watch_nums`,`style`,`goadd`,`isPay`,`remark`,`date` FROM `ticket_logs` WHERE tid='14' and uid='1'  LIMIT 0,1   [ RunTime:0.000334s ]

[ 2014-02-16T22:03:11+08:00 ] 0.0.0.0 /shenjiutuan/index.php/Ball/applycheck?id=14
INFO: [ app_begin ] --START--
INFO: Run ReadHtmlCache Behavior [ RunTime:-0.000503s ]
INFO: [ app_begin ] --END-- [ RunTime:0.001065s ]
NOTIC: [8] A session had already been started - ignoring session_start() D:\develop_tools\xampp\htdocs\shenjiutuan\server\.Lib\Action\BaseAction.class.php 第 5 行.
NOTIC: [8192] mysql_connect(): The mysql extension is deprecated and will be removed in the future: use mysqli or PDO instead D:\develop_tools\xampp\htdocs\shenjiutuan\server\ThinkPHP\Lib\Driver\Db\DbMysql.class.php 第 55 行.
SQL: SHOW COLUMNS FROM `booktickets` [ RunTime:0.002958s ]
NOTIC: [8192] preg_replace(): The /e modifier is deprecated, use preg_replace_callback instead D:\develop_tools\xampp\htdocs\shenjiutuan\server\ThinkPHP\Lib\Core\Db.class.php 第 571 行.
SQL: SELECT `id`,`title`,`remark`,`maxnums`,`status`,`date`,`match_time`,`match_address`,`ticket_cost`,`car_cost`,`match_op` FROM `booktickets` WHERE id='14'  LIMIT 0,1   [ RunTime:0.000276s ]
SQL: SHOW COLUMNS FROM `ticket_logs` [ RunTime:0.002832s ]
NOTIC: [8192] preg_replace(): The /e modifier is deprecated, use preg_replace_callback instead D:\develop_tools\xampp\htdocs\shenjiutuan\server\ThinkPHP\Lib\Core\Db.class.php 第 571 行.
SQL: SELECT `id`,`tid`,`uid`,`nickname`,`ticket_nums`,`car_nums`,`watch_nums`,`style`,`goadd`,`isPay`,`remark`,`date` FROM `ticket_logs` WHERE tid='14' and uid='1'  LIMIT 0,1   [ RunTime:0.000279s ]

[ 2014-02-16T22:03:14+08:00 ] 0.0.0.0 /shenjiutuan/index.php/Ball/applycheck?id=14
INFO: [ app_begin ] --START--
INFO: Run ReadHtmlCache Behavior [ RunTime:-0.000526s ]
INFO: [ app_begin ] --END-- [ RunTime:0.002592s ]
NOTIC: [8] A session had already been started - ignoring session_start() D:\develop_tools\xampp\htdocs\shenjiutuan\server\.Lib\Action\BaseAction.class.php 第 5 行.
NOTIC: [8192] mysql_connect(): The mysql extension is deprecated and will be removed in the future: use mysqli or PDO instead D:\develop_tools\xampp\htdocs\shenjiutuan\server\ThinkPHP\Lib\Driver\Db\DbMysql.class.php 第 55 行.
SQL: SHOW COLUMNS FROM `booktickets` [ RunTime:0.003245s ]
NOTIC: [8192] preg_replace(): The /e modifier is deprecated, use preg_replace_callback instead D:\develop_tools\xampp\htdocs\shenjiutuan\server\ThinkPHP\Lib\Core\Db.class.php 第 571 行.
SQL: SELECT `id`,`title`,`remark`,`maxnums`,`status`,`date`,`match_time`,`match_address`,`ticket_cost`,`car_cost`,`match_op` FROM `booktickets` WHERE id='14'  LIMIT 0,1   [ RunTime:0.000283s ]
SQL: SHOW COLUMNS FROM `ticket_logs` [ RunTime:0.002455s ]
NOTIC: [8192] preg_replace(): The /e modifier is deprecated, use preg_replace_callback instead D:\develop_tools\xampp\htdocs\shenjiutuan\server\ThinkPHP\Lib\Core\Db.class.php 第 571 行.
SQL: SELECT `id`,`tid`,`uid`,`nickname`,`ticket_nums`,`car_nums`,`watch_nums`,`style`,`goadd`,`isPay`,`remark`,`date` FROM `ticket_logs` WHERE tid='14' and uid='1'  LIMIT 0,1   [ RunTime:0.000250s ]

[ 2014-02-16T22:03:19+08:00 ] ERR: (ThinkException) 非法操作:undefined
[ 2014-02-16T22:03:20+08:00 ] ERR: (ThinkException) 非法操作:undefined
[ 2014-02-16T22:03:21+08:00 ] 0.0.0.0 /shenjiutuan/index.php/Ball/applycheck?id=14
INFO: [ app_begin ] --START--
INFO: Run ReadHtmlCache Behavior [ RunTime:-0.000600s ]
INFO: [ app_begin ] --END-- [ RunTime:0.001895s ]
NOTIC: [8] A session had already been started - ignoring session_start() D:\develop_tools\xampp\htdocs\shenjiutuan\server\.Lib\Action\BaseAction.class.php 第 5 行.
NOTIC: [8192] mysql_connect(): The mysql extension is deprecated and will be removed in the future: use mysqli or PDO instead D:\develop_tools\xampp\htdocs\shenjiutuan\server\ThinkPHP\Lib\Driver\Db\DbMysql.class.php 第 55 行.
SQL: SHOW COLUMNS FROM `booktickets` [ RunTime:0.003343s ]
NOTIC: [8192] preg_replace(): The /e modifier is deprecated, use preg_replace_callback instead D:\develop_tools\xampp\htdocs\shenjiutuan\server\ThinkPHP\Lib\Core\Db.class.php 第 571 行.
SQL: SELECT `id`,`title`,`remark`,`maxnums`,`status`,`date`,`match_time`,`match_address`,`ticket_cost`,`car_cost`,`match_op` FROM `booktickets` WHERE id='14'  LIMIT 0,1   [ RunTime:0.000306s ]
SQL: SHOW COLUMNS FROM `ticket_logs` [ RunTime:0.003024s ]
NOTIC: [8192] preg_replace(): The /e modifier is deprecated, use preg_replace_callback instead D:\develop_tools\xampp\htdocs\shenjiutuan\server\ThinkPHP\Lib\Core\Db.class.php 第 571 行.
SQL: SELECT `id`,`tid`,`uid`,`nickname`,`ticket_nums`,`car_nums`,`watch_nums`,`style`,`goadd`,`isPay`,`remark`,`date` FROM `ticket_logs` WHERE tid='14' and uid='1'  LIMIT 0,1   [ RunTime:0.000292s ]

[ 2014-02-16T22:03:24+08:00 ] 0.0.0.0 /shenjiutuan/index.php/Ball/applycheck?id=14
INFO: [ app_begin ] --START--
INFO: Run ReadHtmlCache Behavior [ RunTime:-0.000541s ]
INFO: [ app_begin ] --END-- [ RunTime:0.001083s ]
NOTIC: [8] A session had already been started - ignoring session_start() D:\develop_tools\xampp\htdocs\shenjiutuan\server\.Lib\Action\BaseAction.class.php 第 5 行.
NOTIC: [8192] mysql_connect(): The mysql extension is deprecated and will be removed in the future: use mysqli or PDO instead D:\develop_tools\xampp\htdocs\shenjiutuan\server\ThinkPHP\Lib\Driver\Db\DbMysql.class.php 第 55 行.
SQL: SHOW COLUMNS FROM `booktickets` [ RunTime:0.002921s ]
NOTIC: [8192] preg_replace(): The /e modifier is deprecated, use preg_replace_callback instead D:\develop_tools\xampp\htdocs\shenjiutuan\server\ThinkPHP\Lib\Core\Db.class.php 第 571 行.
SQL: SELECT `id`,`title`,`remark`,`maxnums`,`status`,`date`,`match_time`,`match_address`,`ticket_cost`,`car_cost`,`match_op` FROM `booktickets` WHERE id='14'  LIMIT 0,1   [ RunTime:0.000292s ]
SQL: SHOW COLUMNS FROM `ticket_logs` [ RunTime:0.002490s ]
NOTIC: [8192] preg_replace(): The /e modifier is deprecated, use preg_replace_callback instead D:\develop_tools\xampp\htdocs\shenjiutuan\server\ThinkPHP\Lib\Core\Db.class.php 第 571 行.
SQL: SELECT `id`,`tid`,`uid`,`nickname`,`ticket_nums`,`car_nums`,`watch_nums`,`style`,`goadd`,`isPay`,`remark`,`date` FROM `ticket_logs` WHERE tid='14' and uid='1'  LIMIT 0,1   [ RunTime:0.000292s ]

[ 2014-02-16T22:03:41+08:00 ] 0.0.0.0 /shenjiutuan/index.php/Ball/applycheck?id=14
INFO: [ app_begin ] --START--
INFO: Run ReadHtmlCache Behavior [ RunTime:-0.000474s ]
INFO: [ app_begin ] --END-- [ RunTime:0.000980s ]
NOTIC: [8] A session had already been started - ignoring session_start() D:\develop_tools\xampp\htdocs\shenjiutuan\server\.Lib\Action\BaseAction.class.php 第 5 行.
NOTIC: [8192] mysql_connect(): The mysql extension is deprecated and will be removed in the future: use mysqli or PDO instead D:\develop_tools\xampp\htdocs\shenjiutuan\server\ThinkPHP\Lib\Driver\Db\DbMysql.class.php 第 55 行.
SQL: SHOW COLUMNS FROM `booktickets` [ RunTime:0.003013s ]
NOTIC: [8192] preg_replace(): The /e modifier is deprecated, use preg_replace_callback instead D:\develop_tools\xampp\htdocs\shenjiutuan\server\ThinkPHP\Lib\Core\Db.class.php 第 571 行.
SQL: SELECT `id`,`title`,`remark`,`maxnums`,`status`,`date`,`match_time`,`match_address`,`ticket_cost`,`car_cost`,`match_op` FROM `booktickets` WHERE id='14'  LIMIT 0,1   [ RunTime:0.000292s ]
SQL: SHOW COLUMNS FROM `ticket_logs` [ RunTime:0.002929s ]
NOTIC: [8192] preg_replace(): The /e modifier is deprecated, use preg_replace_callback instead D:\develop_tools\xampp\htdocs\shenjiutuan\server\ThinkPHP\Lib\Core\Db.class.php 第 571 行.
SQL: SELECT `id`,`tid`,`uid`,`nickname`,`ticket_nums`,`car_nums`,`watch_nums`,`style`,`goadd`,`isPay`,`remark`,`date` FROM `ticket_logs` WHERE tid='14' and uid='1'  LIMIT 0,1   [ RunTime:0.000285s ]

[ 2014-02-16T22:03:44+08:00 ] ERR: (ThinkException) 非法操作:undefined
[ 2014-02-16T22:03:46+08:00 ] ERR: (ThinkException) 非法操作:undefined
[ 2014-02-16T22:03:48+08:00 ] ERR: (ThinkException) 非法操作:undefined
[ 2014-02-16T22:03:48+08:00 ] ERR: (ThinkException) 非法操作:undefined
[ 2014-02-16T22:03:51+08:00 ] 0.0.0.0 /shenjiutuan/index.php/Ball/applycheck?id=13
INFO: [ app_begin ] --START--
INFO: Run ReadHtmlCache Behavior [ RunTime:-0.000924s ]
INFO: [ app_begin ] --END-- [ RunTime:0.000994s ]
NOTIC: [8] A session had already been started - ignoring session_start() D:\develop_tools\xampp\htdocs\shenjiutuan\server\.Lib\Action\BaseAction.class.php 第 5 行.
NOTIC: [8192] mysql_connect(): The mysql extension is deprecated and will be removed in the future: use mysqli or PDO instead D:\develop_tools\xampp\htdocs\shenjiutuan\server\ThinkPHP\Lib\Driver\Db\DbMysql.class.php 第 55 行.
SQL: SHOW COLUMNS FROM `booktickets` [ RunTime:0.003230s ]
NOTIC: [8192] preg_replace(): The /e modifier is deprecated, use preg_replace_callback instead D:\develop_tools\xampp\htdocs\shenjiutuan\server\ThinkPHP\Lib\Core\Db.class.php 第 571 行.
SQL: SELECT `id`,`title`,`remark`,`maxnums`,`status`,`date`,`match_time`,`match_address`,`ticket_cost`,`car_cost`,`match_op` FROM `booktickets` WHERE id='13'  LIMIT 0,1   [ RunTime:0.000268s ]
SQL: SHOW COLUMNS FROM `ticket_logs` [ RunTime:0.002383s ]
NOTIC: [8192] preg_replace(): The /e modifier is deprecated, use preg_replace_callback instead D:\develop_tools\xampp\htdocs\shenjiutuan\server\ThinkPHP\Lib\Core\Db.class.php 第 571 行.
SQL: SELECT `id`,`tid`,`uid`,`nickname`,`ticket_nums`,`car_nums`,`watch_nums`,`style`,`goadd`,`isPay`,`remark`,`date` FROM `ticket_logs` WHERE tid='13' and uid='1'  LIMIT 0,1   [ RunTime:0.000259s ]

[ 2014-02-16T22:03:53+08:00 ] 0.0.0.0 /shenjiutuan/index.php/Ball/applycheck?id=13
INFO: [ app_begin ] --START--
INFO: Run ReadHtmlCache Behavior [ RunTime:-0.000515s ]
INFO: [ app_begin ] --END-- [ RunTime:0.000966s ]
NOTIC: [8] A session had already been started - ignoring session_start() D:\develop_tools\xampp\htdocs\shenjiutuan\server\.Lib\Action\BaseAction.class.php 第 5 行.
NOTIC: [8192] mysql_connect(): The mysql extension is deprecated and will be removed in the future: use mysqli or PDO instead D:\develop_tools\xampp\htdocs\shenjiutuan\server\ThinkPHP\Lib\Driver\Db\DbMysql.class.php 第 55 行.
SQL: SHOW COLUMNS FROM `booktickets` [ RunTime:0.002646s ]
NOTIC: [8192] preg_replace(): The /e modifier is deprecated, use preg_replace_callback instead D:\develop_tools\xampp\htdocs\shenjiutuan\server\ThinkPHP\Lib\Core\Db.class.php 第 571 行.
SQL: SELECT `id`,`title`,`remark`,`maxnums`,`status`,`date`,`match_time`,`match_address`,`ticket_cost`,`car_cost`,`match_op` FROM `booktickets` WHERE id='13'  LIMIT 0,1   [ RunTime:0.000265s ]
SQL: SHOW COLUMNS FROM `ticket_logs` [ RunTime:0.002455s ]
NOTIC: [8192] preg_replace(): The /e modifier is deprecated, use preg_replace_callback instead D:\develop_tools\xampp\htdocs\shenjiutuan\server\ThinkPHP\Lib\Core\Db.class.php 第 571 行.
SQL: SELECT `id`,`tid`,`uid`,`nickname`,`ticket_nums`,`car_nums`,`watch_nums`,`style`,`goadd`,`isPay`,`remark`,`date` FROM `ticket_logs` WHERE tid='13' and uid='1'  LIMIT 0,1   [ RunTime:0.000246s ]

[ 2014-02-16T22:03:55+08:00 ] 0.0.0.0 /shenjiutuan/index.php/Ball/applycheck?id=13
INFO: [ app_begin ] --START--
INFO: Run ReadHtmlCache Behavior [ RunTime:-0.000606s ]
INFO: [ app_begin ] --END-- [ RunTime:0.000978s ]
NOTIC: [8] A session had already been started - ignoring session_start() D:\develop_tools\xampp\htdocs\shenjiutuan\server\.Lib\Action\BaseAction.class.php 第 5 行.
NOTIC: [8192] mysql_connect(): The mysql extension is deprecated and will be removed in the future: use mysqli or PDO instead D:\develop_tools\xampp\htdocs\shenjiutuan\server\ThinkPHP\Lib\Driver\Db\DbMysql.class.php 第 55 行.
SQL: SHOW COLUMNS FROM `booktickets` [ RunTime:0.002893s ]
NOTIC: [8192] preg_replace(): The /e modifier is deprecated, use preg_replace_callback instead D:\develop_tools\xampp\htdocs\shenjiutuan\server\ThinkPHP\Lib\Core\Db.class.php 第 571 行.
SQL: SELECT `id`,`title`,`remark`,`maxnums`,`status`,`date`,`match_time`,`match_address`,`ticket_cost`,`car_cost`,`match_op` FROM `booktickets` WHERE id='13'  LIMIT 0,1   [ RunTime:0.000282s ]
SQL: SHOW COLUMNS FROM `ticket_logs` [ RunTime:0.002371s ]
NOTIC: [8192] preg_replace(): The /e modifier is deprecated, use preg_replace_callback instead D:\develop_tools\xampp\htdocs\shenjiutuan\server\ThinkPHP\Lib\Core\Db.class.php 第 571 行.
SQL: SELECT `id`,`tid`,`uid`,`nickname`,`ticket_nums`,`car_nums`,`watch_nums`,`style`,`goadd`,`isPay`,`remark`,`date` FROM `ticket_logs` WHERE tid='13' and uid='1'  LIMIT 0,1   [ RunTime:0.000239s ]

[ 2014-02-16T22:04:07+08:00 ] ERR: (ThinkException) 非法操作:undefined
[ 2014-02-16T22:04:08+08:00 ] ERR: (ThinkException) 非法操作:undefined
[ 2014-02-16T22:04:09+08:00 ] 0.0.0.0 /shenjiutuan/index.php/Ball/applycheck?id=13
INFO: [ app_begin ] --START--
INFO: Run ReadHtmlCache Behavior [ RunTime:-0.000453s ]
INFO: [ app_begin ] --END-- [ RunTime:0.000789s ]
NOTIC: [8] A session had already been started - ignoring session_start() D:\develop_tools\xampp\htdocs\shenjiutuan\server\.Lib\Action\BaseAction.class.php 第 5 行.
NOTIC: [8192] mysql_connect(): The mysql extension is deprecated and will be removed in the future: use mysqli or PDO instead D:\develop_tools\xampp\htdocs\shenjiutuan\server\ThinkPHP\Lib\Driver\Db\DbMysql.class.php 第 55 行.
SQL: SHOW COLUMNS FROM `booktickets` [ RunTime:0.002682s ]
NOTIC: [8192] preg_replace(): The /e modifier is deprecated, use preg_replace_callback instead D:\develop_tools\xampp\htdocs\shenjiutuan\server\ThinkPHP\Lib\Core\Db.class.php 第 571 行.
SQL: SELECT `id`,`title`,`remark`,`maxnums`,`status`,`date`,`match_time`,`match_address`,`ticket_cost`,`car_cost`,`match_op` FROM `booktickets` WHERE id='13'  LIMIT 0,1   [ RunTime:0.000270s ]
SQL: SHOW COLUMNS FROM `ticket_logs` [ RunTime:0.002448s ]
NOTIC: [8192] preg_replace(): The /e modifier is deprecated, use preg_replace_callback instead D:\develop_tools\xampp\htdocs\shenjiutuan\server\ThinkPHP\Lib\Core\Db.class.php 第 571 行.
SQL: SELECT `id`,`tid`,`uid`,`nickname`,`ticket_nums`,`car_nums`,`watch_nums`,`style`,`goadd`,`isPay`,`remark`,`date` FROM `ticket_logs` WHERE tid='13' and uid='1'  LIMIT 0,1   [ RunTime:0.000249s ]

[ 2014-02-16T22:04:16+08:00 ] ERR: (ThinkException) 非法操作:undefined
[ 2014-02-16T22:05:18+08:00 ] ERR: (ThinkException) 非法操作:undefined
[ 2014-02-16T22:05:19+08:00 ] ERR: (ThinkException) 非法操作:undefined
[ 2014-02-16T22:05:22+08:00 ] ERR: (ThinkException) 非法操作:undefined
[ 2014-02-16T22:05:23+08:00 ] ERR: (ThinkException) 非法操作:undefined
[ 2014-02-16T22:05:23+08:00 ] 0.0.0.0 /shenjiutuan/index.php/Ball/applycheck?id=14
INFO: [ app_begin ] --START--
INFO: Run ReadHtmlCache Behavior [ RunTime:-0.001054s ]
INFO: [ app_begin ] --END-- [ RunTime:0.000970s ]
NOTIC: [8] A session had already been started - ignoring session_start() D:\develop_tools\xampp\htdocs\shenjiutuan\server\.Lib\Action\BaseAction.class.php 第 5 行.
NOTIC: [8192] mysql_connect(): The mysql extension is deprecated and will be removed in the future: use mysqli or PDO instead D:\develop_tools\xampp\htdocs\shenjiutuan\server\ThinkPHP\Lib\Driver\Db\DbMysql.class.php 第 55 行.
SQL: SHOW COLUMNS FROM `booktickets` [ RunTime:0.003272s ]
NOTIC: [8192] preg_replace(): The /e modifier is deprecated, use preg_replace_callback instead D:\develop_tools\xampp\htdocs\shenjiutuan\server\ThinkPHP\Lib\Core\Db.class.php 第 571 行.
SQL: SELECT `id`,`title`,`remark`,`maxnums`,`status`,`date`,`match_time`,`match_address`,`ticket_cost`,`car_cost`,`match_op` FROM `booktickets` WHERE id='14'  LIMIT 0,1   [ RunTime:0.000470s ]
SQL: SHOW COLUMNS FROM `ticket_logs` [ RunTime:0.002999s ]
NOTIC: [8192] preg_replace(): The /e modifier is deprecated, use preg_replace_callback instead D:\develop_tools\xampp\htdocs\shenjiutuan\server\ThinkPHP\Lib\Core\Db.class.php 第 571 行.
SQL: SELECT `id`,`tid`,`uid`,`nickname`,`ticket_nums`,`car_nums`,`watch_nums`,`style`,`goadd`,`isPay`,`remark`,`date` FROM `ticket_logs` WHERE tid='14' and uid='1'  LIMIT 0,1   [ RunTime:0.000279s ]

[ 2014-02-16T22:05:30+08:00 ] ERR: (ThinkException) 非法操作:undefined
[ 2014-02-16T22:06:14+08:00 ] ERR: (ThinkException) 非法操作:undefined
[ 2014-02-16T22:06:15+08:00 ] ERR: (ThinkException) 非法操作:undefined
[ 2014-02-16T22:06:16+08:00 ] ERR: (ThinkException) 非法操作:undefined
[ 2014-02-16T22:06:17+08:00 ] ERR: (ThinkException) 非法操作:undefined
[ 2014-02-16T22:06:18+08:00 ] ERR: (ThinkException) 非法操作:undefined
[ 2014-02-16T22:06:19+08:00 ] 0.0.0.0 /shenjiutuan/index.php/Ball/applycheck?id=13
INFO: [ app_begin ] --START--
INFO: Run ReadHtmlCache Behavior [ RunTime:-0.000464s ]
INFO: [ app_begin ] --END-- [ RunTime:0.001422s ]
NOTIC: [8] A session had already been started - ignoring session_start() D:\develop_tools\xampp\htdocs\shenjiutuan\server\.Lib\Action\BaseAction.class.php 第 5 行.
NOTIC: [8192] mysql_connect(): The mysql extension is deprecated and will be removed in the future: use mysqli or PDO instead D:\develop_tools\xampp\htdocs\shenjiutuan\server\ThinkPHP\Lib\Driver\Db\DbMysql.class.php 第 55 行.
SQL: SHOW COLUMNS FROM `booktickets` [ RunTime:0.002428s ]
NOTIC: [8192] preg_replace(): The /e modifier is deprecated, use preg_replace_callback instead D:\develop_tools\xampp\htdocs\shenjiutuan\server\ThinkPHP\Lib\Core\Db.class.php 第 571 行.
SQL: SELECT `id`,`title`,`remark`,`maxnums`,`status`,`date`,`match_time`,`match_address`,`ticket_cost`,`car_cost`,`match_op` FROM `booktickets` WHERE id='13'  LIMIT 0,1   [ RunTime:0.000242s ]
SQL: SHOW COLUMNS FROM `ticket_logs` [ RunTime:0.002269s ]
NOTIC: [8192] preg_replace(): The /e modifier is deprecated, use preg_replace_callback instead D:\develop_tools\xampp\htdocs\shenjiutuan\server\ThinkPHP\Lib\Core\Db.class.php 第 571 行.
SQL: SELECT `id`,`tid`,`uid`,`nickname`,`ticket_nums`,`car_nums`,`watch_nums`,`style`,`goadd`,`isPay`,`remark`,`date` FROM `ticket_logs` WHERE tid='13' and uid='1'  LIMIT 0,1   [ RunTime:0.000271s ]

[ 2014-02-16T22:06:22+08:00 ] ERR: (ThinkException) 非法操作:undefined
[ 2014-02-16T22:07:05+08:00 ] ERR: (ThinkException) 非法操作:undefined
[ 2014-02-16T22:07:06+08:00 ] ERR: (ThinkException) 非法操作:undefined
[ 2014-02-16T22:07:10+08:00 ] ERR: (ThinkException) 非法操作:undefined
[ 2014-02-16T22:07:13+08:00 ] ERR: (ThinkException) 非法操作:undefined
[ 2014-02-16T22:07:13+08:00 ] ERR: (ThinkException) 非法操作:undefined
[ 2014-02-16T22:07:16+08:00 ] ERR: (ThinkException) 非法操作:undefined
[ 2014-02-16T22:08:33+08:00 ] ERR: (ThinkException) 非法操作:undefined
[ 2014-02-16T22:08:36+08:00 ] ERR: (ThinkException) 非法操作:undefined
[ 2014-02-16T22:08:45+08:00 ] ERR: (ThinkException) 非法操作:undefined
[ 2014-02-16T22:08:46+08:00 ] ERR: (ThinkException) 非法操作:undefined
[ 2014-02-16T22:08:47+08:00 ] 0.0.0.0 /shenjiutuan/index.php/Ball/applycheck?id=14
INFO: [ app_begin ] --START--
INFO: Run ReadHtmlCache Behavior [ RunTime:-0.000766s ]
INFO: [ app_begin ] --END-- [ RunTime:0.002110s ]
NOTIC: [8] A session had already been started - ignoring session_start() D:\develop_tools\xampp\htdocs\shenjiutuan\server\.Lib\Action\BaseAction.class.php 第 5 行.
NOTIC: [8192] mysql_connect(): The mysql extension is deprecated and will be removed in the future: use mysqli or PDO instead D:\develop_tools\xampp\htdocs\shenjiutuan\server\ThinkPHP\Lib\Driver\Db\DbMysql.class.php 第 55 行.
SQL: SHOW COLUMNS FROM `booktickets` [ RunTime:0.004557s ]
NOTIC: [8192] preg_replace(): The /e modifier is deprecated, use preg_replace_callback instead D:\develop_tools\xampp\htdocs\shenjiutuan\server\ThinkPHP\Lib\Core\Db.class.php 第 571 行.
SQL: SELECT `id`,`title`,`remark`,`maxnums`,`status`,`date`,`match_time`,`match_address`,`ticket_cost`,`car_cost`,`match_op` FROM `booktickets` WHERE id='14'  LIMIT 0,1   [ RunTime:0.000414s ]
SQL: SHOW COLUMNS FROM `ticket_logs` [ RunTime:0.003026s ]
NOTIC: [8192] preg_replace(): The /e modifier is deprecated, use preg_replace_callback instead D:\develop_tools\xampp\htdocs\shenjiutuan\server\ThinkPHP\Lib\Core\Db.class.php 第 571 行.
SQL: SELECT `id`,`tid`,`uid`,`nickname`,`ticket_nums`,`car_nums`,`watch_nums`,`style`,`goadd`,`isPay`,`remark`,`date` FROM `ticket_logs` WHERE tid='14' and uid='1'  LIMIT 0,1   [ RunTime:0.000316s ]

[ 2014-02-16T22:08:51+08:00 ] ERR: (ThinkException) 非法操作:undefined
[ 2014-02-16T22:11:14+08:00 ] ERR: (ThinkException) 非法操作:undefined
[ 2014-02-16T22:13:20+08:00 ] ERR: (ThinkException) 非法操作:undefined
[ 2014-02-16T22:14:50+08:00 ] ERR: (ThinkException) 非法操作:undefined
[ 2014-02-16T22:14:59+08:00 ] ERR: (ThinkException) 非法操作:undefined
[ 2014-02-16T22:15:21+08:00 ] ERR: (ThinkException) 非法操作:undefined
[ 2014-02-16T22:15:33+08:00 ] ERR: (ThinkException) 非法操作:undefined
[ 2014-02-16T22:15:54+08:00 ] ERR: (ThinkException) 非法操作:undefined
[ 2014-02-16T22:15:59+08:00 ] ERR: (ThinkException) 非法操作:undefined
[ 2014-02-16T22:16:54+08:00 ] ERR: (ThinkException) 非法操作:undefined
[ 2014-02-16T22:17:00+08:00 ] ERR: (ThinkException) 非法操作:undefined
[ 2014-02-16T22:17:16+08:00 ] ERR: (ThinkException) 非法操作:undefined
[ 2014-02-16T22:17:52+08:00 ] ERR: (ThinkException) 非法操作:undefined
[ 2014-02-16T22:17:52+08:00 ] ERR: (ThinkException) 非法操作:undefined
[ 2014-02-16T22:17:53+08:00 ] ERR: (ThinkException) 非法操作:undefined
[ 2014-02-16T22:18:15+08:00 ] ERR: (ThinkException) 非法操作:undefined
[ 2014-02-16T22:18:44+08:00 ] ERR: (ThinkException) 非法操作:undefined
[ 2014-02-16T22:18:56+08:00 ] ERR: (ThinkException) 非法操作:undefined
[ 2014-02-16T22:19:40+08:00 ] ERR: (ThinkException) 非法操作:undefined
[ 2014-02-16T22:19:40+08:00 ] ERR: (ThinkException) 非法操作:undefined
[ 2014-02-16T22:19:56+08:00 ] ERR: (ThinkException) 非法操作:undefined
[ 2014-02-16T22:20:18+08:00 ] ERR: (ThinkException) 非法操作:undefined
[ 2014-02-16T22:20:24+08:00 ] ERR: (ThinkException) 非法操作:undefined
[ 2014-02-16T22:20:25+08:00 ] ERR: (ThinkException) 非法操作:undefined
[ 2014-02-16T22:20:26+08:00 ] ERR: (ThinkException) 非法操作:undefined
[ 2014-02-16T22:20:27+08:00 ] ERR: (ThinkException) 非法操作:undefined
[ 2014-02-16T22:20:28+08:00 ] ERR: (ThinkException) 非法操作:undefined
[ 2014-02-16T22:20:44+08:00 ] ERR: (ThinkException) 非法操作:undefined
[ 2014-02-16T22:20:45+08:00 ] ERR: (ThinkException) 非法操作:undefined
[ 2014-02-16T22:20:46+08:00 ] ERR: (ThinkException) 非法操作:undefined
[ 2014-02-16T22:21:38+08:00 ] ERR: (ThinkException) 非法操作:undefined
[ 2014-02-16T22:21:40+08:00 ] ERR: (ThinkException) 非法操作:undefined
[ 2014-02-16T22:21:56+08:00 ] 0.0.0.0 /shenjiutuan/index.php/User/login
INFO: [ app_begin ] --START--
INFO: Run ReadHtmlCache Behavior [ RunTime:-0.001065s ]
INFO: [ app_begin ] --END-- [ RunTime:0.001726s ]
NOTIC: [8192] mysql_connect(): The mysql extension is deprecated and will be removed in the future: use mysqli or PDO instead D:\develop_tools\xampp\htdocs\shenjiutuan\server\ThinkPHP\Lib\Driver\Db\DbMysql.class.php 第 55 行.
SQL: SHOW COLUMNS FROM `userinfo` [ RunTime:0.002722s ]
NOTIC: [8192] preg_replace(): The /e modifier is deprecated, use preg_replace_callback instead D:\develop_tools\xampp\htdocs\shenjiutuan\server\ThinkPHP\Lib\Core\Db.class.php 第 571 行.
SQL: SELECT `id` FROM `userinfo` WHERE email='yongge@163.com' LIMIT 1   [ RunTime:0.000234s ]
NOTIC: [8192] preg_replace(): The /e modifier is deprecated, use preg_replace_callback instead D:\develop_tools\xampp\htdocs\shenjiutuan\server\ThinkPHP\Lib\Core\Db.class.php 第 571 行.
SQL: SELECT * FROM `userinfo` WHERE email='yongge@163.com' and pwd='e10adc3949ba59abbe56e057f20f883e' and status=1 LIMIT 1   [ RunTime:0.000216s ]
SQL: UPDATE `userinfo` SET `last_ip`='::1',`last_date`='2014-02-16 22:21:56' WHERE email='yongge@163.com' and id='1'  [ RunTime:0.065246s ]

[ 2014-02-16T22:21:56+08:00 ] ERR: (ThinkException) 非法操作:undefined
[ 2014-02-16T22:22:47+08:00 ] ERR: (ThinkException) 非法操作:undefined
[ 2014-02-16T22:22:49+08:00 ] ERR: (ThinkException) 非法操作:undefined
[ 2014-02-16T22:22:52+08:00 ] 0.0.0.0 /shenjiutuan/index.php/Ball/applycheck?id=14
INFO: [ app_begin ] --START--
INFO: Run ReadHtmlCache Behavior [ RunTime:-0.000457s ]
INFO: [ app_begin ] --END-- [ RunTime:0.000910s ]
NOTIC: [8] A session had already been started - ignoring session_start() D:\develop_tools\xampp\htdocs\shenjiutuan\server\.Lib\Action\BaseAction.class.php 第 5 行.
NOTIC: [8192] mysql_connect(): The mysql extension is deprecated and will be removed in the future: use mysqli or PDO instead D:\develop_tools\xampp\htdocs\shenjiutuan\server\ThinkPHP\Lib\Driver\Db\DbMysql.class.php 第 55 行.
SQL: SHOW COLUMNS FROM `booktickets` [ RunTime:0.002739s ]
NOTIC: [8192] preg_replace(): The /e modifier is deprecated, use preg_replace_callback instead D:\develop_tools\xampp\htdocs\shenjiutuan\server\ThinkPHP\Lib\Core\Db.class.php 第 571 行.
SQL: SELECT `id`,`title`,`remark`,`maxnums`,`status`,`date`,`match_time`,`match_address`,`ticket_cost`,`car_cost`,`match_op` FROM `booktickets` WHERE id='14'  LIMIT 0,1   [ RunTime:0.000311s ]
SQL: SHOW COLUMNS FROM `ticket_logs` [ RunTime:0.003447s ]
NOTIC: [8192] preg_replace(): The /e modifier is deprecated, use preg_replace_callback instead D:\develop_tools\xampp\htdocs\shenjiutuan\server\ThinkPHP\Lib\Core\Db.class.php 第 571 行.
SQL: SELECT `id`,`tid`,`uid`,`nickname`,`ticket_nums`,`car_nums`,`watch_nums`,`style`,`goadd`,`isPay`,`remark`,`date` FROM `ticket_logs` WHERE tid='14' and uid='1'  LIMIT 0,1   [ RunTime:0.000278s ]

[ 2014-02-16T22:22:54+08:00 ] 0.0.0.0 /shenjiutuan/index.php/Ball/applycheck?id=14
INFO: [ app_begin ] --START--
INFO: Run ReadHtmlCache Behavior [ RunTime:-0.000530s ]
INFO: [ app_begin ] --END-- [ RunTime:0.001122s ]
NOTIC: [8] A session had already been started - ignoring session_start() D:\develop_tools\xampp\htdocs\shenjiutuan\server\.Lib\Action\BaseAction.class.php 第 5 行.
NOTIC: [8192] mysql_connect(): The mysql extension is deprecated and will be removed in the future: use mysqli or PDO instead D:\develop_tools\xampp\htdocs\shenjiutuan\server\ThinkPHP\Lib\Driver\Db\DbMysql.class.php 第 55 行.
SQL: SHOW COLUMNS FROM `booktickets` [ RunTime:0.003124s ]
NOTIC: [8192] preg_replace(): The /e modifier is deprecated, use preg_replace_callback instead D:\develop_tools\xampp\htdocs\shenjiutuan\server\ThinkPHP\Lib\Core\Db.class.php 第 571 行.
SQL: SELECT `id`,`title`,`remark`,`maxnums`,`status`,`date`,`match_time`,`match_address`,`ticket_cost`,`car_cost`,`match_op` FROM `booktickets` WHERE id='14'  LIMIT 0,1   [ RunTime:0.000317s ]
SQL: SHOW COLUMNS FROM `ticket_logs` [ RunTime:0.002707s ]
NOTIC: [8192] preg_replace(): The /e modifier is deprecated, use preg_replace_callback instead D:\develop_tools\xampp\htdocs\shenjiutuan\server\ThinkPHP\Lib\Core\Db.class.php 第 571 行.
SQL: SELECT `id`,`tid`,`uid`,`nickname`,`ticket_nums`,`car_nums`,`watch_nums`,`style`,`goadd`,`isPay`,`remark`,`date` FROM `ticket_logs` WHERE tid='14' and uid='1'  LIMIT 0,1   [ RunTime:0.000277s ]

[ 2014-02-16T22:22:57+08:00 ] 0.0.0.0 /shenjiutuan/index.php/Ball/applycheck?id=14
INFO: [ app_begin ] --START--
INFO: Run ReadHtmlCache Behavior [ RunTime:-0.000672s ]
INFO: [ app_begin ] --END-- [ RunTime:0.001337s ]
NOTIC: [8] A session had already been started - ignoring session_start() D:\develop_tools\xampp\htdocs\shenjiutuan\server\.Lib\Action\BaseAction.class.php 第 5 行.
NOTIC: [8192] mysql_connect(): The mysql extension is deprecated and will be removed in the future: use mysqli or PDO instead D:\develop_tools\xampp\htdocs\shenjiutuan\server\ThinkPHP\Lib\Driver\Db\DbMysql.class.php 第 55 行.
SQL: SHOW COLUMNS FROM `booktickets` [ RunTime:0.003107s ]
NOTIC: [8192] preg_replace(): The /e modifier is deprecated, use preg_replace_callback instead D:\develop_tools\xampp\htdocs\shenjiutuan\server\ThinkPHP\Lib\Core\Db.class.php 第 571 行.
SQL: SELECT `id`,`title`,`remark`,`maxnums`,`status`,`date`,`match_time`,`match_address`,`ticket_cost`,`car_cost`,`match_op` FROM `booktickets` WHERE id='14'  LIMIT 0,1   [ RunTime:0.000304s ]
SQL: SHOW COLUMNS FROM `ticket_logs` [ RunTime:0.002677s ]
NOTIC: [8192] preg_replace(): The /e modifier is deprecated, use preg_replace_callback instead D:\develop_tools\xampp\htdocs\shenjiutuan\server\ThinkPHP\Lib\Core\Db.class.php 第 571 行.
SQL: SELECT `id`,`tid`,`uid`,`nickname`,`ticket_nums`,`car_nums`,`watch_nums`,`style`,`goadd`,`isPay`,`remark`,`date` FROM `ticket_logs` WHERE tid='14' and uid='1'  LIMIT 0,1   [ RunTime:0.000266s ]

[ 2014-02-16T22:22:59+08:00 ] 0.0.0.0 /shenjiutuan/index.php/Ball/applycheck?id=14
INFO: [ app_begin ] --START--
INFO: Run ReadHtmlCache Behavior [ RunTime:-0.000441s ]
INFO: [ app_begin ] --END-- [ RunTime:0.000732s ]
NOTIC: [8] A session had already been started - ignoring session_start() D:\develop_tools\xampp\htdocs\shenjiutuan\server\.Lib\Action\BaseAction.class.php 第 5 行.
NOTIC: [8192] mysql_connect(): The mysql extension is deprecated and will be removed in the future: use mysqli or PDO instead D:\develop_tools\xampp\htdocs\shenjiutuan\server\ThinkPHP\Lib\Driver\Db\DbMysql.class.php 第 55 行.
SQL: SHOW COLUMNS FROM `booktickets` [ RunTime:0.002712s ]
NOTIC: [8192] preg_replace(): The /e modifier is deprecated, use preg_replace_callback instead D:\develop_tools\xampp\htdocs\shenjiutuan\server\ThinkPHP\Lib\Core\Db.class.php 第 571 行.
SQL: SELECT `id`,`title`,`remark`,`maxnums`,`status`,`date`,`match_time`,`match_address`,`ticket_cost`,`car_cost`,`match_op` FROM `booktickets` WHERE id='14'  LIMIT 0,1   [ RunTime:0.000293s ]
SQL: SHOW COLUMNS FROM `ticket_logs` [ RunTime:0.002518s ]
NOTIC: [8192] preg_replace(): The /e modifier is deprecated, use preg_replace_callback instead D:\develop_tools\xampp\htdocs\shenjiutuan\server\ThinkPHP\Lib\Core\Db.class.php 第 571 行.
SQL: SELECT `id`,`tid`,`uid`,`nickname`,`ticket_nums`,`car_nums`,`watch_nums`,`style`,`goadd`,`isPay`,`remark`,`date` FROM `ticket_logs` WHERE tid='14' and uid='1'  LIMIT 0,1   [ RunTime:0.000258s ]

[ 2014-02-16T22:23:01+08:00 ] 0.0.0.0 /shenjiutuan/index.php/Ball/applycheck?id=14
INFO: [ app_begin ] --START--
INFO: Run ReadHtmlCache Behavior [ RunTime:-0.000442s ]
INFO: [ app_begin ] --END-- [ RunTime:0.000787s ]
NOTIC: [8] A session had already been started - ignoring session_start() D:\develop_tools\xampp\htdocs\shenjiutuan\server\.Lib\Action\BaseAction.class.php 第 5 行.
NOTIC: [8192] mysql_connect(): The mysql extension is deprecated and will be removed in the future: use mysqli or PDO instead D:\develop_tools\xampp\htdocs\shenjiutuan\server\ThinkPHP\Lib\Driver\Db\DbMysql.class.php 第 55 行.
SQL: SHOW COLUMNS FROM `booktickets` [ RunTime:0.002995s ]
NOTIC: [8192] preg_replace(): The /e modifier is deprecated, use preg_replace_callback instead D:\develop_tools\xampp\htdocs\shenjiutuan\server\ThinkPHP\Lib\Core\Db.class.php 第 571 行.
SQL: SELECT `id`,`title`,`remark`,`maxnums`,`status`,`date`,`match_time`,`match_address`,`ticket_cost`,`car_cost`,`match_op` FROM `booktickets` WHERE id='14'  LIMIT 0,1   [ RunTime:0.000292s ]
SQL: SHOW COLUMNS FROM `ticket_logs` [ RunTime:0.003711s ]
NOTIC: [8192] preg_replace(): The /e modifier is deprecated, use preg_replace_callback instead D:\develop_tools\xampp\htdocs\shenjiutuan\server\ThinkPHP\Lib\Core\Db.class.php 第 571 行.
SQL: SELECT `id`,`tid`,`uid`,`nickname`,`ticket_nums`,`car_nums`,`watch_nums`,`style`,`goadd`,`isPay`,`remark`,`date` FROM `ticket_logs` WHERE tid='14' and uid='1'  LIMIT 0,1   [ RunTime:0.000300s ]

[ 2014-02-16T22:23:29+08:00 ] ERR: (ThinkException) 非法操作:undefined
[ 2014-02-16T22:23:30+08:00 ] ERR: (ThinkException) 非法操作:undefined
[ 2014-02-16T22:23:32+08:00 ] ERR: (ThinkException) 非法操作:undefined
[ 2014-02-16T22:23:34+08:00 ] 0.0.0.0 /shenjiutuan/index.php/Ball/applycheck?id=14
INFO: [ app_begin ] --START--
INFO: Run ReadHtmlCache Behavior [ RunTime:-0.000486s ]
INFO: [ app_begin ] --END-- [ RunTime:0.000618s ]
NOTIC: [8] A session had already been started - ignoring session_start() D:\develop_tools\xampp\htdocs\shenjiutuan\server\.Lib\Action\BaseAction.class.php 第 5 行.
NOTIC: [8192] mysql_connect(): The mysql extension is deprecated and will be removed in the future: use mysqli or PDO instead D:\develop_tools\xampp\htdocs\shenjiutuan\server\ThinkPHP\Lib\Driver\Db\DbMysql.class.php 第 55 行.
SQL: SHOW COLUMNS FROM `booktickets` [ RunTime:0.002878s ]
NOTIC: [8192] preg_replace(): The /e modifier is deprecated, use preg_replace_callback instead D:\develop_tools\xampp\htdocs\shenjiutuan\server\ThinkPHP\Lib\Core\Db.class.php 第 571 行.
SQL: SELECT `id`,`title`,`remark`,`maxnums`,`status`,`date`,`match_time`,`match_address`,`ticket_cost`,`car_cost`,`match_op` FROM `booktickets` WHERE id='14'  LIMIT 0,1   [ RunTime:0.000272s ]
SQL: SHOW COLUMNS FROM `ticket_logs` [ RunTime:0.002589s ]
NOTIC: [8192] preg_replace(): The /e modifier is deprecated, use preg_replace_callback instead D:\develop_tools\xampp\htdocs\shenjiutuan\server\ThinkPHP\Lib\Core\Db.class.php 第 571 行.
SQL: SELECT `id`,`tid`,`uid`,`nickname`,`ticket_nums`,`car_nums`,`watch_nums`,`style`,`goadd`,`isPay`,`remark`,`date` FROM `ticket_logs` WHERE tid='14' and uid='1'  LIMIT 0,1   [ RunTime:0.000216s ]

[ 2014-02-16T22:23:38+08:00 ] ERR: (ThinkException) 非法操作:undefined
[ 2014-02-16T22:26:03+08:00 ] ERR: (ThinkException) 非法操作:undefined
[ 2014-02-16T22:26:03+08:00 ] ERR: (ThinkException) 非法操作:undefined
[ 2014-02-16T22:26:04+08:00 ] ERR: (ThinkException) 非法操作:undefined
[ 2014-02-16T22:26:05+08:00 ] ERR: (ThinkException) 非法操作:undefined
[ 2014-02-16T22:26:31+08:00 ] ERR: (ThinkException) 非法操作:undefined
[ 2014-02-16T22:26:33+08:00 ] ERR: (ThinkException) 非法操作:undefined
[ 2014-02-16T22:26:34+08:00 ] ERR: (ThinkException) 非法操作:undefined
[ 2014-02-16T22:26:34+08:00 ] ERR: (ThinkException) 非法操作:undefined
[ 2014-02-16T22:26:35+08:00 ] ERR: (ThinkException) 非法操作:undefined
[ 2014-02-16T22:26:37+08:00 ] ERR: (ThinkException) 非法操作:undefined
[ 2014-02-16T22:26:42+08:00 ] ERR: (ThinkException) 非法操作:undefined
[ 2014-02-16T22:26:45+08:00 ] ERR: (ThinkException) 非法操作:undefined
[ 2014-02-16T22:26:53+08:00 ] ERR: (ThinkException) 非法操作:undefined
[ 2014-02-16T22:26:55+08:00 ] ERR: (ThinkException) 非法操作:undefined
[ 2014-02-16T22:26:59+08:00 ] ERR: (ThinkException) 非法操作:undefined
[ 2014-02-16T22:27:00+08:00 ] ERR: (ThinkException) 非法操作:undefined
[ 2014-02-16T22:27:11+08:00 ] ERR: (ThinkException) 非法操作:undefined
[ 2014-02-16T22:27:16+08:00 ] ERR: (ThinkException) 非法操作:undefined
[ 2014-02-16T22:27:19+08:00 ] ERR: (ThinkException) 非法操作:undefined
[ 2014-02-16T22:27:20+08:00 ] ERR: (ThinkException) 非法操作:undefined
[ 2014-02-16T22:27:20+08:00 ] ERR: (ThinkException) 非法操作:undefined
[ 2014-02-16T22:27:58+08:00 ] ERR: (ThinkException) 非法操作:undefined
[ 2014-02-16T22:27:59+08:00 ] ERR: (ThinkException) 非法操作:undefined
[ 2014-02-16T22:27:59+08:00 ] ERR: (ThinkException) 非法操作:undefined
[ 2014-02-16T22:33:00+08:00 ] ERR: (ThinkException) 非法操作:undefined
[ 2014-02-16T22:38:40+08:00 ] ERR: (ThinkException) 非法操作:undefined
[ 2014-02-16T22:39:26+08:00 ] ERR: (ThinkException) 非法操作:undefined
[ 2014-02-16T22:45:31+08:00 ] ERR: (ThinkException) 非法操作:undefined
[ 2014-02-16T22:45:31+08:00 ] ERR: (ThinkException) 非法操作:undefined
[ 2014-02-16T22:45:32+08:00 ] ERR: (ThinkException) 非法操作:undefined
[ 2014-02-16T22:45:50+08:00 ] ERR: (ThinkException) 非法操作:undefined
[ 2014-02-16T22:55:44+08:00 ] ERR: (ThinkException) 非法操作:undefined
[ 2014-02-16T22:55:45+08:00 ] ERR: (ThinkException) 非法操作:undefined
[ 2014-02-16T22:55:46+08:00 ] ERR: (ThinkException) 非法操作:undefined
[ 2014-02-16T22:55:46+08:00 ] ERR: (ThinkException) 非法操作:undefined
[ 2014-02-16T23:04:09+08:00 ] ERR: (ThinkException) 非法操作:undefined
[ 2014-02-16T23:04:11+08:00 ] ERR: (ThinkException) 非法操作:undefined
[ 2014-02-16T23:04:12+08:00 ] ERR: (ThinkException) 非法操作:undefined
[ 2014-02-16T23:04:15+08:00 ] ERR: (ThinkException) 非法操作:undefined
[ 2014-02-16T23:04:16+08:00 ] ERR: (ThinkException) 非法操作:undefined
[ 2014-02-16T23:04:30+08:00 ] ERR: (ThinkException) 非法操作:undefined
[ 2014-02-16T23:04:40+08:00 ] ERR: (ThinkException) 非法操作:undefined
[ 2014-02-16T23:04:44+08:00 ] ERR: (ThinkException) 非法操作:undefined
[ 2014-02-16T23:06:26+08:00 ] ERR: (ThinkException) 非法操作:undefined
[ 2014-02-16T23:06:27+08:00 ] ERR: (ThinkException) 非法操作:undefined
[ 2014-02-16T23:06:35+08:00 ] ERR: (ThinkException) 非法操作:undefined
[ 2014-02-16T23:06:40+08:00 ] ERR: (ThinkException) 非法操作:undefined
[ 2014-02-16T23:09:33+08:00 ] 0.0.0.0 /shenjiutuan/index.php/User/login
INFO: [ app_begin ] --START--
INFO: Run ReadHtmlCache Behavior [ RunTime:-0.000442s ]
INFO: [ app_begin ] --END-- [ RunTime:0.000650s ]
NOTIC: [8192] mysql_connect(): The mysql extension is deprecated and will be removed in the future: use mysqli or PDO instead D:\develop_tools\xampp\htdocs\shenjiutuan\server\ThinkPHP\Lib\Driver\Db\DbMysql.class.php 第 55 行.
SQL: SHOW COLUMNS FROM `userinfo` [ RunTime:0.002683s ]
NOTIC: [8192] preg_replace(): The /e modifier is deprecated, use preg_replace_callback instead D:\develop_tools\xampp\htdocs\shenjiutuan\server\ThinkPHP\Lib\Core\Db.class.php 第 571 行.
SQL: SELECT `id` FROM `userinfo` WHERE email='yongge@163.com' LIMIT 1   [ RunTime:0.000227s ]
NOTIC: [8192] preg_replace(): The /e modifier is deprecated, use preg_replace_callback instead D:\develop_tools\xampp\htdocs\shenjiutuan\server\ThinkPHP\Lib\Core\Db.class.php 第 571 行.
SQL: SELECT * FROM `userinfo` WHERE email='yongge@163.com' and pwd='e10adc3949ba59abbe56e057f20f883e' and status=1 LIMIT 1   [ RunTime:0.000193s ]
SQL: UPDATE `userinfo` SET `last_ip`='::1',`last_date`='2014-02-16 23:09:33' WHERE email='yongge@163.com' and id='1'  [ RunTime:0.054239s ]

[ 2014-02-16T23:09:39+08:00 ] ERR: (ThinkException) 非法操作:undefined
[ 2014-02-16T23:09:46+08:00 ] 0.0.0.0 /shenjiutuan/index.php/User/login
INFO: [ app_begin ] --START--
INFO: Run ReadHtmlCache Behavior [ RunTime:-0.000481s ]
INFO: [ app_begin ] --END-- [ RunTime:0.000836s ]
NOTIC: [8192] mysql_connect(): The mysql extension is deprecated and will be removed in the future: use mysqli or PDO instead D:\develop_tools\xampp\htdocs\shenjiutuan\server\ThinkPHP\Lib\Driver\Db\DbMysql.class.php 第 55 行.
SQL: SHOW COLUMNS FROM `userinfo` [ RunTime:0.003873s ]
NOTIC: [8192] preg_replace(): The /e modifier is deprecated, use preg_replace_callback instead D:\develop_tools\xampp\htdocs\shenjiutuan\server\ThinkPHP\Lib\Core\Db.class.php 第 571 行.
SQL: SELECT `id` FROM `userinfo` WHERE email='yongge@163.com' LIMIT 1   [ RunTime:0.000228s ]
NOTIC: [8192] preg_replace(): The /e modifier is deprecated, use preg_replace_callback instead D:\develop_tools\xampp\htdocs\shenjiutuan\server\ThinkPHP\Lib\Core\Db.class.php 第 571 行.
SQL: SELECT * FROM `userinfo` WHERE email='yongge@163.com' and pwd='e10adc3949ba59abbe56e057f20f883e' and status=1 LIMIT 1   [ RunTime:0.000218s ]
SQL: UPDATE `userinfo` SET `last_ip`='::1',`last_date`='2014-02-16 23:09:46' WHERE email='yongge@163.com' and id='1'  [ RunTime:0.030878s ]

[ 2014-02-16T23:09:46+08:00 ] ERR: (ThinkException) 非法操作:undefined
[ 2014-02-16T23:10:10+08:00 ] 0.0.0.0 /shenjiutuan/index.php/User/login
INFO: [ app_begin ] --START--
INFO: Run ReadHtmlCache Behavior [ RunTime:-0.000418s ]
INFO: [ app_begin ] --END-- [ RunTime:0.000626s ]
NOTIC: [8192] mysql_connect(): The mysql extension is deprecated and will be removed in the future: use mysqli or PDO instead D:\develop_tools\xampp\htdocs\shenjiutuan\server\ThinkPHP\Lib\Driver\Db\DbMysql.class.php 第 55 行.
SQL: SHOW COLUMNS FROM `userinfo` [ RunTime:0.002911s ]
NOTIC: [8192] preg_replace(): The /e modifier is deprecated, use preg_replace_callback instead D:\develop_tools\xampp\htdocs\shenjiutuan\server\ThinkPHP\Lib\Core\Db.class.php 第 571 行.
SQL: SELECT `id` FROM `userinfo` WHERE email='yongge@163.com' LIMIT 1   [ RunTime:0.000222s ]
NOTIC: [8192] preg_replace(): The /e modifier is deprecated, use preg_replace_callback instead D:\develop_tools\xampp\htdocs\shenjiutuan\server\ThinkPHP\Lib\Core\Db.class.php 第 571 行.
SQL: SELECT * FROM `userinfo` WHERE email='yongge@163.com' and pwd='e10adc3949ba59abbe56e057f20f883e' and status=1 LIMIT 1   [ RunTime:0.000203s ]
SQL: UPDATE `userinfo` SET `last_ip`='::1',`last_date`='2014-02-16 23:10:10' WHERE email='yongge@163.com' and id='1'  [ RunTime:0.058371s ]

[ 2014-02-16T23:10:13+08:00 ] ERR: (ThinkException) 非法操作:undefined
[ 2014-02-16T23:12:09+08:00 ] 0.0.0.0 /shenjiutuan/index.php/User/login
INFO: [ app_begin ] --START--
INFO: Run ReadHtmlCache Behavior [ RunTime:-0.000458s ]
INFO: [ app_begin ] --END-- [ RunTime:0.000718s ]
NOTIC: [8192] mysql_connect(): The mysql extension is deprecated and will be removed in the future: use mysqli or PDO instead D:\develop_tools\xampp\htdocs\shenjiutuan\server\ThinkPHP\Lib\Driver\Db\DbMysql.class.php 第 55 行.
SQL: SHOW COLUMNS FROM `userinfo` [ RunTime:0.007250s ]
NOTIC: [8192] preg_replace(): The /e modifier is deprecated, use preg_replace_callback instead D:\develop_tools\xampp\htdocs\shenjiutuan\server\ThinkPHP\Lib\Core\Db.class.php 第 571 行.
SQL: SELECT `id` FROM `userinfo` WHERE email='yongge@163.com' LIMIT 1   [ RunTime:0.000272s ]
NOTIC: [8192] preg_replace(): The /e modifier is deprecated, use preg_replace_callback instead D:\develop_tools\xampp\htdocs\shenjiutuan\server\ThinkPHP\Lib\Core\Db.class.php 第 571 行.
SQL: SELECT * FROM `userinfo` WHERE email='yongge@163.com' and pwd='e10adc3949ba59abbe56e057f20f883e' and status=1 LIMIT 1   [ RunTime:0.000233s ]
SQL: UPDATE `userinfo` SET `last_ip`='::1',`last_date`='2014-02-16 23:12:09' WHERE email='yongge@163.com' and id='1'  [ RunTime:0.038988s ]

[ 2014-02-16T23:12:12+08:00 ] ERR: (ThinkException) 非法操作:undefined
[ 2014-02-16T23:15:00+08:00 ] ERR: (ThinkException) 非法操作:undefined
[ 2014-02-16T23:15:04+08:00 ] ERR: (ThinkException) 非法操作:undefined
[ 2014-02-16T23:17:14+08:00 ] ERR: (ThinkException) 非法操作:undefined
[ 2014-02-16T23:17:15+08:00 ] ERR: (ThinkException) 非法操作:undefined
[ 2014-02-16T23:17:16+08:00 ] ERR: (ThinkException) 非法操作:undefined
[ 2014-02-16T23:17:16+08:00 ] ERR: (ThinkException) 非法操作:undefined
[ 2014-02-16T23:17:25+08:00 ] ERR: (ThinkException) 非法操作:undefined
[ 2014-02-16T23:18:02+08:00 ] ERR: (ThinkException) 非法操作:undefined
[ 2014-02-16T23:18:18+08:00 ] ERR: (ThinkException) 非法操作:undefined
[ 2014-02-16T23:18:18+08:00 ] ERR: (ThinkException) 非法操作:undefined
[ 2014-02-16T23:18:19+08:00 ] ERR: (ThinkException) 非法操作:undefined
[ 2014-02-16T23:18:19+08:00 ] ERR: (ThinkException) 非法操作:undefined
[ 2014-02-16T23:18:44+08:00 ] ERR: (ThinkException) 非法操作:undefined
[ 2014-02-16T23:19:00+08:00 ] ERR: (ThinkException) 非法操作:undefined
[ 2014-02-16T23:19:03+08:00 ] ERR: (ThinkException) 非法操作:undefined
[ 2014-02-16T23:19:07+08:00 ] ERR: (ThinkException) 非法操作:undefined
[ 2014-02-16T23:19:15+08:00 ] 0.0.0.0 /shenjiutuan/index.php/User/login
INFO: [ app_begin ] --START--
INFO: Run ReadHtmlCache Behavior [ RunTime:-0.000456s ]
INFO: [ app_begin ] --END-- [ RunTime:0.000994s ]
NOTIC: [8192] mysql_connect(): The mysql extension is deprecated and will be removed in the future: use mysqli or PDO instead D:\develop_tools\xampp\htdocs\shenjiutuan\server\ThinkPHP\Lib\Driver\Db\DbMysql.class.php 第 55 行.
SQL: SHOW COLUMNS FROM `userinfo` [ RunTime:0.002707s ]
NOTIC: [8192] preg_replace(): The /e modifier is deprecated, use preg_replace_callback instead D:\develop_tools\xampp\htdocs\shenjiutuan\server\ThinkPHP\Lib\Core\Db.class.php 第 571 行.
SQL: SELECT `id` FROM `userinfo` WHERE email='yongge@163.com' LIMIT 1   [ RunTime:0.000243s ]
NOTIC: [8192] preg_replace(): The /e modifier is deprecated, use preg_replace_callback instead D:\develop_tools\xampp\htdocs\shenjiutuan\server\ThinkPHP\Lib\Core\Db.class.php 第 571 行.
SQL: SELECT * FROM `userinfo` WHERE email='yongge@163.com' and pwd='e10adc3949ba59abbe56e057f20f883e' and status=1 LIMIT 1   [ RunTime:0.000242s ]
SQL: UPDATE `userinfo` SET `last_ip`='::1',`last_date`='2014-02-16 23:19:15' WHERE email='yongge@163.com' and id='1'  [ RunTime:0.054811s ]

[ 2014-02-16T23:19:15+08:00 ] ERR: (ThinkException) 非法操作:undefined
[ 2014-02-16T23:22:08+08:00 ] ERR: (ThinkException) 非法操作:undefined
[ 2014-02-16T23:22:10+08:00 ] ERR: (ThinkException) 非法操作:undefined
[ 2014-02-16T23:22:11+08:00 ] ERR: (ThinkException) 非法操作:undefined
[ 2014-02-16T23:22:12+08:00 ] ERR: (ThinkException) 非法操作:undefined
[ 2014-02-16T23:22:13+08:00 ] 0.0.0.0 /shenjiutuan/index.php/Ball/applycheck?id=13
INFO: [ app_begin ] --START--
INFO: Run ReadHtmlCache Behavior [ RunTime:-0.000438s ]
INFO: [ app_begin ] --END-- [ RunTime:0.000676s ]
NOTIC: [8] A session had already been started - ignoring session_start() D:\develop_tools\xampp\htdocs\shenjiutuan\server\.Lib\Action\BaseAction.class.php 第 5 行.
NOTIC: [8192] mysql_connect(): The mysql extension is deprecated and will be removed in the future: use mysqli or PDO instead D:\develop_tools\xampp\htdocs\shenjiutuan\server\ThinkPHP\Lib\Driver\Db\DbMysql.class.php 第 55 行.
SQL: SHOW COLUMNS FROM `booktickets` [ RunTime:0.002743s ]
NOTIC: [8192] preg_replace(): The /e modifier is deprecated, use preg_replace_callback instead D:\develop_tools\xampp\htdocs\shenjiutuan\server\ThinkPHP\Lib\Core\Db.class.php 第 571 行.
SQL: SELECT `id`,`title`,`remark`,`maxnums`,`status`,`date`,`match_time`,`match_address`,`ticket_cost`,`car_cost`,`match_op` FROM `booktickets` WHERE id='13'  LIMIT 0,1   [ RunTime:0.000259s ]
SQL: SHOW COLUMNS FROM `ticket_logs` [ RunTime:0.002568s ]
NOTIC: [8192] preg_replace(): The /e modifier is deprecated, use preg_replace_callback instead D:\develop_tools\xampp\htdocs\shenjiutuan\server\ThinkPHP\Lib\Core\Db.class.php 第 571 行.
SQL: SELECT `id`,`tid`,`uid`,`nickname`,`ticket_nums`,`car_nums`,`watch_nums`,`style`,`goadd`,`isPay`,`status`,`remark`,`date`,`title` FROM `ticket_logs` WHERE tid='13' and uid='1'  LIMIT 0,1   [ RunTime:0.000253s ]

[ 2014-02-16T23:22:16+08:00 ] ERR: (ThinkException) 非法操作:undefined
[ 2014-02-16T23:22:17+08:00 ] ERR: (ThinkException) 非法操作:undefined
