[ 2014-02-11T12:28:05+08:00 ] ERR: (ThinkException) 非法操作:favicon
[ 2014-02-11T12:28:05+08:00 ] ERR: (ThinkException) 非法操作:undefined
[ 2014-02-11T12:28:10+08:00 ] ERR: (ThinkException) 非法操作:undefined
[ 2014-02-11T12:28:10+08:00 ] ERR: (ThinkException) 非法操作:favicon
[ 2014-02-11T12:28:11+08:00 ] ERR: (ThinkException) 非法操作:applydetails
[ 2014-02-11T12:28:13+08:00 ] ERR: (ThinkException) 非法操作:undefined
[ 2014-02-11T12:28:28+08:00 ] ERR: (ThinkException) 非法操作:undefined
[ 2014-02-11T12:28:30+08:00 ] ERR: (ThinkException) 非法操作:undefined
[ 2014-02-11T12:28:32+08:00 ] ERR: (ThinkException) 非法操作:undefined
[ 2014-02-11T12:29:10+08:00 ] ERR: (ThinkException) 非法操作:undefined
[ 2014-02-11T12:29:13+08:00 ] ERR: (ThinkException) 非法操作:undefined
[ 2014-02-11T12:29:15+08:00 ] ERR: (ThinkException) 非法操作:undefined
[ 2014-02-11T12:29:16+08:00 ] ERR: (ThinkException) 非法操作:undefined
[ 2014-02-11T12:29:19+08:00 ] ERR: (ThinkException) 非法操作:undefined
[ 2014-02-11T12:29:38+08:00 ] ERR: (ThinkException) 非法操作:undefined
[ 2014-02-11T12:29:38+08:00 ] ERR: (ThinkException) 非法操作:favicon
[ 2014-02-11T12:29:48+08:00 ] ERR: (ThinkException) 非法操作:undefined
[ 2014-02-11T12:29:48+08:00 ] ERR: (ThinkException) 非法操作:favicon
[ 2014-02-11T12:30:53+08:00 ] 127.0.0.1 /shenjiutuan/index.php/User/regist
INFO: [ app_begin ] --START--
INFO: Run ReadHtmlCache Behavior [ RunTime:-0.015625s ]
INFO: [ app_begin ] --END-- [ RunTime:0.000000s ]
SQL: SHOW COLUMNS FROM `userinfo` [ RunTime:0.015625s ]
SQL: SELECT `id` FROM `userinfo` WHERE email='by@163.com'  LIMIT 0,1   [ RunTime:0.000000s ]
SQL: SELECT `id` FROM `userinfo` WHERE nickname='布吉-劉德華'  LIMIT 0,1   [ RunTime:0.000000s ]
SQL: INSERT INTO `userinfo` (`email`,`pwd`,`nickname`,`isVip`,`isYear`,`isAdmin`,`joindate`,`status`,`last_date`,`last_ip`) VALUES ('by@163.com','e10adc3949ba59abbe56e057f20f883e','布吉-劉德華',0,0,0,'2014-02-11 12:30:53',1,'2014-02-11 12:30:53','127.0.0.1') [ RunTime:0.046875s ]

[ 2014-02-11T12:31:00+08:00 ] ERR: (ThinkException) 非法操作:favicon
[ 2014-02-11T12:31:00+08:00 ] ERR: (ThinkException) 非法操作:undefined
[ 2014-02-11T12:31:01+08:00 ] ERR: (ThinkException) 非法操作:favicon
[ 2014-02-11T12:31:01+08:00 ] ERR: (ThinkException) 非法操作:undefined
[ 2014-02-11T12:31:02+08:00 ] ERR: (ThinkException) 非法操作:undefined
[ 2014-02-11T12:31:03+08:00 ] ERR: (ThinkException) 非法操作:undefined
[ 2014-02-11T12:31:06+08:00 ] ERR: (ThinkException) 非法操作:undefined
[ 2014-02-11T12:31:09+08:00 ] ERR: (ThinkException) 非法操作:undefined
[ 2014-02-11T12:31:19+08:00 ] ERR: (ThinkException) 非法操作:undefined
[ 2014-02-11T12:31:20+08:00 ] ERR: (ThinkException) 非法操作:undefined
[ 2014-02-11T12:31:42+08:00 ] ERR: (ThinkException) 非法操作:undefined
[ 2014-02-11T12:32:29+08:00 ] ERR: (ThinkException) 非法操作:undefined
[ 2014-02-11T12:32:37+08:00 ] ERR: (ThinkException) 非法操作:undefined
[ 2014-02-11T12:32:42+08:00 ] ERR: (ThinkException) 非法操作:undefined
[ 2014-02-11T12:32:51+08:00 ] ERR: (ThinkException) 非法操作:undefined
[ 2014-02-11T12:32:57+08:00 ] ERR: (ThinkException) 非法操作:undefined
[ 2014-02-11T12:32:59+08:00 ] ERR: (ThinkException) 非法操作:undefined
[ 2014-02-11T17:37:40+08:00 ] ERR: (ThinkException) 无法加载模块:About
[ 2014-02-11T17:37:47+08:00 ] ERR: (ThinkException) 无法加载模块:About
[ 2014-02-11T17:38:57+08:00 ] ERR: (ThinkException) You have an error in your SQL syntax; check the manual that corresponds to your MySQL server version for the right syntax to use near 'WHERE id='1'' at line 1
 [ SQL语句 ] : UPDATE `about` SET  WHERE id='1' 
[ 2014-02-11T17:38:59+08:00 ] ERR: (ThinkException) You have an error in your SQL syntax; check the manual that corresponds to your MySQL server version for the right syntax to use near 'WHERE id='1'' at line 1
 [ SQL语句 ] : UPDATE `about` SET  WHERE id='1' 
[ 2014-02-11T17:39:03+08:00 ] ERR: (ThinkException) You have an error in your SQL syntax; check the manual that corresponds to your MySQL server version for the right syntax to use near 'WHERE id='1'' at line 1
 [ SQL语句 ] : UPDATE `about` SET  WHERE id='1' 
[ 2014-02-11T22:47:44+08:00 ] ERR: (ThinkException) 非法操作:undefined
[ 2014-02-11T22:47:44+08:00 ] ERR: (ThinkException) 非法操作:favicon
[ 2014-02-11T22:47:59+08:00 ] ERR: (ThinkException) 非法操作:undefined
[ 2014-02-11T22:47:59+08:00 ] ERR: (ThinkException) 非法操作:favicon
[ 2014-02-11T22:48:02+08:00 ] ERR: (ThinkException) 非法操作:undefined
[ 2014-02-11T22:48:02+08:00 ] ERR: (ThinkException) 非法操作:favicon
[ 2014-02-11T22:48:18+08:00 ] ERR: (ThinkException) 非法操作:undefined
[ 2014-02-11T22:48:18+08:00 ] ERR: (ThinkException) 非法操作:favicon
[ 2014-02-11T22:48:22+08:00 ] ERR: (ThinkException) 非法操作:undefined
[ 2014-02-11T22:48:22+08:00 ] ERR: (ThinkException) 非法操作:favicon
[ 2014-02-11T22:51:01+08:00 ] ERR: (ThinkException) 非法操作:undefined
[ 2014-02-11T22:51:01+08:00 ] ERR: (ThinkException) 非法操作:favicon
[ 2014-02-11T22:54:18+08:00 ] ERR: (ThinkException) 非法操作:undefined
[ 2014-02-11T22:54:19+08:00 ] ERR: (ThinkException) 非法操作:favicon
[ 2014-02-11T22:54:25+08:00 ] ERR: (ThinkException) 非法操作:undefined
[ 2014-02-11T22:54:26+08:00 ] ERR: (ThinkException) 非法操作:favicon
[ 2014-02-11T22:54:32+08:00 ] ERR: (ThinkException) 非法操作:undefined
[ 2014-02-11T22:54:33+08:00 ] ERR: (ThinkException) 非法操作:favicon
[ 2014-02-11T22:56:21+08:00 ] ERR: (ThinkException) 非法操作:undefined
[ 2014-02-11T22:56:21+08:00 ] ERR: (ThinkException) 非法操作:favicon
[ 2014-02-11T22:56:40+08:00 ] ERR: (ThinkException) 非法操作:undefined
[ 2014-02-11T22:56:40+08:00 ] ERR: (ThinkException) 非法操作:favicon
[ 2014-02-11T22:56:41+08:00 ] ERR: (ThinkException) 非法操作:undefined
[ 2014-02-11T22:56:41+08:00 ] ERR: (ThinkException) 非法操作:favicon
[ 2014-02-11T22:56:41+08:00 ] ERR: (ThinkException) 非法操作:undefined
[ 2014-02-11T22:56:41+08:00 ] ERR: (ThinkException) 非法操作:favicon
[ 2014-02-11T22:56:55+08:00 ] ERR: (ThinkException) 非法操作:undefined
[ 2014-02-11T22:56:55+08:00 ] ERR: (ThinkException) 非法操作:favicon
[ 2014-02-11T22:59:59+08:00 ] ERR: (ThinkException) 非法操作:undefined
[ 2014-02-11T22:59:59+08:00 ] ERR: (ThinkException) 非法操作:favicon
[ 2014-02-11T23:02:27+08:00 ] ERR: (ThinkException) 非法操作:undefined
[ 2014-02-11T23:02:27+08:00 ] ERR: (ThinkException) 非法操作:favicon
[ 2014-02-11T23:02:27+08:00 ] ERR: (ThinkException) 非法操作:undefined
[ 2014-02-11T23:02:27+08:00 ] ERR: (ThinkException) 非法操作:favicon
[ 2014-02-11T23:02:56+08:00 ] ERR: (ThinkException) 非法操作:undefined
[ 2014-02-11T23:02:56+08:00 ] ERR: (ThinkException) 非法操作:favicon
[ 2014-02-11T23:03:06+08:00 ] ERR: (ThinkException) 非法操作:undefined
[ 2014-02-11T23:03:06+08:00 ] ERR: (ThinkException) 非法操作:favicon
[ 2014-02-11T23:03:07+08:00 ] ERR: (ThinkException) 非法操作:undefined
[ 2014-02-11T23:03:07+08:00 ] ERR: (ThinkException) 非法操作:favicon
[ 2014-02-11T23:03:40+08:00 ] ERR: (ThinkException) 非法操作:undefined
[ 2014-02-11T23:03:40+08:00 ] ERR: (ThinkException) 非法操作:favicon
[ 2014-02-11T23:03:41+08:00 ] ERR: (ThinkException) 非法操作:undefined
[ 2014-02-11T23:03:41+08:00 ] ERR: (ThinkException) 非法操作:favicon
[ 2014-02-11T23:05:16+08:00 ] ERR: (ThinkException) 非法操作:undefined
[ 2014-02-11T23:05:16+08:00 ] ERR: (ThinkException) 非法操作:favicon
[ 2014-02-11T23:05:17+08:00 ] ERR: (ThinkException) 非法操作:undefined
[ 2014-02-11T23:05:17+08:00 ] ERR: (ThinkException) 非法操作:favicon
[ 2014-02-11T23:05:30+08:00 ] ERR: (ThinkException) 非法操作:undefined
[ 2014-02-11T23:05:30+08:00 ] ERR: (ThinkException) 非法操作:favicon
[ 2014-02-11T23:05:31+08:00 ] ERR: (ThinkException) 非法操作:undefined
[ 2014-02-11T23:05:31+08:00 ] ERR: (ThinkException) 非法操作:favicon
[ 2014-02-11T23:05:48+08:00 ] ERR: (ThinkException) 非法操作:undefined
[ 2014-02-11T23:06:08+08:00 ] ERR: (ThinkException) 非法操作:undefined
[ 2014-02-11T23:06:08+08:00 ] ERR: (ThinkException) 非法操作:favicon
[ 2014-02-11T23:06:18+08:00 ] ERR: (ThinkException) 非法操作:undefined
[ 2014-02-11T23:06:18+08:00 ] ERR: (ThinkException) 非法操作:favicon
[ 2014-02-11T23:06:25+08:00 ] ERR: (ThinkException) 非法操作:undefined
[ 2014-02-11T23:06:25+08:00 ] ERR: (ThinkException) 非法操作:favicon
[ 2014-02-11T23:08:40+08:00 ] ERR: (ThinkException) 非法操作:undefined
[ 2014-02-11T23:08:40+08:00 ] ERR: (ThinkException) 非法操作:favicon
[ 2014-02-11T23:08:48+08:00 ] ERR: (ThinkException) 非法操作:undefined
[ 2014-02-11T23:08:48+08:00 ] ERR: (ThinkException) 非法操作:favicon
[ 2014-02-11T23:08:52+08:00 ] ERR: (ThinkException) 非法操作:applydetails
[ 2014-02-11T23:08:54+08:00 ] ERR: (ThinkException) 非法操作:undefined
[ 2014-02-11T23:08:54+08:00 ] ERR: (ThinkException) 非法操作:favicon
[ 2014-02-11T23:10:11+08:00 ] ERR: (ThinkException) 非法操作:undefined
[ 2014-02-11T23:10:11+08:00 ] ERR: (ThinkException) 非法操作:favicon
[ 2014-02-11T23:10:20+08:00 ] ERR: (ThinkException) 非法操作:undefined
[ 2014-02-11T23:10:20+08:00 ] ERR: (ThinkException) 非法操作:favicon
[ 2014-02-11T23:10:23+08:00 ] ERR: (ThinkException) 模板不存在[./server/.Tpl/Home/Ball/getoneball.html]
[ 2014-02-11T23:10:25+08:00 ] ERR: (ThinkException) 非法操作:undefined
[ 2014-02-11T23:10:25+08:00 ] ERR: (ThinkException) 非法操作:favicon
[ 2014-02-11T23:12:10+08:00 ] ERR: (ThinkException) 非法操作:undefined
[ 2014-02-11T23:12:11+08:00 ] ERR: (ThinkException) 非法操作:favicon
[ 2014-02-11T23:12:11+08:00 ] ERR: (ThinkException) You have an error in your SQL syntax; check the manual that corresponds to your MySQL server version for the right syntax to use near 'WHERE id='12'' at line 1
 [ SQL语句 ] : UPDATE `booktickets` SET  WHERE id='12' 
[ 2014-02-11T23:12:25+08:00 ] ERR: (ThinkException) 非法操作:undefined
[ 2014-02-11T23:12:25+08:00 ] ERR: (ThinkException) 非法操作:favicon
[ 2014-02-11T23:12:29+08:00 ] ERR: (ThinkException) You have an error in your SQL syntax; check the manual that corresponds to your MySQL server version for the right syntax to use near 'WHERE id='12'' at line 1
 [ SQL语句 ] : UPDATE `booktickets` SET  WHERE id='12' 
[ 2014-02-11T23:13:02+08:00 ] ERR: (ThinkException) 模板不存在[applydetails.html]
[ 2014-02-11T23:13:36+08:00 ] ERR: (ThinkException) 非法操作:getoneball
[ 2014-02-11T23:13:37+08:00 ] ERR: (ThinkException) 非法操作:undefined
[ 2014-02-11T23:13:37+08:00 ] ERR: (ThinkException) 非法操作:favicon
[ 2014-02-11T23:13:38+08:00 ] ERR: (ThinkException) 非法操作:undefined
[ 2014-02-11T23:13:38+08:00 ] ERR: (ThinkException) 非法操作:favicon
[ 2014-02-11T23:13:39+08:00 ] ERR: (ThinkException) 模板不存在[applydetails.html]
[ 2014-02-11T23:13:55+08:00 ] ERR: (ThinkException) 模板不存在[applydetails.html]
[ 2014-02-11T23:13:56+08:00 ] ERR: (ThinkException) 模板不存在[applydetails.html]
[ 2014-02-11T23:13:58+08:00 ] ERR: (ThinkException) 非法操作:undefined
[ 2014-02-11T23:13:58+08:00 ] ERR: (ThinkException) 非法操作:favicon
[ 2014-02-11T23:13:59+08:00 ] ERR: (ThinkException) 非法操作:undefined
[ 2014-02-11T23:13:59+08:00 ] ERR: (ThinkException) 非法操作:favicon
[ 2014-02-11T23:14:02+08:00 ] ERR: (ThinkException) 模板不存在[applydetails.html]
[ 2014-02-11T23:14:07+08:00 ] ERR: (ThinkException) 非法操作:undefined
[ 2014-02-11T23:14:07+08:00 ] ERR: (ThinkException) 非法操作:favicon
[ 2014-02-11T23:14:09+08:00 ] ERR: (ThinkException) 非法操作:undefined
[ 2014-02-11T23:14:09+08:00 ] ERR: (ThinkException) 非法操作:favicon
[ 2014-02-11T23:14:24+08:00 ] ERR: (ThinkException) 模板不存在[applydetails.html]
[ 2014-02-11T23:14:35+08:00 ] ERR: (ThinkException) 非法操作:css
[ 2014-02-11T23:14:35+08:00 ] ERR: (ThinkException) 非法操作:css
[ 2014-02-11T23:14:35+08:00 ] ERR: (ThinkException) 非法操作:css
[ 2014-02-11T23:14:35+08:00 ] ERR: (ThinkException) 非法操作:js
[ 2014-02-11T23:14:35+08:00 ] ERR: (ThinkException) 非法操作:js
[ 2014-02-11T23:14:35+08:00 ] ERR: (ThinkException) 非法操作:js
[ 2014-02-11T23:17:25+08:00 ] ERR: (ThinkException) 非法操作:undefined
[ 2014-02-11T23:17:25+08:00 ] ERR: (ThinkException) 非法操作:favicon
[ 2014-02-11T23:17:28+08:00 ] ERR: (ThinkException) 非法操作:undefined
[ 2014-02-11T23:17:28+08:00 ] ERR: (ThinkException) 非法操作:favicon
[ 2014-02-11T23:18:13+08:00 ] ERR: (ThinkException) 非法操作:undefined
[ 2014-02-11T23:18:13+08:00 ] ERR: (ThinkException) 非法操作:favicon
[ 2014-02-11T23:18:28+08:00 ] ERR: (ThinkException) 非法操作:undefined
[ 2014-02-11T23:18:28+08:00 ] ERR: (ThinkException) 非法操作:favicon
[ 2014-02-11T23:18:37+08:00 ] 0.0.0.0 /shenjiutuan/index.php/User/login
INFO: [ app_begin ] --START--
INFO: Run ReadHtmlCache Behavior [ RunTime:-0.001091s ]
INFO: [ app_begin ] --END-- [ RunTime:0.001049s ]
NOTIC: [8192] mysql_connect(): The mysql extension is deprecated and will be removed in the future: use mysqli or PDO instead D:\develop_tools\xampp\htdocs\shenjiutuan\server\ThinkPHP\Lib\Driver\Db\DbMysql.class.php 第 55 行.
SQL: SHOW COLUMNS FROM `userinfo` [ RunTime:0.002895s ]
NOTIC: [8192] preg_replace(): The /e modifier is deprecated, use preg_replace_callback instead D:\develop_tools\xampp\htdocs\shenjiutuan\server\ThinkPHP\Lib\Core\Db.class.php 第 571 行.
SQL: SELECT `id` FROM `userinfo` WHERE email='yongge@163.com' LIMIT 1   [ RunTime:0.000257s ]
NOTIC: [8192] preg_replace(): The /e modifier is deprecated, use preg_replace_callback instead D:\develop_tools\xampp\htdocs\shenjiutuan\server\ThinkPHP\Lib\Core\Db.class.php 第 571 行.
SQL: SELECT * FROM `userinfo` WHERE email='yongge@163.com' and pwd='e10adc3949ba59abbe56e057f20f883e' and status=1 LIMIT 1   [ RunTime:0.000244s ]
SQL: UPDATE `userinfo` SET `last_ip`='::1',`last_date`='2014-02-11 23:18:37' WHERE email='yongge@163.com' and id='1'  [ RunTime:0.043503s ]

[ 2014-02-11T23:18:38+08:00 ] ERR: (ThinkException) 非法操作:undefined
[ 2014-02-11T23:18:38+08:00 ] ERR: (ThinkException) 非法操作:favicon
[ 2014-02-11T23:19:41+08:00 ] ERR: (ThinkException) 非法操作:undefined
[ 2014-02-11T23:19:42+08:00 ] ERR: (ThinkException) 非法操作:favicon
[ 2014-02-11T23:19:43+08:00 ] ERR: (ThinkException) 非法操作:undefined
[ 2014-02-11T23:19:43+08:00 ] ERR: (ThinkException) 非法操作:favicon
[ 2014-02-11T23:21:17+08:00 ] ERR: (ThinkException) 非法操作:undefined
[ 2014-02-11T23:21:17+08:00 ] ERR: (ThinkException) 非法操作:favicon
[ 2014-02-11T23:21:21+08:00 ] ERR: (ThinkException) 非法操作:favicon
[ 2014-02-11T23:21:48+08:00 ] ERR: (ThinkException) 非法操作:undefined
[ 2014-02-11T23:21:48+08:00 ] ERR: (ThinkException) 非法操作:favicon
[ 2014-02-11T23:22:05+08:00 ] ERR: (ThinkException) 非法操作:undefined
[ 2014-02-11T23:22:44+08:00 ] ERR: (ThinkException) 非法操作:undefined
[ 2014-02-11T23:24:12+08:00 ] ERR: (ThinkException) 非法操作:undefined
[ 2014-02-11T23:24:12+08:00 ] ERR: (ThinkException) 非法操作:favicon
[ 2014-02-11T23:24:22+08:00 ] ERR: (ThinkException) 非法操作:undefined
[ 2014-02-11T23:24:22+08:00 ] ERR: (ThinkException) 非法操作:favicon
[ 2014-02-11T23:24:45+08:00 ] ERR: (ThinkException) 非法操作:undefined
[ 2014-02-11T23:24:45+08:00 ] ERR: (ThinkException) 非法操作:favicon
[ 2014-02-11T23:25:21+08:00 ] ERR: (ThinkException) 非法操作:undefined
[ 2014-02-11T23:25:21+08:00 ] ERR: (ThinkException) 非法操作:favicon
[ 2014-02-11T23:25:22+08:00 ] ERR: (ThinkException) 非法操作:undefined
[ 2014-02-11T23:25:22+08:00 ] ERR: (ThinkException) 非法操作:favicon
[ 2014-02-11T23:25:23+08:00 ] ERR: (ThinkException) 非法操作:undefined
[ 2014-02-11T23:25:23+08:00 ] ERR: (ThinkException) 非法操作:favicon
[ 2014-02-11T23:25:24+08:00 ] ERR: (ThinkException) 非法操作:newslist
[ 2014-02-11T23:25:50+08:00 ] ERR: (ThinkException) 非法操作:newslist
[ 2014-02-11T23:25:51+08:00 ] ERR: (ThinkException) 非法操作:undefined
[ 2014-02-11T23:25:51+08:00 ] ERR: (ThinkException) 非法操作:favicon
[ 2014-02-11T23:25:51+08:00 ] ERR: (ThinkException) 非法操作:undefined
[ 2014-02-11T23:25:52+08:00 ] ERR: (ThinkException) 非法操作:favicon
[ 2014-02-11T23:25:53+08:00 ] ERR: (ThinkException) 非法操作:applylist
[ 2014-02-11T23:26:08+08:00 ] ERR: (ThinkException) 非法操作:undefined
[ 2014-02-11T23:26:08+08:00 ] ERR: (ThinkException) 非法操作:favicon
[ 2014-02-11T23:26:08+08:00 ] ERR: (ThinkException) 非法操作:undefined
[ 2014-02-11T23:26:08+08:00 ] ERR: (ThinkException) 非法操作:favicon
[ 2014-02-11T23:26:10+08:00 ] ERR: (ThinkException) 非法操作:undefined
[ 2014-02-11T23:26:10+08:00 ] ERR: (ThinkException) 非法操作:favicon
[ 2014-02-11T23:26:11+08:00 ] ERR: (ThinkException) 非法操作:undefined
[ 2014-02-11T23:26:11+08:00 ] ERR: (ThinkException) 非法操作:favicon
[ 2014-02-11T23:26:13+08:00 ] ERR: (ThinkException) 非法操作:undefined
[ 2014-02-11T23:26:13+08:00 ] ERR: (ThinkException) 非法操作:favicon
[ 2014-02-11T23:26:14+08:00 ] ERR: (ThinkException) 非法操作:undefined
[ 2014-02-11T23:26:14+08:00 ] ERR: (ThinkException) 非法操作:favicon
[ 2014-02-11T23:26:16+08:00 ] ERR: (ThinkException) 非法操作:undefined
[ 2014-02-11T23:26:16+08:00 ] ERR: (ThinkException) 非法操作:favicon
[ 2014-02-11T23:26:17+08:00 ] ERR: (ThinkException) 非法操作:undefined
[ 2014-02-11T23:26:18+08:00 ] ERR: (ThinkException) 非法操作:favicon
[ 2014-02-11T23:26:19+08:00 ] ERR: (ThinkException) 非法操作:undefined
[ 2014-02-11T23:26:19+08:00 ] ERR: (ThinkException) 非法操作:favicon
[ 2014-02-11T23:26:20+08:00 ] ERR: (ThinkException) 非法操作:undefined
[ 2014-02-11T23:26:20+08:00 ] ERR: (ThinkException) 非法操作:favicon
[ 2014-02-11T23:26:21+08:00 ] ERR: (ThinkException) 非法操作:undefined
[ 2014-02-11T23:26:21+08:00 ] ERR: (ThinkException) 非法操作:favicon
[ 2014-02-11T23:26:23+08:00 ] ERR: (ThinkException) 非法操作:undefined
[ 2014-02-11T23:26:23+08:00 ] ERR: (ThinkException) 非法操作:favicon
[ 2014-02-11T23:26:25+08:00 ] ERR: (ThinkException) 非法操作:undefined
[ 2014-02-11T23:26:25+08:00 ] ERR: (ThinkException) 非法操作:favicon
[ 2014-02-11T23:26:27+08:00 ] ERR: (ThinkException) 非法操作:undefined
[ 2014-02-11T23:26:27+08:00 ] ERR: (ThinkException) 非法操作:favicon
[ 2014-02-11T23:27:46+08:00 ] ERR: (ThinkException) 非法操作:undefined
[ 2014-02-11T23:27:46+08:00 ] ERR: (ThinkException) 非法操作:favicon
[ 2014-02-11T23:28:02+08:00 ] ERR: (ThinkException) 非法操作:undefined
[ 2014-02-11T23:28:02+08:00 ] ERR: (ThinkException) 非法操作:favicon
[ 2014-02-11T23:28:03+08:00 ] ERR: (ThinkException) 非法操作:undefined
[ 2014-02-11T23:28:03+08:00 ] ERR: (ThinkException) 非法操作:favicon
[ 2014-02-11T23:28:03+08:00 ] ERR: (ThinkException) 非法操作:undefined
[ 2014-02-11T23:28:03+08:00 ] ERR: (ThinkException) 非法操作:favicon
[ 2014-02-11T23:28:38+08:00 ] ERR: (ThinkException) 非法操作:undefined
[ 2014-02-11T23:28:38+08:00 ] ERR: (ThinkException) 非法操作:favicon
[ 2014-02-11T23:28:39+08:00 ] ERR: (ThinkException) 非法操作:undefined
[ 2014-02-11T23:28:39+08:00 ] ERR: (ThinkException) 非法操作:favicon
[ 2014-02-11T23:28:39+08:00 ] ERR: (ThinkException) 非法操作:undefined
[ 2014-02-11T23:28:39+08:00 ] ERR: (ThinkException) 非法操作:favicon
[ 2014-02-11T23:28:51+08:00 ] ERR: (ThinkException) 非法操作:undefined
[ 2014-02-11T23:28:51+08:00 ] ERR: (ThinkException) 非法操作:favicon
[ 2014-02-11T23:28:52+08:00 ] ERR: (ThinkException) 非法操作:undefined
[ 2014-02-11T23:28:52+08:00 ] ERR: (ThinkException) 非法操作:favicon
[ 2014-02-11T23:29:21+08:00 ] 0.0.0.0 /shenjiutuan/index.php/User/login
INFO: [ app_begin ] --START--
INFO: Run ReadHtmlCache Behavior [ RunTime:-0.000411s ]
INFO: [ app_begin ] --END-- [ RunTime:0.000801s ]
NOTIC: [8192] mysql_connect(): The mysql extension is deprecated and will be removed in the future: use mysqli or PDO instead D:\develop_tools\xampp\htdocs\shenjiutuan\server\ThinkPHP\Lib\Driver\Db\DbMysql.class.php 第 55 行.
SQL: SHOW COLUMNS FROM `userinfo` [ RunTime:0.003187s ]
NOTIC: [8192] preg_replace(): The /e modifier is deprecated, use preg_replace_callback instead D:\develop_tools\xampp\htdocs\shenjiutuan\server\ThinkPHP\Lib\Core\Db.class.php 第 571 行.
SQL: SELECT `id` FROM `userinfo` WHERE email='yongge@163.com' LIMIT 1   [ RunTime:0.000201s ]
NOTIC: [8192] preg_replace(): The /e modifier is deprecated, use preg_replace_callback instead D:\develop_tools\xampp\htdocs\shenjiutuan\server\ThinkPHP\Lib\Core\Db.class.php 第 571 行.
SQL: SELECT * FROM `userinfo` WHERE email='yongge@163.com' and pwd='e10adc3949ba59abbe56e057f20f883e' and status=1 LIMIT 1   [ RunTime:0.000198s ]
SQL: UPDATE `userinfo` SET `last_ip`='::1',`last_date`='2014-02-11 23:29:21' WHERE email='yongge@163.com' and id='1'  [ RunTime:0.064425s ]

[ 2014-02-11T23:29:21+08:00 ] ERR: (ThinkException) 非法操作:undefined
[ 2014-02-11T23:29:21+08:00 ] ERR: (ThinkException) 非法操作:favicon
[ 2014-02-11T23:29:34+08:00 ] ERR: (ThinkException) 非法操作:undefined
[ 2014-02-11T23:29:34+08:00 ] ERR: (ThinkException) 非法操作:favicon
[ 2014-02-11T23:29:45+08:00 ] ERR: (ThinkException) 非法操作:undefined
[ 2014-02-11T23:29:45+08:00 ] ERR: (ThinkException) 非法操作:favicon
[ 2014-02-11T23:30:15+08:00 ] ERR: (ThinkException) 非法操作:undefined
[ 2014-02-11T23:30:15+08:00 ] ERR: (ThinkException) 非法操作:favicon
[ 2014-02-11T23:30:16+08:00 ] ERR: (ThinkException) 非法操作:undefined
[ 2014-02-11T23:30:16+08:00 ] ERR: (ThinkException) 非法操作:favicon
[ 2014-02-11T23:30:52+08:00 ] ERR: (ThinkException) 非法操作:undefined
[ 2014-02-11T23:30:52+08:00 ] ERR: (ThinkException) 非法操作:favicon
[ 2014-02-11T23:30:53+08:00 ] ERR: (ThinkException) 非法操作:undefined
[ 2014-02-11T23:30:53+08:00 ] ERR: (ThinkException) 非法操作:favicon
[ 2014-02-11T23:30:54+08:00 ] ERR: (ThinkException) 非法操作:undefined
[ 2014-02-11T23:30:54+08:00 ] ERR: (ThinkException) 非法操作:favicon
[ 2014-02-11T23:30:58+08:00 ] ERR: (ThinkException) 非法操作:undefined
[ 2014-02-11T23:30:58+08:00 ] ERR: (ThinkException) 非法操作:favicon
[ 2014-02-11T23:31:39+08:00 ] ERR: (ThinkException) 非法操作:undefined
[ 2014-02-11T23:31:39+08:00 ] ERR: (ThinkException) 非法操作:favicon
[ 2014-02-11T23:31:39+08:00 ] ERR: (ThinkException) 非法操作:undefined
[ 2014-02-11T23:31:39+08:00 ] ERR: (ThinkException) 非法操作:favicon
[ 2014-02-11T23:31:50+08:00 ] ERR: (ThinkException) 非法操作:undefined
[ 2014-02-11T23:31:50+08:00 ] ERR: (ThinkException) 非法操作:favicon
[ 2014-02-11T23:31:50+08:00 ] ERR: (ThinkException) 非法操作:undefined
[ 2014-02-11T23:31:50+08:00 ] ERR: (ThinkException) 非法操作:favicon
[ 2014-02-11T23:31:50+08:00 ] ERR: (ThinkException) 非法操作:undefined
[ 2014-02-11T23:31:51+08:00 ] ERR: (ThinkException) 非法操作:favicon
[ 2014-02-11T23:31:51+08:00 ] ERR: (ThinkException) 非法操作:undefined
[ 2014-02-11T23:31:51+08:00 ] ERR: (ThinkException) 非法操作:favicon
[ 2014-02-11T23:31:51+08:00 ] ERR: (ThinkException) 非法操作:undefined
[ 2014-02-11T23:31:51+08:00 ] ERR: (ThinkException) 非法操作:favicon
[ 2014-02-11T23:33:36+08:00 ] ERR: (ThinkException) 非法操作:undefined
[ 2014-02-11T23:33:36+08:00 ] ERR: (ThinkException) 非法操作:favicon
[ 2014-02-11T23:33:37+08:00 ] ERR: (ThinkException) 非法操作:undefined
[ 2014-02-11T23:33:37+08:00 ] ERR: (ThinkException) 非法操作:favicon
[ 2014-02-11T23:33:55+08:00 ] ERR: (ThinkException) 非法操作:undefined
[ 2014-02-11T23:33:55+08:00 ] ERR: (ThinkException) 非法操作:favicon
[ 2014-02-11T23:34:02+08:00 ] ERR: (ThinkException) 非法操作:undefined
[ 2014-02-11T23:34:02+08:00 ] ERR: (ThinkException) 非法操作:favicon
[ 2014-02-11T23:34:12+08:00 ] ERR: (ThinkException) 非法操作:undefined
[ 2014-02-11T23:34:12+08:00 ] ERR: (ThinkException) 非法操作:favicon
[ 2014-02-11T23:34:27+08:00 ] ERR: (ThinkException) 非法操作:undefined
[ 2014-02-11T23:34:27+08:00 ] ERR: (ThinkException) 非法操作:favicon
[ 2014-02-11T23:34:43+08:00 ] ERR: (ThinkException) 非法操作:undefined
[ 2014-02-11T23:34:43+08:00 ] ERR: (ThinkException) 非法操作:favicon
[ 2014-02-11T23:34:55+08:00 ] ERR: (ThinkException) 非法操作:undefined
[ 2014-02-11T23:34:55+08:00 ] ERR: (ThinkException) 非法操作:favicon
[ 2014-02-11T23:35:18+08:00 ] ERR: (ThinkException) 非法操作:undefined
[ 2014-02-11T23:35:18+08:00 ] ERR: (ThinkException) 非法操作:favicon
[ 2014-02-11T23:35:25+08:00 ] ERR: (ThinkException) 非法操作:undefined
[ 2014-02-11T23:35:25+08:00 ] ERR: (ThinkException) 非法操作:favicon
[ 2014-02-11T23:36:05+08:00 ] ERR: (ThinkException) 非法操作:undefined
[ 2014-02-11T23:36:05+08:00 ] ERR: (ThinkException) 非法操作:favicon
[ 2014-02-11T23:36:17+08:00 ] ERR: (ThinkException) 非法操作:undefined
[ 2014-02-11T23:36:17+08:00 ] ERR: (ThinkException) 非法操作:favicon
[ 2014-02-11T23:36:24+08:00 ] ERR: (ThinkException) 非法操作:undefined
[ 2014-02-11T23:36:24+08:00 ] ERR: (ThinkException) 非法操作:favicon
[ 2014-02-11T23:43:44+08:00 ] ERR: (ThinkException) 非法操作:undefined
[ 2014-02-11T23:43:44+08:00 ] ERR: (ThinkException) 非法操作:favicon
[ 2014-02-11T23:44:09+08:00 ] ERR: (ThinkException) 非法操作:undefined
[ 2014-02-11T23:44:09+08:00 ] ERR: (ThinkException) 非法操作:favicon
[ 2014-02-11T23:44:21+08:00 ] ERR: (ThinkException) 非法操作:undefined
[ 2014-02-11T23:44:22+08:00 ] ERR: (ThinkException) 非法操作:favicon
[ 2014-02-11T23:44:46+08:00 ] ERR: (ThinkException) 非法操作:undefined
[ 2014-02-11T23:44:46+08:00 ] ERR: (ThinkException) 非法操作:favicon
[ 2014-02-11T23:45:43+08:00 ] ERR: (ThinkException) 非法操作:undefined
[ 2014-02-11T23:45:43+08:00 ] ERR: (ThinkException) 非法操作:favicon
[ 2014-02-11T23:46:21+08:00 ] ERR: (ThinkException) 非法操作:undefined
[ 2014-02-11T23:46:21+08:00 ] ERR: (ThinkException) 非法操作:favicon
[ 2014-02-11T23:46:36+08:00 ] ERR: (ThinkException) 非法操作:undefined
[ 2014-02-11T23:46:36+08:00 ] ERR: (ThinkException) 非法操作:favicon
[ 2014-02-11T23:46:52+08:00 ] ERR: (ThinkException) 非法操作:undefined
[ 2014-02-11T23:46:52+08:00 ] ERR: (ThinkException) 非法操作:favicon
[ 2014-02-11T23:47:46+08:00 ] ERR: (ThinkException) 非法操作:undefined
[ 2014-02-11T23:47:46+08:00 ] ERR: (ThinkException) 非法操作:favicon
[ 2014-02-11T23:47:58+08:00 ] ERR: (ThinkException) 非法操作:undefined
[ 2014-02-11T23:47:58+08:00 ] ERR: (ThinkException) 非法操作:favicon
[ 2014-02-11T23:48:33+08:00 ] ERR: (ThinkException) 非法操作:undefined
[ 2014-02-11T23:48:33+08:00 ] ERR: (ThinkException) 非法操作:favicon
[ 2014-02-11T23:48:41+08:00 ] ERR: (ThinkException) 非法操作:undefined
[ 2014-02-11T23:48:41+08:00 ] ERR: (ThinkException) 非法操作:favicon
[ 2014-02-11T23:48:52+08:00 ] ERR: (ThinkException) 非法操作:undefined
[ 2014-02-11T23:48:52+08:00 ] ERR: (ThinkException) 非法操作:favicon
[ 2014-02-11T23:49:12+08:00 ] ERR: (ThinkException) 非法操作:undefined
[ 2014-02-11T23:49:12+08:00 ] ERR: (ThinkException) 非法操作:favicon
[ 2014-02-11T23:50:48+08:00 ] ERR: (ThinkException) 非法操作:undefined
[ 2014-02-11T23:50:48+08:00 ] ERR: (ThinkException) 非法操作:favicon
[ 2014-02-11T23:51:13+08:00 ] ERR: (ThinkException) 非法操作:undefined
[ 2014-02-11T23:51:13+08:00 ] ERR: (ThinkException) 非法操作:favicon
[ 2014-02-11T23:52:33+08:00 ] ERR: (ThinkException) 非法操作:undefined
[ 2014-02-11T23:52:33+08:00 ] ERR: (ThinkException) 非法操作:favicon
[ 2014-02-11T23:52:47+08:00 ] ERR: (ThinkException) 非法操作:undefined
[ 2014-02-11T23:52:47+08:00 ] ERR: (ThinkException) 非法操作:favicon
[ 2014-02-11T23:53:12+08:00 ] ERR: (ThinkException) 非法操作:undefined
[ 2014-02-11T23:53:12+08:00 ] ERR: (ThinkException) 非法操作:favicon
[ 2014-02-11T23:53:25+08:00 ] ERR: (ThinkException) 非法操作:undefined
[ 2014-02-11T23:53:25+08:00 ] ERR: (ThinkException) 非法操作:favicon
[ 2014-02-11T23:53:54+08:00 ] ERR: (ThinkException) 非法操作:undefined
[ 2014-02-11T23:53:54+08:00 ] ERR: (ThinkException) 非法操作:favicon
[ 2014-02-11T23:54:04+08:00 ] ERR: (ThinkException) 非法操作:undefined
[ 2014-02-11T23:54:04+08:00 ] ERR: (ThinkException) 非法操作:favicon
[ 2014-02-11T23:54:41+08:00 ] ERR: (ThinkException) 非法操作:undefined
[ 2014-02-11T23:54:41+08:00 ] ERR: (ThinkException) 非法操作:favicon
[ 2014-02-11T23:55:03+08:00 ] ERR: (ThinkException) 非法操作:undefined
[ 2014-02-11T23:55:03+08:00 ] ERR: (ThinkException) 非法操作:favicon
[ 2014-02-11T23:55:43+08:00 ] ERR: (ThinkException) 非法操作:undefined
[ 2014-02-11T23:55:43+08:00 ] ERR: (ThinkException) 非法操作:favicon
[ 2014-02-11T23:56:47+08:00 ] ERR: (ThinkException) 非法操作:undefined
[ 2014-02-11T23:56:47+08:00 ] ERR: (ThinkException) 非法操作:favicon
[ 2014-02-11T23:56:48+08:00 ] ERR: (ThinkException) 非法操作:undefined
[ 2014-02-11T23:56:49+08:00 ] ERR: (ThinkException) 非法操作:favicon
[ 2014-02-11T23:56:54+08:00 ] ERR: (ThinkException) 非法操作:undefined
[ 2014-02-11T23:56:54+08:00 ] ERR: (ThinkException) 非法操作:favicon
[ 2014-02-11T23:57:18+08:00 ] ERR: (ThinkException) 非法操作:undefined
[ 2014-02-11T23:57:18+08:00 ] ERR: (ThinkException) 非法操作:favicon
[ 2014-02-11T23:57:20+08:00 ] ERR: (ThinkException) 非法操作:undefined
[ 2014-02-11T23:57:20+08:00 ] ERR: (ThinkException) 非法操作:favicon
[ 2014-02-11T23:57:26+08:00 ] ERR: (ThinkException) 非法操作:undefined
[ 2014-02-11T23:57:26+08:00 ] ERR: (ThinkException) 非法操作:favicon
[ 2014-02-11T23:57:27+08:00 ] ERR: (ThinkException) 非法操作:undefined
[ 2014-02-11T23:57:27+08:00 ] ERR: (ThinkException) 非法操作:favicon
[ 2014-02-11T23:57:39+08:00 ] ERR: (ThinkException) 非法操作:undefined
[ 2014-02-11T23:57:39+08:00 ] ERR: (ThinkException) 非法操作:favicon
[ 2014-02-11T23:57:44+08:00 ] ERR: (ThinkException) 非法操作:undefined
[ 2014-02-11T23:57:44+08:00 ] ERR: (ThinkException) 非法操作:favicon
[ 2014-02-11T23:57:46+08:00 ] ERR: (ThinkException) 非法操作:undefined
[ 2014-02-11T23:57:46+08:00 ] ERR: (ThinkException) 非法操作:favicon
[ 2014-02-11T23:57:50+08:00 ] ERR: (ThinkException) 非法操作:undefined
[ 2014-02-11T23:57:50+08:00 ] ERR: (ThinkException) 非法操作:favicon
[ 2014-02-11T23:58:13+08:00 ] ERR: (ThinkException) 非法操作:undefined
[ 2014-02-11T23:58:13+08:00 ] ERR: (ThinkException) 非法操作:favicon
