[ 2014-02-19T22:10:19+08:00 ] ERR: (ThinkException) 非法操作:undefined
[ 2014-02-19T22:10:24+08:00 ] ERR: (ThinkException) 非法操作:undefined
[ 2014-02-19T22:10:29+08:00 ] ERR: (ThinkException) 非法操作:undefined
[ 2014-02-19T22:10:30+08:00 ] 0.0.0.0 /shenjiutuan/index.php/Ball/applycheck?id=17
INFO: [ app_begin ] --START--
INFO: Run ReadHtmlCache Behavior [ RunTime:-0.000313s ]
INFO: [ app_begin ] --END-- [ RunTime:0.000495s ]
NOTIC: [8] A session had already been started - ignoring session_start() D:\develop_tools\xampp\htdocs\shenjiutuan\server\.Lib\Action\BaseAction.class.php 第 5 行.
NOTIC: [8192] mysql_connect(): The mysql extension is deprecated and will be removed in the future: use mysqli or PDO instead D:\develop_tools\xampp\htdocs\shenjiutuan\server\ThinkPHP\Lib\Driver\Db\DbMysql.class.php 第 55 行.
SQL: SHOW COLUMNS FROM `booktickets` [ RunTime:0.002826s ]
NOTIC: [8192] preg_replace(): The /e modifier is deprecated, use preg_replace_callback instead D:\develop_tools\xampp\htdocs\shenjiutuan\server\ThinkPHP\Lib\Core\Db.class.php 第 571 行.
SQL: SELECT `id`,`title`,`remark`,`maxnums`,`status`,`date`,`match_time`,`match_address`,`ticket_cost`,`car_cost`,`match_op` FROM `booktickets` WHERE id='17'  LIMIT 0,1   [ RunTime:0.000780s ]
SQL: SHOW COLUMNS FROM `ticket_logs` [ RunTime:0.077071s ]
NOTIC: [8192] preg_replace(): The /e modifier is deprecated, use preg_replace_callback instead D:\develop_tools\xampp\htdocs\shenjiutuan\server\ThinkPHP\Lib\Core\Db.class.php 第 571 行.
SQL: SELECT `id`,`tid`,`uid`,`nickname`,`ticket_nums`,`car_nums`,`watch_nums`,`style`,`goadd`,`isPay`,`status`,`remark`,`date`,`title` FROM `ticket_logs` WHERE tid='17' and uid='1'  LIMIT 0,1   [ RunTime:0.000560s ]

[ 2014-02-19T22:10:33+08:00 ] ERR: (ThinkException) 非法操作:undefined
[ 2014-02-19T22:10:34+08:00 ] ERR: (ThinkException) 非法操作:undefined
[ 2014-02-19T22:10:35+08:00 ] 0.0.0.0 /shenjiutuan/index.php/Ball/applycheck?id=13
INFO: [ app_begin ] --START--
INFO: Run ReadHtmlCache Behavior [ RunTime:-0.000304s ]
INFO: [ app_begin ] --END-- [ RunTime:0.000495s ]
NOTIC: [8] A session had already been started - ignoring session_start() D:\develop_tools\xampp\htdocs\shenjiutuan\server\.Lib\Action\BaseAction.class.php 第 5 行.
NOTIC: [8192] mysql_connect(): The mysql extension is deprecated and will be removed in the future: use mysqli or PDO instead D:\develop_tools\xampp\htdocs\shenjiutuan\server\ThinkPHP\Lib\Driver\Db\DbMysql.class.php 第 55 行.
SQL: SHOW COLUMNS FROM `booktickets` [ RunTime:0.003775s ]
NOTIC: [8192] preg_replace(): The /e modifier is deprecated, use preg_replace_callback instead D:\develop_tools\xampp\htdocs\shenjiutuan\server\ThinkPHP\Lib\Core\Db.class.php 第 571 行.
SQL: SELECT `id`,`title`,`remark`,`maxnums`,`status`,`date`,`match_time`,`match_address`,`ticket_cost`,`car_cost`,`match_op` FROM `booktickets` WHERE id='13'  LIMIT 0,1   [ RunTime:0.000344s ]
SQL: SHOW COLUMNS FROM `ticket_logs` [ RunTime:0.003167s ]
NOTIC: [8192] preg_replace(): The /e modifier is deprecated, use preg_replace_callback instead D:\develop_tools\xampp\htdocs\shenjiutuan\server\ThinkPHP\Lib\Core\Db.class.php 第 571 行.
SQL: SELECT `id`,`tid`,`uid`,`nickname`,`ticket_nums`,`car_nums`,`watch_nums`,`style`,`goadd`,`isPay`,`status`,`remark`,`date`,`title` FROM `ticket_logs` WHERE tid='13' and uid='1'  LIMIT 0,1   [ RunTime:0.000310s ]

[ 2014-02-19T22:10:37+08:00 ] ERR: (ThinkException) 非法操作:undefined
[ 2014-02-19T22:10:41+08:00 ] ERR: (ThinkException) 非法操作:undefined
[ 2014-02-19T22:10:46+08:00 ] ERR: (ThinkException) 非法操作:undefined
[ 2014-02-19T22:10:57+08:00 ] ERR: (ThinkException) 非法操作:undefined
[ 2014-02-19T22:11:08+08:00 ] ERR: (ThinkException) 非法操作:undefined
[ 2014-02-19T22:12:00+08:00 ] ERR: (ThinkException) 非法操作:undefined
[ 2014-02-19T22:12:01+08:00 ] ERR: (ThinkException) 非法操作:undefined
[ 2014-02-19T22:13:14+08:00 ] ERR: (ThinkException) 非法操作:undefined
[ 2014-02-19T22:13:21+08:00 ] ERR: (ThinkException) 非法操作:undefined
[ 2014-02-19T22:13:23+08:00 ] ERR: (ThinkException) 非法操作:undefined
[ 2014-02-19T22:13:28+08:00 ] ERR: (ThinkException) 非法操作:undefined
[ 2014-02-19T22:13:32+08:00 ] ERR: (ThinkException) 非法操作:undefined
[ 2014-02-19T22:13:38+08:00 ] ERR: (ThinkException) 非法操作:undefined
[ 2014-02-19T22:13:39+08:00 ] ERR: (ThinkException) 非法操作:partydeatils
[ 2014-02-19T22:13:41+08:00 ] ERR: (ThinkException) 非法操作:undefined
[ 2014-02-19T22:14:47+08:00 ] ERR: (ThinkException) 非法操作:undefined
[ 2014-02-19T22:17:27+08:00 ] ERR: (ThinkException) 非法操作:undefined
[ 2014-02-19T22:17:30+08:00 ] ERR: (ThinkException) 非法操作:undefined
[ 2014-02-19T22:24:42+08:00 ] ERR: (ThinkException) 非法操作:undefined
[ 2014-02-19T22:27:51+08:00 ] ERR: (ThinkException) 非法操作:undefined
[ 2014-02-19T22:28:07+08:00 ] ERR: (ThinkException) 非法操作:undefined
[ 2014-02-19T22:28:25+08:00 ] ERR: (ThinkException) 非法操作:undefined
[ 2014-02-19T22:28:30+08:00 ] ERR: (ThinkException) 非法操作:undefined
[ 2014-02-19T22:28:32+08:00 ] ERR: (ThinkException) 非法操作:undefined
[ 2014-02-19T22:28:40+08:00 ] ERR: (ThinkException) 非法操作:undefined
[ 2014-02-19T22:30:14+08:00 ] ERR: (ThinkException) 非法操作:undefined
[ 2014-02-19T22:30:16+08:00 ] ERR: (ThinkException) 非法操作:undefined
[ 2014-02-19T22:30:17+08:00 ] ERR: (ThinkException) 非法操作:undefined
[ 2014-02-19T22:30:19+08:00 ] ERR: (ThinkException) 非法操作:undefined
[ 2014-02-19T22:30:34+08:00 ] ERR: (ThinkException) 非法操作:undefined
[ 2014-02-19T22:30:38+08:00 ] ERR: (ThinkException) 非法操作:undefined
[ 2014-02-19T22:31:24+08:00 ] ERR: (ThinkException) 非法操作:undefined
[ 2014-02-19T22:31:27+08:00 ] ERR: (ThinkException) 非法操作:partydeatils
[ 2014-02-19T22:31:28+08:00 ] ERR: (ThinkException) 非法操作:undefined
[ 2014-02-19T22:32:09+08:00 ] ERR: (ThinkException) 非法操作:undefined
[ 2014-02-19T22:32:13+08:00 ] ERR: (ThinkException) 非法操作:undefined
[ 2014-02-19T22:32:14+08:00 ] ERR: (ThinkException) 非法操作:undefined
[ 2014-02-19T22:32:15+08:00 ] ERR: (ThinkException) 非法操作:undefined
[ 2014-02-19T22:34:39+08:00 ] ERR: (ThinkException) 非法操作:undefined
[ 2014-02-19T22:34:40+08:00 ] ERR: (ThinkException) 非法操作:undefined
[ 2014-02-19T22:34:40+08:00 ] ERR: (ThinkException) 非法操作:undefined
[ 2014-02-19T22:34:41+08:00 ] ERR: (ThinkException) 非法操作:undefined
[ 2014-02-19T22:34:57+08:00 ] ERR: (ThinkException) 非法操作:undefined
[ 2014-02-19T22:34:59+08:00 ] ERR: (ThinkException) 非法操作:undefined
[ 2014-02-19T22:35:00+08:00 ] ERR: (ThinkException) 非法操作:undefined
[ 2014-02-19T22:35:41+08:00 ] ERR: (ThinkException) 非法操作:undefined
[ 2014-02-19T22:37:46+08:00 ] ERR: (ThinkException) 非法操作:undefined
[ 2014-02-19T22:37:52+08:00 ] ERR: (ThinkException) 非法操作:undefined
[ 2014-02-19T22:37:53+08:00 ] ERR: (ThinkException) 非法操作:undefined
[ 2014-02-19T22:38:16+08:00 ] ERR: (ThinkException) 非法操作:undefined
[ 2014-02-19T22:38:17+08:00 ] ERR: (ThinkException) 非法操作:partydeatils
[ 2014-02-19T22:38:29+08:00 ] ERR: (ThinkException) 非法操作:partydeatils
[ 2014-02-19T22:38:31+08:00 ] ERR: (ThinkException) 非法操作:undefined
[ 2014-02-19T22:38:31+08:00 ] ERR: (ThinkException) 非法操作:undefined
[ 2014-02-19T22:38:33+08:00 ] ERR: (ThinkException) 非法操作:undefined
[ 2014-02-19T22:38:33+08:00 ] ERR: (ThinkException) 非法操作:undefined
[ 2014-02-19T22:38:34+08:00 ] ERR: (ThinkException) 非法操作:partydeatils
[ 2014-02-19T22:38:48+08:00 ] ERR: (ThinkException) 模板不存在[./server/.Tpl/Home/Party/partydeatils.html]
[ 2014-02-19T22:38:50+08:00 ] ERR: (ThinkException) 非法操作:undefined
[ 2014-02-19T22:40:01+08:00 ] ERR: (ThinkException) 非法操作:undefined
[ 2014-02-19T22:40:02+08:00 ] ERR: (ThinkException) 非法操作:undefined
[ 2014-02-19T22:40:05+08:00 ] ERR: (ThinkException) 非法操作:undefined
[ 2014-02-19T22:40:06+08:00 ] ERR: (ThinkException) 非法操作:undefined
[ 2014-02-19T22:40:07+08:00 ] ERR: (ThinkException) 非法操作:undefined
[ 2014-02-19T22:40:07+08:00 ] ERR: (ThinkException) 非法操作:undefined
[ 2014-02-19T22:40:08+08:00 ] ERR: (ThinkException) 模板不存在[./server/.Tpl/Home/Party/partydeatils.html]
[ 2014-02-19T22:40:22+08:00 ] ERR: (ThinkException) 非法操作:undefined
[ 2014-02-19T22:41:10+08:00 ] ERR: (ThinkException) 非法操作:undefined
[ 2014-02-19T22:41:11+08:00 ] ERR: (ThinkException) 非法操作:undefined
[ 2014-02-19T22:41:11+08:00 ] ERR: (ThinkException) 非法操作:undefined
[ 2014-02-19T22:41:13+08:00 ] ERR: (ThinkException) 非法操作:undefined
[ 2014-02-19T22:41:40+08:00 ] ERR: (ThinkException) 非法操作:undefined
[ 2014-02-19T22:41:43+08:00 ] ERR: (ThinkException) 非法操作:undefined
[ 2014-02-19T22:42:00+08:00 ] ERR: (ThinkException) 非法操作:undefined
[ 2014-02-19T22:42:01+08:00 ] ERR: (ThinkException) 非法操作:undefined
[ 2014-02-19T22:42:02+08:00 ] ERR: (ThinkException) 非法操作:undefined
[ 2014-02-19T22:42:03+08:00 ] ERR: (ThinkException) 非法操作:undefined
[ 2014-02-19T22:42:04+08:00 ] ERR: (ThinkException) 非法操作:undefined
[ 2014-02-19T22:42:34+08:00 ] ERR: (ThinkException) 非法操作:undefined
[ 2014-02-19T22:43:01+08:00 ] ERR: (ThinkException) 非法操作:undefined
[ 2014-02-19T22:43:03+08:00 ] ERR: (ThinkException) 非法操作:undefined
[ 2014-02-19T22:43:05+08:00 ] ERR: (ThinkException) 非法操作:undefined
[ 2014-02-19T22:43:16+08:00 ] ERR: (ThinkException) 非法操作:undefined
[ 2014-02-19T22:43:17+08:00 ] ERR: (ThinkException) 非法操作:undefined
[ 2014-02-19T22:43:19+08:00 ] ERR: (ThinkException) 非法操作:undefined
[ 2014-02-19T22:44:55+08:00 ] ERR: (ThinkException) 非法操作:undefined
[ 2014-02-19T22:45:00+08:00 ] ERR: (ThinkException) 非法操作:undefined
[ 2014-02-19T22:45:02+08:00 ] ERR: (ThinkException) 非法操作:undefined
[ 2014-02-19T22:45:03+08:00 ] ERR: (ThinkException) 非法操作:undefined
[ 2014-02-19T22:45:04+08:00 ] ERR: (ThinkException) 非法操作:undefined
[ 2014-02-19T22:45:11+08:00 ] ERR: (ThinkException) 非法操作:undefined
[ 2014-02-19T22:45:11+08:00 ] ERR: (ThinkException) 非法操作:undefined
[ 2014-02-19T22:45:14+08:00 ] ERR: (ThinkException) 非法操作:undefined
[ 2014-02-19T22:45:15+08:00 ] ERR: (ThinkException) 非法操作:undefined
[ 2014-02-19T22:47:34+08:00 ] ERR: (ThinkException) 非法操作:undefined
[ 2014-02-19T22:47:36+08:00 ] ERR: (ThinkException) 非法操作:undefined
[ 2014-02-19T22:47:37+08:00 ] ERR: (ThinkException) 非法操作:undefined
[ 2014-02-19T22:47:38+08:00 ] ERR: (ThinkException) 非法操作:undefined
[ 2014-02-19T22:47:38+08:00 ] ERR: (ThinkException) 非法操作:undefined
[ 2014-02-19T22:47:40+08:00 ] ERR: (ThinkException) 非法操作:undefined
[ 2014-02-19T22:48:35+08:00 ] ERR: (ThinkException) 非法操作:undefined
[ 2014-02-19T22:48:52+08:00 ] ERR: (ThinkException) 非法操作:undefined
[ 2014-02-19T22:49:54+08:00 ] ERR: (ThinkException) 非法操作:undefined
[ 2014-02-19T22:49:54+08:00 ] ERR: (ThinkException) 非法操作:undefined
[ 2014-02-19T22:50:14+08:00 ] ERR: (ThinkException) 非法操作:undefined
[ 2014-02-19T22:50:15+08:00 ] ERR: (ThinkException) 非法操作:undefined
[ 2014-02-19T22:50:17+08:00 ] 0.0.0.0 /shenjiutuan/index.php/Ball/applycheck?id=14
INFO: [ app_begin ] --START--
INFO: Run ReadHtmlCache Behavior [ RunTime:-0.000652s ]
INFO: [ app_begin ] --END-- [ RunTime:0.000958s ]
NOTIC: [8] A session had already been started - ignoring session_start() D:\develop_tools\xampp\htdocs\shenjiutuan\server\.Lib\Action\BaseAction.class.php 第 5 行.
NOTIC: [8192] mysql_connect(): The mysql extension is deprecated and will be removed in the future: use mysqli or PDO instead D:\develop_tools\xampp\htdocs\shenjiutuan\server\ThinkPHP\Lib\Driver\Db\DbMysql.class.php 第 55 行.
SQL: SHOW COLUMNS FROM `booktickets` [ RunTime:0.002728s ]
NOTIC: [8192] preg_replace(): The /e modifier is deprecated, use preg_replace_callback instead D:\develop_tools\xampp\htdocs\shenjiutuan\server\ThinkPHP\Lib\Core\Db.class.php 第 571 行.
SQL: SELECT `id`,`title`,`remark`,`maxnums`,`status`,`date`,`match_time`,`match_address`,`ticket_cost`,`car_cost`,`match_op` FROM `booktickets` WHERE id='14'  LIMIT 0,1   [ RunTime:0.000274s ]
SQL: SHOW COLUMNS FROM `ticket_logs` [ RunTime:0.002485s ]
NOTIC: [8192] preg_replace(): The /e modifier is deprecated, use preg_replace_callback instead D:\develop_tools\xampp\htdocs\shenjiutuan\server\ThinkPHP\Lib\Core\Db.class.php 第 571 行.
SQL: SELECT `id`,`tid`,`uid`,`nickname`,`ticket_nums`,`car_nums`,`watch_nums`,`style`,`goadd`,`isPay`,`status`,`remark`,`date`,`title` FROM `ticket_logs` WHERE tid='14' and uid='1'  LIMIT 0,1   [ RunTime:0.000269s ]

[ 2014-02-19T22:50:22+08:00 ] 0.0.0.0 /shenjiutuan/index.php/Ball/applycheck?id=14
INFO: [ app_begin ] --START--
INFO: Run ReadHtmlCache Behavior [ RunTime:-0.000461s ]
INFO: [ app_begin ] --END-- [ RunTime:0.000974s ]
NOTIC: [8] A session had already been started - ignoring session_start() D:\develop_tools\xampp\htdocs\shenjiutuan\server\.Lib\Action\BaseAction.class.php 第 5 行.
NOTIC: [8192] mysql_connect(): The mysql extension is deprecated and will be removed in the future: use mysqli or PDO instead D:\develop_tools\xampp\htdocs\shenjiutuan\server\ThinkPHP\Lib\Driver\Db\DbMysql.class.php 第 55 行.
SQL: SHOW COLUMNS FROM `booktickets` [ RunTime:0.002847s ]
NOTIC: [8192] preg_replace(): The /e modifier is deprecated, use preg_replace_callback instead D:\develop_tools\xampp\htdocs\shenjiutuan\server\ThinkPHP\Lib\Core\Db.class.php 第 571 行.
SQL: SELECT `id`,`title`,`remark`,`maxnums`,`status`,`date`,`match_time`,`match_address`,`ticket_cost`,`car_cost`,`match_op` FROM `booktickets` WHERE id='14'  LIMIT 0,1   [ RunTime:0.000296s ]
SQL: SHOW COLUMNS FROM `ticket_logs` [ RunTime:0.002655s ]
NOTIC: [8192] preg_replace(): The /e modifier is deprecated, use preg_replace_callback instead D:\develop_tools\xampp\htdocs\shenjiutuan\server\ThinkPHP\Lib\Core\Db.class.php 第 571 行.
SQL: SELECT `id`,`tid`,`uid`,`nickname`,`ticket_nums`,`car_nums`,`watch_nums`,`style`,`goadd`,`isPay`,`status`,`remark`,`date`,`title` FROM `ticket_logs` WHERE tid='14' and uid='1'  LIMIT 0,1   [ RunTime:0.000276s ]

[ 2014-02-19T22:50:24+08:00 ] 0.0.0.0 /shenjiutuan/index.php/Ball/applycheck?id=14
INFO: [ app_begin ] --START--
INFO: Run ReadHtmlCache Behavior [ RunTime:-0.000534s ]
INFO: [ app_begin ] --END-- [ RunTime:0.000972s ]
NOTIC: [8] A session had already been started - ignoring session_start() D:\develop_tools\xampp\htdocs\shenjiutuan\server\.Lib\Action\BaseAction.class.php 第 5 行.
NOTIC: [8192] mysql_connect(): The mysql extension is deprecated and will be removed in the future: use mysqli or PDO instead D:\develop_tools\xampp\htdocs\shenjiutuan\server\ThinkPHP\Lib\Driver\Db\DbMysql.class.php 第 55 行.
SQL: SHOW COLUMNS FROM `booktickets` [ RunTime:0.003031s ]
NOTIC: [8192] preg_replace(): The /e modifier is deprecated, use preg_replace_callback instead D:\develop_tools\xampp\htdocs\shenjiutuan\server\ThinkPHP\Lib\Core\Db.class.php 第 571 行.
SQL: SELECT `id`,`title`,`remark`,`maxnums`,`status`,`date`,`match_time`,`match_address`,`ticket_cost`,`car_cost`,`match_op` FROM `booktickets` WHERE id='14'  LIMIT 0,1   [ RunTime:0.000296s ]
SQL: SHOW COLUMNS FROM `ticket_logs` [ RunTime:0.003037s ]
NOTIC: [8192] preg_replace(): The /e modifier is deprecated, use preg_replace_callback instead D:\develop_tools\xampp\htdocs\shenjiutuan\server\ThinkPHP\Lib\Core\Db.class.php 第 571 行.
SQL: SELECT `id`,`tid`,`uid`,`nickname`,`ticket_nums`,`car_nums`,`watch_nums`,`style`,`goadd`,`isPay`,`status`,`remark`,`date`,`title` FROM `ticket_logs` WHERE tid='14' and uid='1'  LIMIT 0,1   [ RunTime:0.000287s ]

[ 2014-02-19T22:50:27+08:00 ] 0.0.0.0 /shenjiutuan/index.php/Ball/applycheck?id=14
INFO: [ app_begin ] --START--
INFO: Run ReadHtmlCache Behavior [ RunTime:-0.000520s ]
INFO: [ app_begin ] --END-- [ RunTime:0.001137s ]
NOTIC: [8] A session had already been started - ignoring session_start() D:\develop_tools\xampp\htdocs\shenjiutuan\server\.Lib\Action\BaseAction.class.php 第 5 行.
NOTIC: [8192] mysql_connect(): The mysql extension is deprecated and will be removed in the future: use mysqli or PDO instead D:\develop_tools\xampp\htdocs\shenjiutuan\server\ThinkPHP\Lib\Driver\Db\DbMysql.class.php 第 55 行.
SQL: SHOW COLUMNS FROM `booktickets` [ RunTime:0.003021s ]
NOTIC: [8192] preg_replace(): The /e modifier is deprecated, use preg_replace_callback instead D:\develop_tools\xampp\htdocs\shenjiutuan\server\ThinkPHP\Lib\Core\Db.class.php 第 571 行.
SQL: SELECT `id`,`title`,`remark`,`maxnums`,`status`,`date`,`match_time`,`match_address`,`ticket_cost`,`car_cost`,`match_op` FROM `booktickets` WHERE id='14'  LIMIT 0,1   [ RunTime:0.030438s ]
SQL: SHOW COLUMNS FROM `ticket_logs` [ RunTime:0.002712s ]
NOTIC: [8192] preg_replace(): The /e modifier is deprecated, use preg_replace_callback instead D:\develop_tools\xampp\htdocs\shenjiutuan\server\ThinkPHP\Lib\Core\Db.class.php 第 571 行.
SQL: SELECT `id`,`tid`,`uid`,`nickname`,`ticket_nums`,`car_nums`,`watch_nums`,`style`,`goadd`,`isPay`,`status`,`remark`,`date`,`title` FROM `ticket_logs` WHERE tid='14' and uid='1'  LIMIT 0,1   [ RunTime:0.000272s ]

[ 2014-02-19T22:50:33+08:00 ] 0.0.0.0 /shenjiutuan/index.php/Ball/applycheck?id=14
INFO: [ app_begin ] --START--
INFO: Run ReadHtmlCache Behavior [ RunTime:-0.000483s ]
INFO: [ app_begin ] --END-- [ RunTime:0.001001s ]
NOTIC: [8] A session had already been started - ignoring session_start() D:\develop_tools\xampp\htdocs\shenjiutuan\server\.Lib\Action\BaseAction.class.php 第 5 行.
NOTIC: [8192] mysql_connect(): The mysql extension is deprecated and will be removed in the future: use mysqli or PDO instead D:\develop_tools\xampp\htdocs\shenjiutuan\server\ThinkPHP\Lib\Driver\Db\DbMysql.class.php 第 55 行.
SQL: SHOW COLUMNS FROM `booktickets` [ RunTime:0.002698s ]
NOTIC: [8192] preg_replace(): The /e modifier is deprecated, use preg_replace_callback instead D:\develop_tools\xampp\htdocs\shenjiutuan\server\ThinkPHP\Lib\Core\Db.class.php 第 571 行.
SQL: SELECT `id`,`title`,`remark`,`maxnums`,`status`,`date`,`match_time`,`match_address`,`ticket_cost`,`car_cost`,`match_op` FROM `booktickets` WHERE id='14'  LIMIT 0,1   [ RunTime:0.000283s ]
SQL: SHOW COLUMNS FROM `ticket_logs` [ RunTime:0.002603s ]
NOTIC: [8192] preg_replace(): The /e modifier is deprecated, use preg_replace_callback instead D:\develop_tools\xampp\htdocs\shenjiutuan\server\ThinkPHP\Lib\Core\Db.class.php 第 571 行.
SQL: SELECT `id`,`tid`,`uid`,`nickname`,`ticket_nums`,`car_nums`,`watch_nums`,`style`,`goadd`,`isPay`,`status`,`remark`,`date`,`title` FROM `ticket_logs` WHERE tid='14' and uid='1'  LIMIT 0,1   [ RunTime:0.000261s ]

[ 2014-02-19T22:50:49+08:00 ] 0.0.0.0 /shenjiutuan/index.php/Ball/applycheck?id=14
INFO: [ app_begin ] --START--
INFO: Run ReadHtmlCache Behavior [ RunTime:-0.001012s ]
INFO: [ app_begin ] --END-- [ RunTime:0.001672s ]
NOTIC: [8] A session had already been started - ignoring session_start() D:\develop_tools\xampp\htdocs\shenjiutuan\server\.Lib\Action\BaseAction.class.php 第 5 行.
NOTIC: [8192] mysql_connect(): The mysql extension is deprecated and will be removed in the future: use mysqli or PDO instead D:\develop_tools\xampp\htdocs\shenjiutuan\server\ThinkPHP\Lib\Driver\Db\DbMysql.class.php 第 55 行.
SQL: SHOW COLUMNS FROM `booktickets` [ RunTime:0.002844s ]
NOTIC: [8192] preg_replace(): The /e modifier is deprecated, use preg_replace_callback instead D:\develop_tools\xampp\htdocs\shenjiutuan\server\ThinkPHP\Lib\Core\Db.class.php 第 571 行.
SQL: SELECT `id`,`title`,`remark`,`maxnums`,`status`,`date`,`match_time`,`match_address`,`ticket_cost`,`car_cost`,`match_op` FROM `booktickets` WHERE id='14'  LIMIT 0,1   [ RunTime:0.000272s ]
SQL: SHOW COLUMNS FROM `ticket_logs` [ RunTime:0.002527s ]
NOTIC: [8192] preg_replace(): The /e modifier is deprecated, use preg_replace_callback instead D:\develop_tools\xampp\htdocs\shenjiutuan\server\ThinkPHP\Lib\Core\Db.class.php 第 571 行.
SQL: SELECT `id`,`tid`,`uid`,`nickname`,`ticket_nums`,`car_nums`,`watch_nums`,`style`,`goadd`,`isPay`,`status`,`remark`,`date`,`title` FROM `ticket_logs` WHERE tid='14' and uid='1'  LIMIT 0,1   [ RunTime:0.000264s ]

[ 2014-02-19T22:50:51+08:00 ] ERR: (ThinkException) 非法操作:undefined
[ 2014-02-19T22:50:52+08:00 ] ERR: (ThinkException) 非法操作:undefined
[ 2014-02-19T22:50:53+08:00 ] ERR: (ThinkException) 非法操作:undefined
[ 2014-02-19T22:50:55+08:00 ] ERR: (ThinkException) 非法操作:undefined
[ 2014-02-19T22:50:55+08:00 ] ERR: (ThinkException) 非法操作:undefined
[ 2014-02-19T22:50:57+08:00 ] ERR: (ThinkException) 非法操作:undefined
[ 2014-02-19T22:51:00+08:00 ] ERR: (ThinkException) 非法操作:undefined
[ 2014-02-19T22:51:01+08:00 ] ERR: (ThinkException) 非法操作:undefined
[ 2014-02-19T22:51:02+08:00 ] ERR: (ThinkException) 非法操作:undefined
[ 2014-02-19T22:51:04+08:00 ] ERR: (ThinkException) 非法操作:undefined
[ 2014-02-19T22:51:06+08:00 ] 0.0.0.0 /shenjiutuan/index.php/Ball/applycheck?id=14
INFO: [ app_begin ] --START--
INFO: Run ReadHtmlCache Behavior [ RunTime:-0.000441s ]
INFO: [ app_begin ] --END-- [ RunTime:0.000932s ]
NOTIC: [8] A session had already been started - ignoring session_start() D:\develop_tools\xampp\htdocs\shenjiutuan\server\.Lib\Action\BaseAction.class.php 第 5 行.
NOTIC: [8192] mysql_connect(): The mysql extension is deprecated and will be removed in the future: use mysqli or PDO instead D:\develop_tools\xampp\htdocs\shenjiutuan\server\ThinkPHP\Lib\Driver\Db\DbMysql.class.php 第 55 行.
SQL: SHOW COLUMNS FROM `booktickets` [ RunTime:0.002813s ]
NOTIC: [8192] preg_replace(): The /e modifier is deprecated, use preg_replace_callback instead D:\develop_tools\xampp\htdocs\shenjiutuan\server\ThinkPHP\Lib\Core\Db.class.php 第 571 行.
SQL: SELECT `id`,`title`,`remark`,`maxnums`,`status`,`date`,`match_time`,`match_address`,`ticket_cost`,`car_cost`,`match_op` FROM `booktickets` WHERE id='14'  LIMIT 0,1   [ RunTime:0.000317s ]
SQL: SHOW COLUMNS FROM `ticket_logs` [ RunTime:0.002719s ]
NOTIC: [8192] preg_replace(): The /e modifier is deprecated, use preg_replace_callback instead D:\develop_tools\xampp\htdocs\shenjiutuan\server\ThinkPHP\Lib\Core\Db.class.php 第 571 行.
SQL: SELECT `id`,`tid`,`uid`,`nickname`,`ticket_nums`,`car_nums`,`watch_nums`,`style`,`goadd`,`isPay`,`status`,`remark`,`date`,`title` FROM `ticket_logs` WHERE tid='14' and uid='1'  LIMIT 0,1   [ RunTime:0.000277s ]

[ 2014-02-19T22:51:09+08:00 ] ERR: (ThinkException) 非法操作:undefined
[ 2014-02-19T22:51:20+08:00 ] ERR: (ThinkException) 非法操作:undefined
[ 2014-02-19T22:51:23+08:00 ] ERR: (ThinkException) 非法操作:undefined
[ 2014-02-19T22:51:25+08:00 ] ERR: (ThinkException) 非法操作:undefined
[ 2014-02-19T22:51:27+08:00 ] 0.0.0.0 /shenjiutuan/index.php/Ball/applycheck?id=13
INFO: [ app_begin ] --START--
INFO: Run ReadHtmlCache Behavior [ RunTime:-0.000435s ]
INFO: [ app_begin ] --END-- [ RunTime:0.000902s ]
NOTIC: [8] A session had already been started - ignoring session_start() D:\develop_tools\xampp\htdocs\shenjiutuan\server\.Lib\Action\BaseAction.class.php 第 5 行.
NOTIC: [8192] mysql_connect(): The mysql extension is deprecated and will be removed in the future: use mysqli or PDO instead D:\develop_tools\xampp\htdocs\shenjiutuan\server\ThinkPHP\Lib\Driver\Db\DbMysql.class.php 第 55 行.
SQL: SHOW COLUMNS FROM `booktickets` [ RunTime:0.002984s ]
NOTIC: [8192] preg_replace(): The /e modifier is deprecated, use preg_replace_callback instead D:\develop_tools\xampp\htdocs\shenjiutuan\server\ThinkPHP\Lib\Core\Db.class.php 第 571 行.
SQL: SELECT `id`,`title`,`remark`,`maxnums`,`status`,`date`,`match_time`,`match_address`,`ticket_cost`,`car_cost`,`match_op` FROM `booktickets` WHERE id='13'  LIMIT 0,1   [ RunTime:0.000290s ]
SQL: SHOW COLUMNS FROM `ticket_logs` [ RunTime:0.002725s ]
NOTIC: [8192] preg_replace(): The /e modifier is deprecated, use preg_replace_callback instead D:\develop_tools\xampp\htdocs\shenjiutuan\server\ThinkPHP\Lib\Core\Db.class.php 第 571 行.
SQL: SELECT `id`,`tid`,`uid`,`nickname`,`ticket_nums`,`car_nums`,`watch_nums`,`style`,`goadd`,`isPay`,`status`,`remark`,`date`,`title` FROM `ticket_logs` WHERE tid='13' and uid='1'  LIMIT 0,1   [ RunTime:0.000302s ]

[ 2014-02-19T22:52:14+08:00 ] ERR: (ThinkException) 非法操作:undefined
[ 2014-02-19T22:52:17+08:00 ] ERR: (ThinkException) 非法操作:undefined
[ 2014-02-19T22:54:56+08:00 ] ERR: (ThinkException) 非法操作:undefined
[ 2014-02-19T22:55:19+08:00 ] ERR: (ThinkException) 非法操作:undefined
[ 2014-02-19T22:55:21+08:00 ] ERR: (ThinkException) 非法操作:undefined
[ 2014-02-19T22:55:23+08:00 ] ERR: (ThinkException) 非法操作:undefined
[ 2014-02-19T22:55:25+08:00 ] ERR: (ThinkException) 非法操作:undefined
[ 2014-02-19T22:55:25+08:00 ] ERR: (ThinkException) 非法操作:undefined
[ 2014-02-19T22:55:27+08:00 ] ERR: (ThinkException) 非法操作:undefined
[ 2014-02-19T22:55:28+08:00 ] ERR: (ThinkException) 非法操作:undefined
[ 2014-02-19T22:58:47+08:00 ] ERR: (ThinkException) 非法操作:undefined
[ 2014-02-19T22:58:47+08:00 ] ERR: (ThinkException) 非法操作:undefined
[ 2014-02-19T23:05:33+08:00 ] ERR: (ThinkException) 非法操作:undefined
[ 2014-02-19T23:05:33+08:00 ] ERR: (ThinkException) 非法操作:undefined
[ 2014-02-19T23:05:39+08:00 ] ERR: (ThinkException) 非法操作:undefined
[ 2014-02-19T23:05:39+08:00 ] ERR: (ThinkException) 非法操作:undefined
[ 2014-02-19T23:05:39+08:00 ] ERR: (ThinkException) 非法操作:undefined
[ 2014-02-19T23:05:40+08:00 ] ERR: (ThinkException) 非法操作:undefined
[ 2014-02-19T23:05:40+08:00 ] ERR: (ThinkException) 非法操作:undefined
[ 2014-02-19T23:05:41+08:00 ] ERR: (ThinkException) 非法操作:undefined
[ 2014-02-19T23:05:41+08:00 ] ERR: (ThinkException) 非法操作:undefined
[ 2014-02-19T23:05:44+08:00 ] ERR: (ThinkException) 非法操作:undefined
[ 2014-02-19T23:05:47+08:00 ] ERR: (ThinkException) 非法操作:undefined
[ 2014-02-19T23:05:48+08:00 ] ERR: (ThinkException) 非法操作:undefined
[ 2014-02-19T23:06:45+08:00 ] ERR: (ThinkException) 非法操作:undefined
[ 2014-02-19T23:06:45+08:00 ] ERR: (ThinkException) 非法操作:undefined
[ 2014-02-19T23:06:45+08:00 ] ERR: (ThinkException) 非法操作:undefined
[ 2014-02-19T23:06:47+08:00 ] ERR: (ThinkException) 非法操作:undefined
[ 2014-02-19T23:06:47+08:00 ] ERR: (ThinkException) 非法操作:undefined
[ 2014-02-19T23:07:06+08:00 ] ERR: (ThinkException) 非法操作:undefined
[ 2014-02-19T23:07:06+08:00 ] ERR: (ThinkException) 非法操作:undefined
[ 2014-02-19T23:07:07+08:00 ] ERR: (ThinkException) 非法操作:undefined
[ 2014-02-19T23:07:07+08:00 ] ERR: (ThinkException) 非法操作:undefined
[ 2014-02-19T23:07:44+08:00 ] ERR: (ThinkException) 非法操作:undefined
[ 2014-02-19T23:07:45+08:00 ] ERR: (ThinkException) 非法操作:undefined
[ 2014-02-19T23:08:27+08:00 ] ERR: (ThinkException) 非法操作:undefined
[ 2014-02-19T23:08:28+08:00 ] ERR: (ThinkException) 非法操作:undefined
[ 2014-02-19T23:08:28+08:00 ] ERR: (ThinkException) 非法操作:undefined
[ 2014-02-19T23:09:26+08:00 ] ERR: (ThinkException) 非法操作:undefined
[ 2014-02-19T23:09:53+08:00 ] ERR: (ThinkException) 非法操作:undefined
[ 2014-02-19T23:11:01+08:00 ] ERR: (ThinkException) 非法操作:undefined
[ 2014-02-19T23:16:21+08:00 ] ERR: (ThinkException) 非法操作:undefined
[ 2014-02-19T23:16:23+08:00 ] ERR: (ThinkException) 非法操作:undefined
[ 2014-02-19T23:16:25+08:00 ] ERR: (ThinkException) 非法操作:undefined
[ 2014-02-19T23:16:27+08:00 ] ERR: (ThinkException) 非法操作:undefined
[ 2014-02-19T23:16:29+08:00 ] ERR: (ThinkException) 非法操作:undefined
[ 2014-02-19T23:16:31+08:00 ] ERR: (ThinkException) 非法操作:undefined
[ 2014-02-19T23:16:33+08:00 ] ERR: (ThinkException) 非法操作:undefined
[ 2014-02-19T23:16:33+08:00 ] ERR: (ThinkException) 非法操作:undefined
[ 2014-02-19T23:16:36+08:00 ] ERR: (ThinkException) 非法操作:undefined
[ 2014-02-19T23:16:39+08:00 ] ERR: (ThinkException) 非法操作:undefined
[ 2014-02-19T23:16:39+08:00 ] ERR: (ThinkException) 非法操作:undefined
[ 2014-02-19T23:21:44+08:00 ] ERR: (ThinkException) 非法操作:undefined
[ 2014-02-19T23:21:44+08:00 ] ERR: (ThinkException) 非法操作:undefined
[ 2014-02-19T23:21:48+08:00 ] ERR: (ThinkException) 非法操作:undefined
[ 2014-02-19T23:23:16+08:00 ] ERR: (ThinkException) 非法操作:undefined
[ 2014-02-19T23:23:57+08:00 ] ERR: (ThinkException) 非法操作:undefined
[ 2014-02-19T23:24:10+08:00 ] ERR: (ThinkException) 非法操作:undefined
[ 2014-02-19T23:24:51+08:00 ] ERR: (ThinkException) 非法操作:undefined
[ 2014-02-19T23:24:56+08:00 ] ERR: (ThinkException) 非法操作:undefined
[ 2014-02-19T23:25:15+08:00 ] ERR: (ThinkException) 非法操作:undefined
[ 2014-02-19T23:25:18+08:00 ] ERR: (ThinkException) 非法操作:undefined
[ 2014-02-19T23:25:59+08:00 ] ERR: (ThinkException) 非法操作:undefined
[ 2014-02-19T23:26:12+08:00 ] ERR: (ThinkException) 非法操作:undefined
[ 2014-02-19T23:26:21+08:00 ] ERR: (ThinkException) 非法操作:undefined
[ 2014-02-19T23:26:43+08:00 ] ERR: (ThinkException) 非法操作:undefined
[ 2014-02-19T23:27:13+08:00 ] ERR: (ThinkException) 非法操作:undefined
[ 2014-02-19T23:28:16+08:00 ] ERR: (ThinkException) 非法操作:undefined
[ 2014-02-19T23:29:45+08:00 ] ERR: (ThinkException) 非法操作:undefined
[ 2014-02-19T23:30:10+08:00 ] ERR: (ThinkException) 非法操作:undefined
[ 2014-02-19T23:30:11+08:00 ] ERR: (ThinkException) 非法操作:undefined
[ 2014-02-19T23:30:12+08:00 ] ERR: (ThinkException) 非法操作:undefined
[ 2014-02-19T23:30:17+08:00 ] ERR: (ThinkException) 非法操作:undefined
[ 2014-02-19T23:30:56+08:00 ] ERR: (ThinkException) 非法操作:undefined
[ 2014-02-19T23:33:55+08:00 ] ERR: (ThinkException) 非法操作:undefined
[ 2014-02-19T23:33:56+08:00 ] ERR: (ThinkException) 非法操作:undefined
[ 2014-02-19T23:34:04+08:00 ] ERR: (ThinkException) 非法操作:undefined
[ 2014-02-19T23:50:43+08:00 ] ERR: (ThinkException) 非法操作:undefined
[ 2014-02-19T23:51:14+08:00 ] ERR: (ThinkException) 非法操作:undefined
[ 2014-02-19T23:51:23+08:00 ] ERR: (ThinkException) 非法操作:undefined
[ 2014-02-19T23:51:33+08:00 ] ERR: (ThinkException) 非法操作:undefined
[ 2014-02-19T23:51:42+08:00 ] ERR: (ThinkException) 非法操作:undefined
[ 2014-02-19T23:51:43+08:00 ] ERR: (ThinkException) 非法操作:undefined
[ 2014-02-19T23:51:43+08:00 ] ERR: (ThinkException) 非法操作:undefined
[ 2014-02-19T23:51:53+08:00 ] ERR: (ThinkException) 非法操作:undefined
[ 2014-02-19T23:51:54+08:00 ] ERR: (ThinkException) 非法操作:undefined
[ 2014-02-19T23:51:54+08:00 ] ERR: (ThinkException) 非法操作:undefined
[ 2014-02-19T23:51:55+08:00 ] ERR: (ThinkException) 非法操作:undefined
[ 2014-02-19T23:51:59+08:00 ] ERR: (ThinkException) 非法操作:undefined
[ 2014-02-19T23:52:14+08:00 ] ERR: (ThinkException) 非法操作:undefined
[ 2014-02-19T23:52:19+08:00 ] ERR: (ThinkException) 非法操作:undefined
[ 2014-02-19T23:52:24+08:00 ] ERR: (ThinkException) 非法操作:undefined
[ 2014-02-19T23:53:35+08:00 ] ERR: (ThinkException) 非法操作:undefined
[ 2014-02-19T23:54:59+08:00 ] ERR: (ThinkException) 非法操作:undefined
[ 2014-02-19T23:55:00+08:00 ] ERR: (ThinkException) 非法操作:undefined
[ 2014-02-19T23:55:05+08:00 ] ERR: (ThinkException) 非法操作:undefined
[ 2014-02-19T23:55:06+08:00 ] ERR: (ThinkException) 非法操作:undefined
[ 2014-02-19T23:55:07+08:00 ] ERR: (ThinkException) 非法操作:undefined
[ 2014-02-19T23:55:10+08:00 ] ERR: (ThinkException) 非法操作:undefined
[ 2014-02-19T23:55:12+08:00 ] ERR: (ThinkException) 非法操作:undefined
[ 2014-02-19T23:56:25+08:00 ] ERR: (ThinkException) 非法操作:undefined
[ 2014-02-19T23:56:39+08:00 ] ERR: (ThinkException) 非法操作:undefined
[ 2014-02-19T23:56:48+08:00 ] ERR: (ThinkException) 非法操作:undefined
[ 2014-02-19T23:56:56+08:00 ] ERR: (ThinkException) 非法操作:undefined
[ 2014-02-19T23:57:28+08:00 ] ERR: (ThinkException) 非法操作:undefined
[ 2014-02-19T23:57:33+08:00 ] ERR: (ThinkException) 非法操作:undefined
[ 2014-02-19T23:57:34+08:00 ] ERR: (ThinkException) 非法操作:undefined
[ 2014-02-19T23:57:36+08:00 ] ERR: (ThinkException) 非法操作:undefined
